[ 2017-08-03T10:13:37+08:00 ] 127.0.0.1 /mobile-quan
INFO: [ route_check ] --START--
INFO: Run CheckRoute Behavior [ RunTime:0.008000s ]
INFO: [ route_check ] --END-- [ RunTime:0.010000s ]
INFO: [ app_begin ] --START--
INFO: Run ReadHtmlCache Behavior [ RunTime:-0.004000s ]
INFO: Run check_ipban Behavior [ RunTime:-0.005000s ]
INFO: Run load_lang Behavior [ RunTime:-0.011001s ]
INFO: [ app_begin ] --END-- [ RunTime:0.010001s ]

[ 2017-08-03T15:11:27+08:00 ] 127.0.0.1 /
INFO: [ app_begin ] --START--
INFO: Run ReadHtmlCache Behavior [ RunTime:0.002000s ]
INFO: Run check_ipban Behavior [ RunTime:-0.002000s ]
INFO: Run load_lang Behavior [ RunTime:-0.007000s ]
INFO: [ app_begin ] --END-- [ RunTime:0.012000s ]
SQL: SHOW COLUMNS FROM `try_item` [ RunTime:0.037002s ]
SQL: SELECT * FROM `try_item` WHERE status=1 and add_time<1501744286  and isnice=1  ORDER BY  add_time desc LIMIT 0,18   [ RunTime:0.037002s ]
NOTIC: [8] Use of undefined constant p - assumed 'p' D:\phpStudy_new\WWW\baicai\app\Lib\Action\home\indexAction.class.php 第 66 行.
SQL: SHOW COLUMNS FROM `try_article` [ RunTime:0.010001s ]
SQL: SELECT * FROM `try_article` WHERE add_time > 1498100216 and add_time < 1501744286 and status=4  [ RunTime:0.003000s ]
SQL: select distinct uid as id,uname,sum(score) as num from try_score_log where add_time>1501689600 and add_time<1501776000 group by uname order by num desc,uid asc limit 4 [ RunTime:0.006001s ]
SQL: select distinct uid as id,uname,sum(score) as num from try_score_log where add_time>1501516800 and add_time<1501744286 group by uname order by num desc,uid asc limit 4 [ RunTime:0.001000s ]
SQL: SHOW COLUMNS FROM `try_user` [ RunTime:0.008000s ]
SQL: SELECT `id`,`username`,`score` FROM `try_user` ORDER BY score desc,id asc LIMIT 4   [ RunTime:0.028002s ]
SQL: SELECT * FROM `try_user` WHERE ( `id` = 192793 ) LIMIT 1   [ RunTime:0.003000s ]
SQL: SHOW COLUMNS FROM `try_user_follow` [ RunTime:0.006000s ]
SQL: SELECT * FROM `try_user_follow` WHERE uid=192793  [ RunTime:0.002001s ]
SQL: SHOW COLUMNS FROM `try_hd` [ RunTime:0.005000s ]
SQL: SELECT * FROM `try_hd` ORDER BY order_s asc,id desc LIMIT 8   [ RunTime:0.002000s ]
SQL: SELECT * FROM `try_item` WHERE istop = 1 ORDER BY id desc LIMIT 8   [ RunTime:0.007001s ]
SQL: SELECT id,title,img,price from try_item  WHERE add_time between 1501740686 and 1501744286 ORDER BY hits desc LIMIT 9 [ RunTime:0.000000s ]
SQL: SELECT id,title,img,price from try_item  WHERE add_time between 1501657886 and 1501744286 ORDER BY hits desc LIMIT 9 [ RunTime:0.001000s ]
INFO: [ view_template ] --START--
INFO: Run basic_template Behavior [ RunTime:-1.293074s ]
INFO: [ view_template ] --END-- [ RunTime:0.003000s ]
INFO: [ view_parse ] --START--
INFO: [ view_template ] --START--
INFO: Run basic_template Behavior [ RunTime:-1.308075s ]
INFO: [ view_template ] --END-- [ RunTime:-0.012001s ]
INFO: [ view_template ] --START--
INFO: Run basic_template Behavior [ RunTime:-1.310075s ]
INFO: [ view_template ] --END-- [ RunTime:-0.014001s ]
INFO: [ view_template ] --START--
INFO: Run basic_template Behavior [ RunTime:-1.311075s ]
INFO: [ view_template ] --END-- [ RunTime:-0.015001s ]
INFO: [ view_template ] --START--
INFO: Run basic_template Behavior [ RunTime:-1.312075s ]
INFO: [ view_template ] --END-- [ RunTime:-0.016001s ]
INFO: [ view_template ] --START--
INFO: Run basic_template Behavior [ RunTime:-1.313075s ]
INFO: [ view_template ] --END-- [ RunTime:-0.017001s ]
INFO: [ view_template ] --START--
INFO: Run basic_template Behavior [ RunTime:-1.316075s ]
INFO: [ view_template ] --END-- [ RunTime:-0.020001s ]
INFO: [ view_template ] --START--
INFO: Run basic_template Behavior [ RunTime:-1.317075s ]
INFO: [ view_template ] --END-- [ RunTime:-0.021001s ]
INFO: [ view_template ] --START--
INFO: Run basic_template Behavior [ RunTime:-1.318075s ]
INFO: [ view_template ] --END-- [ RunTime:-0.022001s ]
SQL: SHOW COLUMNS FROM `try_item_cate` [ RunTime:0.006001s ]
SQL: SELECT * FROM `try_item_cate` WHERE pid=0 and is_index=1  [ RunTime:0.002000s ]
SQL: SELECT * FROM `try_item_cate` WHERE pid=0 and status=1  [ RunTime:0.001000s ]
NOTIC: [8] Undefined variable: tp D:\phpStudy_new\WWW\baicai\data\runtime\Cache\home\11e2f12d84b746b76491e3160c81a5b0.php 第 130 行.
NOTIC: [8] Undefined variable: tp D:\phpStudy_new\WWW\baicai\data\runtime\Cache\home\11e2f12d84b746b76491e3160c81a5b0.php 第 131 行.
NOTIC: [8] Undefined variable: tp D:\phpStudy_new\WWW\baicai\data\runtime\Cache\home\11e2f12d84b746b76491e3160c81a5b0.php 第 133 行.
NOTIC: [8] Undefined variable: strpos1 D:\phpStudy_new\WWW\baicai\data\runtime\Cache\home\11e2f12d84b746b76491e3160c81a5b0.php 第 152 行.
SQL: SHOW COLUMNS FROM `try_item_orig` [ RunTime:0.004000s ]
SQL: SELECT * FROM `try_item_orig` ORDER BY ordid asc LIMIT 12   [ RunTime:0.018001s ]
SQL: SHOW COLUMNS FROM `try_ad` [ RunTime:0.005001s ]
SQL: SELECT * FROM `try_ad` WHERE status=1 AND board_id=1  [ RunTime:0.002000s ]
SQL: SELECT COUNT(*) AS tp_count FROM `try_ad` WHERE status=1 AND board_id=1 LIMIT 1   [ RunTime:0.001000s ]
NOTIC: [8] Undefined variable: html D:\phpStudy_new\WWW\baicai\data\runtime\Cache\home\11e2f12d84b746b76491e3160c81a5b0.php 第 228 行.
NOTIC: [8] Undefined variable: htmlA D:\phpStudy_new\WWW\baicai\data\runtime\Cache\home\11e2f12d84b746b76491e3160c81a5b0.php 第 234 行.
NOTIC: [8] Use of undefined constant url - assumed 'url' D:\phpStudy_new\WWW\baicai\data\runtime\Cache\home\11e2f12d84b746b76491e3160c81a5b0.php 第 234 行.
NOTIC: [8] Use of undefined constant name - assumed 'name' D:\phpStudy_new\WWW\baicai\data\runtime\Cache\home\11e2f12d84b746b76491e3160c81a5b0.php 第 234 行.
NOTIC: [8] Use of undefined constant content - assumed 'content' D:\phpStudy_new\WWW\baicai\data\runtime\Cache\home\11e2f12d84b746b76491e3160c81a5b0.php 第 234 行.
NOTIC: [8] Use of undefined constant url - assumed 'url' D:\phpStudy_new\WWW\baicai\data\runtime\Cache\home\11e2f12d84b746b76491e3160c81a5b0.php 第 234 行.
NOTIC: [8] Undefined offset: 1 D:\phpStudy_new\WWW\baicai\data\runtime\Cache\home\11e2f12d84b746b76491e3160c81a5b0.php 第 234 行.
NOTIC: [8] Use of undefined constant name - assumed 'name' D:\phpStudy_new\WWW\baicai\data\runtime\Cache\home\11e2f12d84b746b76491e3160c81a5b0.php 第 234 行.
NOTIC: [8] Undefined offset: 1 D:\phpStudy_new\WWW\baicai\data\runtime\Cache\home\11e2f12d84b746b76491e3160c81a5b0.php 第 234 行.
NOTIC: [8] Use of undefined constant content - assumed 'content' D:\phpStudy_new\WWW\baicai\data\runtime\Cache\home\11e2f12d84b746b76491e3160c81a5b0.php 第 234 行.
NOTIC: [8] Undefined offset: 1 D:\phpStudy_new\WWW\baicai\data\runtime\Cache\home\11e2f12d84b746b76491e3160c81a5b0.php 第 234 行.
SQL: SHOW COLUMNS FROM `try_adboard` [ RunTime:0.004000s ]
SQL: SELECT * FROM `try_adboard` WHERE ( `id` = 17 ) AND ( `status` = 1 ) LIMIT 1   [ RunTime:0.002000s ]
SQL: SELECT `id`,`type`,`name`,`url`,`content`,`desc`,`extimg`,`extval` FROM `try_ad` WHERE ( `board_id` = 17 ) AND ( `start_time` <= 1501744286 ) AND ( `end_time` >= 1501744286 ) AND ( `status` = 1 ) ORDER BY ordid  [ RunTime:0.001000s ]
NOTIC: [2] Invalid argument supplied for foreach() D:\phpStudy_new\WWW\baicai\app\Lib\Widget\advertWidget.class.php 第 22 行.
INFO: [ view_template ] --START--
INFO: Run basic_template Behavior [ RunTime:-1.565089s ]
INFO: [ view_template ] --END-- [ RunTime:-0.269015s ]
INFO: [ view_parse ] --START--
INFO: Run ParseTemplate Behavior [ RunTime:-1.566089s ]
INFO: [ view_parse ] --END-- [ RunTime:0.004001s ]
INFO: [ view_filter ] --START--
INFO: Run ContentReplace Behavior [ RunTime:-1.570090s ]
INFO: Run TokenBuild Behavior [ RunTime:-1.572090s ]
INFO: Run WriteHtmlCache Behavior [ RunTime:-1.572090s ]
INFO: Run ShowRuntime Behavior [ RunTime:-1.573090s ]
INFO: Run content_replace Behavior [ RunTime:-1.575090s ]
INFO: [ view_filter ] --END-- [ RunTime:0.006000s ]
INFO: [ view_end ] --START--
INFO: Run ShowPageTrace Behavior [ RunTime:-1.576090s ]
INFO: [ view_end ] --END-- [ RunTime:0.001000s ]
NOTIC: [8] Use of undefined constant isnice - assumed 'isnice' D:\phpStudy_new\WWW\baicai\data\runtime\Cache\home\11e2f12d84b746b76491e3160c81a5b0.php 第 266 行.
NOTIC: [8] Use of undefined constant isbao - assumed 'isbao' D:\phpStudy_new\WWW\baicai\data\runtime\Cache\home\11e2f12d84b746b76491e3160c81a5b0.php 第 266 行.
NOTIC: [8] Use of undefined constant lb - assumed 'lb' D:\phpStudy_new\WWW\baicai\data\runtime\Cache\home\11e2f12d84b746b76491e3160c81a5b0.php 第 519 行.
NOTIC: [8] Undefined index: sc D:\phpStudy_new\WWW\baicai\data\runtime\Cache\home\11e2f12d84b746b76491e3160c81a5b0.php 第 524 行.
NOTIC: [8] Undefined index: sc D:\phpStudy_new\WWW\baicai\data\runtime\Cache\home\11e2f12d84b746b76491e3160c81a5b0.php 第 525 行.
NOTIC: [8] Undefined index: sc D:\phpStudy_new\WWW\baicai\data\runtime\Cache\home\11e2f12d84b746b76491e3160c81a5b0.php 第 529 行.
NOTIC: [8] Undefined index: sc D:\phpStudy_new\WWW\baicai\data\runtime\Cache\home\11e2f12d84b746b76491e3160c81a5b0.php 第 534 行.
SQL: SELECT `name` FROM `try_item_orig` WHERE id=358 LIMIT 1   [ RunTime:0.001000s ]
NOTIC: [8] Undefined index: sc D:\phpStudy_new\WWW\baicai\data\runtime\Cache\home\11e2f12d84b746b76491e3160c81a5b0.php 第 540 行.
NOTIC: [8] Undefined index: sc D:\phpStudy_new\WWW\baicai\data\runtime\Cache\home\11e2f12d84b746b76491e3160c81a5b0.php 第 540 行.
NOTIC: [8] Undefined index: sc D:\phpStudy_new\WWW\baicai\data\runtime\Cache\home\11e2f12d84b746b76491e3160c81a5b0.php 第 540 行.
SQL: SHOW COLUMNS FROM `try_go` [ RunTime:0.006000s ]
SQL: SELECT * FROM `try_go` WHERE ( `show` = '2ymo51_ijq31g_r2fotq_yivd3w' ) LIMIT 1   [ RunTime:0.015001s ]
NOTIC: [8] Undefined index: title D:\phpStudy_new\WWW\baicai\data\runtime\Cache\home\11e2f12d84b746b76491e3160c81a5b0.php 第 546 行.
NOTIC: [8] Undefined index: sc D:\phpStudy_new\WWW\baicai\data\runtime\Cache\home\11e2f12d84b746b76491e3160c81a5b0.php 第 524 行.
NOTIC: [8] Undefined index: sc D:\phpStudy_new\WWW\baicai\data\runtime\Cache\home\11e2f12d84b746b76491e3160c81a5b0.php 第 525 行.
NOTIC: [8] Undefined index: sc D:\phpStudy_new\WWW\baicai\data\runtime\Cache\home\11e2f12d84b746b76491e3160c81a5b0.php 第 529 行.
NOTIC: [8] Undefined index: sc D:\phpStudy_new\WWW\baicai\data\runtime\Cache\home\11e2f12d84b746b76491e3160c81a5b0.php 第 534 行.
SQL: SELECT `name` FROM `try_item_orig` WHERE id=2 LIMIT 1   [ RunTime:0.000000s ]
NOTIC: [8] Undefined index: sc D:\phpStudy_new\WWW\baicai\data\runtime\Cache\home\11e2f12d84b746b76491e3160c81a5b0.php 第 540 行.
NOTIC: [8] Undefined index: sc D:\phpStudy_new\WWW\baicai\data\runtime\Cache\home\11e2f12d84b746b76491e3160c81a5b0.php 第 540 行.
NOTIC: [8] Undefined index: sc D:\phpStudy_new\WWW\baicai\data\runtime\Cache\home\11e2f12d84b746b76491e3160c81a5b0.php 第 540 行.
SQL: SELECT * FROM `try_go` WHERE ( `show` = 'od0par_5uyog2_ihgavt_f3l2cc' ) LIMIT 1   [ RunTime:0.009000s ]
NOTIC: [8] Undefined index: title D:\phpStudy_new\WWW\baicai\data\runtime\Cache\home\11e2f12d84b746b76491e3160c81a5b0.php 第 546 行.
NOTIC: [8] Undefined index: sc D:\phpStudy_new\WWW\baicai\data\runtime\Cache\home\11e2f12d84b746b76491e3160c81a5b0.php 第 524 行.
NOTIC: [8] Undefined index: sc D:\phpStudy_new\WWW\baicai\data\runtime\Cache\home\11e2f12d84b746b76491e3160c81a5b0.php 第 525 行.
NOTIC: [8] Undefined index: sc D:\phpStudy_new\WWW\baicai\data\runtime\Cache\home\11e2f12d84b746b76491e3160c81a5b0.php 第 529 行.
NOTIC: [8] Undefined index: sc D:\phpStudy_new\WWW\baicai\data\runtime\Cache\home\11e2f12d84b746b76491e3160c81a5b0.php 第 534 行.
SQL: SELECT `name` FROM `try_item_orig` WHERE id=358 LIMIT 1   [ RunTime:0.000000s ]
NOTIC: [8] Undefined index: sc D:\phpStudy_new\WWW\baicai\data\runtime\Cache\home\11e2f12d84b746b76491e3160c81a5b0.php 第 540 行.
NOTIC: [8] Undefined index: sc D:\phpStudy_new\WWW\baicai\data\runtime\Cache\home\11e2f12d84b746b76491e3160c81a5b0.php 第 540 行.
NOTIC: [8] Undefined index: sc D:\phpStudy_new\WWW\baicai\data\runtime\Cache\home\11e2f12d84b746b76491e3160c81a5b0.php 第 540 行.
SQL: SELECT * FROM `try_go` WHERE ( `show` = 'q52ivt_zdbnpy_flmene_yq2qoz' ) LIMIT 1   [ RunTime:0.010000s ]
NOTIC: [8] Undefined index: title D:\phpStudy_new\WWW\baicai\data\runtime\Cache\home\11e2f12d84b746b76491e3160c81a5b0.php 第 546 行.
NOTIC: [8] Undefined index: price D:\phpStudy_new\WWW\baicai\data\runtime\Cache\home\11e2f12d84b746b76491e3160c81a5b0.php 第 529 行.
NOTIC: [8] Undefined index: go_link D:\phpStudy_new\WWW\baicai\data\runtime\Cache\home\11e2f12d84b746b76491e3160c81a5b0.php 第 544 行.
NOTIC: [8] Undefined index: sc D:\phpStudy_new\WWW\baicai\data\runtime\Cache\home\11e2f12d84b746b76491e3160c81a5b0.php 第 524 行.
NOTIC: [8] Undefined index: sc D:\phpStudy_new\WWW\baicai\data\runtime\Cache\home\11e2f12d84b746b76491e3160c81a5b0.php 第 525 行.
NOTIC: [8] Undefined index: sc D:\phpStudy_new\WWW\baicai\data\runtime\Cache\home\11e2f12d84b746b76491e3160c81a5b0.php 第 529 行.
NOTIC: [8] Undefined index: sc D:\phpStudy_new\WWW\baicai\data\runtime\Cache\home\11e2f12d84b746b76491e3160c81a5b0.php 第 534 行.
SQL: SELECT `name` FROM `try_item_orig` WHERE id=857 LIMIT 1   [ RunTime:0.000000s ]
NOTIC: [8] Undefined index: sc D:\phpStudy_new\WWW\baicai\data\runtime\Cache\home\11e2f12d84b746b76491e3160c81a5b0.php 第 540 行.
NOTIC: [8] Undefined index: sc D:\phpStudy_new\WWW\baicai\data\runtime\Cache\home\11e2f12d84b746b76491e3160c81a5b0.php 第 540 行.
NOTIC: [8] Undefined index: sc D:\phpStudy_new\WWW\baicai\data\runtime\Cache\home\11e2f12d84b746b76491e3160c81a5b0.php 第 540 行.
NOTIC: [8] Undefined index: sc D:\phpStudy_new\WWW\baicai\data\runtime\Cache\home\11e2f12d84b746b76491e3160c81a5b0.php 第 524 行.
NOTIC: [8] Undefined index: sc D:\phpStudy_new\WWW\baicai\data\runtime\Cache\home\11e2f12d84b746b76491e3160c81a5b0.php 第 525 行.
NOTIC: [8] Undefined index: sc D:\phpStudy_new\WWW\baicai\data\runtime\Cache\home\11e2f12d84b746b76491e3160c81a5b0.php 第 529 行.
NOTIC: [8] Undefined index: sc D:\phpStudy_new\WWW\baicai\data\runtime\Cache\home\11e2f12d84b746b76491e3160c81a5b0.php 第 534 行.
SQL: SELECT `name` FROM `try_item_orig` WHERE id=384 LIMIT 1   [ RunTime:0.000000s ]
NOTIC: [8] Undefined index: sc D:\phpStudy_new\WWW\baicai\data\runtime\Cache\home\11e2f12d84b746b76491e3160c81a5b0.php 第 540 行.
NOTIC: [8] Undefined index: sc D:\phpStudy_new\WWW\baicai\data\runtime\Cache\home\11e2f12d84b746b76491e3160c81a5b0.php 第 540 行.
NOTIC: [8] Undefined index: sc D:\phpStudy_new\WWW\baicai\data\runtime\Cache\home\11e2f12d84b746b76491e3160c81a5b0.php 第 540 行.
SQL: SELECT * FROM `try_go` WHERE ( `show` = '0fvr3h_s5y2vd_n5cuf2_0tanns' ) LIMIT 1   [ RunTime:0.007001s ]
NOTIC: [8] Undefined index: title D:\phpStudy_new\WWW\baicai\data\runtime\Cache\home\11e2f12d84b746b76491e3160c81a5b0.php 第 546 行.
NOTIC: [8] Undefined index: sc D:\phpStudy_new\WWW\baicai\data\runtime\Cache\home\11e2f12d84b746b76491e3160c81a5b0.php 第 524 行.
NOTIC: [8] Undefined index: sc D:\phpStudy_new\WWW\baicai\data\runtime\Cache\home\11e2f12d84b746b76491e3160c81a5b0.php 第 525 行.
NOTIC: [8] Undefined index: sc D:\phpStudy_new\WWW\baicai\data\runtime\Cache\home\11e2f12d84b746b76491e3160c81a5b0.php 第 529 行.
NOTIC: [8] Undefined index: sc D:\phpStudy_new\WWW\baicai\data\runtime\Cache\home\11e2f12d84b746b76491e3160c81a5b0.php 第 534 行.
SQL: SELECT `name` FROM `try_item_orig` WHERE id=358 LIMIT 1   [ RunTime:0.001000s ]
NOTIC: [8] Undefined index: sc D:\phpStudy_new\WWW\baicai\data\runtime\Cache\home\11e2f12d84b746b76491e3160c81a5b0.php 第 540 行.
NOTIC: [8] Undefined index: sc D:\phpStudy_new\WWW\baicai\data\runtime\Cache\home\11e2f12d84b746b76491e3160c81a5b0.php 第 540 行.
NOTIC: [8] Undefined index: sc D:\phpStudy_new\WWW\baicai\data\runtime\Cache\home\11e2f12d84b746b76491e3160c81a5b0.php 第 540 行.
SQL: SELECT * FROM `try_go` WHERE ( `show` = 'k1bmml_av3vxy_d5iz50_uiw3yh' ) LIMIT 1   [ RunTime:0.007001s ]
NOTIC: [8] Undefined index: title D:\phpStudy_new\WWW\baicai\data\runtime\Cache\home\11e2f12d84b746b76491e3160c81a5b0.php 第 546 行.
NOTIC: [8] Undefined index: sc D:\phpStudy_new\WWW\baicai\data\runtime\Cache\home\11e2f12d84b746b76491e3160c81a5b0.php 第 524 行.
NOTIC: [8] Undefined index: sc D:\phpStudy_new\WWW\baicai\data\runtime\Cache\home\11e2f12d84b746b76491e3160c81a5b0.php 第 525 行.
NOTIC: [8] Undefined index: sc D:\phpStudy_new\WWW\baicai\data\runtime\Cache\home\11e2f12d84b746b76491e3160c81a5b0.php 第 529 行.
NOTIC: [8] Undefined index: sc D:\phpStudy_new\WWW\baicai\data\runtime\Cache\home\11e2f12d84b746b76491e3160c81a5b0.php 第 534 行.
SQL: SELECT `name` FROM `try_item_orig` WHERE id=366 LIMIT 1   [ RunTime:0.000000s ]
NOTIC: [8] Undefined index: sc D:\phpStudy_new\WWW\baicai\data\runtime\Cache\home\11e2f12d84b746b76491e3160c81a5b0.php 第 540 行.
NOTIC: [8] Undefined index: sc D:\phpStudy_new\WWW\baicai\data\runtime\Cache\home\11e2f12d84b746b76491e3160c81a5b0.php 第 540 行.
NOTIC: [8] Undefined index: sc D:\phpStudy_new\WWW\baicai\data\runtime\Cache\home\11e2f12d84b746b76491e3160c81a5b0.php 第 540 行.
SQL: SELECT * FROM `try_go` WHERE ( `show` = 'cbjq4i_jd4f43_yuwepv_fwybwd' ) LIMIT 1   [ RunTime:0.008001s ]
NOTIC: [8] Undefined index: title D:\phpStudy_new\WWW\baicai\data\runtime\Cache\home\11e2f12d84b746b76491e3160c81a5b0.php 第 546 行.
NOTIC: [8] Undefined index: sc D:\phpStudy_new\WWW\baicai\data\runtime\Cache\home\11e2f12d84b746b76491e3160c81a5b0.php 第 524 行.
NOTIC: [8] Undefined index: sc D:\phpStudy_new\WWW\baicai\data\runtime\Cache\home\11e2f12d84b746b76491e3160c81a5b0.php 第 525 行.
NOTIC: [8] Undefined index: sc D:\phpStudy_new\WWW\baicai\data\runtime\Cache\home\11e2f12d84b746b76491e3160c81a5b0.php 第 529 行.
NOTIC: [8] Undefined index: sc D:\phpStudy_new\WWW\baicai\data\runtime\Cache\home\11e2f12d84b746b76491e3160c81a5b0.php 第 534 行.
SQL: SELECT `name` FROM `try_item_orig` WHERE id=506 LIMIT 1   [ RunTime:0.000000s ]
NOTIC: [8] Undefined index: sc D:\phpStudy_new\WWW\baicai\data\runtime\Cache\home\11e2f12d84b746b76491e3160c81a5b0.php 第 540 行.
NOTIC: [8] Undefined index: sc D:\phpStudy_new\WWW\baicai\data\runtime\Cache\home\11e2f12d84b746b76491e3160c81a5b0.php 第 540 行.
NOTIC: [8] Undefined index: sc D:\phpStudy_new\WWW\baicai\data\runtime\Cache\home\11e2f12d84b746b76491e3160c81a5b0.php 第 540 行.
SQL: SELECT * FROM `try_go` WHERE ( `show` = 'aewhcb_gnctvn_ijuqsi_rsldh2' ) LIMIT 1   [ RunTime:0.010001s ]
NOTIC: [8] Undefined index: title D:\phpStudy_new\WWW\baicai\data\runtime\Cache\home\11e2f12d84b746b76491e3160c81a5b0.php 第 546 行.
NOTIC: [8] Undefined index: sc D:\phpStudy_new\WWW\baicai\data\runtime\Cache\home\11e2f12d84b746b76491e3160c81a5b0.php 第 524 行.
NOTIC: [8] Undefined index: sc D:\phpStudy_new\WWW\baicai\data\runtime\Cache\home\11e2f12d84b746b76491e3160c81a5b0.php 第 525 行.
NOTIC: [8] Undefined index: sc D:\phpStudy_new\WWW\baicai\data\runtime\Cache\home\11e2f12d84b746b76491e3160c81a5b0.php 第 529 行.
NOTIC: [8] Undefined index: sc D:\phpStudy_new\WWW\baicai\data\runtime\Cache\home\11e2f12d84b746b76491e3160c81a5b0.php 第 534 行.
SQL: SELECT `name` FROM `try_item_orig` WHERE id=3 LIMIT 1   [ RunTime:0.000000s ]
NOTIC: [8] Undefined index: sc D:\phpStudy_new\WWW\baicai\data\runtime\Cache\home\11e2f12d84b746b76491e3160c81a5b0.php 第 540 行.
NOTIC: [8] Undefined index: sc D:\phpStudy_new\WWW\baicai\data\runtime\Cache\home\11e2f12d84b746b76491e3160c81a5b0.php 第 540 行.
NOTIC: [8] Undefined index: sc D:\phpStudy_new\WWW\baicai\data\runtime\Cache\home\11e2f12d84b746b76491e3160c81a5b0.php 第 540 行.
SQL: SELECT * FROM `try_go` WHERE ( `show` = 'rxu2re_3kjtzq_rz00ey_t22pe3' ) LIMIT 1   [ RunTime:0.008000s ]
NOTIC: [8] Undefined index: title D:\phpStudy_new\WWW\baicai\data\runtime\Cache\home\11e2f12d84b746b76491e3160c81a5b0.php 第 546 行.
NOTIC: [8] Undefined index: sc D:\phpStudy_new\WWW\baicai\data\runtime\Cache\home\11e2f12d84b746b76491e3160c81a5b0.php 第 524 行.
NOTIC: [8] Undefined index: sc D:\phpStudy_new\WWW\baicai\data\runtime\Cache\home\11e2f12d84b746b76491e3160c81a5b0.php 第 525 行.
NOTIC: [8] Undefined index: sc D:\phpStudy_new\WWW\baicai\data\runtime\Cache\home\11e2f12d84b746b76491e3160c81a5b0.php 第 529 行.
NOTIC: [8] Undefined index: sc D:\phpStudy_new\WWW\baicai\data\runtime\Cache\home\11e2f12d84b746b76491e3160c81a5b0.php 第 534 行.
SQL: SELECT `name` FROM `try_item_orig` WHERE id=384 LIMIT 1   [ RunTime:0.000000s ]
NOTIC: [8] Undefined index: sc D:\phpStudy_new\WWW\baicai\data\runtime\Cache\home\11e2f12d84b746b76491e3160c81a5b0.php 第 540 行.
NOTIC: [8] Undefined index: sc D:\phpStudy_new\WWW\baicai\data\runtime\Cache\home\11e2f12d84b746b76491e3160c81a5b0.php 第 540 行.
NOTIC: [8] Undefined index: sc D:\phpStudy_new\WWW\baicai\data\runtime\Cache\home\11e2f12d84b746b76491e3160c81a5b0.php 第 540 行.
SQL: SELECT * FROM `try_go` WHERE ( `show` = '4sjpew_axsbq3_lyhdob_1buodt' ) LIMIT 1   [ RunTime:0.009000s ]
NOTIC: [8] Undefined index: title D:\phpStudy_new\WWW\baicai\data\runtime\Cache\home\11e2f12d84b746b76491e3160c81a5b0.php 第 546 行.
NOTIC: [8] Undefined index: sc D:\phpStudy_new\WWW\baicai\data\runtime\Cache\home\11e2f12d84b746b76491e3160c81a5b0.php 第 524 行.
NOTIC: [8] Undefined index: sc D:\phpStudy_new\WWW\baicai\data\runtime\Cache\home\11e2f12d84b746b76491e3160c81a5b0.php 第 525 行.
NOTIC: [8] Undefined index: sc D:\phpStudy_new\WWW\baicai\data\runtime\Cache\home\11e2f12d84b746b76491e3160c81a5b0.php 第 529 行.
NOTIC: [8] Undefined index: sc D:\phpStudy_new\WWW\baicai\data\runtime\Cache\home\11e2f12d84b746b76491e3160c81a5b0.php 第 534 行.
SQL: SELECT `name` FROM `try_item_orig` WHERE id=358 LIMIT 1   [ RunTime:0.000000s ]
NOTIC: [8] Undefined index: sc D:\phpStudy_new\WWW\baicai\data\runtime\Cache\home\11e2f12d84b746b76491e3160c81a5b0.php 第 540 行.
NOTIC: [8] Undefined index: sc D:\phpStudy_new\WWW\baicai\data\runtime\Cache\home\11e2f12d84b746b76491e3160c81a5b0.php 第 540 行.
NOTIC: [8] Undefined index: sc D:\phpStudy_new\WWW\baicai\data\runtime\Cache\home\11e2f12d84b746b76491e3160c81a5b0.php 第 540 行.
SQL: SELECT * FROM `try_go` WHERE ( `show` = 'xe451k_udcpqc_bz3cha_zod1cf' ) LIMIT 1   [ RunTime:0.008000s ]
NOTIC: [8] Undefined index: title D:\phpStudy_new\WWW\baicai\data\runtime\Cache\home\11e2f12d84b746b76491e3160c81a5b0.php 第 546 行.
SQL: SELECT * FROM `try_go` WHERE ( `show` = 'xe451k_udcpqc_bz3cha_zod1cf' ) LIMIT 1   [ RunTime:0.008001s ]
NOTIC: [8] Undefined index: title D:\phpStudy_new\WWW\baicai\data\runtime\Cache\home\11e2f12d84b746b76491e3160c81a5b0.php 第 550 行.
SQL: SELECT * FROM `try_go` WHERE ( `show` = 'lwi4of_rgxcqj_uj45vg_eawzy5' ) LIMIT 1   [ RunTime:0.008000s ]
NOTIC: [8] Undefined index: title D:\phpStudy_new\WWW\baicai\data\runtime\Cache\home\11e2f12d84b746b76491e3160c81a5b0.php 第 550 行.
NOTIC: [8] Undefined index: sc D:\phpStudy_new\WWW\baicai\data\runtime\Cache\home\11e2f12d84b746b76491e3160c81a5b0.php 第 524 行.
NOTIC: [8] Undefined index: sc D:\phpStudy_new\WWW\baicai\data\runtime\Cache\home\11e2f12d84b746b76491e3160c81a5b0.php 第 525 行.
NOTIC: [8] Undefined index: sc D:\phpStudy_new\WWW\baicai\data\runtime\Cache\home\11e2f12d84b746b76491e3160c81a5b0.php 第 529 行.
NOTIC: [8] Undefined index: sc D:\phpStudy_new\WWW\baicai\data\runtime\Cache\home\11e2f12d84b746b76491e3160c81a5b0.php 第 534 行.
SQL: SELECT `name` FROM `try_item_orig` WHERE id=5 LIMIT 1   [ RunTime:0.000000s ]
NOTIC: [8] Undefined index: sc D:\phpStudy_new\WWW\baicai\data\runtime\Cache\home\11e2f12d84b746b76491e3160c81a5b0.php 第 540 行.
NOTIC: [8] Undefined index: sc D:\phpStudy_new\WWW\baicai\data\runtime\Cache\home\11e2f12d84b746b76491e3160c81a5b0.php 第 540 行.
NOTIC: [8] Undefined index: sc D:\phpStudy_new\WWW\baicai\data\runtime\Cache\home\11e2f12d84b746b76491e3160c81a5b0.php 第 540 行.
SQL: SELECT * FROM `try_go` WHERE ( `show` = 'iwnrjt_45rxeu_1d0sje_jz15sg' ) LIMIT 1   [ RunTime:0.007000s ]
NOTIC: [8] Undefined index: title D:\phpStudy_new\WWW\baicai\data\runtime\Cache\home\11e2f12d84b746b76491e3160c81a5b0.php 第 546 行.
NOTIC: [8] Undefined index: sc D:\phpStudy_new\WWW\baicai\data\runtime\Cache\home\11e2f12d84b746b76491e3160c81a5b0.php 第 524 行.
NOTIC: [8] Undefined index: sc D:\phpStudy_new\WWW\baicai\data\runtime\Cache\home\11e2f12d84b746b76491e3160c81a5b0.php 第 525 行.
NOTIC: [8] Undefined index: sc D:\phpStudy_new\WWW\baicai\data\runtime\Cache\home\11e2f12d84b746b76491e3160c81a5b0.php 第 529 行.
NOTIC: [8] Undefined index: sc D:\phpStudy_new\WWW\baicai\data\runtime\Cache\home\11e2f12d84b746b76491e3160c81a5b0.php 第 534 行.
SQL: SELECT `name` FROM `try_item_orig` WHERE id=506 LIMIT 1   [ RunTime:0.001000s ]
NOTIC: [8] Undefined index: sc D:\phpStudy_new\WWW\baicai\data\runtime\Cache\home\11e2f12d84b746b76491e3160c81a5b0.php 第 540 行.
NOTIC: [8] Undefined index: sc D:\phpStudy_new\WWW\baicai\data\runtime\Cache\home\11e2f12d84b746b76491e3160c81a5b0.php 第 540 行.
NOTIC: [8] Undefined index: sc D:\phpStudy_new\WWW\baicai\data\runtime\Cache\home\11e2f12d84b746b76491e3160c81a5b0.php 第 540 行.
SQL: SELECT * FROM `try_go` WHERE ( `show` = 'rtfb5u_0htzte_3rp5t4_1l05kx' ) LIMIT 1   [ RunTime:0.007001s ]
NOTIC: [8] Undefined index: title D:\phpStudy_new\WWW\baicai\data\runtime\Cache\home\11e2f12d84b746b76491e3160c81a5b0.php 第 546 行.
NOTIC: [8] Undefined index: sc D:\phpStudy_new\WWW\baicai\data\runtime\Cache\home\11e2f12d84b746b76491e3160c81a5b0.php 第 524 行.
NOTIC: [8] Undefined index: sc D:\phpStudy_new\WWW\baicai\data\runtime\Cache\home\11e2f12d84b746b76491e3160c81a5b0.php 第 525 行.
NOTIC: [8] Undefined index: sc D:\phpStudy_new\WWW\baicai\data\runtime\Cache\home\11e2f12d84b746b76491e3160c81a5b0.php 第 529 行.
NOTIC: [8] Undefined index: sc D:\phpStudy_new\WWW\baicai\data\runtime\Cache\home\11e2f12d84b746b76491e3160c81a5b0.php 第 534 行.
SQL: SELECT `name` FROM `try_item_orig` WHERE id=506 LIMIT 1   [ RunTime:0.000000s ]
NOTIC: [8] Undefined index: sc D:\phpStudy_new\WWW\baicai\data\runtime\Cache\home\11e2f12d84b746b76491e3160c81a5b0.php 第 540 行.
NOTIC: [8] Undefined index: sc D:\phpStudy_new\WWW\baicai\data\runtime\Cache\home\11e2f12d84b746b76491e3160c81a5b0.php 第 540 行.
NOTIC: [8] Undefined index: sc D:\phpStudy_new\WWW\baicai\data\runtime\Cache\home\11e2f12d84b746b76491e3160c81a5b0.php 第 540 行.
SQL: SELECT * FROM `try_go` WHERE ( `show` = '24bptm_lw1f55_zww3gg_1u5iwl' ) LIMIT 1   [ RunTime:0.009001s ]
NOTIC: [8] Undefined index: title D:\phpStudy_new\WWW\baicai\data\runtime\Cache\home\11e2f12d84b746b76491e3160c81a5b0.php 第 546 行.
NOTIC: [8] Undefined index: sc D:\phpStudy_new\WWW\baicai\data\runtime\Cache\home\11e2f12d84b746b76491e3160c81a5b0.php 第 524 行.
NOTIC: [8] Undefined index: sc D:\phpStudy_new\WWW\baicai\data\runtime\Cache\home\11e2f12d84b746b76491e3160c81a5b0.php 第 525 行.
NOTIC: [8] Undefined index: sc D:\phpStudy_new\WWW\baicai\data\runtime\Cache\home\11e2f12d84b746b76491e3160c81a5b0.php 第 529 行.
NOTIC: [8] Undefined index: sc D:\phpStudy_new\WWW\baicai\data\runtime\Cache\home\11e2f12d84b746b76491e3160c81a5b0.php 第 534 行.
SQL: SELECT `name` FROM `try_item_orig` WHERE id=384 LIMIT 1   [ RunTime:0.000000s ]
NOTIC: [8] Undefined index: sc D:\phpStudy_new\WWW\baicai\data\runtime\Cache\home\11e2f12d84b746b76491e3160c81a5b0.php 第 540 行.
NOTIC: [8] Undefined index: sc D:\phpStudy_new\WWW\baicai\data\runtime\Cache\home\11e2f12d84b746b76491e3160c81a5b0.php 第 540 行.
NOTIC: [8] Undefined index: sc D:\phpStudy_new\WWW\baicai\data\runtime\Cache\home\11e2f12d84b746b76491e3160c81a5b0.php 第 540 行.
SQL: SELECT * FROM `try_go` WHERE ( `show` = 'vd1hp4_lcbvuw_0wthuh_sudapj' ) LIMIT 1   [ RunTime:0.010001s ]
NOTIC: [8] Undefined index: title D:\phpStudy_new\WWW\baicai\data\runtime\Cache\home\11e2f12d84b746b76491e3160c81a5b0.php 第 546 行.
NOTIC: [8] Undefined index: sc D:\phpStudy_new\WWW\baicai\data\runtime\Cache\home\11e2f12d84b746b76491e3160c81a5b0.php 第 524 行.
NOTIC: [8] Undefined index: sc D:\phpStudy_new\WWW\baicai\data\runtime\Cache\home\11e2f12d84b746b76491e3160c81a5b0.php 第 525 行.
NOTIC: [8] Undefined index: sc D:\phpStudy_new\WWW\baicai\data\runtime\Cache\home\11e2f12d84b746b76491e3160c81a5b0.php 第 529 行.
NOTIC: [8] Undefined index: sc D:\phpStudy_new\WWW\baicai\data\runtime\Cache\home\11e2f12d84b746b76491e3160c81a5b0.php 第 534 行.
SQL: SELECT `name` FROM `try_item_orig` WHERE id=3 LIMIT 1   [ RunTime:0.000000s ]
NOTIC: [8] Undefined index: sc D:\phpStudy_new\WWW\baicai\data\runtime\Cache\home\11e2f12d84b746b76491e3160c81a5b0.php 第 540 行.
NOTIC: [8] Undefined index: sc D:\phpStudy_new\WWW\baicai\data\runtime\Cache\home\11e2f12d84b746b76491e3160c81a5b0.php 第 540 行.
NOTIC: [8] Undefined index: sc D:\phpStudy_new\WWW\baicai\data\runtime\Cache\home\11e2f12d84b746b76491e3160c81a5b0.php 第 540 行.
SQL: SELECT * FROM `try_go` WHERE ( `show` = 'ywfxbw_dxv4ag_wvv5ln_w5wog0' ) LIMIT 1   [ RunTime:0.007001s ]
NOTIC: [8] Undefined index: title D:\phpStudy_new\WWW\baicai\data\runtime\Cache\home\11e2f12d84b746b76491e3160c81a5b0.php 第 546 行.
NOTIC: [8] Undefined index: sc D:\phpStudy_new\WWW\baicai\data\runtime\Cache\home\11e2f12d84b746b76491e3160c81a5b0.php 第 524 行.
NOTIC: [8] Undefined index: sc D:\phpStudy_new\WWW\baicai\data\runtime\Cache\home\11e2f12d84b746b76491e3160c81a5b0.php 第 525 行.
NOTIC: [8] Undefined index: sc D:\phpStudy_new\WWW\baicai\data\runtime\Cache\home\11e2f12d84b746b76491e3160c81a5b0.php 第 529 行.
NOTIC: [8] Undefined index: sc D:\phpStudy_new\WWW\baicai\data\runtime\Cache\home\11e2f12d84b746b76491e3160c81a5b0.php 第 534 行.
SQL: SELECT `name` FROM `try_item_orig` WHERE id=362 LIMIT 1   [ RunTime:0.001000s ]
NOTIC: [8] Undefined index: sc D:\phpStudy_new\WWW\baicai\data\runtime\Cache\home\11e2f12d84b746b76491e3160c81a5b0.php 第 540 行.
NOTIC: [8] Undefined index: sc D:\phpStudy_new\WWW\baicai\data\runtime\Cache\home\11e2f12d84b746b76491e3160c81a5b0.php 第 540 行.
NOTIC: [8] Undefined index: sc D:\phpStudy_new\WWW\baicai\data\runtime\Cache\home\11e2f12d84b746b76491e3160c81a5b0.php 第 540 行.
SQL: SELECT * FROM `try_go` WHERE ( `show` = 'wnuyt0_k4byg1_cjamj2_mnd5v4' ) LIMIT 1   [ RunTime:0.008001s ]
NOTIC: [8] Undefined index: title D:\phpStudy_new\WWW\baicai\data\runtime\Cache\home\11e2f12d84b746b76491e3160c81a5b0.php 第 546 行.
NOTIC: [8] Undefined index: sc D:\phpStudy_new\WWW\baicai\data\runtime\Cache\home\11e2f12d84b746b76491e3160c81a5b0.php 第 524 行.
NOTIC: [8] Undefined index: sc D:\phpStudy_new\WWW\baicai\data\runtime\Cache\home\11e2f12d84b746b76491e3160c81a5b0.php 第 525 行.
NOTIC: [8] Undefined index: sc D:\phpStudy_new\WWW\baicai\data\runtime\Cache\home\11e2f12d84b746b76491e3160c81a5b0.php 第 529 行.
NOTIC: [8] Undefined index: sc D:\phpStudy_new\WWW\baicai\data\runtime\Cache\home\11e2f12d84b746b76491e3160c81a5b0.php 第 534 行.
SQL: SELECT `name` FROM `try_item_orig` WHERE id=3 LIMIT 1   [ RunTime:0.001000s ]
NOTIC: [8] Undefined index: sc D:\phpStudy_new\WWW\baicai\data\runtime\Cache\home\11e2f12d84b746b76491e3160c81a5b0.php 第 540 行.
NOTIC: [8] Undefined index: sc D:\phpStudy_new\WWW\baicai\data\runtime\Cache\home\11e2f12d84b746b76491e3160c81a5b0.php 第 540 行.
NOTIC: [8] Undefined index: sc D:\phpStudy_new\WWW\baicai\data\runtime\Cache\home\11e2f12d84b746b76491e3160c81a5b0.php 第 540 行.
SQL: SELECT * FROM `try_go` WHERE ( `show` = 'so5324_amp1ph_lbf1en_2mi0sk' ) LIMIT 1   [ RunTime:0.010001s ]
NOTIC: [8] Undefined index: title D:\phpStudy_new\WWW\baicai\data\runtime\Cache\home\11e2f12d84b746b76491e3160c81a5b0.php 第 546 行.
NOTIC: [8] Undefined index: follow D:\phpStudy_new\WWW\baicai\data\runtime\Cache\home\11e2f12d84b746b76491e3160c81a5b0.php 第 723 行.
NOTIC: [2] fopen(http://img.baicaio.com/data/upload/avatar/000/19/27/35f94626a3c8956ff4b1e837f3a8aff0.jpg): failed to open stream: HTTP request failed! HTTP/1.1 404 Not Found
 D:\phpStudy_new\WWW\baicai\app\Common\common.php 第 195 行.
NOTIC: [2] fopen(http://img.baicaio.com/data/upload/avatar/000/19/27/a5c1ecaadd6ace0e9222a1b20cf6f0b2.jpg): failed to open stream: HTTP request failed! HTTP/1.1 404 Not Found
 D:\phpStudy_new\WWW\baicai\app\Common\common.php 第 195 行.
NOTIC: [2] fopen(http://img.baicaio.com/data/upload/avatar/000/19/27/c60ddfa8f90de65944a328002b99c38c.jpg): failed to open stream: HTTP request failed! HTTP/1.1 404 Not Found
 D:\phpStudy_new\WWW\baicai\app\Common\common.php 第 195 行.
NOTIC: [8] Undefined index: follow D:\phpStudy_new\WWW\baicai\data\runtime\Cache\home\11e2f12d84b746b76491e3160c81a5b0.php 第 723 行.
SQL: SELECT * FROM `try_adboard` WHERE ( `id` = 2 ) AND ( `status` = 1 ) LIMIT 1   [ RunTime:0.000000s ]
SQL: SELECT `id`,`type`,`name`,`url`,`content`,`desc`,`extimg`,`extval` FROM `try_ad` WHERE ( `board_id` = 2 ) AND ( `start_time` <= 1501744287 ) AND ( `end_time` >= 1501744287 ) AND ( `status` = 1 ) ORDER BY ordid  [ RunTime:0.001000s ]
INFO: [ view_template ] --START--
INFO: Run basic_template Behavior [ RunTime:-2.934168s ]
INFO: [ view_template ] --END-- [ RunTime:-1.638094s ]
INFO: [ view_parse ] --START--
INFO: Run ParseTemplate Behavior [ RunTime:-2.935168s ]
INFO: [ view_parse ] --END-- [ RunTime:-1.365078s ]
INFO: [ view_filter ] --START--
INFO: Run ContentReplace Behavior [ RunTime:-2.938168s ]
INFO: Run TokenBuild Behavior [ RunTime:-2.938168s ]
INFO: Run WriteHtmlCache Behavior [ RunTime:-2.938168s ]
INFO: Run ShowRuntime Behavior [ RunTime:-2.938168s ]
INFO: Run content_replace Behavior [ RunTime:-2.939168s ]
INFO: [ view_filter ] --END-- [ RunTime:-1.362078s ]
INFO: [ view_end ] --START--
INFO: Run ShowPageTrace Behavior [ RunTime:-2.939168s ]
INFO: [ view_end ] --END-- [ RunTime:-1.362078s ]
SQL: SHOW COLUMNS FROM `try_tick` [ RunTime:0.004000s ]
SQL: SELECT * FROM `try_tick` WHERE start_time < NOW() ORDER BY yl desc,id desc LIMIT 6   [ RunTime:0.002000s ]
SQL: SELECT `img_url` FROM `try_item_orig` WHERE id=69 LIMIT 1   [ RunTime:0.000000s ]
SQL: SELECT `img_url` FROM `try_item_orig` WHERE id=19 LIMIT 1   [ RunTime:0.000000s ]
SQL: SELECT * FROM `try_adboard` WHERE ( `id` = 10 ) AND ( `status` = 1 ) LIMIT 1   [ RunTime:0.001000s ]
SQL: SELECT `id`,`type`,`name`,`url`,`content`,`desc`,`extimg`,`extval` FROM `try_ad` WHERE ( `board_id` = 10 ) AND ( `start_time` <= 1501744287 ) AND ( `end_time` >= 1501744287 ) AND ( `status` = 1 ) ORDER BY ordid  [ RunTime:0.001000s ]
INFO: [ view_template ] --START--
INFO: Run basic_template Behavior [ RunTime:-2.956169s ]
INFO: [ view_template ] --END-- [ RunTime:-1.660095s ]
INFO: [ view_parse ] --START--
INFO: Run ParseTemplate Behavior [ RunTime:-2.957169s ]
INFO: [ view_parse ] --END-- [ RunTime:-1.387079s ]
INFO: [ view_filter ] --START--
INFO: Run ContentReplace Behavior [ RunTime:-2.960169s ]
INFO: Run TokenBuild Behavior [ RunTime:-2.960169s ]
INFO: Run WriteHtmlCache Behavior [ RunTime:-2.960169s ]
INFO: Run ShowRuntime Behavior [ RunTime:-2.960169s ]
INFO: Run content_replace Behavior [ RunTime:-2.960169s ]
INFO: [ view_filter ] --END-- [ RunTime:-1.384079s ]
INFO: [ view_end ] --START--
INFO: Run ShowPageTrace Behavior [ RunTime:-2.960169s ]
INFO: [ view_end ] --END-- [ RunTime:-1.383079s ]
SQL: SELECT * FROM `try_adboard` WHERE ( `id` = 15 ) AND ( `status` = 1 ) LIMIT 1   [ RunTime:0.001000s ]
SQL: SELECT `id`,`type`,`name`,`url`,`content`,`desc`,`extimg`,`extval` FROM `try_ad` WHERE ( `board_id` = 15 ) AND ( `start_time` <= 1501744287 ) AND ( `end_time` >= 1501744287 ) AND ( `status` = 1 ) ORDER BY ordid  [ RunTime:0.001000s ]
INFO: [ view_template ] --START--
INFO: Run basic_template Behavior [ RunTime:-2.964169s ]
INFO: [ view_template ] --END-- [ RunTime:-1.668095s ]
INFO: [ view_parse ] --START--
INFO: Run ParseTemplate Behavior [ RunTime:-2.964169s ]
INFO: [ view_parse ] --END-- [ RunTime:-1.394079s ]
INFO: [ view_filter ] --START--
INFO: Run ContentReplace Behavior [ RunTime:-2.967170s ]
INFO: Run TokenBuild Behavior [ RunTime:-2.967170s ]
INFO: Run WriteHtmlCache Behavior [ RunTime:-2.967170s ]
INFO: Run ShowRuntime Behavior [ RunTime:-2.967170s ]
INFO: Run content_replace Behavior [ RunTime:-2.967170s ]
INFO: [ view_filter ] --END-- [ RunTime:-1.391080s ]
INFO: [ view_end ] --START--
INFO: Run ShowPageTrace Behavior [ RunTime:-2.967170s ]
INFO: [ view_end ] --END-- [ RunTime:-1.390080s ]
SQL: SHOW COLUMNS FROM `try_flink` [ RunTime:0.004000s ]
SQL: SELECT * FROM `try_flink` WHERE cate_id=1 and status=1  [ RunTime:0.002000s ]
INFO: Run ParseTemplate Behavior [ RunTime:-2.967170s ]
INFO: [ view_parse ] --END-- [ RunTime:-1.394079s ]
INFO: [ view_filter ] --START--
INFO: Run ContentReplace Behavior [ RunTime:-2.982170s ]
INFO: Run TokenBuild Behavior [ RunTime:-2.982170s ]
INFO: Run WriteHtmlCache Behavior [ RunTime:-2.982170s ]
INFO: Run ShowRuntime Behavior [ RunTime:-2.982170s ]
INFO: Run content_replace Behavior [ RunTime:-2.983170s ]
INFO: [ view_filter ] --END-- [ RunTime:-1.406080s ]
INFO: [ view_end ] --START--
INFO: Run ShowPageTrace Behavior [ RunTime:-2.983170s ]
INFO: [ view_end ] --END-- [ RunTime:-1.406080s ]

[ 2017-08-03T15:11:39+08:00 ] 127.0.0.1 /user-index-uid-192793
INFO: [ route_check ] --START--
INFO: Run CheckRoute Behavior [ RunTime:0.002000s ]
INFO: [ route_check ] --END-- [ RunTime:0.003000s ]
INFO: [ app_begin ] --START--
INFO: Run ReadHtmlCache Behavior [ RunTime:-0.002000s ]
INFO: Run check_ipban Behavior [ RunTime:-0.002000s ]
INFO: Run load_lang Behavior [ RunTime:-0.003000s ]
INFO: [ app_begin ] --END-- [ RunTime:0.005000s ]
SQL: SHOW COLUMNS FROM `try_user` [ RunTime:0.005000s ]
SQL: SELECT * FROM `try_user` WHERE ( `id` = 192793 ) LIMIT 1   [ RunTime:0.000000s ]
SQL: SHOW COLUMNS FROM `try_grade` [ RunTime:0.008000s ]
SQL: SELECT `grade` FROM `try_grade` WHERE min<=1061 and max>=1061 LIMIT 1   [ RunTime:0.001000s ]
SQL: SHOW COLUMNS FROM `try_share` [ RunTime:0.004000s ]
SQL: SELECT COUNT(*) AS tp_count FROM `try_share` WHERE uid=192793 LIMIT 1   [ RunTime:0.002000s ]
SQL: SHOW COLUMNS FROM `try_user_follow` [ RunTime:0.003001s ]
SQL: SELECT `follow_uid` FROM `try_user_follow` WHERE uid=12  [ RunTime:0.001000s ]
SQL: SELECT * FROM `try_user` ORDER BY shares desc, id asc LIMIT 4   [ RunTime:0.022001s ]
SQL: SELECT * FROM `try_user_follow` WHERE uid=192793  [ RunTime:0.000000s ]
NOTIC: [8] Undefined offset: 192793 D:\phpStudy_new\WWW\baicai\app\Lib\Action\home\userAction.class.php 第 80 行.
INFO: [ view_template ] --START--
INFO: Run basic_template Behavior [ RunTime:-1.123064s ]
INFO: [ view_template ] --END-- [ RunTime:0.002000s ]
INFO: [ view_parse ] --START--
INFO: [ view_template ] --START--
INFO: Run basic_template Behavior [ RunTime:-1.130064s ]
INFO: [ view_template ] --END-- [ RunTime:-0.006000s ]
INFO: [ view_template ] --START--
INFO: Run basic_template Behavior [ RunTime:-1.131065s ]
INFO: [ view_template ] --END-- [ RunTime:-0.007001s ]
INFO: [ view_template ] --START--
INFO: Run basic_template Behavior [ RunTime:-1.132065s ]
INFO: [ view_template ] --END-- [ RunTime:-0.008001s ]
INFO: [ view_template ] --START--
INFO: Run basic_template Behavior [ RunTime:-1.133065s ]
INFO: [ view_template ] --END-- [ RunTime:-0.009001s ]
SQL: SHOW COLUMNS FROM `try_item_cate` [ RunTime:0.006001s ]
SQL: SELECT * FROM `try_item_cate` WHERE pid=0 and is_index=1  [ RunTime:0.001000s ]
SQL: SELECT * FROM `try_item_cate` WHERE pid=0 and status=1  [ RunTime:0.001000s ]
NOTIC: [8] Undefined variable: tp D:\phpStudy_new\WWW\baicai\data\runtime\Cache\home\0333cce647bda48102bf19be11576fa2.php 第 81 行.
NOTIC: [8] Undefined variable: tp D:\phpStudy_new\WWW\baicai\data\runtime\Cache\home\0333cce647bda48102bf19be11576fa2.php 第 82 行.
NOTIC: [8] Undefined variable: bcid D:\phpStudy_new\WWW\baicai\data\runtime\Cache\home\0333cce647bda48102bf19be11576fa2.php 第 83 行.
NOTIC: [8] Undefined variable: tp D:\phpStudy_new\WWW\baicai\data\runtime\Cache\home\0333cce647bda48102bf19be11576fa2.php 第 84 行.
NOTIC: [8] Undefined variable: bcid D:\phpStudy_new\WWW\baicai\data\runtime\Cache\home\0333cce647bda48102bf19be11576fa2.php 第 85 行.
NOTIC: [8] Undefined variable: strpos1 D:\phpStudy_new\WWW\baicai\data\runtime\Cache\home\0333cce647bda48102bf19be11576fa2.php 第 103 行.
NOTIC: [2] fopen(http://img.baicaio.com/data/upload/avatar/000/17/33/b91b5e39ad5ce8db748799851e45a8b8.jpg): failed to open stream: HTTP request failed! HTTP/1.1 404 Not Found
 D:\phpStudy_new\WWW\baicai\app\Common\common.php 第 195 行.
NOTIC: [2] fopen(http://img.baicaio.com/data/upload/avatar/000/17/33/230901ba9eb9f0e4deb6d18de2dc6616.jpg): failed to open stream: HTTP request failed! HTTP/1.1 404 Not Found
 D:\phpStudy_new\WWW\baicai\app\Common\common.php 第 195 行.
INFO: Run ParseTemplate Behavior [ RunTime:-1.133065s ]
INFO: [ view_parse ] --END-- [ RunTime:0.942054s ]
INFO: [ view_filter ] --START--
INFO: Run ContentReplace Behavior [ RunTime:-2.066118s ]
INFO: Run TokenBuild Behavior [ RunTime:-2.066118s ]
INFO: Run WriteHtmlCache Behavior [ RunTime:-2.067118s ]
INFO: Run ShowRuntime Behavior [ RunTime:-2.067118s ]
INFO: Run content_replace Behavior [ RunTime:-2.068118s ]
INFO: [ view_filter ] --END-- [ RunTime:0.003000s ]
INFO: [ view_end ] --START--
INFO: Run ShowPageTrace Behavior [ RunTime:-2.069118s ]
INFO: [ view_end ] --END-- [ RunTime:0.001000s ]

[ 2017-08-03T15:12:33+08:00 ] 127.0.0.1 /user-share
INFO: [ route_check ] --START--
INFO: Run CheckRoute Behavior [ RunTime:0.002000s ]
INFO: [ route_check ] --END-- [ RunTime:0.003000s ]
INFO: [ app_begin ] --START--
INFO: Run ReadHtmlCache Behavior [ RunTime:-0.002000s ]
INFO: Run check_ipban Behavior [ RunTime:-0.002000s ]
INFO: Run load_lang Behavior [ RunTime:-0.005000s ]
INFO: [ app_begin ] --END-- [ RunTime:0.005001s ]
SQL: SHOW COLUMNS FROM `try_user` [ RunTime:0.004000s ]
SQL: SELECT * FROM `try_user` WHERE ( `id` = 192793 ) LIMIT 1   [ RunTime:0.001000s ]
SQL: SHOW COLUMNS FROM `try_share` [ RunTime:0.002000s ]
SQL: SELECT COUNT(*) AS tp_count FROM `try_share` LEFT JOIN try_item i ON i.id=try_share.item_id  LEFT JOIN try_item_orig o ON o.id=i.orig_id WHERE o.ismy=0 and try_share.uid='192793' and try_share.xid=1 LIMIT 1   [ RunTime:0.007000s ]
SQL: SELECT COUNT(*) AS tp_count FROM `try_share` LEFT JOIN try_item i ON i.id=try_share.item_id  LEFT JOIN try_item_orig o ON o.id=i.orig_id WHERE o.ismy=1 and try_share.uid='192793' and try_share.xid=1 LIMIT 1   [ RunTime:0.000000s ]
SQL: SELECT COUNT(*) AS tp_count FROM `try_share` LEFT JOIN try_item i ON i.id=try_share.item_id WHERE  i.isbest=1 and try_share.uid='192793' and try_share.xid=1 LIMIT 1   [ RunTime:0.000000s ]
SQL: SELECT COUNT(*) AS tp_count FROM `try_share` LEFT JOIN try_zr z ON z.id=try_share.item_id WHERE try_share.uid='192793' and try_share.xid=2 LIMIT 1   [ RunTime:0.000000s ]
SQL: SELECT COUNT(*) AS tp_count FROM `try_share` LEFT JOIN try_article a ON a.id=try_share.item_id WHERE try_share.uid=192793 and try_share.xid=3 and a.cate_id=10 LIMIT 1   [ RunTime:0.001001s ]
SQL: SELECT COUNT(*) AS tp_count FROM `try_share` LEFT JOIN try_article a ON a.id=try_share.item_id WHERE try_share.uid=192793 and try_share.xid=3 and a.cate_id in(select id from try_article_cate where pid=9 or id=9) LIMIT 1   [ RunTime:0.001000s ]
SQL: SELECT i.*,try_share.dm FROM `try_share` LEFT JOIN try_item i ON i.id=try_share.item_id  LEFT JOIN try_item_orig o ON o.id=i.orig_id WHERE o.ismy=0 and try_share.uid='192793' and try_share.xid=1 ORDER BY i.id desc LIMIT 0,5   [ RunTime:0.005000s ]
INFO: [ view_template ] --START--
INFO: Run basic_template Behavior [ RunTime:-19.967142s ]
INFO: [ view_template ] --END-- [ RunTime:0.002000s ]
INFO: [ view_parse ] --START--
INFO: [ view_template ] --START--
INFO: Run basic_template Behavior [ RunTime:-19.972142s ]
INFO: [ view_template ] --END-- [ RunTime:-0.004000s ]
INFO: [ view_template ] --START--
INFO: Run basic_template Behavior [ RunTime:-19.972142s ]
INFO: [ view_template ] --END-- [ RunTime:-0.004000s ]
INFO: [ view_template ] --START--
INFO: Run basic_template Behavior [ RunTime:-19.973143s ]
INFO: [ view_template ] --END-- [ RunTime:-0.005001s ]
INFO: [ view_template ] --START--
INFO: Run basic_template Behavior [ RunTime:-19.974143s ]
INFO: [ view_template ] --END-- [ RunTime:-0.006001s ]
SQL: SHOW COLUMNS FROM `try_item_cate` [ RunTime:0.003000s ]
SQL: SELECT * FROM `try_item_cate` WHERE pid=0 and is_index=1  [ RunTime:0.001000s ]
SQL: SELECT * FROM `try_item_cate` WHERE pid=0 and status=1  [ RunTime:0.000000s ]
NOTIC: [8] Undefined variable: tp D:\phpStudy_new\WWW\baicai\data\runtime\Cache\home\8adaff856a5273acbdc99bd7e28a64d7.php 第 77 行.
NOTIC: [8] Undefined variable: tp D:\phpStudy_new\WWW\baicai\data\runtime\Cache\home\8adaff856a5273acbdc99bd7e28a64d7.php 第 78 行.
NOTIC: [8] Undefined variable: bcid D:\phpStudy_new\WWW\baicai\data\runtime\Cache\home\8adaff856a5273acbdc99bd7e28a64d7.php 第 79 行.
NOTIC: [8] Undefined variable: tp D:\phpStudy_new\WWW\baicai\data\runtime\Cache\home\8adaff856a5273acbdc99bd7e28a64d7.php 第 80 行.
NOTIC: [8] Undefined variable: bcid D:\phpStudy_new\WWW\baicai\data\runtime\Cache\home\8adaff856a5273acbdc99bd7e28a64d7.php 第 81 行.
NOTIC: [8] Undefined variable: strpos1 D:\phpStudy_new\WWW\baicai\data\runtime\Cache\home\8adaff856a5273acbdc99bd7e28a64d7.php 第 99 行.
INFO: Run ParseTemplate Behavior [ RunTime:-19.974143s ]
INFO: [ view_parse ] --END-- [ RunTime:0.185011s ]
INFO: [ view_filter ] --START--
INFO: Run ContentReplace Behavior [ RunTime:-20.153153s ]
INFO: Run TokenBuild Behavior [ RunTime:-20.154153s ]
INFO: Run WriteHtmlCache Behavior [ RunTime:-20.154153s ]
INFO: Run ShowRuntime Behavior [ RunTime:-20.155153s ]
INFO: Run content_replace Behavior [ RunTime:-20.155153s ]
INFO: [ view_filter ] --END-- [ RunTime:0.003000s ]
INFO: [ view_end ] --START--
INFO: Run ShowPageTrace Behavior [ RunTime:-20.156153s ]
INFO: [ view_end ] --END-- [ RunTime:0.001000s ]

[ 2017-08-03T15:12:40+08:00 ] 127.0.0.1 /user-share-t-sd
INFO: [ route_check ] --START--
INFO: Run CheckRoute Behavior [ RunTime:0.001000s ]
INFO: [ route_check ] --END-- [ RunTime:0.001000s ]
INFO: [ app_begin ] --START--
INFO: Run ReadHtmlCache Behavior [ RunTime:0.000000s ]
INFO: Run check_ipban Behavior [ RunTime:-0.001000s ]
INFO: Run load_lang Behavior [ RunTime:-0.003001s ]
INFO: [ app_begin ] --END-- [ RunTime:0.004001s ]
SQL: SHOW COLUMNS FROM `try_user` [ RunTime:0.009001s ]
SQL: SELECT * FROM `try_user` WHERE ( `id` = 192793 ) LIMIT 1   [ RunTime:0.007000s ]
SQL: SHOW COLUMNS FROM `try_share` [ RunTime:0.003000s ]
SQL: SELECT COUNT(*) AS tp_count FROM `try_share` LEFT JOIN try_item i ON i.id=try_share.item_id  LEFT JOIN try_item_orig o ON o.id=i.orig_id WHERE o.ismy=0 and try_share.uid='192793' and try_share.xid=1 LIMIT 1   [ RunTime:0.001000s ]
SQL: SELECT COUNT(*) AS tp_count FROM `try_share` LEFT JOIN try_item i ON i.id=try_share.item_id  LEFT JOIN try_item_orig o ON o.id=i.orig_id WHERE o.ismy=1 and try_share.uid='192793' and try_share.xid=1 LIMIT 1   [ RunTime:0.001000s ]
SQL: SELECT COUNT(*) AS tp_count FROM `try_share` LEFT JOIN try_item i ON i.id=try_share.item_id WHERE  i.isbest=1 and try_share.uid='192793' and try_share.xid=1 LIMIT 1   [ RunTime:0.000000s ]
SQL: SELECT COUNT(*) AS tp_count FROM `try_share` LEFT JOIN try_zr z ON z.id=try_share.item_id WHERE try_share.uid='192793' and try_share.xid=2 LIMIT 1   [ RunTime:0.000000s ]
SQL: SELECT COUNT(*) AS tp_count FROM `try_share` LEFT JOIN try_article a ON a.id=try_share.item_id WHERE try_share.uid=192793 and try_share.xid=3 and a.cate_id=10 LIMIT 1   [ RunTime:0.000000s ]
SQL: SELECT COUNT(*) AS tp_count FROM `try_share` LEFT JOIN try_article a ON a.id=try_share.item_id WHERE try_share.uid=192793 and try_share.xid=3 and a.cate_id in(select id from try_article_cate where pid=9 or id=9) LIMIT 1   [ RunTime:0.000000s ]
SQL: SELECT a.*,try_share.dm FROM `try_share` LEFT JOIN try_article a ON a.id=try_share.item_id WHERE try_share.uid=192793 and try_share.xid=3 and a.cate_id=10 ORDER BY a.id desc LIMIT 0,5   [ RunTime:0.003000s ]
INFO: [ view_template ] --START--
INFO: Run basic_template Behavior [ RunTime:-1.091063s ]
INFO: [ view_template ] --END-- [ RunTime:0.002000s ]
INFO: [ view_parse ] --START--
INFO: [ view_template ] --START--
INFO: Run basic_template Behavior [ RunTime:-1.094063s ]
INFO: [ view_template ] --END-- [ RunTime:-0.002000s ]
INFO: [ view_template ] --START--
INFO: Run basic_template Behavior [ RunTime:-1.095063s ]
INFO: [ view_template ] --END-- [ RunTime:-0.003000s ]
INFO: [ view_template ] --START--
INFO: Run basic_template Behavior [ RunTime:-1.095063s ]
INFO: [ view_template ] --END-- [ RunTime:-0.003000s ]
INFO: [ view_template ] --START--
INFO: Run basic_template Behavior [ RunTime:-1.096063s ]
INFO: [ view_template ] --END-- [ RunTime:-0.004000s ]
SQL: SHOW COLUMNS FROM `try_item_cate` [ RunTime:0.004001s ]
SQL: SELECT * FROM `try_item_cate` WHERE pid=0 and is_index=1  [ RunTime:0.001000s ]
SQL: SELECT * FROM `try_item_cate` WHERE pid=0 and status=1  [ RunTime:0.001000s ]
NOTIC: [8] Undefined variable: tp D:\phpStudy_new\WWW\baicai\data\runtime\Cache\home\8adaff856a5273acbdc99bd7e28a64d7.php 第 77 行.
NOTIC: [8] Undefined variable: tp D:\phpStudy_new\WWW\baicai\data\runtime\Cache\home\8adaff856a5273acbdc99bd7e28a64d7.php 第 78 行.
NOTIC: [8] Undefined variable: bcid D:\phpStudy_new\WWW\baicai\data\runtime\Cache\home\8adaff856a5273acbdc99bd7e28a64d7.php 第 79 行.
NOTIC: [8] Undefined variable: tp D:\phpStudy_new\WWW\baicai\data\runtime\Cache\home\8adaff856a5273acbdc99bd7e28a64d7.php 第 80 行.
NOTIC: [8] Undefined variable: bcid D:\phpStudy_new\WWW\baicai\data\runtime\Cache\home\8adaff856a5273acbdc99bd7e28a64d7.php 第 81 行.
NOTIC: [8] Undefined variable: strpos1 D:\phpStudy_new\WWW\baicai\data\runtime\Cache\home\8adaff856a5273acbdc99bd7e28a64d7.php 第 99 行.
INFO: Run ParseTemplate Behavior [ RunTime:-1.096063s ]
INFO: [ view_parse ] --END-- [ RunTime:0.147008s ]
INFO: [ view_filter ] --START--
INFO: Run ContentReplace Behavior [ RunTime:-1.239071s ]
INFO: Run TokenBuild Behavior [ RunTime:-1.240071s ]
INFO: Run WriteHtmlCache Behavior [ RunTime:-1.241071s ]
INFO: Run ShowRuntime Behavior [ RunTime:-1.241071s ]
INFO: Run content_replace Behavior [ RunTime:-1.242071s ]
INFO: [ view_filter ] --END-- [ RunTime:0.004001s ]
INFO: [ view_end ] --START--
INFO: Run ShowPageTrace Behavior [ RunTime:-1.243072s ]
INFO: [ view_end ] --END-- [ RunTime:0.000000s ]

[ 2017-08-03T15:12:43+08:00 ] 127.0.0.1 /user-share-t-ht
INFO: [ route_check ] --START--
INFO: Run CheckRoute Behavior [ RunTime:0.001000s ]
INFO: [ route_check ] --END-- [ RunTime:0.001000s ]
INFO: [ app_begin ] --START--
INFO: Run ReadHtmlCache Behavior [ RunTime:0.000000s ]
INFO: Run check_ipban Behavior [ RunTime:-0.001000s ]
INFO: Run load_lang Behavior [ RunTime:-0.002000s ]
INFO: [ app_begin ] --END-- [ RunTime:0.004000s ]
SQL: SHOW COLUMNS FROM `try_user` [ RunTime:0.009001s ]
SQL: SELECT * FROM `try_user` WHERE ( `id` = 192793 ) LIMIT 1   [ RunTime:0.001000s ]
SQL: SHOW COLUMNS FROM `try_share` [ RunTime:0.006000s ]
SQL: SELECT COUNT(*) AS tp_count FROM `try_share` LEFT JOIN try_item i ON i.id=try_share.item_id  LEFT JOIN try_item_orig o ON o.id=i.orig_id WHERE o.ismy=0 and try_share.uid='192793' and try_share.xid=1 LIMIT 1   [ RunTime:0.004001s ]
SQL: SELECT COUNT(*) AS tp_count FROM `try_share` LEFT JOIN try_item i ON i.id=try_share.item_id  LEFT JOIN try_item_orig o ON o.id=i.orig_id WHERE o.ismy=1 and try_share.uid='192793' and try_share.xid=1 LIMIT 1   [ RunTime:0.001000s ]
SQL: SELECT COUNT(*) AS tp_count FROM `try_share` LEFT JOIN try_item i ON i.id=try_share.item_id WHERE  i.isbest=1 and try_share.uid='192793' and try_share.xid=1 LIMIT 1   [ RunTime:0.000000s ]
SQL: SELECT COUNT(*) AS tp_count FROM `try_share` LEFT JOIN try_zr z ON z.id=try_share.item_id WHERE try_share.uid='192793' and try_share.xid=2 LIMIT 1   [ RunTime:0.001000s ]
SQL: SELECT COUNT(*) AS tp_count FROM `try_share` LEFT JOIN try_article a ON a.id=try_share.item_id WHERE try_share.uid=192793 and try_share.xid=3 and a.cate_id=10 LIMIT 1   [ RunTime:0.001000s ]
SQL: SELECT COUNT(*) AS tp_count FROM `try_share` LEFT JOIN try_article a ON a.id=try_share.item_id WHERE try_share.uid=192793 and try_share.xid=3 and a.cate_id in(select id from try_article_cate where pid=9 or id=9) LIMIT 1   [ RunTime:0.000000s ]
SQL: SELECT i.*,try_share.dm FROM `try_share` LEFT JOIN try_item i ON i.id=try_share.item_id  LEFT JOIN try_item_orig o ON o.id=i.orig_id WHERE o.ismy=1 and try_share.uid='192793' and try_share.xid=1 ORDER BY i.id desc LIMIT 0,5   [ RunTime:0.005000s ]
INFO: [ view_template ] --START--
INFO: Run basic_template Behavior [ RunTime:-1.077061s ]
INFO: [ view_template ] --END-- [ RunTime:0.001000s ]
INFO: [ view_parse ] --START--
INFO: [ view_template ] --START--
INFO: Run basic_template Behavior [ RunTime:-1.080061s ]
INFO: [ view_template ] --END-- [ RunTime:-0.002000s ]
INFO: [ view_template ] --START--
INFO: Run basic_template Behavior [ RunTime:-1.081061s ]
INFO: [ view_template ] --END-- [ RunTime:-0.003000s ]
INFO: [ view_template ] --START--
INFO: Run basic_template Behavior [ RunTime:-1.082061s ]
INFO: [ view_template ] --END-- [ RunTime:-0.004000s ]
INFO: [ view_template ] --START--
INFO: Run basic_template Behavior [ RunTime:-1.082061s ]
INFO: [ view_template ] --END-- [ RunTime:-0.004000s ]
SQL: SHOW COLUMNS FROM `try_item_cate` [ RunTime:0.003000s ]
SQL: SELECT * FROM `try_item_cate` WHERE pid=0 and is_index=1  [ RunTime:0.001000s ]
SQL: SELECT * FROM `try_item_cate` WHERE pid=0 and status=1  [ RunTime:0.001000s ]
NOTIC: [8] Undefined variable: tp D:\phpStudy_new\WWW\baicai\data\runtime\Cache\home\8adaff856a5273acbdc99bd7e28a64d7.php 第 77 行.
NOTIC: [8] Undefined variable: tp D:\phpStudy_new\WWW\baicai\data\runtime\Cache\home\8adaff856a5273acbdc99bd7e28a64d7.php 第 78 行.
NOTIC: [8] Undefined variable: bcid D:\phpStudy_new\WWW\baicai\data\runtime\Cache\home\8adaff856a5273acbdc99bd7e28a64d7.php 第 79 行.
NOTIC: [8] Undefined variable: tp D:\phpStudy_new\WWW\baicai\data\runtime\Cache\home\8adaff856a5273acbdc99bd7e28a64d7.php 第 80 行.
NOTIC: [8] Undefined variable: bcid D:\phpStudy_new\WWW\baicai\data\runtime\Cache\home\8adaff856a5273acbdc99bd7e28a64d7.php 第 81 行.
NOTIC: [8] Undefined variable: strpos1 D:\phpStudy_new\WWW\baicai\data\runtime\Cache\home\8adaff856a5273acbdc99bd7e28a64d7.php 第 99 行.
INFO: Run ParseTemplate Behavior [ RunTime:-1.082061s ]
INFO: [ view_parse ] --END-- [ RunTime:0.171010s ]
INFO: [ view_filter ] --START--
INFO: Run ContentReplace Behavior [ RunTime:-1.249071s ]
INFO: Run TokenBuild Behavior [ RunTime:-1.249071s ]
INFO: Run WriteHtmlCache Behavior [ RunTime:-1.250071s ]
INFO: Run ShowRuntime Behavior [ RunTime:-1.250071s ]
INFO: Run content_replace Behavior [ RunTime:-1.251071s ]
INFO: [ view_filter ] --END-- [ RunTime:0.002000s ]
INFO: [ view_end ] --START--
INFO: Run ShowPageTrace Behavior [ RunTime:-1.251071s ]
INFO: [ view_end ] --END-- [ RunTime:0.001000s ]

[ 2017-08-03T15:12:46+08:00 ] 127.0.0.1 /user-share-t-gn
INFO: [ route_check ] --START--
INFO: Run CheckRoute Behavior [ RunTime:0.002000s ]
INFO: [ route_check ] --END-- [ RunTime:0.002000s ]
INFO: [ app_begin ] --START--
INFO: Run ReadHtmlCache Behavior [ RunTime:-0.001000s ]
INFO: Run check_ipban Behavior [ RunTime:-0.002000s ]
INFO: Run load_lang Behavior [ RunTime:-0.003000s ]
INFO: [ app_begin ] --END-- [ RunTime:0.004000s ]
SQL: SHOW COLUMNS FROM `try_user` [ RunTime:0.005000s ]
SQL: SELECT * FROM `try_user` WHERE ( `id` = 192793 ) LIMIT 1   [ RunTime:0.001000s ]
SQL: SHOW COLUMNS FROM `try_share` [ RunTime:0.003000s ]
SQL: SELECT COUNT(*) AS tp_count FROM `try_share` LEFT JOIN try_item i ON i.id=try_share.item_id  LEFT JOIN try_item_orig o ON o.id=i.orig_id WHERE o.ismy=0 and try_share.uid='192793' and try_share.xid=1 LIMIT 1   [ RunTime:0.001000s ]
SQL: SELECT COUNT(*) AS tp_count FROM `try_share` LEFT JOIN try_item i ON i.id=try_share.item_id  LEFT JOIN try_item_orig o ON o.id=i.orig_id WHERE o.ismy=1 and try_share.uid='192793' and try_share.xid=1 LIMIT 1   [ RunTime:0.000000s ]
SQL: SELECT COUNT(*) AS tp_count FROM `try_share` LEFT JOIN try_item i ON i.id=try_share.item_id WHERE  i.isbest=1 and try_share.uid='192793' and try_share.xid=1 LIMIT 1   [ RunTime:0.000000s ]
SQL: SELECT COUNT(*) AS tp_count FROM `try_share` LEFT JOIN try_zr z ON z.id=try_share.item_id WHERE try_share.uid='192793' and try_share.xid=2 LIMIT 1   [ RunTime:0.000000s ]
SQL: SELECT COUNT(*) AS tp_count FROM `try_share` LEFT JOIN try_article a ON a.id=try_share.item_id WHERE try_share.uid=192793 and try_share.xid=3 and a.cate_id=10 LIMIT 1   [ RunTime:0.000000s ]
SQL: SELECT COUNT(*) AS tp_count FROM `try_share` LEFT JOIN try_article a ON a.id=try_share.item_id WHERE try_share.uid=192793 and try_share.xid=3 and a.cate_id in(select id from try_article_cate where pid=9 or id=9) LIMIT 1   [ RunTime:0.001000s ]
SQL: SELECT i.*,try_share.dm FROM `try_share` LEFT JOIN try_item i ON i.id=try_share.item_id  LEFT JOIN try_item_orig o ON o.id=i.orig_id WHERE o.ismy=0 and try_share.uid='192793' and try_share.xid=1 ORDER BY i.id desc LIMIT 0,5   [ RunTime:0.004001s ]
INFO: [ view_template ] --START--
INFO: Run basic_template Behavior [ RunTime:-1.100063s ]
INFO: [ view_template ] --END-- [ RunTime:0.001000s ]
INFO: [ view_parse ] --START--
INFO: [ view_template ] --START--
INFO: Run basic_template Behavior [ RunTime:-1.103063s ]
INFO: [ view_template ] --END-- [ RunTime:-0.002000s ]
INFO: [ view_template ] --START--
INFO: Run basic_template Behavior [ RunTime:-1.104063s ]
INFO: [ view_template ] --END-- [ RunTime:-0.003000s ]
INFO: [ view_template ] --START--
INFO: Run basic_template Behavior [ RunTime:-1.104063s ]
INFO: [ view_template ] --END-- [ RunTime:-0.003000s ]
INFO: [ view_template ] --START--
INFO: Run basic_template Behavior [ RunTime:-1.105063s ]
INFO: [ view_template ] --END-- [ RunTime:-0.004000s ]
SQL: SHOW COLUMNS FROM `try_item_cate` [ RunTime:0.003000s ]
SQL: SELECT * FROM `try_item_cate` WHERE pid=0 and is_index=1  [ RunTime:0.000000s ]
SQL: SELECT * FROM `try_item_cate` WHERE pid=0 and status=1  [ RunTime:0.000000s ]
NOTIC: [8] Undefined variable: tp D:\phpStudy_new\WWW\baicai\data\runtime\Cache\home\8adaff856a5273acbdc99bd7e28a64d7.php 第 77 行.
NOTIC: [8] Undefined variable: tp D:\phpStudy_new\WWW\baicai\data\runtime\Cache\home\8adaff856a5273acbdc99bd7e28a64d7.php 第 78 行.
NOTIC: [8] Undefined variable: bcid D:\phpStudy_new\WWW\baicai\data\runtime\Cache\home\8adaff856a5273acbdc99bd7e28a64d7.php 第 79 行.
NOTIC: [8] Undefined variable: tp D:\phpStudy_new\WWW\baicai\data\runtime\Cache\home\8adaff856a5273acbdc99bd7e28a64d7.php 第 80 行.
NOTIC: [8] Undefined variable: bcid D:\phpStudy_new\WWW\baicai\data\runtime\Cache\home\8adaff856a5273acbdc99bd7e28a64d7.php 第 81 行.
NOTIC: [8] Undefined variable: strpos1 D:\phpStudy_new\WWW\baicai\data\runtime\Cache\home\8adaff856a5273acbdc99bd7e28a64d7.php 第 99 行.
INFO: Run ParseTemplate Behavior [ RunTime:-1.105063s ]
INFO: [ view_parse ] --END-- [ RunTime:0.107006s ]
INFO: [ view_filter ] --START--
INFO: Run ContentReplace Behavior [ RunTime:-1.208069s ]
INFO: Run TokenBuild Behavior [ RunTime:-1.209069s ]
INFO: Run WriteHtmlCache Behavior [ RunTime:-1.209069s ]
INFO: Run ShowRuntime Behavior [ RunTime:-1.210069s ]
INFO: Run content_replace Behavior [ RunTime:-1.210069s ]
INFO: [ view_filter ] --END-- [ RunTime:0.003000s ]
INFO: [ view_end ] --START--
INFO: Run ShowPageTrace Behavior [ RunTime:-1.211069s ]
INFO: [ view_end ] --END-- [ RunTime:0.000000s ]

[ 2017-08-03T15:12:51+08:00 ] 127.0.0.1 /user-share-t-sd
INFO: [ route_check ] --START--
INFO: Run CheckRoute Behavior [ RunTime:0.001000s ]
INFO: [ route_check ] --END-- [ RunTime:0.001000s ]
INFO: [ app_begin ] --START--
INFO: Run ReadHtmlCache Behavior [ RunTime:0.000000s ]
INFO: Run check_ipban Behavior [ RunTime:-0.001000s ]
INFO: Run load_lang Behavior [ RunTime:-0.002000s ]
INFO: [ app_begin ] --END-- [ RunTime:0.003000s ]
SQL: SHOW COLUMNS FROM `try_user` [ RunTime:0.003000s ]
SQL: SELECT * FROM `try_user` WHERE ( `id` = 192793 ) LIMIT 1   [ RunTime:0.000000s ]
SQL: SHOW COLUMNS FROM `try_share` [ RunTime:0.003000s ]
SQL: SELECT COUNT(*) AS tp_count FROM `try_share` LEFT JOIN try_item i ON i.id=try_share.item_id  LEFT JOIN try_item_orig o ON o.id=i.orig_id WHERE o.ismy=0 and try_share.uid='192793' and try_share.xid=1 LIMIT 1   [ RunTime:0.001000s ]
SQL: SELECT COUNT(*) AS tp_count FROM `try_share` LEFT JOIN try_item i ON i.id=try_share.item_id  LEFT JOIN try_item_orig o ON o.id=i.orig_id WHERE o.ismy=1 and try_share.uid='192793' and try_share.xid=1 LIMIT 1   [ RunTime:0.001000s ]
SQL: SELECT COUNT(*) AS tp_count FROM `try_share` LEFT JOIN try_item i ON i.id=try_share.item_id WHERE  i.isbest=1 and try_share.uid='192793' and try_share.xid=1 LIMIT 1   [ RunTime:0.001000s ]
SQL: SELECT COUNT(*) AS tp_count FROM `try_share` LEFT JOIN try_zr z ON z.id=try_share.item_id WHERE try_share.uid='192793' and try_share.xid=2 LIMIT 1   [ RunTime:0.000000s ]
SQL: SELECT COUNT(*) AS tp_count FROM `try_share` LEFT JOIN try_article a ON a.id=try_share.item_id WHERE try_share.uid=192793 and try_share.xid=3 and a.cate_id=10 LIMIT 1   [ RunTime:0.001000s ]
SQL: SELECT COUNT(*) AS tp_count FROM `try_share` LEFT JOIN try_article a ON a.id=try_share.item_id WHERE try_share.uid=192793 and try_share.xid=3 and a.cate_id in(select id from try_article_cate where pid=9 or id=9) LIMIT 1   [ RunTime:0.000000s ]
SQL: SELECT a.*,try_share.dm FROM `try_share` LEFT JOIN try_article a ON a.id=try_share.item_id WHERE try_share.uid=192793 and try_share.xid=3 and a.cate_id=10 ORDER BY a.id desc LIMIT 0,5   [ RunTime:0.003000s ]
INFO: [ view_template ] --START--
INFO: Run basic_template Behavior [ RunTime:-1.077061s ]
INFO: [ view_template ] --END-- [ RunTime:0.001000s ]
INFO: [ view_parse ] --START--
INFO: [ view_template ] --START--
INFO: Run basic_template Behavior [ RunTime:-1.081061s ]
INFO: [ view_template ] --END-- [ RunTime:-0.003000s ]
INFO: [ view_template ] --START--
INFO: Run basic_template Behavior [ RunTime:-1.081061s ]
INFO: [ view_template ] --END-- [ RunTime:-0.003000s ]
INFO: [ view_template ] --START--
INFO: Run basic_template Behavior [ RunTime:-1.082061s ]
INFO: [ view_template ] --END-- [ RunTime:-0.004000s ]
INFO: [ view_template ] --START--
INFO: Run basic_template Behavior [ RunTime:-1.082061s ]
INFO: [ view_template ] --END-- [ RunTime:-0.004000s ]
SQL: SHOW COLUMNS FROM `try_item_cate` [ RunTime:0.003000s ]
SQL: SELECT * FROM `try_item_cate` WHERE pid=0 and is_index=1  [ RunTime:0.001000s ]
SQL: SELECT * FROM `try_item_cate` WHERE pid=0 and status=1  [ RunTime:0.000000s ]
NOTIC: [8] Undefined variable: tp D:\phpStudy_new\WWW\baicai\data\runtime\Cache\home\8adaff856a5273acbdc99bd7e28a64d7.php 第 77 行.
NOTIC: [8] Undefined variable: tp D:\phpStudy_new\WWW\baicai\data\runtime\Cache\home\8adaff856a5273acbdc99bd7e28a64d7.php 第 78 行.
NOTIC: [8] Undefined variable: bcid D:\phpStudy_new\WWW\baicai\data\runtime\Cache\home\8adaff856a5273acbdc99bd7e28a64d7.php 第 79 行.
NOTIC: [8] Undefined variable: tp D:\phpStudy_new\WWW\baicai\data\runtime\Cache\home\8adaff856a5273acbdc99bd7e28a64d7.php 第 80 行.
NOTIC: [8] Undefined variable: bcid D:\phpStudy_new\WWW\baicai\data\runtime\Cache\home\8adaff856a5273acbdc99bd7e28a64d7.php 第 81 行.
NOTIC: [8] Undefined variable: strpos1 D:\phpStudy_new\WWW\baicai\data\runtime\Cache\home\8adaff856a5273acbdc99bd7e28a64d7.php 第 99 行.
INFO: Run ParseTemplate Behavior [ RunTime:-1.082061s ]
INFO: [ view_parse ] --END-- [ RunTime:0.117007s ]
INFO: [ view_filter ] --START--
INFO: Run ContentReplace Behavior [ RunTime:-1.197068s ]
INFO: Run TokenBuild Behavior [ RunTime:-1.197068s ]
INFO: Run WriteHtmlCache Behavior [ RunTime:-1.198068s ]
INFO: Run ShowRuntime Behavior [ RunTime:-1.198068s ]
INFO: Run content_replace Behavior [ RunTime:-1.199068s ]
INFO: [ view_filter ] --END-- [ RunTime:0.002000s ]
INFO: [ view_end ] --START--
INFO: Run ShowPageTrace Behavior [ RunTime:-1.199068s ]
INFO: [ view_end ] --END-- [ RunTime:0.001000s ]

