[ 2017-12-07T14:02:39+08:00 ] ERR: (ThinkException) Unknown column 'luckdraw_num' in 'field list'
 [ SQL语句 ] : SELECT `id`,`order_sn`,`item_id`,`item_name`,`order_score`,`order_coin`,`status`,`add_time`,`remark`,`luckdraw_num` FROM `try_score_order` WHERE ( `uid` = 192793 ) ORDER BY id DESC LIMIT 12,4  
[ 2017-12-07T14:02:50+08:00 ] 127.0.0.1 /
INFO: [ app_begin ] --START--
INFO: Run ReadHtmlCache Behavior [ RunTime:0.000000s ]
INFO: Run check_ipban Behavior [ RunTime:-0.001000s ]
INFO: Run load_lang Behavior [ RunTime:-0.002000s ]
INFO: [ app_begin ] --END-- [ RunTime:0.003000s ]
SQL: SHOW COLUMNS FROM `try_item` [ RunTime:0.015001s ]
SQL: SELECT * FROM `try_item` WHERE status=1 and add_time<1512626565  and isnice=1  ORDER BY  add_time desc LIMIT 0,18   [ RunTime:1.285073s ]
NOTIC: [8] Use of undefined constant p - assumed 'p' D:\repo\baicai\app\Lib\Action\home\indexAction.class.php 第 74 行.
SQL: SHOW COLUMNS FROM `try_article` [ RunTime:0.008001s ]
SQL: SELECT * FROM `try_article` WHERE add_time > 1492492391 and add_time < 1512626567 and status=4  [ RunTime:0.001000s ]
SQL: select distinct uid as id,uname,sum(score) as num from try_score_log where add_time>1512576000 and add_time<1512662400 group by uname order by num desc,uid asc limit 4 [ RunTime:0.003000s ]
SQL: select distinct uid as id,uname,sum(score) as num from try_score_log where add_time>1512057600 and add_time<1512626567 group by uname order by num desc,uid asc limit 4 [ RunTime:0.001000s ]
SQL: SHOW COLUMNS FROM `try_user` [ RunTime:0.006001s ]
SQL: SELECT `id`,`username`,`score` FROM `try_user` ORDER BY score desc,id asc LIMIT 4   [ RunTime:0.028001s ]
SQL: SELECT * FROM `try_user` WHERE ( `id` = 192793 ) LIMIT 1   [ RunTime:0.001000s ]
SQL: SHOW COLUMNS FROM `try_user_follow` [ RunTime:0.010001s ]
SQL: SELECT * FROM `try_user_follow` WHERE uid=192793  [ RunTime:0.001000s ]
NOTIC: [2] Invalid argument supplied for foreach() D:\repo\baicai\app\Lib\Action\home\indexAction.class.php 第 108 行.
NOTIC: [2] Invalid argument supplied for foreach() D:\repo\baicai\app\Lib\Action\home\indexAction.class.php 第 115 行.
NOTIC: [2] Invalid argument supplied for foreach() D:\repo\baicai\app\Lib\Action\home\indexAction.class.php 第 115 行.
NOTIC: [2] Invalid argument supplied for foreach() D:\repo\baicai\app\Lib\Action\home\indexAction.class.php 第 115 行.
NOTIC: [2] Invalid argument supplied for foreach() D:\repo\baicai\app\Lib\Action\home\indexAction.class.php 第 115 行.
SQL: SHOW COLUMNS FROM `try_hd` [ RunTime:0.007001s ]
SQL: SELECT * FROM `try_hd` ORDER BY order_s asc,id desc LIMIT 8   [ RunTime:0.000000s ]
SQL: SELECT * FROM `try_item` WHERE istop = 1 ORDER BY id desc LIMIT 8   [ RunTime:0.911052s ]
SQL: SELECT id,title,img,price from try_item  WHERE add_time between 1512622968 and 1512626568 ORDER BY hits desc LIMIT 9 [ RunTime:0.242014s ]
SQL: SELECT id,title,img,price from try_item  WHERE add_time between 1512540168 and 1512626568 ORDER BY hits desc LIMIT 9 [ RunTime:0.260015s ]
INFO: [ view_template ] --START--
INFO: Run basic_template Behavior [ RunTime:-3.823219s ]
INFO: [ view_template ] --END-- [ RunTime:0.002000s ]
INFO: [ view_parse ] --START--
INFO: [ view_template ] --START--
INFO: Run basic_template Behavior [ RunTime:-3.829219s ]
INFO: [ view_template ] --END-- [ RunTime:-0.004000s ]
INFO: [ view_template ] --START--
INFO: Run basic_template Behavior [ RunTime:-3.830219s ]
INFO: [ view_template ] --END-- [ RunTime:-0.005000s ]
INFO: [ view_template ] --START--
INFO: Run basic_template Behavior [ RunTime:-3.831219s ]
INFO: [ view_template ] --END-- [ RunTime:-0.006000s ]
INFO: [ view_template ] --START--
INFO: Run basic_template Behavior [ RunTime:-3.831219s ]
INFO: [ view_template ] --END-- [ RunTime:-0.006000s ]
INFO: [ view_template ] --START--
INFO: Run basic_template Behavior [ RunTime:-3.832219s ]
INFO: [ view_template ] --END-- [ RunTime:-0.007000s ]
INFO: [ view_template ] --START--
INFO: Run basic_template Behavior [ RunTime:-3.832219s ]
INFO: [ view_template ] --END-- [ RunTime:-0.007000s ]
INFO: [ view_template ] --START--
INFO: Run basic_template Behavior [ RunTime:-3.833219s ]
INFO: [ view_template ] --END-- [ RunTime:-0.008000s ]
INFO: [ view_template ] --START--
INFO: Run basic_template Behavior [ RunTime:-3.834219s ]
INFO: [ view_template ] --END-- [ RunTime:-0.009000s ]
SQL: SHOW COLUMNS FROM `try_item_cate` [ RunTime:0.009000s ]
SQL: SELECT * FROM `try_item_cate` WHERE pid=0 and is_index=1  [ RunTime:0.001000s ]
SQL: SELECT * FROM `try_item_cate` WHERE pid=0 and status=1  [ RunTime:0.001000s ]
NOTIC: [8] Undefined variable: tp D:\repo\baicai\data\runtime\Cache\home\11e2f12d84b746b76491e3160c81a5b0.php 第 174 行.
NOTIC: [8] Undefined variable: tp D:\repo\baicai\data\runtime\Cache\home\11e2f12d84b746b76491e3160c81a5b0.php 第 175 行.
NOTIC: [8] Undefined variable: tp D:\repo\baicai\data\runtime\Cache\home\11e2f12d84b746b76491e3160c81a5b0.php 第 177 行.
NOTIC: [8] Undefined variable: strpos1 D:\repo\baicai\data\runtime\Cache\home\11e2f12d84b746b76491e3160c81a5b0.php 第 197 行.
NOTIC: [8] Undefined index: taobao_hongbao20171212 D:\repo\baicai\data\runtime\Cache\home\11e2f12d84b746b76491e3160c81a5b0.php 第 248 行.
SQL: SHOW COLUMNS FROM `try_item_orig` [ RunTime:0.014001s ]
SQL: SELECT * FROM `try_item_orig` ORDER BY ordid asc LIMIT 12   [ RunTime:0.003000s ]
SQL: SHOW COLUMNS FROM `try_ad` [ RunTime:0.008001s ]
SQL: SELECT * FROM `try_ad` WHERE status=1 AND board_id=1  [ RunTime:0.001000s ]
SQL: SELECT COUNT(*) AS tp_count FROM `try_ad` WHERE status=1 AND board_id=1 LIMIT 1   [ RunTime:0.000000s ]
NOTIC: [8] Undefined variable: html D:\repo\baicai\data\runtime\Cache\home\11e2f12d84b746b76491e3160c81a5b0.php 第 283 行.
NOTIC: [8] Undefined variable: htmlA D:\repo\baicai\data\runtime\Cache\home\11e2f12d84b746b76491e3160c81a5b0.php 第 289 行.
NOTIC: [8] Use of undefined constant url - assumed 'url' D:\repo\baicai\data\runtime\Cache\home\11e2f12d84b746b76491e3160c81a5b0.php 第 289 行.
NOTIC: [8] Use of undefined constant name - assumed 'name' D:\repo\baicai\data\runtime\Cache\home\11e2f12d84b746b76491e3160c81a5b0.php 第 289 行.
NOTIC: [8] Use of undefined constant content - assumed 'content' D:\repo\baicai\data\runtime\Cache\home\11e2f12d84b746b76491e3160c81a5b0.php 第 289 行.
NOTIC: [8] Use of undefined constant url - assumed 'url' D:\repo\baicai\data\runtime\Cache\home\11e2f12d84b746b76491e3160c81a5b0.php 第 289 行.
NOTIC: [8] Undefined offset: 1 D:\repo\baicai\data\runtime\Cache\home\11e2f12d84b746b76491e3160c81a5b0.php 第 289 行.
NOTIC: [8] Use of undefined constant name - assumed 'name' D:\repo\baicai\data\runtime\Cache\home\11e2f12d84b746b76491e3160c81a5b0.php 第 289 行.
NOTIC: [8] Undefined offset: 1 D:\repo\baicai\data\runtime\Cache\home\11e2f12d84b746b76491e3160c81a5b0.php 第 289 行.
NOTIC: [8] Use of undefined constant content - assumed 'content' D:\repo\baicai\data\runtime\Cache\home\11e2f12d84b746b76491e3160c81a5b0.php 第 289 行.
NOTIC: [8] Undefined offset: 1 D:\repo\baicai\data\runtime\Cache\home\11e2f12d84b746b76491e3160c81a5b0.php 第 289 行.
SQL: SHOW COLUMNS FROM `try_adboard` [ RunTime:0.010001s ]
SQL: SELECT * FROM `try_adboard` WHERE ( `id` = 17 ) AND ( `status` = 1 ) LIMIT 1   [ RunTime:0.001000s ]
SQL: SELECT `id`,`type`,`name`,`url`,`content`,`desc`,`extimg`,`extval` FROM `try_ad` WHERE ( `board_id` = 17 ) AND ( `start_time` <= 1512626569 ) AND ( `end_time` >= 1512626569 ) AND ( `status` = 1 ) ORDER BY ordid  [ RunTime:0.000000s ]
NOTIC: [2] Invalid argument supplied for foreach() D:\repo\baicai\app\Lib\Widget\advertWidget.class.php 第 22 行.
INFO: [ view_template ] --START--
INFO: Run basic_template Behavior [ RunTime:-4.196240s ]
INFO: [ view_template ] --END-- [ RunTime:-0.371021s ]
INFO: [ view_parse ] --START--
INFO: Run ParseTemplate Behavior [ RunTime:-4.196240s ]
INFO: [ view_parse ] --END-- [ RunTime:0.005000s ]
INFO: [ view_filter ] --START--
INFO: Run ContentReplace Behavior [ RunTime:-4.201240s ]
INFO: Run TokenBuild Behavior [ RunTime:-4.201240s ]
INFO: Run WriteHtmlCache Behavior [ RunTime:-4.202240s ]
INFO: Run ShowRuntime Behavior [ RunTime:-4.202240s ]
INFO: Run content_replace Behavior [ RunTime:-4.203240s ]
INFO: [ view_filter ] --END-- [ RunTime:0.003000s ]
INFO: [ view_end ] --START--
INFO: Run ShowPageTrace Behavior [ RunTime:-4.204240s ]
INFO: [ view_end ] --END-- [ RunTime:0.000000s ]
SQL: SELECT * FROM `try_ad` WHERE ( `board_id` = 17 ) AND ( `start_time` <= 1512626569 ) AND ( `end_time` >= 1512626569 ) AND ( `status` = 1 )  [ RunTime:0.000000s ]
SQL: SELECT COUNT(*) AS tp_count FROM `try_ad` WHERE ( `board_id` = 17 ) AND ( `start_time` <= 1512626569 ) AND ( `end_time` >= 1512626569 ) AND ( `status` = 1 ) LIMIT 1   [ RunTime:0.000000s ]
NOTIC: [8] Use of undefined constant url - assumed 'url' D:\repo\baicai\data\runtime\Cache\home\11e2f12d84b746b76491e3160c81a5b0.php 第 309 行.
NOTIC: [8] Use of undefined constant name - assumed 'name' D:\repo\baicai\data\runtime\Cache\home\11e2f12d84b746b76491e3160c81a5b0.php 第 309 行.
NOTIC: [8] Use of undefined constant content - assumed 'content' D:\repo\baicai\data\runtime\Cache\home\11e2f12d84b746b76491e3160c81a5b0.php 第 309 行.
NOTIC: [8] Use of undefined constant isnice - assumed 'isnice' D:\repo\baicai\data\runtime\Cache\home\11e2f12d84b746b76491e3160c81a5b0.php 第 337 行.
NOTIC: [8] Use of undefined constant isbao - assumed 'isbao' D:\repo\baicai\data\runtime\Cache\home\11e2f12d84b746b76491e3160c81a5b0.php 第 337 行.
NOTIC: [8] Use of undefined constant lb - assumed 'lb' D:\repo\baicai\data\runtime\Cache\home\11e2f12d84b746b76491e3160c81a5b0.php 第 591 行.
NOTIC: [8] Undefined index: sc D:\repo\baicai\data\runtime\Cache\home\11e2f12d84b746b76491e3160c81a5b0.php 第 596 行.
NOTIC: [8] Undefined index: sc D:\repo\baicai\data\runtime\Cache\home\11e2f12d84b746b76491e3160c81a5b0.php 第 597 行.
NOTIC: [8] Undefined index: sc D:\repo\baicai\data\runtime\Cache\home\11e2f12d84b746b76491e3160c81a5b0.php 第 601 行.
NOTIC: [8] Undefined index: sc D:\repo\baicai\data\runtime\Cache\home\11e2f12d84b746b76491e3160c81a5b0.php 第 606 行.
SQL: SELECT `name` FROM `try_item_orig` WHERE id=857 LIMIT 1   [ RunTime:0.000000s ]
NOTIC: [8] Undefined index: sc D:\repo\baicai\data\runtime\Cache\home\11e2f12d84b746b76491e3160c81a5b0.php 第 612 行.
NOTIC: [8] Undefined index: sc D:\repo\baicai\data\runtime\Cache\home\11e2f12d84b746b76491e3160c81a5b0.php 第 612 行.
NOTIC: [8] Undefined index: sc D:\repo\baicai\data\runtime\Cache\home\11e2f12d84b746b76491e3160c81a5b0.php 第 612 行.
NOTIC: [8] Undefined index: sc D:\repo\baicai\data\runtime\Cache\home\11e2f12d84b746b76491e3160c81a5b0.php 第 596 行.
NOTIC: [8] Undefined index: sc D:\repo\baicai\data\runtime\Cache\home\11e2f12d84b746b76491e3160c81a5b0.php 第 597 行.
NOTIC: [8] Undefined index: sc D:\repo\baicai\data\runtime\Cache\home\11e2f12d84b746b76491e3160c81a5b0.php 第 601 行.
NOTIC: [8] Undefined index: sc D:\repo\baicai\data\runtime\Cache\home\11e2f12d84b746b76491e3160c81a5b0.php 第 606 行.
SQL: SELECT `name` FROM `try_item_orig` WHERE id=857 LIMIT 1   [ RunTime:0.000000s ]
NOTIC: [8] Undefined index: sc D:\repo\baicai\data\runtime\Cache\home\11e2f12d84b746b76491e3160c81a5b0.php 第 612 行.
NOTIC: [8] Undefined index: sc D:\repo\baicai\data\runtime\Cache\home\11e2f12d84b746b76491e3160c81a5b0.php 第 612 行.
NOTIC: [8] Undefined index: sc D:\repo\baicai\data\runtime\Cache\home\11e2f12d84b746b76491e3160c81a5b0.php 第 612 行.
NOTIC: [8] Undefined index: sc D:\repo\baicai\data\runtime\Cache\home\11e2f12d84b746b76491e3160c81a5b0.php 第 596 行.
NOTIC: [8] Undefined index: sc D:\repo\baicai\data\runtime\Cache\home\11e2f12d84b746b76491e3160c81a5b0.php 第 597 行.
NOTIC: [8] Undefined index: sc D:\repo\baicai\data\runtime\Cache\home\11e2f12d84b746b76491e3160c81a5b0.php 第 601 行.
NOTIC: [8] Undefined index: sc D:\repo\baicai\data\runtime\Cache\home\11e2f12d84b746b76491e3160c81a5b0.php 第 606 行.
SQL: SELECT `name` FROM `try_item_orig` WHERE id=857 LIMIT 1   [ RunTime:0.000000s ]
NOTIC: [8] Undefined index: sc D:\repo\baicai\data\runtime\Cache\home\11e2f12d84b746b76491e3160c81a5b0.php 第 612 行.
NOTIC: [8] Undefined index: sc D:\repo\baicai\data\runtime\Cache\home\11e2f12d84b746b76491e3160c81a5b0.php 第 612 行.
NOTIC: [8] Undefined index: sc D:\repo\baicai\data\runtime\Cache\home\11e2f12d84b746b76491e3160c81a5b0.php 第 612 行.
NOTIC: [8] Undefined index: sc D:\repo\baicai\data\runtime\Cache\home\11e2f12d84b746b76491e3160c81a5b0.php 第 596 行.
NOTIC: [8] Undefined index: sc D:\repo\baicai\data\runtime\Cache\home\11e2f12d84b746b76491e3160c81a5b0.php 第 597 行.
NOTIC: [8] Undefined index: sc D:\repo\baicai\data\runtime\Cache\home\11e2f12d84b746b76491e3160c81a5b0.php 第 601 行.
NOTIC: [8] Undefined index: sc D:\repo\baicai\data\runtime\Cache\home\11e2f12d84b746b76491e3160c81a5b0.php 第 606 行.
SQL: SELECT `name` FROM `try_item_orig` WHERE id=857 LIMIT 1   [ RunTime:0.000000s ]
NOTIC: [8] Undefined index: sc D:\repo\baicai\data\runtime\Cache\home\11e2f12d84b746b76491e3160c81a5b0.php 第 612 行.
NOTIC: [8] Undefined index: sc D:\repo\baicai\data\runtime\Cache\home\11e2f12d84b746b76491e3160c81a5b0.php 第 612 行.
NOTIC: [8] Undefined index: sc D:\repo\baicai\data\runtime\Cache\home\11e2f12d84b746b76491e3160c81a5b0.php 第 612 行.
NOTIC: [8] Undefined index: sc D:\repo\baicai\data\runtime\Cache\home\11e2f12d84b746b76491e3160c81a5b0.php 第 596 行.
NOTIC: [8] Undefined index: sc D:\repo\baicai\data\runtime\Cache\home\11e2f12d84b746b76491e3160c81a5b0.php 第 597 行.
NOTIC: [8] Undefined index: sc D:\repo\baicai\data\runtime\Cache\home\11e2f12d84b746b76491e3160c81a5b0.php 第 601 行.
NOTIC: [8] Undefined index: sc D:\repo\baicai\data\runtime\Cache\home\11e2f12d84b746b76491e3160c81a5b0.php 第 606 行.
SQL: SELECT `name` FROM `try_item_orig` WHERE id=19 LIMIT 1   [ RunTime:0.000000s ]
NOTIC: [8] Undefined index: sc D:\repo\baicai\data\runtime\Cache\home\11e2f12d84b746b76491e3160c81a5b0.php 第 612 行.
NOTIC: [8] Undefined index: sc D:\repo\baicai\data\runtime\Cache\home\11e2f12d84b746b76491e3160c81a5b0.php 第 612 行.
NOTIC: [8] Undefined index: sc D:\repo\baicai\data\runtime\Cache\home\11e2f12d84b746b76491e3160c81a5b0.php 第 612 行.
NOTIC: [8] Undefined index: sc D:\repo\baicai\data\runtime\Cache\home\11e2f12d84b746b76491e3160c81a5b0.php 第 596 行.
NOTIC: [8] Undefined index: sc D:\repo\baicai\data\runtime\Cache\home\11e2f12d84b746b76491e3160c81a5b0.php 第 597 行.
NOTIC: [8] Undefined index: sc D:\repo\baicai\data\runtime\Cache\home\11e2f12d84b746b76491e3160c81a5b0.php 第 601 行.
NOTIC: [8] Undefined index: sc D:\repo\baicai\data\runtime\Cache\home\11e2f12d84b746b76491e3160c81a5b0.php 第 606 行.
SQL: SELECT `name` FROM `try_item_orig` WHERE id=19 LIMIT 1   [ RunTime:0.000000s ]
NOTIC: [8] Undefined index: sc D:\repo\baicai\data\runtime\Cache\home\11e2f12d84b746b76491e3160c81a5b0.php 第 612 行.
NOTIC: [8] Undefined index: sc D:\repo\baicai\data\runtime\Cache\home\11e2f12d84b746b76491e3160c81a5b0.php 第 612 行.
NOTIC: [8] Undefined index: sc D:\repo\baicai\data\runtime\Cache\home\11e2f12d84b746b76491e3160c81a5b0.php 第 612 行.
NOTIC: [8] Undefined index: sc D:\repo\baicai\data\runtime\Cache\home\11e2f12d84b746b76491e3160c81a5b0.php 第 596 行.
NOTIC: [8] Undefined index: sc D:\repo\baicai\data\runtime\Cache\home\11e2f12d84b746b76491e3160c81a5b0.php 第 597 行.
NOTIC: [8] Undefined index: sc D:\repo\baicai\data\runtime\Cache\home\11e2f12d84b746b76491e3160c81a5b0.php 第 601 行.
NOTIC: [8] Undefined index: sc D:\repo\baicai\data\runtime\Cache\home\11e2f12d84b746b76491e3160c81a5b0.php 第 606 行.
SQL: SELECT `name` FROM `try_item_orig` WHERE id=19 LIMIT 1   [ RunTime:0.000000s ]
NOTIC: [8] Undefined index: sc D:\repo\baicai\data\runtime\Cache\home\11e2f12d84b746b76491e3160c81a5b0.php 第 612 行.
NOTIC: [8] Undefined index: sc D:\repo\baicai\data\runtime\Cache\home\11e2f12d84b746b76491e3160c81a5b0.php 第 612 行.
NOTIC: [8] Undefined index: sc D:\repo\baicai\data\runtime\Cache\home\11e2f12d84b746b76491e3160c81a5b0.php 第 612 行.
NOTIC: [8] Undefined index: sc D:\repo\baicai\data\runtime\Cache\home\11e2f12d84b746b76491e3160c81a5b0.php 第 596 行.
NOTIC: [8] Undefined index: sc D:\repo\baicai\data\runtime\Cache\home\11e2f12d84b746b76491e3160c81a5b0.php 第 597 行.
NOTIC: [8] Undefined index: sc D:\repo\baicai\data\runtime\Cache\home\11e2f12d84b746b76491e3160c81a5b0.php 第 601 行.
NOTIC: [8] Undefined index: sc D:\repo\baicai\data\runtime\Cache\home\11e2f12d84b746b76491e3160c81a5b0.php 第 606 行.
SQL: SELECT `name` FROM `try_item_orig` WHERE id=19 LIMIT 1   [ RunTime:0.001000s ]
NOTIC: [8] Undefined index: sc D:\repo\baicai\data\runtime\Cache\home\11e2f12d84b746b76491e3160c81a5b0.php 第 612 行.
NOTIC: [8] Undefined index: sc D:\repo\baicai\data\runtime\Cache\home\11e2f12d84b746b76491e3160c81a5b0.php 第 612 行.
NOTIC: [8] Undefined index: sc D:\repo\baicai\data\runtime\Cache\home\11e2f12d84b746b76491e3160c81a5b0.php 第 612 行.
SQL: SHOW COLUMNS FROM `try_go` [ RunTime:0.008001s ]
SQL: SELECT * FROM `try_go` WHERE ( `show` = '50jmlm_1mhxpm_nzbd4n_tv0q4d' ) LIMIT 1   [ RunTime:0.016000s ]
NOTIC: [8] Undefined index: title D:\repo\baicai\data\runtime\Cache\home\11e2f12d84b746b76491e3160c81a5b0.php 第 618 行.
NOTIC: [8] Undefined index: sc D:\repo\baicai\data\runtime\Cache\home\11e2f12d84b746b76491e3160c81a5b0.php 第 596 行.
NOTIC: [8] Undefined index: sc D:\repo\baicai\data\runtime\Cache\home\11e2f12d84b746b76491e3160c81a5b0.php 第 597 行.
NOTIC: [8] Undefined index: sc D:\repo\baicai\data\runtime\Cache\home\11e2f12d84b746b76491e3160c81a5b0.php 第 601 行.
NOTIC: [8] Undefined index: sc D:\repo\baicai\data\runtime\Cache\home\11e2f12d84b746b76491e3160c81a5b0.php 第 606 行.
SQL: SELECT `name` FROM `try_item_orig` WHERE id=19 LIMIT 1   [ RunTime:0.000000s ]
NOTIC: [8] Undefined index: sc D:\repo\baicai\data\runtime\Cache\home\11e2f12d84b746b76491e3160c81a5b0.php 第 612 行.
NOTIC: [8] Undefined index: sc D:\repo\baicai\data\runtime\Cache\home\11e2f12d84b746b76491e3160c81a5b0.php 第 612 行.
NOTIC: [8] Undefined index: sc D:\repo\baicai\data\runtime\Cache\home\11e2f12d84b746b76491e3160c81a5b0.php 第 612 行.
SQL: SELECT * FROM `try_go` WHERE ( `show` = 'ileyz2_ivbotu_iobbap_5zdmnb' ) LIMIT 1   [ RunTime:0.008000s ]
NOTIC: [8] Undefined index: title D:\repo\baicai\data\runtime\Cache\home\11e2f12d84b746b76491e3160c81a5b0.php 第 618 行.
NOTIC: [8] Undefined index: sc D:\repo\baicai\data\runtime\Cache\home\11e2f12d84b746b76491e3160c81a5b0.php 第 596 行.
NOTIC: [8] Undefined index: sc D:\repo\baicai\data\runtime\Cache\home\11e2f12d84b746b76491e3160c81a5b0.php 第 597 行.
NOTIC: [8] Undefined index: sc D:\repo\baicai\data\runtime\Cache\home\11e2f12d84b746b76491e3160c81a5b0.php 第 601 行.
NOTIC: [8] Undefined index: sc D:\repo\baicai\data\runtime\Cache\home\11e2f12d84b746b76491e3160c81a5b0.php 第 606 行.
SQL: SELECT `name` FROM `try_item_orig` WHERE id=393 LIMIT 1   [ RunTime:0.001000s ]
NOTIC: [8] Undefined index: sc D:\repo\baicai\data\runtime\Cache\home\11e2f12d84b746b76491e3160c81a5b0.php 第 612 行.
NOTIC: [8] Undefined index: sc D:\repo\baicai\data\runtime\Cache\home\11e2f12d84b746b76491e3160c81a5b0.php 第 612 行.
NOTIC: [8] Undefined index: sc D:\repo\baicai\data\runtime\Cache\home\11e2f12d84b746b76491e3160c81a5b0.php 第 612 行.
SQL: SELECT * FROM `try_go` WHERE ( `show` = 'xev24k_2p0244_szofks_cayxyn' ) LIMIT 1   [ RunTime:0.001000s ]
NOTIC: [8] Undefined index: title D:\repo\baicai\data\runtime\Cache\home\11e2f12d84b746b76491e3160c81a5b0.php 第 618 行.
NOTIC: [8] Undefined index: sc D:\repo\baicai\data\runtime\Cache\home\11e2f12d84b746b76491e3160c81a5b0.php 第 596 行.
NOTIC: [8] Undefined index: sc D:\repo\baicai\data\runtime\Cache\home\11e2f12d84b746b76491e3160c81a5b0.php 第 597 行.
NOTIC: [8] Undefined index: sc D:\repo\baicai\data\runtime\Cache\home\11e2f12d84b746b76491e3160c81a5b0.php 第 601 行.
NOTIC: [8] Undefined index: sc D:\repo\baicai\data\runtime\Cache\home\11e2f12d84b746b76491e3160c81a5b0.php 第 606 行.
SQL: SELECT `name` FROM `try_item_orig` WHERE id=50 LIMIT 1   [ RunTime:0.000000s ]
NOTIC: [8] Undefined index: sc D:\repo\baicai\data\runtime\Cache\home\11e2f12d84b746b76491e3160c81a5b0.php 第 612 行.
NOTIC: [8] Undefined index: sc D:\repo\baicai\data\runtime\Cache\home\11e2f12d84b746b76491e3160c81a5b0.php 第 612 行.
NOTIC: [8] Undefined index: sc D:\repo\baicai\data\runtime\Cache\home\11e2f12d84b746b76491e3160c81a5b0.php 第 612 行.
SQL: SELECT * FROM `try_go` WHERE ( `show` = 'zuramp_3h4jc3_yj04xk_052wvx' ) LIMIT 1   [ RunTime:0.007001s ]
NOTIC: [8] Undefined index: title D:\repo\baicai\data\runtime\Cache\home\11e2f12d84b746b76491e3160c81a5b0.php 第 618 行.
NOTIC: [8] Undefined index: sc D:\repo\baicai\data\runtime\Cache\home\11e2f12d84b746b76491e3160c81a5b0.php 第 596 行.
NOTIC: [8] Undefined index: sc D:\repo\baicai\data\runtime\Cache\home\11e2f12d84b746b76491e3160c81a5b0.php 第 597 行.
NOTIC: [8] Undefined index: sc D:\repo\baicai\data\runtime\Cache\home\11e2f12d84b746b76491e3160c81a5b0.php 第 601 行.
NOTIC: [8] Undefined index: sc D:\repo\baicai\data\runtime\Cache\home\11e2f12d84b746b76491e3160c81a5b0.php 第 606 行.
SQL: SELECT `name` FROM `try_item_orig` WHERE id=2 LIMIT 1   [ RunTime:0.002000s ]
NOTIC: [8] Undefined index: sc D:\repo\baicai\data\runtime\Cache\home\11e2f12d84b746b76491e3160c81a5b0.php 第 612 行.
NOTIC: [8] Undefined index: sc D:\repo\baicai\data\runtime\Cache\home\11e2f12d84b746b76491e3160c81a5b0.php 第 612 行.
NOTIC: [8] Undefined index: sc D:\repo\baicai\data\runtime\Cache\home\11e2f12d84b746b76491e3160c81a5b0.php 第 612 行.
SQL: SELECT * FROM `try_go` WHERE ( `show` = '14vylw_ggk4wo_21dc51_b4p5xi' ) LIMIT 1   [ RunTime:0.007001s ]
NOTIC: [8] Undefined index: title D:\repo\baicai\data\runtime\Cache\home\11e2f12d84b746b76491e3160c81a5b0.php 第 618 行.
NOTIC: [8] Undefined index: sc D:\repo\baicai\data\runtime\Cache\home\11e2f12d84b746b76491e3160c81a5b0.php 第 596 行.
NOTIC: [8] Undefined index: sc D:\repo\baicai\data\runtime\Cache\home\11e2f12d84b746b76491e3160c81a5b0.php 第 597 行.
NOTIC: [8] Undefined index: sc D:\repo\baicai\data\runtime\Cache\home\11e2f12d84b746b76491e3160c81a5b0.php 第 601 行.
NOTIC: [8] Undefined index: sc D:\repo\baicai\data\runtime\Cache\home\11e2f12d84b746b76491e3160c81a5b0.php 第 606 行.
SQL: SELECT `name` FROM `try_item_orig` WHERE id=3 LIMIT 1   [ RunTime:0.001000s ]
NOTIC: [8] Undefined index: sc D:\repo\baicai\data\runtime\Cache\home\11e2f12d84b746b76491e3160c81a5b0.php 第 612 行.
NOTIC: [8] Undefined index: sc D:\repo\baicai\data\runtime\Cache\home\11e2f12d84b746b76491e3160c81a5b0.php 第 612 行.
NOTIC: [8] Undefined index: sc D:\repo\baicai\data\runtime\Cache\home\11e2f12d84b746b76491e3160c81a5b0.php 第 612 行.
SQL: SELECT * FROM `try_go` WHERE ( `show` = 'xfp13w_ymigzu_0nmrwk_fum3or' ) LIMIT 1   [ RunTime:0.001000s ]
NOTIC: [8] Undefined index: title D:\repo\baicai\data\runtime\Cache\home\11e2f12d84b746b76491e3160c81a5b0.php 第 618 行.
NOTIC: [8] Undefined index: sc D:\repo\baicai\data\runtime\Cache\home\11e2f12d84b746b76491e3160c81a5b0.php 第 596 行.
NOTIC: [8] Undefined index: sc D:\repo\baicai\data\runtime\Cache\home\11e2f12d84b746b76491e3160c81a5b0.php 第 597 行.
NOTIC: [8] Undefined index: sc D:\repo\baicai\data\runtime\Cache\home\11e2f12d84b746b76491e3160c81a5b0.php 第 601 行.
NOTIC: [8] Undefined index: sc D:\repo\baicai\data\runtime\Cache\home\11e2f12d84b746b76491e3160c81a5b0.php 第 606 行.
SQL: SELECT `name` FROM `try_item_orig` WHERE id=19 LIMIT 1   [ RunTime:0.000000s ]
NOTIC: [8] Undefined index: sc D:\repo\baicai\data\runtime\Cache\home\11e2f12d84b746b76491e3160c81a5b0.php 第 612 行.
NOTIC: [8] Undefined index: sc D:\repo\baicai\data\runtime\Cache\home\11e2f12d84b746b76491e3160c81a5b0.php 第 612 行.
NOTIC: [8] Undefined index: sc D:\repo\baicai\data\runtime\Cache\home\11e2f12d84b746b76491e3160c81a5b0.php 第 612 行.
NOTIC: [8] Undefined index: sc D:\repo\baicai\data\runtime\Cache\home\11e2f12d84b746b76491e3160c81a5b0.php 第 596 行.
NOTIC: [8] Undefined index: sc D:\repo\baicai\data\runtime\Cache\home\11e2f12d84b746b76491e3160c81a5b0.php 第 597 行.
NOTIC: [8] Undefined index: sc D:\repo\baicai\data\runtime\Cache\home\11e2f12d84b746b76491e3160c81a5b0.php 第 601 行.
NOTIC: [8] Undefined index: sc D:\repo\baicai\data\runtime\Cache\home\11e2f12d84b746b76491e3160c81a5b0.php 第 606 行.
SQL: SELECT `name` FROM `try_item_orig` WHERE id=19 LIMIT 1   [ RunTime:0.000000s ]
NOTIC: [8] Undefined index: sc D:\repo\baicai\data\runtime\Cache\home\11e2f12d84b746b76491e3160c81a5b0.php 第 612 行.
NOTIC: [8] Undefined index: sc D:\repo\baicai\data\runtime\Cache\home\11e2f12d84b746b76491e3160c81a5b0.php 第 612 行.
NOTIC: [8] Undefined index: sc D:\repo\baicai\data\runtime\Cache\home\11e2f12d84b746b76491e3160c81a5b0.php 第 612 行.
NOTIC: [8] Undefined index: sc D:\repo\baicai\data\runtime\Cache\home\11e2f12d84b746b76491e3160c81a5b0.php 第 596 行.
NOTIC: [8] Undefined index: sc D:\repo\baicai\data\runtime\Cache\home\11e2f12d84b746b76491e3160c81a5b0.php 第 597 行.
NOTIC: [8] Undefined index: sc D:\repo\baicai\data\runtime\Cache\home\11e2f12d84b746b76491e3160c81a5b0.php 第 601 行.
NOTIC: [8] Undefined index: sc D:\repo\baicai\data\runtime\Cache\home\11e2f12d84b746b76491e3160c81a5b0.php 第 606 行.
SQL: SELECT `name` FROM `try_item_orig` WHERE id=19 LIMIT 1   [ RunTime:0.000000s ]
NOTIC: [8] Undefined index: sc D:\repo\baicai\data\runtime\Cache\home\11e2f12d84b746b76491e3160c81a5b0.php 第 612 行.
NOTIC: [8] Undefined index: sc D:\repo\baicai\data\runtime\Cache\home\11e2f12d84b746b76491e3160c81a5b0.php 第 612 行.
NOTIC: [8] Undefined index: sc D:\repo\baicai\data\runtime\Cache\home\11e2f12d84b746b76491e3160c81a5b0.php 第 612 行.
NOTIC: [8] Undefined index: sc D:\repo\baicai\data\runtime\Cache\home\11e2f12d84b746b76491e3160c81a5b0.php 第 596 行.
NOTIC: [8] Undefined index: sc D:\repo\baicai\data\runtime\Cache\home\11e2f12d84b746b76491e3160c81a5b0.php 第 597 行.
NOTIC: [8] Undefined index: sc D:\repo\baicai\data\runtime\Cache\home\11e2f12d84b746b76491e3160c81a5b0.php 第 601 行.
NOTIC: [8] Undefined index: sc D:\repo\baicai\data\runtime\Cache\home\11e2f12d84b746b76491e3160c81a5b0.php 第 606 行.
SQL: SELECT `name` FROM `try_item_orig` WHERE id=19 LIMIT 1   [ RunTime:0.000000s ]
NOTIC: [8] Undefined index: sc D:\repo\baicai\data\runtime\Cache\home\11e2f12d84b746b76491e3160c81a5b0.php 第 612 行.
NOTIC: [8] Undefined index: sc D:\repo\baicai\data\runtime\Cache\home\11e2f12d84b746b76491e3160c81a5b0.php 第 612 行.
NOTIC: [8] Undefined index: sc D:\repo\baicai\data\runtime\Cache\home\11e2f12d84b746b76491e3160c81a5b0.php 第 612 行.
NOTIC: [8] Undefined index: sc D:\repo\baicai\data\runtime\Cache\home\11e2f12d84b746b76491e3160c81a5b0.php 第 596 行.
NOTIC: [8] Undefined index: sc D:\repo\baicai\data\runtime\Cache\home\11e2f12d84b746b76491e3160c81a5b0.php 第 597 行.
NOTIC: [8] Undefined index: sc D:\repo\baicai\data\runtime\Cache\home\11e2f12d84b746b76491e3160c81a5b0.php 第 601 行.
NOTIC: [8] Undefined index: sc D:\repo\baicai\data\runtime\Cache\home\11e2f12d84b746b76491e3160c81a5b0.php 第 606 行.
SQL: SELECT `name` FROM `try_item_orig` WHERE id=19 LIMIT 1   [ RunTime:0.000000s ]
NOTIC: [8] Undefined index: sc D:\repo\baicai\data\runtime\Cache\home\11e2f12d84b746b76491e3160c81a5b0.php 第 612 行.
NOTIC: [8] Undefined index: sc D:\repo\baicai\data\runtime\Cache\home\11e2f12d84b746b76491e3160c81a5b0.php 第 612 行.
NOTIC: [8] Undefined index: sc D:\repo\baicai\data\runtime\Cache\home\11e2f12d84b746b76491e3160c81a5b0.php 第 612 行.
NOTIC: [8] Undefined index: follow D:\repo\baicai\data\runtime\Cache\home\11e2f12d84b746b76491e3160c81a5b0.php 第 830 行.
NOTIC: [2] fopen(http://img.baicaio.com/data/upload/avatar/000/19/27/a5c1ecaadd6ace0e9222a1b20cf6f0b2.jpg): failed to open stream: HTTP request failed! HTTP/1.1 404 Not Found
 D:\repo\baicai\app\Common\common.php 第 247 行.
NOTIC: [8] Undefined index: follow D:\repo\baicai\data\runtime\Cache\home\11e2f12d84b746b76491e3160c81a5b0.php 第 843 行.
NOTIC: [8] Undefined index: follow D:\repo\baicai\data\runtime\Cache\home\11e2f12d84b746b76491e3160c81a5b0.php 第 843 行.
NOTIC: [2] fopen(http://img.baicaio.com/data/upload/avatar/000/19/27/35f94626a3c8956ff4b1e837f3a8aff0.jpg): failed to open stream: HTTP request failed! HTTP/1.1 404 Not Found
 D:\repo\baicai\app\Common\common.php 第 247 行.
NOTIC: [8] Undefined index: follow D:\repo\baicai\data\runtime\Cache\home\11e2f12d84b746b76491e3160c81a5b0.php 第 843 行.
NOTIC: [8] Undefined index: follow D:\repo\baicai\data\runtime\Cache\home\11e2f12d84b746b76491e3160c81a5b0.php 第 843 行.
SQL: SELECT * FROM `try_adboard` WHERE ( `id` = 2 ) AND ( `status` = 1 ) LIMIT 1   [ RunTime:0.002001s ]
SQL: SELECT `id`,`type`,`name`,`url`,`content`,`desc`,`extimg`,`extval` FROM `try_ad` WHERE ( `board_id` = 2 ) AND ( `start_time` <= 1512626570 ) AND ( `end_time` >= 1512626570 ) AND ( `status` = 1 ) ORDER BY ordid  [ RunTime:0.001000s ]
NOTIC: [2] Invalid argument supplied for foreach() D:\repo\baicai\app\Lib\Widget\advertWidget.class.php 第 22 行.
INFO: [ view_template ] --START--
INFO: Run basic_template Behavior [ RunTime:-5.452312s ]
INFO: [ view_template ] --END-- [ RunTime:-1.627093s ]
INFO: [ view_parse ] --START--
INFO: Run ParseTemplate Behavior [ RunTime:-5.452312s ]
INFO: [ view_parse ] --END-- [ RunTime:-1.251072s ]
INFO: [ view_filter ] --START--
INFO: Run ContentReplace Behavior [ RunTime:-5.456312s ]
INFO: Run TokenBuild Behavior [ RunTime:-5.456312s ]
INFO: Run WriteHtmlCache Behavior [ RunTime:-5.456312s ]
INFO: Run ShowRuntime Behavior [ RunTime:-5.456312s ]
INFO: Run content_replace Behavior [ RunTime:-5.456312s ]
INFO: [ view_filter ] --END-- [ RunTime:-1.252072s ]
INFO: [ view_end ] --START--
INFO: Run ShowPageTrace Behavior [ RunTime:-5.456312s ]
INFO: [ view_end ] --END-- [ RunTime:-1.252072s ]
SQL: SHOW COLUMNS FROM `try_tick` [ RunTime:0.009000s ]
SQL: SELECT * FROM `try_tick` WHERE start_time < NOW() and end_time > NOW() and sy != 0 ORDER BY yl desc,id desc LIMIT 3   [ RunTime:0.000000s ]
SQL: SELECT `img_url` FROM `try_item_orig` WHERE id=16 LIMIT 1   [ RunTime:0.000000s ]
SQL: SELECT `img_url` FROM `try_item_orig` WHERE id=2 LIMIT 1   [ RunTime:0.003000s ]
SQL: SELECT * FROM `try_adboard` WHERE ( `id` = 10 ) AND ( `status` = 1 ) LIMIT 1   [ RunTime:0.003001s ]
SQL: SELECT `id`,`type`,`name`,`url`,`content`,`desc`,`extimg`,`extval` FROM `try_ad` WHERE ( `board_id` = 10 ) AND ( `start_time` <= 1512626570 ) AND ( `end_time` >= 1512626570 ) AND ( `status` = 1 ) ORDER BY ordid  [ RunTime:0.001000s ]
NOTIC: [2] Invalid argument supplied for foreach() D:\repo\baicai\app\Lib\Widget\advertWidget.class.php 第 22 行.
INFO: [ view_template ] --START--
INFO: Run basic_template Behavior [ RunTime:-5.486314s ]
INFO: [ view_template ] --END-- [ RunTime:-1.661095s ]
INFO: [ view_parse ] --START--
INFO: Run ParseTemplate Behavior [ RunTime:-5.487314s ]
INFO: [ view_parse ] --END-- [ RunTime:-1.286074s ]
INFO: [ view_filter ] --START--
INFO: Run ContentReplace Behavior [ RunTime:-5.490314s ]
INFO: Run TokenBuild Behavior [ RunTime:-5.490314s ]
INFO: Run WriteHtmlCache Behavior [ RunTime:-5.490314s ]
INFO: Run ShowRuntime Behavior [ RunTime:-5.490314s ]
INFO: Run content_replace Behavior [ RunTime:-5.490314s ]
INFO: [ view_filter ] --END-- [ RunTime:-1.286074s ]
INFO: [ view_end ] --START--
INFO: Run ShowPageTrace Behavior [ RunTime:-5.490314s ]
INFO: [ view_end ] --END-- [ RunTime:-1.286074s ]
SQL: SELECT * FROM `try_adboard` WHERE ( `id` = 15 ) AND ( `status` = 1 ) LIMIT 1   [ RunTime:0.003000s ]
SQL: SELECT `id`,`type`,`name`,`url`,`content`,`desc`,`extimg`,`extval` FROM `try_ad` WHERE ( `board_id` = 15 ) AND ( `start_time` <= 1512626570 ) AND ( `end_time` >= 1512626570 ) AND ( `status` = 1 ) ORDER BY ordid  [ RunTime:0.002000s ]
INFO: [ view_template ] --START--
INFO: Run basic_template Behavior [ RunTime:-5.499314s ]
INFO: [ view_template ] --END-- [ RunTime:-1.674095s ]
INFO: [ view_parse ] --START--
INFO: Run ParseTemplate Behavior [ RunTime:-5.500314s ]
INFO: [ view_parse ] --END-- [ RunTime:-1.299074s ]
INFO: [ view_filter ] --START--
INFO: Run ContentReplace Behavior [ RunTime:-5.503315s ]
INFO: Run TokenBuild Behavior [ RunTime:-5.503315s ]
INFO: Run WriteHtmlCache Behavior [ RunTime:-5.503315s ]
INFO: Run ShowRuntime Behavior [ RunTime:-5.503315s ]
INFO: Run content_replace Behavior [ RunTime:-5.503315s ]
INFO: [ view_filter ] --END-- [ RunTime:-1.299075s ]
INFO: [ view_end ] --START--
INFO: Run ShowPageTrace Behavior [ RunTime:-5.503315s ]
INFO: [ view_end ] --END-- [ RunTime:-1.299075s ]
SQL: SHOW COLUMNS FROM `try_flink` [ RunTime:0.009000s ]
SQL: SELECT * FROM `try_flink` WHERE cate_id=1 and status=1  [ RunTime:0.001000s ]
INFO: Run ParseTemplate Behavior [ RunTime:-5.503315s ]
INFO: [ view_parse ] --END-- [ RunTime:-1.299074s ]
INFO: [ view_filter ] --START--
INFO: Run ContentReplace Behavior [ RunTime:-5.529316s ]
INFO: Run TokenBuild Behavior [ RunTime:-5.533316s ]
INFO: Run WriteHtmlCache Behavior [ RunTime:-5.533316s ]
INFO: Run ShowRuntime Behavior [ RunTime:-5.533316s ]
INFO: Run content_replace Behavior [ RunTime:-5.533316s ]
INFO: [ view_filter ] --END-- [ RunTime:-1.325076s ]
INFO: [ view_end ] --START--
INFO: Run ShowPageTrace Behavior [ RunTime:-5.534316s ]
INFO: [ view_end ] --END-- [ RunTime:-1.330076s ]

[ 2017-12-07T14:14:12+08:00 ] 127.0.0.1 /user-index-uid-192793
INFO: [ route_check ] --START--
INFO: Run CheckRoute Behavior [ RunTime:0.001000s ]
INFO: [ route_check ] --END-- [ RunTime:0.002000s ]
INFO: [ app_begin ] --START--
INFO: Run ReadHtmlCache Behavior [ RunTime:-0.001000s ]
INFO: Run check_ipban Behavior [ RunTime:-0.002000s ]
INFO: Run load_lang Behavior [ RunTime:-0.003000s ]
INFO: [ app_begin ] --END-- [ RunTime:0.004000s ]
SQL: SHOW COLUMNS FROM `try_user` [ RunTime:0.011000s ]
SQL: SELECT * FROM `try_user` WHERE ( `id` = 192793 ) LIMIT 1   [ RunTime:0.001000s ]
SQL: SHOW COLUMNS FROM `try_grade` [ RunTime:0.010001s ]
SQL: SELECT `grade` FROM `try_grade` WHERE min<=211 and max>=211 LIMIT 1   [ RunTime:0.001000s ]
SQL: SHOW COLUMNS FROM `try_share` [ RunTime:0.010001s ]
SQL: SELECT COUNT(*) AS tp_count FROM `try_share` WHERE uid=192793 LIMIT 1   [ RunTime:0.001000s ]
SQL: SHOW COLUMNS FROM `try_user_follow` [ RunTime:0.008000s ]
SQL: SELECT `follow_uid` FROM `try_user_follow` WHERE uid=12  [ RunTime:0.000000s ]
SQL: SELECT * FROM `try_user` ORDER BY shares desc, id asc LIMIT 4   [ RunTime:0.025002s ]
SQL: SELECT * FROM `try_user_follow` WHERE uid=192793  [ RunTime:0.001000s ]
NOTIC: [2] Invalid argument supplied for foreach() D:\repo\baicai\app\Lib\Action\home\userAction.class.php 第 76 行.
NOTIC: [8] Undefined variable: follow_uid D:\repo\baicai\app\Lib\Action\home\userAction.class.php 第 80 行.
NOTIC: [8] Undefined variable: follow_uid D:\repo\baicai\app\Lib\Action\home\userAction.class.php 第 80 行.
NOTIC: [8] Undefined variable: follow_uid D:\repo\baicai\app\Lib\Action\home\userAction.class.php 第 80 行.
NOTIC: [8] Undefined variable: follow_uid D:\repo\baicai\app\Lib\Action\home\userAction.class.php 第 80 行.
INFO: [ view_template ] --START--
INFO: Run basic_template Behavior [ RunTime:-1.154066s ]
INFO: [ view_template ] --END-- [ RunTime:0.002000s ]
INFO: [ view_parse ] --START--
INFO: [ view_template ] --START--
INFO: Run basic_template Behavior [ RunTime:-1.160066s ]
INFO: [ view_template ] --END-- [ RunTime:-0.004000s ]
INFO: [ view_template ] --START--
INFO: Run basic_template Behavior [ RunTime:-1.161066s ]
INFO: [ view_template ] --END-- [ RunTime:-0.005000s ]
INFO: [ view_template ] --START--
INFO: Run basic_template Behavior [ RunTime:-1.161066s ]
INFO: [ view_template ] --END-- [ RunTime:-0.005000s ]
INFO: [ view_template ] --START--
INFO: Run basic_template Behavior [ RunTime:-1.162066s ]
INFO: [ view_template ] --END-- [ RunTime:-0.006000s ]
SQL: SHOW COLUMNS FROM `try_item_cate` [ RunTime:0.007000s ]
SQL: SELECT * FROM `try_item_cate` WHERE pid=0 and is_index=1  [ RunTime:0.001000s ]
SQL: SELECT * FROM `try_item_cate` WHERE pid=0 and status=1  [ RunTime:0.001000s ]
NOTIC: [8] Undefined variable: tp D:\repo\baicai\data\runtime\Cache\home\0333cce647bda48102bf19be11576fa2.php 第 88 行.
NOTIC: [8] Undefined variable: tp D:\repo\baicai\data\runtime\Cache\home\0333cce647bda48102bf19be11576fa2.php 第 89 行.
NOTIC: [8] Undefined variable: bcid D:\repo\baicai\data\runtime\Cache\home\0333cce647bda48102bf19be11576fa2.php 第 90 行.
NOTIC: [8] Undefined variable: tp D:\repo\baicai\data\runtime\Cache\home\0333cce647bda48102bf19be11576fa2.php 第 91 行.
NOTIC: [8] Undefined variable: bcid D:\repo\baicai\data\runtime\Cache\home\0333cce647bda48102bf19be11576fa2.php 第 92 行.
NOTIC: [8] Undefined variable: strpos1 D:\repo\baicai\data\runtime\Cache\home\0333cce647bda48102bf19be11576fa2.php 第 111 行.
NOTIC: [2] fopen(http://img.baicaio.com/data/upload/avatar/000/17/33/b91b5e39ad5ce8db748799851e45a8b8.jpg): failed to open stream: HTTP request failed! HTTP/1.1 404 Not Found
 D:\repo\baicai\app\Common\common.php 第 247 行.
NOTIC: [2] fopen(http://img.baicaio.com/data/upload/avatar/000/17/33/230901ba9eb9f0e4deb6d18de2dc6616.jpg): failed to open stream: HTTP request failed! HTTP/1.1 404 Not Found
 D:\repo\baicai\app\Common\common.php 第 247 行.
INFO: Run ParseTemplate Behavior [ RunTime:-1.162066s ]
INFO: [ view_parse ] --END-- [ RunTime:1.158066s ]
INFO: [ view_filter ] --START--
INFO: Run ContentReplace Behavior [ RunTime:-2.314132s ]
INFO: Run TokenBuild Behavior [ RunTime:-2.316132s ]
INFO: Run WriteHtmlCache Behavior [ RunTime:-2.317132s ]
INFO: Run ShowRuntime Behavior [ RunTime:-2.318132s ]
INFO: Run content_replace Behavior [ RunTime:-2.319132s ]
INFO: [ view_filter ] --END-- [ RunTime:0.006000s ]
INFO: [ view_end ] --START--
INFO: Run ShowPageTrace Behavior [ RunTime:-2.320132s ]
INFO: [ view_end ] --END-- [ RunTime:0.002001s ]

[ 2017-12-07T14:14:16+08:00 ] ERR: (ThinkException) 模板不存在[./app/Tpl/home/default/user/myfollow.html]
[ 2017-12-07T14:14:29+08:00 ] 127.0.0.1 /user-myfollow
INFO: [ route_check ] --START--
INFO: Run CheckRoute Behavior [ RunTime:0.001000s ]
INFO: [ route_check ] --END-- [ RunTime:0.001000s ]
INFO: [ app_begin ] --START--
INFO: Run ReadHtmlCache Behavior [ RunTime:-0.001000s ]
INFO: Run check_ipban Behavior [ RunTime:-0.001000s ]
INFO: Run load_lang Behavior [ RunTime:-0.002000s ]
INFO: [ app_begin ] --END-- [ RunTime:0.003000s ]
SQL: SHOW COLUMNS FROM `try_user` [ RunTime:0.011001s ]
SQL: SELECT * FROM `try_user` WHERE ( `id` = 192793 ) LIMIT 1   [ RunTime:0.001000s ]
SQL: SHOW COLUMNS FROM `try_user_follow` [ RunTime:0.008000s ]
SQL: SELECT COUNT(*) AS tp_count FROM `try_user_follow` WHERE ( `uid` = 192793 ) LIMIT 1   [ RunTime:0.000000s ]
SQL: SELECT u.id,u.username,u.fans,u.last_time,u.follows,try_user_follow.add_time,try_user_follow.mutually FROM `try_user_follow` LEFT JOIN try_user u ON u.id=try_user_follow.follow_uid WHERE ( try_user_follow.uid = '192793' ) ORDER BY try_user_follow.add_time DESC LIMIT 0,9   [ RunTime:0.001001s ]
NOTIC: [2] Invalid argument supplied for foreach() D:\repo\baicai\app\Lib\Action\home\userAction.class.php 第 767 行.
INFO: [ view_template ] --START--
INFO: Run basic_template Behavior [ RunTime:-1.080062s ]
INFO: [ view_template ] --END-- [ RunTime:0.001000s ]
INFO: [ view_parse ] --START--
INFO: [ view_template ] --START--
INFO: Run basic_template Behavior [ RunTime:-1.085062s ]
INFO: [ view_template ] --END-- [ RunTime:-0.004000s ]
INFO: [ view_template ] --START--
INFO: Run basic_template Behavior [ RunTime:-1.085062s ]
INFO: [ view_template ] --END-- [ RunTime:-0.004000s ]
INFO: [ view_template ] --START--
INFO: Run basic_template Behavior [ RunTime:-1.086062s ]
INFO: [ view_template ] --END-- [ RunTime:-0.005000s ]
INFO: [ view_template ] --START--
INFO: Run basic_template Behavior [ RunTime:-1.086062s ]
INFO: [ view_template ] --END-- [ RunTime:-0.005000s ]
SQL: SHOW COLUMNS FROM `try_item_cate` [ RunTime:0.005000s ]
SQL: SELECT * FROM `try_item_cate` WHERE pid=0 and is_index=1  [ RunTime:0.001000s ]
SQL: SELECT * FROM `try_item_cate` WHERE pid=0 and status=1  [ RunTime:0.001000s ]
NOTIC: [8] Undefined variable: tp D:\repo\baicai\data\runtime\Cache\home\b2c40a9e672d4029525bc644971668e9.php 第 88 行.
NOTIC: [8] Undefined variable: tp D:\repo\baicai\data\runtime\Cache\home\b2c40a9e672d4029525bc644971668e9.php 第 89 行.
NOTIC: [8] Undefined variable: bcid D:\repo\baicai\data\runtime\Cache\home\b2c40a9e672d4029525bc644971668e9.php 第 90 行.
NOTIC: [8] Undefined variable: tp D:\repo\baicai\data\runtime\Cache\home\b2c40a9e672d4029525bc644971668e9.php 第 91 行.
NOTIC: [8] Undefined variable: bcid D:\repo\baicai\data\runtime\Cache\home\b2c40a9e672d4029525bc644971668e9.php 第 92 行.
NOTIC: [8] Undefined variable: strpos1 D:\repo\baicai\data\runtime\Cache\home\b2c40a9e672d4029525bc644971668e9.php 第 111 行.
INFO: Run ParseTemplate Behavior [ RunTime:-1.086062s ]
INFO: [ view_parse ] --END-- [ RunTime:0.208012s ]
INFO: [ view_filter ] --START--
INFO: Run ContentReplace Behavior [ RunTime:-1.289074s ]
INFO: Run TokenBuild Behavior [ RunTime:-1.290074s ]
INFO: Run WriteHtmlCache Behavior [ RunTime:-1.290074s ]
INFO: Run ShowRuntime Behavior [ RunTime:-1.291074s ]
INFO: Run content_replace Behavior [ RunTime:-1.292074s ]
INFO: [ view_filter ] --END-- [ RunTime:0.004000s ]
INFO: [ view_end ] --START--
INFO: Run ShowPageTrace Behavior [ RunTime:-1.293074s ]
INFO: [ view_end ] --END-- [ RunTime:0.001000s ]

[ 2017-12-07T14:14:44+08:00 ] ERR: (ThinkException) Table 'xl_baicai.try_notify_tag' doesn't exist
 [ SQL语句 ] : SHOW COLUMNS FROM `try_notify_tag`
[ 2017-12-07T14:14:51+08:00 ] 127.0.0.1 /index.php
INFO: [ app_begin ] --START--
INFO: Run ReadHtmlCache Behavior [ RunTime:0.001000s ]
INFO: Run check_ipban Behavior [ RunTime:0.000000s ]
INFO: Run load_lang Behavior [ RunTime:-0.001000s ]
INFO: [ app_begin ] --END-- [ RunTime:0.004000s ]
NOTIC: [8] Undefined index: HTTP_USER_AGENT D:\repo\baicai\app\Lib\Action\home\indexAction.class.php 第 6 行.
SQL: SHOW COLUMNS FROM `try_item` [ RunTime:0.010001s ]
SQL: SELECT * FROM `try_item` WHERE status=1 and add_time<1512627288  and isnice=1  ORDER BY  add_time desc LIMIT 0,18   [ RunTime:0.306018s ]
NOTIC: [8] Use of undefined constant p - assumed 'p' D:\repo\baicai\app\Lib\Action\home\indexAction.class.php 第 74 行.
SQL: SHOW COLUMNS FROM `try_article` [ RunTime:0.006000s ]
SQL: SELECT * FROM `try_article` WHERE add_time > 1492492391 and add_time < 1512627288 and status=4  [ RunTime:0.001000s ]
SQL: select distinct uid as id,uname,sum(score) as num from try_score_log where add_time>1512576000 and add_time<1512662400 group by uname order by num desc,uid asc limit 4 [ RunTime:0.001000s ]
SQL: select distinct uid as id,uname,sum(score) as num from try_score_log where add_time>1512057600 and add_time<1512627288 group by uname order by num desc,uid asc limit 4 [ RunTime:0.000000s ]
SQL: SHOW COLUMNS FROM `try_user` [ RunTime:0.006001s ]
SQL: SELECT `id`,`username`,`score` FROM `try_user` ORDER BY score desc,id asc LIMIT 4   [ RunTime:0.022001s ]
SQL: SHOW COLUMNS FROM `try_hd` [ RunTime:0.009001s ]
SQL: SELECT * FROM `try_hd` ORDER BY order_s asc,id desc LIMIT 8   [ RunTime:0.001000s ]
SQL: SELECT * FROM `try_item` WHERE istop = 1 ORDER BY id desc LIMIT 8   [ RunTime:0.820047s ]
SQL: SELECT id,title,img,price from try_item  WHERE add_time between 1512623689 and 1512627289 ORDER BY hits desc LIMIT 9 [ RunTime:0.231013s ]
SQL: SELECT id,title,img,price from try_item  WHERE add_time between 1512540889 and 1512627289 ORDER BY hits desc LIMIT 9 [ RunTime:0.260015s ]
INFO: [ view_template ] --START--
INFO: Run basic_template Behavior [ RunTime:-2.731156s ]
INFO: [ view_template ] --END-- [ RunTime:0.002000s ]
INFO: [ view_parse ] --START--
INFO: [ view_template ] --START--
INFO: Run basic_template Behavior [ RunTime:-2.735156s ]
INFO: [ view_template ] --END-- [ RunTime:-0.002000s ]
INFO: [ view_template ] --START--
INFO: Run basic_template Behavior [ RunTime:-2.736156s ]
INFO: [ view_template ] --END-- [ RunTime:-0.003000s ]
INFO: [ view_template ] --START--
INFO: Run basic_template Behavior [ RunTime:-2.737156s ]
INFO: [ view_template ] --END-- [ RunTime:-0.004000s ]
INFO: [ view_template ] --START--
INFO: Run basic_template Behavior [ RunTime:-2.737156s ]
INFO: [ view_template ] --END-- [ RunTime:-0.004000s ]
INFO: [ view_template ] --START--
INFO: Run basic_template Behavior [ RunTime:-2.738156s ]
INFO: [ view_template ] --END-- [ RunTime:-0.005000s ]
INFO: [ view_template ] --START--
INFO: Run basic_template Behavior [ RunTime:-2.738156s ]
INFO: [ view_template ] --END-- [ RunTime:-0.005000s ]
INFO: [ view_template ] --START--
INFO: Run basic_template Behavior [ RunTime:-2.739156s ]
INFO: [ view_template ] --END-- [ RunTime:-0.006000s ]
INFO: [ view_template ] --START--
INFO: Run basic_template Behavior [ RunTime:-2.740156s ]
INFO: [ view_template ] --END-- [ RunTime:-0.007000s ]
SQL: SHOW COLUMNS FROM `try_item_cate` [ RunTime:0.006000s ]
SQL: SELECT * FROM `try_item_cate` WHERE pid=0 and is_index=1  [ RunTime:0.001000s ]
SQL: SELECT * FROM `try_item_cate` WHERE pid=0 and status=1  [ RunTime:0.001000s ]
NOTIC: [8] Undefined variable: tp D:\repo\baicai\data\runtime\Cache\home\11e2f12d84b746b76491e3160c81a5b0.php 第 174 行.
NOTIC: [8] Undefined variable: tp D:\repo\baicai\data\runtime\Cache\home\11e2f12d84b746b76491e3160c81a5b0.php 第 175 行.
NOTIC: [8] Undefined variable: tp D:\repo\baicai\data\runtime\Cache\home\11e2f12d84b746b76491e3160c81a5b0.php 第 177 行.
NOTIC: [8] Undefined variable: strpos1 D:\repo\baicai\data\runtime\Cache\home\11e2f12d84b746b76491e3160c81a5b0.php 第 197 行.
NOTIC: [8] Undefined index: taobao_hongbao20171212 D:\repo\baicai\data\runtime\Cache\home\11e2f12d84b746b76491e3160c81a5b0.php 第 248 行.
SQL: SHOW COLUMNS FROM `try_item_orig` [ RunTime:0.006000s ]
SQL: SELECT * FROM `try_item_orig` ORDER BY ordid asc LIMIT 12   [ RunTime:0.002000s ]
SQL: SHOW COLUMNS FROM `try_ad` [ RunTime:0.006000s ]
SQL: SELECT * FROM `try_ad` WHERE status=1 AND board_id=1  [ RunTime:0.001000s ]
SQL: SELECT COUNT(*) AS tp_count FROM `try_ad` WHERE status=1 AND board_id=1 LIMIT 1   [ RunTime:0.001000s ]
NOTIC: [8] Undefined variable: html D:\repo\baicai\data\runtime\Cache\home\11e2f12d84b746b76491e3160c81a5b0.php 第 283 行.
NOTIC: [8] Undefined variable: htmlA D:\repo\baicai\data\runtime\Cache\home\11e2f12d84b746b76491e3160c81a5b0.php 第 289 行.
NOTIC: [8] Use of undefined constant url - assumed 'url' D:\repo\baicai\data\runtime\Cache\home\11e2f12d84b746b76491e3160c81a5b0.php 第 289 行.
NOTIC: [8] Use of undefined constant name - assumed 'name' D:\repo\baicai\data\runtime\Cache\home\11e2f12d84b746b76491e3160c81a5b0.php 第 289 行.
NOTIC: [8] Use of undefined constant content - assumed 'content' D:\repo\baicai\data\runtime\Cache\home\11e2f12d84b746b76491e3160c81a5b0.php 第 289 行.
NOTIC: [8] Use of undefined constant url - assumed 'url' D:\repo\baicai\data\runtime\Cache\home\11e2f12d84b746b76491e3160c81a5b0.php 第 289 行.
NOTIC: [8] Undefined offset: 1 D:\repo\baicai\data\runtime\Cache\home\11e2f12d84b746b76491e3160c81a5b0.php 第 289 行.
NOTIC: [8] Use of undefined constant name - assumed 'name' D:\repo\baicai\data\runtime\Cache\home\11e2f12d84b746b76491e3160c81a5b0.php 第 289 行.
NOTIC: [8] Undefined offset: 1 D:\repo\baicai\data\runtime\Cache\home\11e2f12d84b746b76491e3160c81a5b0.php 第 289 行.
NOTIC: [8] Use of undefined constant content - assumed 'content' D:\repo\baicai\data\runtime\Cache\home\11e2f12d84b746b76491e3160c81a5b0.php 第 289 行.
NOTIC: [8] Undefined offset: 1 D:\repo\baicai\data\runtime\Cache\home\11e2f12d84b746b76491e3160c81a5b0.php 第 289 行.
SQL: SHOW COLUMNS FROM `try_adboard` [ RunTime:0.005000s ]
SQL: SELECT * FROM `try_adboard` WHERE ( `id` = 17 ) AND ( `status` = 1 ) LIMIT 1   [ RunTime:0.001000s ]
SQL: SELECT `id`,`type`,`name`,`url`,`content`,`desc`,`extimg`,`extval` FROM `try_ad` WHERE ( `board_id` = 17 ) AND ( `start_time` <= 1512627290 ) AND ( `end_time` >= 1512627290 ) AND ( `status` = 1 ) ORDER BY ordid  [ RunTime:0.001001s ]
NOTIC: [2] Invalid argument supplied for foreach() D:\repo\baicai\app\Lib\Widget\advertWidget.class.php 第 22 行.
INFO: [ view_template ] --START--
INFO: Run basic_template Behavior [ RunTime:-2.882165s ]
INFO: [ view_template ] --END-- [ RunTime:-0.149009s ]
INFO: [ view_parse ] --START--
INFO: Run ParseTemplate Behavior [ RunTime:-2.882165s ]
INFO: [ view_parse ] --END-- [ RunTime:0.004000s ]
INFO: [ view_filter ] --START--
INFO: Run ContentReplace Behavior [ RunTime:-2.886165s ]
INFO: Run TokenBuild Behavior [ RunTime:-2.887165s ]
INFO: Run WriteHtmlCache Behavior [ RunTime:-2.888165s ]
INFO: Run ShowRuntime Behavior [ RunTime:-2.888165s ]
INFO: Run content_replace Behavior [ RunTime:-2.889165s ]
INFO: [ view_filter ] --END-- [ RunTime:0.003000s ]
INFO: [ view_end ] --START--
INFO: Run ShowPageTrace Behavior [ RunTime:-2.889165s ]
INFO: [ view_end ] --END-- [ RunTime:0.001000s ]
SQL: SELECT * FROM `try_ad` WHERE ( `board_id` = 17 ) AND ( `start_time` <= 1512627290 ) AND ( `end_time` >= 1512627290 ) AND ( `status` = 1 )  [ RunTime:0.001000s ]
SQL: SELECT COUNT(*) AS tp_count FROM `try_ad` WHERE ( `board_id` = 17 ) AND ( `start_time` <= 1512627290 ) AND ( `end_time` >= 1512627290 ) AND ( `status` = 1 ) LIMIT 1   [ RunTime:0.001000s ]
NOTIC: [8] Use of undefined constant url - assumed 'url' D:\repo\baicai\data\runtime\Cache\home\11e2f12d84b746b76491e3160c81a5b0.php 第 309 行.
NOTIC: [8] Use of undefined constant name - assumed 'name' D:\repo\baicai\data\runtime\Cache\home\11e2f12d84b746b76491e3160c81a5b0.php 第 309 行.
NOTIC: [8] Use of undefined constant content - assumed 'content' D:\repo\baicai\data\runtime\Cache\home\11e2f12d84b746b76491e3160c81a5b0.php 第 309 行.
NOTIC: [8] Use of undefined constant isnice - assumed 'isnice' D:\repo\baicai\data\runtime\Cache\home\11e2f12d84b746b76491e3160c81a5b0.php 第 337 行.
NOTIC: [8] Use of undefined constant isbao - assumed 'isbao' D:\repo\baicai\data\runtime\Cache\home\11e2f12d84b746b76491e3160c81a5b0.php 第 337 行.
NOTIC: [8] Use of undefined constant lb - assumed 'lb' D:\repo\baicai\data\runtime\Cache\home\11e2f12d84b746b76491e3160c81a5b0.php 第 591 行.
NOTIC: [8] Undefined index: sc D:\repo\baicai\data\runtime\Cache\home\11e2f12d84b746b76491e3160c81a5b0.php 第 596 行.
NOTIC: [8] Undefined index: sc D:\repo\baicai\data\runtime\Cache\home\11e2f12d84b746b76491e3160c81a5b0.php 第 597 行.
NOTIC: [8] Undefined index: sc D:\repo\baicai\data\runtime\Cache\home\11e2f12d84b746b76491e3160c81a5b0.php 第 601 行.
NOTIC: [8] Undefined index: sc D:\repo\baicai\data\runtime\Cache\home\11e2f12d84b746b76491e3160c81a5b0.php 第 606 行.
SQL: SELECT `name` FROM `try_item_orig` WHERE id=857 LIMIT 1   [ RunTime:0.001000s ]
NOTIC: [8] Undefined index: sc D:\repo\baicai\data\runtime\Cache\home\11e2f12d84b746b76491e3160c81a5b0.php 第 612 行.
NOTIC: [8] Undefined index: sc D:\repo\baicai\data\runtime\Cache\home\11e2f12d84b746b76491e3160c81a5b0.php 第 612 行.
NOTIC: [8] Undefined index: sc D:\repo\baicai\data\runtime\Cache\home\11e2f12d84b746b76491e3160c81a5b0.php 第 612 行.
NOTIC: [8] Undefined index: sc D:\repo\baicai\data\runtime\Cache\home\11e2f12d84b746b76491e3160c81a5b0.php 第 596 行.
NOTIC: [8] Undefined index: sc D:\repo\baicai\data\runtime\Cache\home\11e2f12d84b746b76491e3160c81a5b0.php 第 597 行.
NOTIC: [8] Undefined index: sc D:\repo\baicai\data\runtime\Cache\home\11e2f12d84b746b76491e3160c81a5b0.php 第 601 行.
NOTIC: [8] Undefined index: sc D:\repo\baicai\data\runtime\Cache\home\11e2f12d84b746b76491e3160c81a5b0.php 第 606 行.
SQL: SELECT `name` FROM `try_item_orig` WHERE id=857 LIMIT 1   [ RunTime:0.000000s ]
NOTIC: [8] Undefined index: sc D:\repo\baicai\data\runtime\Cache\home\11e2f12d84b746b76491e3160c81a5b0.php 第 612 行.
NOTIC: [8] Undefined index: sc D:\repo\baicai\data\runtime\Cache\home\11e2f12d84b746b76491e3160c81a5b0.php 第 612 行.
NOTIC: [8] Undefined index: sc D:\repo\baicai\data\runtime\Cache\home\11e2f12d84b746b76491e3160c81a5b0.php 第 612 行.
NOTIC: [8] Undefined index: sc D:\repo\baicai\data\runtime\Cache\home\11e2f12d84b746b76491e3160c81a5b0.php 第 596 行.
NOTIC: [8] Undefined index: sc D:\repo\baicai\data\runtime\Cache\home\11e2f12d84b746b76491e3160c81a5b0.php 第 597 行.
NOTIC: [8] Undefined index: sc D:\repo\baicai\data\runtime\Cache\home\11e2f12d84b746b76491e3160c81a5b0.php 第 601 行.
NOTIC: [8] Undefined index: sc D:\repo\baicai\data\runtime\Cache\home\11e2f12d84b746b76491e3160c81a5b0.php 第 606 行.
SQL: SELECT `name` FROM `try_item_orig` WHERE id=857 LIMIT 1   [ RunTime:0.000000s ]
NOTIC: [8] Undefined index: sc D:\repo\baicai\data\runtime\Cache\home\11e2f12d84b746b76491e3160c81a5b0.php 第 612 行.
NOTIC: [8] Undefined index: sc D:\repo\baicai\data\runtime\Cache\home\11e2f12d84b746b76491e3160c81a5b0.php 第 612 行.
NOTIC: [8] Undefined index: sc D:\repo\baicai\data\runtime\Cache\home\11e2f12d84b746b76491e3160c81a5b0.php 第 612 行.
NOTIC: [8] Undefined index: sc D:\repo\baicai\data\runtime\Cache\home\11e2f12d84b746b76491e3160c81a5b0.php 第 596 行.
NOTIC: [8] Undefined index: sc D:\repo\baicai\data\runtime\Cache\home\11e2f12d84b746b76491e3160c81a5b0.php 第 597 行.
NOTIC: [8] Undefined index: sc D:\repo\baicai\data\runtime\Cache\home\11e2f12d84b746b76491e3160c81a5b0.php 第 601 行.
NOTIC: [8] Undefined index: sc D:\repo\baicai\data\runtime\Cache\home\11e2f12d84b746b76491e3160c81a5b0.php 第 606 行.
SQL: SELECT `name` FROM `try_item_orig` WHERE id=857 LIMIT 1   [ RunTime:0.000000s ]
NOTIC: [8] Undefined index: sc D:\repo\baicai\data\runtime\Cache\home\11e2f12d84b746b76491e3160c81a5b0.php 第 612 行.
NOTIC: [8] Undefined index: sc D:\repo\baicai\data\runtime\Cache\home\11e2f12d84b746b76491e3160c81a5b0.php 第 612 行.
NOTIC: [8] Undefined index: sc D:\repo\baicai\data\runtime\Cache\home\11e2f12d84b746b76491e3160c81a5b0.php 第 612 行.
NOTIC: [8] Undefined index: sc D:\repo\baicai\data\runtime\Cache\home\11e2f12d84b746b76491e3160c81a5b0.php 第 596 行.
NOTIC: [8] Undefined index: sc D:\repo\baicai\data\runtime\Cache\home\11e2f12d84b746b76491e3160c81a5b0.php 第 597 行.
NOTIC: [8] Undefined index: sc D:\repo\baicai\data\runtime\Cache\home\11e2f12d84b746b76491e3160c81a5b0.php 第 601 行.
NOTIC: [8] Undefined index: sc D:\repo\baicai\data\runtime\Cache\home\11e2f12d84b746b76491e3160c81a5b0.php 第 606 行.
SQL: SELECT `name` FROM `try_item_orig` WHERE id=19 LIMIT 1   [ RunTime:0.001000s ]
NOTIC: [8] Undefined index: sc D:\repo\baicai\data\runtime\Cache\home\11e2f12d84b746b76491e3160c81a5b0.php 第 612 行.
NOTIC: [8] Undefined index: sc D:\repo\baicai\data\runtime\Cache\home\11e2f12d84b746b76491e3160c81a5b0.php 第 612 行.
NOTIC: [8] Undefined index: sc D:\repo\baicai\data\runtime\Cache\home\11e2f12d84b746b76491e3160c81a5b0.php 第 612 行.
NOTIC: [8] Undefined index: sc D:\repo\baicai\data\runtime\Cache\home\11e2f12d84b746b76491e3160c81a5b0.php 第 596 行.
NOTIC: [8] Undefined index: sc D:\repo\baicai\data\runtime\Cache\home\11e2f12d84b746b76491e3160c81a5b0.php 第 597 行.
NOTIC: [8] Undefined index: sc D:\repo\baicai\data\runtime\Cache\home\11e2f12d84b746b76491e3160c81a5b0.php 第 601 行.
NOTIC: [8] Undefined index: sc D:\repo\baicai\data\runtime\Cache\home\11e2f12d84b746b76491e3160c81a5b0.php 第 606 行.
SQL: SELECT `name` FROM `try_item_orig` WHERE id=19 LIMIT 1   [ RunTime:0.000000s ]
NOTIC: [8] Undefined index: sc D:\repo\baicai\data\runtime\Cache\home\11e2f12d84b746b76491e3160c81a5b0.php 第 612 行.
NOTIC: [8] Undefined index: sc D:\repo\baicai\data\runtime\Cache\home\11e2f12d84b746b76491e3160c81a5b0.php 第 612 行.
NOTIC: [8] Undefined index: sc D:\repo\baicai\data\runtime\Cache\home\11e2f12d84b746b76491e3160c81a5b0.php 第 612 行.
NOTIC: [8] Undefined index: sc D:\repo\baicai\data\runtime\Cache\home\11e2f12d84b746b76491e3160c81a5b0.php 第 596 行.
NOTIC: [8] Undefined index: sc D:\repo\baicai\data\runtime\Cache\home\11e2f12d84b746b76491e3160c81a5b0.php 第 597 行.
NOTIC: [8] Undefined index: sc D:\repo\baicai\data\runtime\Cache\home\11e2f12d84b746b76491e3160c81a5b0.php 第 601 行.
NOTIC: [8] Undefined index: sc D:\repo\baicai\data\runtime\Cache\home\11e2f12d84b746b76491e3160c81a5b0.php 第 606 行.
SQL: SELECT `name` FROM `try_item_orig` WHERE id=19 LIMIT 1   [ RunTime:0.001000s ]
NOTIC: [8] Undefined index: sc D:\repo\baicai\data\runtime\Cache\home\11e2f12d84b746b76491e3160c81a5b0.php 第 612 行.
NOTIC: [8] Undefined index: sc D:\repo\baicai\data\runtime\Cache\home\11e2f12d84b746b76491e3160c81a5b0.php 第 612 行.
NOTIC: [8] Undefined index: sc D:\repo\baicai\data\runtime\Cache\home\11e2f12d84b746b76491e3160c81a5b0.php 第 612 行.
NOTIC: [8] Undefined index: sc D:\repo\baicai\data\runtime\Cache\home\11e2f12d84b746b76491e3160c81a5b0.php 第 596 行.
NOTIC: [8] Undefined index: sc D:\repo\baicai\data\runtime\Cache\home\11e2f12d84b746b76491e3160c81a5b0.php 第 597 行.
NOTIC: [8] Undefined index: sc D:\repo\baicai\data\runtime\Cache\home\11e2f12d84b746b76491e3160c81a5b0.php 第 601 行.
NOTIC: [8] Undefined index: sc D:\repo\baicai\data\runtime\Cache\home\11e2f12d84b746b76491e3160c81a5b0.php 第 606 行.
SQL: SELECT `name` FROM `try_item_orig` WHERE id=19 LIMIT 1   [ RunTime:0.001000s ]
NOTIC: [8] Undefined index: sc D:\repo\baicai\data\runtime\Cache\home\11e2f12d84b746b76491e3160c81a5b0.php 第 612 行.
NOTIC: [8] Undefined index: sc D:\repo\baicai\data\runtime\Cache\home\11e2f12d84b746b76491e3160c81a5b0.php 第 612 行.
NOTIC: [8] Undefined index: sc D:\repo\baicai\data\runtime\Cache\home\11e2f12d84b746b76491e3160c81a5b0.php 第 612 行.
SQL: SHOW COLUMNS FROM `try_go` [ RunTime:0.006000s ]
SQL: SELECT * FROM `try_go` WHERE ( `show` = '50jmlm_1mhxpm_nzbd4n_tv0q4d' ) LIMIT 1   [ RunTime:0.007000s ]
NOTIC: [8] Undefined index: title D:\repo\baicai\data\runtime\Cache\home\11e2f12d84b746b76491e3160c81a5b0.php 第 618 行.
NOTIC: [8] Undefined index: sc D:\repo\baicai\data\runtime\Cache\home\11e2f12d84b746b76491e3160c81a5b0.php 第 596 行.
NOTIC: [8] Undefined index: sc D:\repo\baicai\data\runtime\Cache\home\11e2f12d84b746b76491e3160c81a5b0.php 第 597 行.
NOTIC: [8] Undefined index: sc D:\repo\baicai\data\runtime\Cache\home\11e2f12d84b746b76491e3160c81a5b0.php 第 601 行.
NOTIC: [8] Undefined index: sc D:\repo\baicai\data\runtime\Cache\home\11e2f12d84b746b76491e3160c81a5b0.php 第 606 行.
SQL: SELECT `name` FROM `try_item_orig` WHERE id=19 LIMIT 1   [ RunTime:0.001000s ]
NOTIC: [8] Undefined index: sc D:\repo\baicai\data\runtime\Cache\home\11e2f12d84b746b76491e3160c81a5b0.php 第 612 行.
NOTIC: [8] Undefined index: sc D:\repo\baicai\data\runtime\Cache\home\11e2f12d84b746b76491e3160c81a5b0.php 第 612 行.
NOTIC: [8] Undefined index: sc D:\repo\baicai\data\runtime\Cache\home\11e2f12d84b746b76491e3160c81a5b0.php 第 612 行.
SQL: SELECT * FROM `try_go` WHERE ( `show` = 'ileyz2_ivbotu_iobbap_5zdmnb' ) LIMIT 1   [ RunTime:0.008000s ]
NOTIC: [8] Undefined index: title D:\repo\baicai\data\runtime\Cache\home\11e2f12d84b746b76491e3160c81a5b0.php 第 618 行.
NOTIC: [8] Undefined index: sc D:\repo\baicai\data\runtime\Cache\home\11e2f12d84b746b76491e3160c81a5b0.php 第 596 行.
NOTIC: [8] Undefined index: sc D:\repo\baicai\data\runtime\Cache\home\11e2f12d84b746b76491e3160c81a5b0.php 第 597 行.
NOTIC: [8] Undefined index: sc D:\repo\baicai\data\runtime\Cache\home\11e2f12d84b746b76491e3160c81a5b0.php 第 601 行.
NOTIC: [8] Undefined index: sc D:\repo\baicai\data\runtime\Cache\home\11e2f12d84b746b76491e3160c81a5b0.php 第 606 行.
SQL: SELECT `name` FROM `try_item_orig` WHERE id=393 LIMIT 1   [ RunTime:0.000000s ]
NOTIC: [8] Undefined index: sc D:\repo\baicai\data\runtime\Cache\home\11e2f12d84b746b76491e3160c81a5b0.php 第 612 行.
NOTIC: [8] Undefined index: sc D:\repo\baicai\data\runtime\Cache\home\11e2f12d84b746b76491e3160c81a5b0.php 第 612 行.
NOTIC: [8] Undefined index: sc D:\repo\baicai\data\runtime\Cache\home\11e2f12d84b746b76491e3160c81a5b0.php 第 612 行.
SQL: SELECT * FROM `try_go` WHERE ( `show` = 'xev24k_2p0244_szofks_cayxyn' ) LIMIT 1   [ RunTime:0.002000s ]
NOTIC: [8] Undefined index: title D:\repo\baicai\data\runtime\Cache\home\11e2f12d84b746b76491e3160c81a5b0.php 第 618 行.
NOTIC: [8] Undefined index: sc D:\repo\baicai\data\runtime\Cache\home\11e2f12d84b746b76491e3160c81a5b0.php 第 596 行.
NOTIC: [8] Undefined index: sc D:\repo\baicai\data\runtime\Cache\home\11e2f12d84b746b76491e3160c81a5b0.php 第 597 行.
NOTIC: [8] Undefined index: sc D:\repo\baicai\data\runtime\Cache\home\11e2f12d84b746b76491e3160c81a5b0.php 第 601 行.
NOTIC: [8] Undefined index: sc D:\repo\baicai\data\runtime\Cache\home\11e2f12d84b746b76491e3160c81a5b0.php 第 606 行.
SQL: SELECT `name` FROM `try_item_orig` WHERE id=50 LIMIT 1   [ RunTime:0.000000s ]
NOTIC: [8] Undefined index: sc D:\repo\baicai\data\runtime\Cache\home\11e2f12d84b746b76491e3160c81a5b0.php 第 612 行.
NOTIC: [8] Undefined index: sc D:\repo\baicai\data\runtime\Cache\home\11e2f12d84b746b76491e3160c81a5b0.php 第 612 行.
NOTIC: [8] Undefined index: sc D:\repo\baicai\data\runtime\Cache\home\11e2f12d84b746b76491e3160c81a5b0.php 第 612 行.
SQL: SELECT * FROM `try_go` WHERE ( `show` = 'zuramp_3h4jc3_yj04xk_052wvx' ) LIMIT 1   [ RunTime:0.007001s ]
NOTIC: [8] Undefined index: title D:\repo\baicai\data\runtime\Cache\home\11e2f12d84b746b76491e3160c81a5b0.php 第 618 行.
NOTIC: [8] Undefined index: sc D:\repo\baicai\data\runtime\Cache\home\11e2f12d84b746b76491e3160c81a5b0.php 第 596 行.
NOTIC: [8] Undefined index: sc D:\repo\baicai\data\runtime\Cache\home\11e2f12d84b746b76491e3160c81a5b0.php 第 597 行.
NOTIC: [8] Undefined index: sc D:\repo\baicai\data\runtime\Cache\home\11e2f12d84b746b76491e3160c81a5b0.php 第 601 行.
NOTIC: [8] Undefined index: sc D:\repo\baicai\data\runtime\Cache\home\11e2f12d84b746b76491e3160c81a5b0.php 第 606 行.
SQL: SELECT `name` FROM `try_item_orig` WHERE id=2 LIMIT 1   [ RunTime:0.001000s ]
NOTIC: [8] Undefined index: sc D:\repo\baicai\data\runtime\Cache\home\11e2f12d84b746b76491e3160c81a5b0.php 第 612 行.
NOTIC: [8] Undefined index: sc D:\repo\baicai\data\runtime\Cache\home\11e2f12d84b746b76491e3160c81a5b0.php 第 612 行.
NOTIC: [8] Undefined index: sc D:\repo\baicai\data\runtime\Cache\home\11e2f12d84b746b76491e3160c81a5b0.php 第 612 行.
SQL: SELECT * FROM `try_go` WHERE ( `show` = '14vylw_ggk4wo_21dc51_b4p5xi' ) LIMIT 1   [ RunTime:0.007001s ]
NOTIC: [8] Undefined index: title D:\repo\baicai\data\runtime\Cache\home\11e2f12d84b746b76491e3160c81a5b0.php 第 618 行.
NOTIC: [8] Undefined index: sc D:\repo\baicai\data\runtime\Cache\home\11e2f12d84b746b76491e3160c81a5b0.php 第 596 行.
NOTIC: [8] Undefined index: sc D:\repo\baicai\data\runtime\Cache\home\11e2f12d84b746b76491e3160c81a5b0.php 第 597 行.
NOTIC: [8] Undefined index: sc D:\repo\baicai\data\runtime\Cache\home\11e2f12d84b746b76491e3160c81a5b0.php 第 601 行.
NOTIC: [8] Undefined index: sc D:\repo\baicai\data\runtime\Cache\home\11e2f12d84b746b76491e3160c81a5b0.php 第 606 行.
SQL: SELECT `name` FROM `try_item_orig` WHERE id=3 LIMIT 1   [ RunTime:0.001000s ]
NOTIC: [8] Undefined index: sc D:\repo\baicai\data\runtime\Cache\home\11e2f12d84b746b76491e3160c81a5b0.php 第 612 行.
NOTIC: [8] Undefined index: sc D:\repo\baicai\data\runtime\Cache\home\11e2f12d84b746b76491e3160c81a5b0.php 第 612 行.
NOTIC: [8] Undefined index: sc D:\repo\baicai\data\runtime\Cache\home\11e2f12d84b746b76491e3160c81a5b0.php 第 612 行.
SQL: SELECT * FROM `try_go` WHERE ( `show` = 'xfp13w_ymigzu_0nmrwk_fum3or' ) LIMIT 1   [ RunTime:0.001000s ]
NOTIC: [8] Undefined index: title D:\repo\baicai\data\runtime\Cache\home\11e2f12d84b746b76491e3160c81a5b0.php 第 618 行.
NOTIC: [8] Undefined index: sc D:\repo\baicai\data\runtime\Cache\home\11e2f12d84b746b76491e3160c81a5b0.php 第 596 行.
NOTIC: [8] Undefined index: sc D:\repo\baicai\data\runtime\Cache\home\11e2f12d84b746b76491e3160c81a5b0.php 第 597 行.
NOTIC: [8] Undefined index: sc D:\repo\baicai\data\runtime\Cache\home\11e2f12d84b746b76491e3160c81a5b0.php 第 601 行.
NOTIC: [8] Undefined index: sc D:\repo\baicai\data\runtime\Cache\home\11e2f12d84b746b76491e3160c81a5b0.php 第 606 行.
SQL: SELECT `name` FROM `try_item_orig` WHERE id=19 LIMIT 1   [ RunTime:0.000000s ]
NOTIC: [8] Undefined index: sc D:\repo\baicai\data\runtime\Cache\home\11e2f12d84b746b76491e3160c81a5b0.php 第 612 行.
NOTIC: [8] Undefined index: sc D:\repo\baicai\data\runtime\Cache\home\11e2f12d84b746b76491e3160c81a5b0.php 第 612 行.
NOTIC: [8] Undefined index: sc D:\repo\baicai\data\runtime\Cache\home\11e2f12d84b746b76491e3160c81a5b0.php 第 612 行.
NOTIC: [8] Undefined index: sc D:\repo\baicai\data\runtime\Cache\home\11e2f12d84b746b76491e3160c81a5b0.php 第 596 行.
NOTIC: [8] Undefined index: sc D:\repo\baicai\data\runtime\Cache\home\11e2f12d84b746b76491e3160c81a5b0.php 第 597 行.
NOTIC: [8] Undefined index: sc D:\repo\baicai\data\runtime\Cache\home\11e2f12d84b746b76491e3160c81a5b0.php 第 601 行.
NOTIC: [8] Undefined index: sc D:\repo\baicai\data\runtime\Cache\home\11e2f12d84b746b76491e3160c81a5b0.php 第 606 行.
SQL: SELECT `name` FROM `try_item_orig` WHERE id=19 LIMIT 1   [ RunTime:0.000000s ]
NOTIC: [8] Undefined index: sc D:\repo\baicai\data\runtime\Cache\home\11e2f12d84b746b76491e3160c81a5b0.php 第 612 行.
NOTIC: [8] Undefined index: sc D:\repo\baicai\data\runtime\Cache\home\11e2f12d84b746b76491e3160c81a5b0.php 第 612 行.
NOTIC: [8] Undefined index: sc D:\repo\baicai\data\runtime\Cache\home\11e2f12d84b746b76491e3160c81a5b0.php 第 612 行.
NOTIC: [8] Undefined index: sc D:\repo\baicai\data\runtime\Cache\home\11e2f12d84b746b76491e3160c81a5b0.php 第 596 行.
NOTIC: [8] Undefined index: sc D:\repo\baicai\data\runtime\Cache\home\11e2f12d84b746b76491e3160c81a5b0.php 第 597 行.
NOTIC: [8] Undefined index: sc D:\repo\baicai\data\runtime\Cache\home\11e2f12d84b746b76491e3160c81a5b0.php 第 601 行.
NOTIC: [8] Undefined index: sc D:\repo\baicai\data\runtime\Cache\home\11e2f12d84b746b76491e3160c81a5b0.php 第 606 行.
SQL: SELECT `name` FROM `try_item_orig` WHERE id=19 LIMIT 1   [ RunTime:0.000000s ]
NOTIC: [8] Undefined index: sc D:\repo\baicai\data\runtime\Cache\home\11e2f12d84b746b76491e3160c81a5b0.php 第 612 行.
NOTIC: [8] Undefined index: sc D:\repo\baicai\data\runtime\Cache\home\11e2f12d84b746b76491e3160c81a5b0.php 第 612 行.
NOTIC: [8] Undefined index: sc D:\repo\baicai\data\runtime\Cache\home\11e2f12d84b746b76491e3160c81a5b0.php 第 612 行.
NOTIC: [8] Undefined index: sc D:\repo\baicai\data\runtime\Cache\home\11e2f12d84b746b76491e3160c81a5b0.php 第 596 行.
NOTIC: [8] Undefined index: sc D:\repo\baicai\data\runtime\Cache\home\11e2f12d84b746b76491e3160c81a5b0.php 第 597 行.
NOTIC: [8] Undefined index: sc D:\repo\baicai\data\runtime\Cache\home\11e2f12d84b746b76491e3160c81a5b0.php 第 601 行.
NOTIC: [8] Undefined index: sc D:\repo\baicai\data\runtime\Cache\home\11e2f12d84b746b76491e3160c81a5b0.php 第 606 行.
SQL: SELECT `name` FROM `try_item_orig` WHERE id=19 LIMIT 1   [ RunTime:0.001000s ]
NOTIC: [8] Undefined index: sc D:\repo\baicai\data\runtime\Cache\home\11e2f12d84b746b76491e3160c81a5b0.php 第 612 行.
NOTIC: [8] Undefined index: sc D:\repo\baicai\data\runtime\Cache\home\11e2f12d84b746b76491e3160c81a5b0.php 第 612 行.
NOTIC: [8] Undefined index: sc D:\repo\baicai\data\runtime\Cache\home\11e2f12d84b746b76491e3160c81a5b0.php 第 612 行.
NOTIC: [8] Undefined index: sc D:\repo\baicai\data\runtime\Cache\home\11e2f12d84b746b76491e3160c81a5b0.php 第 596 行.
NOTIC: [8] Undefined index: sc D:\repo\baicai\data\runtime\Cache\home\11e2f12d84b746b76491e3160c81a5b0.php 第 597 行.
NOTIC: [8] Undefined index: sc D:\repo\baicai\data\runtime\Cache\home\11e2f12d84b746b76491e3160c81a5b0.php 第 601 行.
NOTIC: [8] Undefined index: sc D:\repo\baicai\data\runtime\Cache\home\11e2f12d84b746b76491e3160c81a5b0.php 第 606 行.
SQL: SELECT `name` FROM `try_item_orig` WHERE id=19 LIMIT 1   [ RunTime:0.001000s ]
NOTIC: [8] Undefined index: sc D:\repo\baicai\data\runtime\Cache\home\11e2f12d84b746b76491e3160c81a5b0.php 第 612 行.
NOTIC: [8] Undefined index: sc D:\repo\baicai\data\runtime\Cache\home\11e2f12d84b746b76491e3160c81a5b0.php 第 612 行.
NOTIC: [8] Undefined index: sc D:\repo\baicai\data\runtime\Cache\home\11e2f12d84b746b76491e3160c81a5b0.php 第 612 行.
NOTIC: [8] Undefined index: follow D:\repo\baicai\data\runtime\Cache\home\11e2f12d84b746b76491e3160c81a5b0.php 第 830 行.
NOTIC: [2] fopen(http://img.baicaio.com/data/upload/avatar/000/19/27/a5c1ecaadd6ace0e9222a1b20cf6f0b2.jpg): failed to open stream: HTTP request failed! HTTP/1.1 404 Not Found
 D:\repo\baicai\app\Common\common.php 第 247 行.
NOTIC: [8] Undefined index: follow D:\repo\baicai\data\runtime\Cache\home\11e2f12d84b746b76491e3160c81a5b0.php 第 843 行.
NOTIC: [8] Undefined index: follow D:\repo\baicai\data\runtime\Cache\home\11e2f12d84b746b76491e3160c81a5b0.php 第 843 行.
NOTIC: [2] fopen(http://img.baicaio.com/data/upload/avatar/000/19/27/35f94626a3c8956ff4b1e837f3a8aff0.jpg): failed to open stream: HTTP request failed! HTTP/1.1 404 Not Found
 D:\repo\baicai\app\Common\common.php 第 247 行.
NOTIC: [8] Undefined index: follow D:\repo\baicai\data\runtime\Cache\home\11e2f12d84b746b76491e3160c81a5b0.php 第 843 行.
NOTIC: [8] Undefined index: follow D:\repo\baicai\data\runtime\Cache\home\11e2f12d84b746b76491e3160c81a5b0.php 第 843 行.
SQL: SELECT * FROM `try_adboard` WHERE ( `id` = 2 ) AND ( `status` = 1 ) LIMIT 1   [ RunTime:0.001000s ]
SQL: SELECT `id`,`type`,`name`,`url`,`content`,`desc`,`extimg`,`extval` FROM `try_ad` WHERE ( `board_id` = 2 ) AND ( `start_time` <= 1512627291 ) AND ( `end_time` >= 1512627291 ) AND ( `status` = 1 ) ORDER BY ordid  [ RunTime:0.002000s ]
NOTIC: [2] Invalid argument supplied for foreach() D:\repo\baicai\app\Lib\Widget\advertWidget.class.php 第 22 行.
INFO: [ view_template ] --START--
INFO: Run basic_template Behavior [ RunTime:-3.911223s ]
INFO: [ view_template ] --END-- [ RunTime:-1.178067s ]
INFO: [ view_parse ] --START--
INFO: Run ParseTemplate Behavior [ RunTime:-3.912223s ]
INFO: [ view_parse ] --END-- [ RunTime:-1.026058s ]
INFO: [ view_filter ] --START--
INFO: Run ContentReplace Behavior [ RunTime:-3.917224s ]
INFO: Run TokenBuild Behavior [ RunTime:-3.917224s ]
INFO: Run WriteHtmlCache Behavior [ RunTime:-3.917224s ]
INFO: Run ShowRuntime Behavior [ RunTime:-3.917224s ]
INFO: Run content_replace Behavior [ RunTime:-3.917224s ]
INFO: [ view_filter ] --END-- [ RunTime:-1.028059s ]
INFO: [ view_end ] --START--
INFO: Run ShowPageTrace Behavior [ RunTime:-3.917224s ]
INFO: [ view_end ] --END-- [ RunTime:-1.027059s ]
SQL: SHOW COLUMNS FROM `try_tick` [ RunTime:0.010000s ]
SQL: SELECT * FROM `try_tick` WHERE start_time < NOW() and end_time > NOW() and sy != 0 ORDER BY yl desc,id desc LIMIT 3   [ RunTime:0.001000s ]
SQL: SELECT `img_url` FROM `try_item_orig` WHERE id=16 LIMIT 1   [ RunTime:0.001001s ]
SQL: SELECT `img_url` FROM `try_item_orig` WHERE id=2 LIMIT 1   [ RunTime:0.001000s ]
SQL: SELECT * FROM `try_adboard` WHERE ( `id` = 10 ) AND ( `status` = 1 ) LIMIT 1   [ RunTime:0.001000s ]
SQL: SELECT `id`,`type`,`name`,`url`,`content`,`desc`,`extimg`,`extval` FROM `try_ad` WHERE ( `board_id` = 10 ) AND ( `start_time` <= 1512627291 ) AND ( `end_time` >= 1512627291 ) AND ( `status` = 1 ) ORDER BY ordid  [ RunTime:0.001000s ]
NOTIC: [2] Invalid argument supplied for foreach() D:\repo\baicai\app\Lib\Widget\advertWidget.class.php 第 22 行.
INFO: [ view_template ] --START--
INFO: Run basic_template Behavior [ RunTime:-3.944225s ]
INFO: [ view_template ] --END-- [ RunTime:-1.211069s ]
INFO: [ view_parse ] --START--
INFO: Run ParseTemplate Behavior [ RunTime:-3.945225s ]
INFO: [ view_parse ] --END-- [ RunTime:-1.059060s ]
INFO: [ view_filter ] --START--
INFO: Run ContentReplace Behavior [ RunTime:-3.948226s ]
INFO: Run TokenBuild Behavior [ RunTime:-3.948226s ]
INFO: Run WriteHtmlCache Behavior [ RunTime:-3.948226s ]
INFO: Run ShowRuntime Behavior [ RunTime:-3.948226s ]
INFO: Run content_replace Behavior [ RunTime:-3.948226s ]
INFO: [ view_filter ] --END-- [ RunTime:-1.059061s ]
INFO: [ view_end ] --START--
INFO: Run ShowPageTrace Behavior [ RunTime:-3.948226s ]
INFO: [ view_end ] --END-- [ RunTime:-1.058061s ]
SQL: SELECT * FROM `try_adboard` WHERE ( `id` = 15 ) AND ( `status` = 1 ) LIMIT 1   [ RunTime:0.001000s ]
SQL: SELECT `id`,`type`,`name`,`url`,`content`,`desc`,`extimg`,`extval` FROM `try_ad` WHERE ( `board_id` = 15 ) AND ( `start_time` <= 1512627291 ) AND ( `end_time` >= 1512627291 ) AND ( `status` = 1 ) ORDER BY ordid  [ RunTime:0.001000s ]
INFO: [ view_template ] --START--
INFO: Run basic_template Behavior [ RunTime:-3.953226s ]
INFO: [ view_template ] --END-- [ RunTime:-1.220070s ]
INFO: [ view_parse ] --START--
INFO: Run ParseTemplate Behavior [ RunTime:-3.954226s ]
INFO: [ view_parse ] --END-- [ RunTime:-1.068061s ]
INFO: [ view_filter ] --START--
INFO: Run ContentReplace Behavior [ RunTime:-3.957226s ]
INFO: Run TokenBuild Behavior [ RunTime:-3.957226s ]
INFO: Run WriteHtmlCache Behavior [ RunTime:-3.957226s ]
INFO: Run ShowRuntime Behavior [ RunTime:-3.957226s ]
INFO: Run content_replace Behavior [ RunTime:-3.957226s ]
INFO: [ view_filter ] --END-- [ RunTime:-1.068061s ]
INFO: [ view_end ] --START--
INFO: Run ShowPageTrace Behavior [ RunTime:-3.957226s ]
INFO: [ view_end ] --END-- [ RunTime:-1.067061s ]
SQL: SHOW COLUMNS FROM `try_flink` [ RunTime:0.006001s ]
SQL: SELECT * FROM `try_flink` WHERE cate_id=1 and status=1  [ RunTime:0.001000s ]
INFO: Run ParseTemplate Behavior [ RunTime:-3.957226s ]
INFO: [ view_parse ] --END-- [ RunTime:-1.068061s ]
INFO: [ view_filter ] --START--
INFO: Run ContentReplace Behavior [ RunTime:-3.971227s ]
INFO: Run TokenBuild Behavior [ RunTime:-3.972227s ]
INFO: Run WriteHtmlCache Behavior [ RunTime:-3.972227s ]
INFO: Run ShowRuntime Behavior [ RunTime:-3.972227s ]
INFO: Run content_replace Behavior [ RunTime:-3.972227s ]
INFO: [ view_filter ] --END-- [ RunTime:-1.082062s ]
INFO: [ view_end ] --START--
INFO: Run ShowPageTrace Behavior [ RunTime:-3.972227s ]
INFO: [ view_end ] --END-- [ RunTime:-1.082062s ]

[ 2017-12-07T14:59:43+08:00 ] ERR: (ThinkException) 无法加载模块:ueditor/php/upload/image/192792/20170410/1491800341338107
[ 2017-12-07T15:01:34+08:00 ] ERR: (ThinkException) 无法加载模块:ueditor/php/upload/image/192792/20170410/1491800341338107
[ 2017-12-07T15:01:41+08:00 ] ERR: (ThinkException) 无法加载模块:ueditor/php/upload/image/192792/20170410/1491800341338107
[ 2017-12-07T15:02:26+08:00 ] ERR: (ThinkException) 无法加载模块:ueditor/php/upload/image/192792/20170410/1491800341338107
[ 2017-12-07T15:02:27+08:00 ] ERR: (ThinkException) 无法加载模块:ueditor/php/upload/image/192792/20170410/1491800341338107
[ 2017-12-07T15:02:27+08:00 ] ERR: (ThinkException) 无法加载模块:ueditor/php/upload/image/192792/20170410/1491800341338107
[ 2017-12-07T15:02:28+08:00 ] ERR: (ThinkException) 无法加载模块:ueditor/php/upload/image/192792/20170410/1491800341338107
[ 2017-12-07T15:03:03+08:00 ] ERR: (ThinkException) 无法加载模块:ueditor/php/upload/image/192792/20170410/1491800341338107
[ 2017-12-07T15:07:02+08:00 ] ERR: (ThinkException) 无法加载模块:ueditor/php/upload/image/192792/20170410/1491800341338107
[ 2017-12-07T15:07:03+08:00 ] ERR: (ThinkException) 无法加载模块:ueditor/php/upload/image/192792/20170410/1491800341338107
[ 2017-12-07T15:07:04+08:00 ] ERR: (ThinkException) 无法加载模块:ueditor/php/upload/image/192792/20170410/1491800341338107
[ 2017-12-07T15:07:05+08:00 ] ERR: (ThinkException) 无法加载模块:ueditor/php/upload/image/192792/20170410/1491800341338107
[ 2017-12-07T15:07:06+08:00 ] ERR: (ThinkException) 无法加载模块:ueditor/php/upload/image/192792/20170410/1491800341338107
[ 2017-12-07T15:07:06+08:00 ] ERR: (ThinkException) 无法加载模块:ueditor/php/upload/image/192792/20170410/1491800341338107
[ 2017-12-07T15:07:59+08:00 ] ERR: (ThinkException) 无法加载模块:ueditor/php/upload/image/192792/20170410/1491800341338107
[ 2017-12-07T15:08:00+08:00 ] ERR: (ThinkException) 无法加载模块:ueditor/php/upload/image/192792/20170410/1491800341338107
[ 2017-12-07T15:08:01+08:00 ] ERR: (ThinkException) 无法加载模块:ueditor/php/upload/image/192792/20170410/1491800341338107
[ 2017-12-07T15:09:51+08:00 ] ERR: (ThinkException) 无法加载模块:ueditor/php/upload/image/192792/20170410/1491800341338107
[ 2017-12-07T15:09:52+08:00 ] ERR: (ThinkException) 无法加载模块:ueditor/php/upload/image/192792/20170410/1491800341338107
[ 2017-12-07T15:09:57+08:00 ] ERR: (ThinkException) 无法加载模块:ueditor/php/upload/image/192792/20170410/1491800341338107
[ 2017-12-07T15:09:58+08:00 ] ERR: (ThinkException) 无法加载模块:ueditor/php/upload/image/192792/20170410/1491800341338107
[ 2017-12-07T15:09:59+08:00 ] ERR: (ThinkException) 无法加载模块:ueditor/php/upload/image/192792/20170410/1491800341338107
[ 2017-12-07T15:10:00+08:00 ] ERR: (ThinkException) 无法加载模块:ueditor/php/upload/image/192792/20170410/1491800341338107
[ 2017-12-07T15:10:50+08:00 ] ERR: (ThinkException) 无法加载模块:ueditor/php/upload/image/192792/20170410/1491800341338107
[ 2017-12-07T15:10:51+08:00 ] ERR: (ThinkException) 无法加载模块:ueditor/php/upload/image/192792/20170410/1491800341338107
[ 2017-12-07T15:11:27+08:00 ] ERR: (ThinkException) 无法加载模块:ueditor/php/upload/image/192792/20170410/1491800341338107
[ 2017-12-07T15:11:55+08:00 ] ERR: (ThinkException) 无法加载模块:ueditor/php/upload/image/192792/20170410/1491800341338107
