[ 2017-12-21T10:20:08+08:00 ] 127.0.0.1 /
INFO: [ app_begin ] --START--
INFO: Run ReadHtmlCache Behavior [ RunTime:0.001000s ]
INFO: Run check_ipban Behavior [ RunTime:-0.001000s ]
INFO: Run load_lang Behavior [ RunTime:-0.006000s ]
INFO: [ app_begin ] --END-- [ RunTime:0.011000s ]
SQL: SHOW COLUMNS FROM `try_item` [ RunTime:0.012001s ]
SQL: SELECT * FROM `try_item` WHERE status=1 and isfront=1 and add_time<1513822803  and isnice=1  ORDER BY  add_time desc LIMIT 0,18   [ RunTime:1.391080s ]
SQL: SELECT * FROM `try_item` WHERE status=1 and add_time<1513822803  and isnice=1  ORDER BY  add_time desc LIMIT 0,18   [ RunTime:0.340019s ]
NOTIC: [2] Invalid argument supplied for foreach() D:\repo\baicai\app\Lib\Action\home\indexAction.class.php 第 77 行.
SQL: SHOW COLUMNS FROM `try_article` [ RunTime:0.009001s ]
SQL: SELECT * FROM `try_article` WHERE add_time > 1492492391 and add_time < 1510415999 and status=4  [ RunTime:0.001000s ]
SQL: select distinct uid as id,uname,sum(score) as num from try_score_log where add_time>1513785600 and add_time<1513872000 group by uname order by num desc,uid asc limit 4 [ RunTime:0.004000s ]
SQL: select distinct uid as id,uname,sum(score) as num from try_score_log where add_time>1512057600 and add_time<1513822805 group by uname order by num desc,uid asc limit 4 [ RunTime:0.001000s ]
SQL: SHOW COLUMNS FROM `try_user` [ RunTime:0.010001s ]
SQL: SELECT `id`,`username`,`score` FROM `try_user` ORDER BY score desc,id asc LIMIT 4   [ RunTime:0.025001s ]
SQL: SELECT * FROM `try_user` WHERE ( `id` = 192793 ) LIMIT 1   [ RunTime:0.002000s ]
SQL: SHOW COLUMNS FROM `try_user_follow` [ RunTime:0.007001s ]
SQL: SELECT * FROM `try_user_follow` WHERE uid=192793  [ RunTime:0.001000s ]
NOTIC: [2] Invalid argument supplied for foreach() D:\repo\baicai\app\Lib\Action\home\indexAction.class.php 第 115 行.
NOTIC: [2] Invalid argument supplied for foreach() D:\repo\baicai\app\Lib\Action\home\indexAction.class.php 第 122 行.
NOTIC: [2] Invalid argument supplied for foreach() D:\repo\baicai\app\Lib\Action\home\indexAction.class.php 第 122 行.
NOTIC: [2] Invalid argument supplied for foreach() D:\repo\baicai\app\Lib\Action\home\indexAction.class.php 第 122 行.
NOTIC: [2] Invalid argument supplied for foreach() D:\repo\baicai\app\Lib\Action\home\indexAction.class.php 第 122 行.
SQL: SHOW COLUMNS FROM `try_hd` [ RunTime:0.009001s ]
SQL: SELECT * FROM `try_hd` ORDER BY order_s asc,id desc LIMIT 8   [ RunTime:0.001000s ]
SQL: SELECT * FROM `try_item` WHERE istop = 1 ORDER BY id desc LIMIT 8   [ RunTime:0.980056s ]
SQL: SELECT id,title,img,price from try_item  WHERE add_time between 1513819206 and 1513822806 ORDER BY hits desc LIMIT 9 [ RunTime:0.273015s ]
SQL: SELECT id,title,img,price from try_item  WHERE add_time between 1513736406 and 1513822806 ORDER BY hits desc LIMIT 9 [ RunTime:0.306018s ]
INFO: [ view_template ] --START--
INFO: Run basic_template Behavior [ RunTime:-4.446254s ]
INFO: [ view_template ] --END-- [ RunTime:0.002000s ]
INFO: [ view_parse ] --START--
INFO: [ view_template ] --START--
INFO: Run basic_template Behavior [ RunTime:-4.452254s ]
INFO: [ view_template ] --END-- [ RunTime:-0.004000s ]
INFO: [ view_template ] --START--
INFO: Run basic_template Behavior [ RunTime:-4.454254s ]
INFO: [ view_template ] --END-- [ RunTime:-0.006000s ]
INFO: [ view_template ] --START--
INFO: Run basic_template Behavior [ RunTime:-4.456255s ]
INFO: [ view_template ] --END-- [ RunTime:-0.008001s ]
INFO: [ view_template ] --START--
INFO: Run basic_template Behavior [ RunTime:-4.457255s ]
INFO: [ view_template ] --END-- [ RunTime:-0.009001s ]
INFO: [ view_template ] --START--
INFO: Run basic_template Behavior [ RunTime:-4.459255s ]
INFO: [ view_template ] --END-- [ RunTime:-0.011001s ]
INFO: [ view_template ] --START--
INFO: Run basic_template Behavior [ RunTime:-4.460255s ]
INFO: [ view_template ] --END-- [ RunTime:-0.012001s ]
INFO: [ view_template ] --START--
INFO: Run basic_template Behavior [ RunTime:-4.462255s ]
INFO: [ view_template ] --END-- [ RunTime:-0.013001s ]
INFO: [ view_template ] --START--
INFO: Run basic_template Behavior [ RunTime:-4.463255s ]
INFO: [ view_template ] --END-- [ RunTime:-0.015001s ]
INFO: [ view_template ] --START--
INFO: Run basic_template Behavior [ RunTime:-4.464255s ]
INFO: [ view_template ] --END-- [ RunTime:-0.016001s ]
SQL: SHOW COLUMNS FROM `try_item_cate` [ RunTime:0.008001s ]
SQL: SELECT * FROM `try_item_cate` WHERE pid=0 and is_index=1  [ RunTime:0.002000s ]
SQL: SELECT * FROM `try_item_cate` WHERE pid=0 and status=1  [ RunTime:0.002000s ]
NOTIC: [8] Undefined variable: tp D:\repo\baicai\data\runtime\Cache\home\11e2f12d84b746b76491e3160c81a5b0.php 第 174 行.
NOTIC: [8] Undefined variable: tp D:\repo\baicai\data\runtime\Cache\home\11e2f12d84b746b76491e3160c81a5b0.php 第 175 行.
NOTIC: [8] Undefined variable: tp D:\repo\baicai\data\runtime\Cache\home\11e2f12d84b746b76491e3160c81a5b0.php 第 177 行.
NOTIC: [8] Undefined variable: strpos1 D:\repo\baicai\data\runtime\Cache\home\11e2f12d84b746b76491e3160c81a5b0.php 第 197 行.
NOTIC: [8] Undefined index: taobao_hongbao20171212 D:\repo\baicai\data\runtime\Cache\home\11e2f12d84b746b76491e3160c81a5b0.php 第 249 行.
SQL: SHOW COLUMNS FROM `try_item_orig` [ RunTime:0.009001s ]
SQL: SELECT * FROM `try_item_orig` ORDER BY ordid asc LIMIT 12   [ RunTime:0.002000s ]
SQL: SHOW COLUMNS FROM `try_ad` [ RunTime:0.009001s ]
SQL: SELECT * FROM `try_ad` WHERE status=1 AND board_id=1  [ RunTime:0.001000s ]
SQL: SELECT COUNT(*) AS tp_count FROM `try_ad` WHERE status=1 AND board_id=1 LIMIT 1   [ RunTime:0.001000s ]
NOTIC: [8] Undefined variable: html D:\repo\baicai\data\runtime\Cache\home\11e2f12d84b746b76491e3160c81a5b0.php 第 285 行.
NOTIC: [8] Undefined variable: htmlA D:\repo\baicai\data\runtime\Cache\home\11e2f12d84b746b76491e3160c81a5b0.php 第 291 行.
NOTIC: [8] Use of undefined constant url - assumed 'url' D:\repo\baicai\data\runtime\Cache\home\11e2f12d84b746b76491e3160c81a5b0.php 第 291 行.
NOTIC: [8] Use of undefined constant name - assumed 'name' D:\repo\baicai\data\runtime\Cache\home\11e2f12d84b746b76491e3160c81a5b0.php 第 291 行.
NOTIC: [8] Use of undefined constant content - assumed 'content' D:\repo\baicai\data\runtime\Cache\home\11e2f12d84b746b76491e3160c81a5b0.php 第 291 行.
NOTIC: [8] Use of undefined constant url - assumed 'url' D:\repo\baicai\data\runtime\Cache\home\11e2f12d84b746b76491e3160c81a5b0.php 第 291 行.
NOTIC: [8] Undefined offset: 1 D:\repo\baicai\data\runtime\Cache\home\11e2f12d84b746b76491e3160c81a5b0.php 第 291 行.
NOTIC: [8] Use of undefined constant name - assumed 'name' D:\repo\baicai\data\runtime\Cache\home\11e2f12d84b746b76491e3160c81a5b0.php 第 291 行.
NOTIC: [8] Undefined offset: 1 D:\repo\baicai\data\runtime\Cache\home\11e2f12d84b746b76491e3160c81a5b0.php 第 291 行.
NOTIC: [8] Use of undefined constant content - assumed 'content' D:\repo\baicai\data\runtime\Cache\home\11e2f12d84b746b76491e3160c81a5b0.php 第 291 行.
NOTIC: [8] Undefined offset: 1 D:\repo\baicai\data\runtime\Cache\home\11e2f12d84b746b76491e3160c81a5b0.php 第 291 行.
SQL: SHOW COLUMNS FROM `try_adboard` [ RunTime:0.007001s ]
SQL: SELECT * FROM `try_adboard` WHERE ( `id` = 17 ) AND ( `status` = 1 ) LIMIT 1   [ RunTime:0.001000s ]
SQL: SELECT `id`,`type`,`name`,`url`,`content`,`desc`,`extimg`,`extval` FROM `try_ad` WHERE ( `board_id` = 17 ) AND ( `start_time` <= 1513822807 ) AND ( `end_time` >= 1513822807 ) AND ( `status` = 1 ) ORDER BY ordid  [ RunTime:0.001000s ]
NOTIC: [2] Invalid argument supplied for foreach() D:\repo\baicai\app\Lib\Widget\advertWidget.class.php 第 22 行.
INFO: [ view_template ] --START--
INFO: Run basic_template Behavior [ RunTime:-4.810275s ]
INFO: [ view_template ] --END-- [ RunTime:-0.362021s ]
INFO: [ view_parse ] --START--
INFO: Run ParseTemplate Behavior [ RunTime:-4.811275s ]
INFO: [ view_parse ] --END-- [ RunTime:0.004000s ]
INFO: [ view_filter ] --START--
INFO: Run ContentReplace Behavior [ RunTime:-4.815275s ]
INFO: Run TokenBuild Behavior [ RunTime:-4.816275s ]
INFO: Run WriteHtmlCache Behavior [ RunTime:-4.817275s ]
INFO: Run ShowRuntime Behavior [ RunTime:-4.817275s ]
INFO: Run content_replace Behavior [ RunTime:-4.818275s ]
INFO: [ view_filter ] --END-- [ RunTime:0.004000s ]
INFO: [ view_end ] --START--
INFO: Run ShowPageTrace Behavior [ RunTime:-4.819275s ]
INFO: [ view_end ] --END-- [ RunTime:0.001000s ]
SQL: SELECT * FROM `try_ad` WHERE ( `board_id` = 17 ) AND ( `start_time` <= 1513822807 ) AND ( `end_time` >= 1513822807 ) AND ( `status` = 1 )  [ RunTime:0.002000s ]
SQL: SELECT COUNT(*) AS tp_count FROM `try_ad` WHERE ( `board_id` = 17 ) AND ( `start_time` <= 1513822807 ) AND ( `end_time` >= 1513822807 ) AND ( `status` = 1 ) LIMIT 1   [ RunTime:0.001001s ]
NOTIC: [8] Use of undefined constant url - assumed 'url' D:\repo\baicai\data\runtime\Cache\home\11e2f12d84b746b76491e3160c81a5b0.php 第 311 行.
NOTIC: [8] Use of undefined constant name - assumed 'name' D:\repo\baicai\data\runtime\Cache\home\11e2f12d84b746b76491e3160c81a5b0.php 第 311 行.
NOTIC: [8] Use of undefined constant content - assumed 'content' D:\repo\baicai\data\runtime\Cache\home\11e2f12d84b746b76491e3160c81a5b0.php 第 311 行.
NOTIC: [8] Use of undefined constant isnice - assumed 'isnice' D:\repo\baicai\data\runtime\Cache\home\11e2f12d84b746b76491e3160c81a5b0.php 第 480 行.
NOTIC: [8] Use of undefined constant isbao - assumed 'isbao' D:\repo\baicai\data\runtime\Cache\home\11e2f12d84b746b76491e3160c81a5b0.php 第 480 行.
NOTIC: [8] Use of undefined constant lb - assumed 'lb' D:\repo\baicai\data\runtime\Cache\home\11e2f12d84b746b76491e3160c81a5b0.php 第 735 行.
NOTIC: [8] Undefined index: sc D:\repo\baicai\data\runtime\Cache\home\11e2f12d84b746b76491e3160c81a5b0.php 第 739 行.
NOTIC: [8] Undefined index: sc D:\repo\baicai\data\runtime\Cache\home\11e2f12d84b746b76491e3160c81a5b0.php 第 740 行.
NOTIC: [8] Undefined index: sc D:\repo\baicai\data\runtime\Cache\home\11e2f12d84b746b76491e3160c81a5b0.php 第 744 行.
NOTIC: [8] Undefined index: sc D:\repo\baicai\data\runtime\Cache\home\11e2f12d84b746b76491e3160c81a5b0.php 第 749 行.
SQL: SELECT `name` FROM `try_item_orig` WHERE id=857 LIMIT 1   [ RunTime:0.003000s ]
NOTIC: [8] Undefined index: sc D:\repo\baicai\data\runtime\Cache\home\11e2f12d84b746b76491e3160c81a5b0.php 第 755 行.
NOTIC: [8] Undefined index: sc D:\repo\baicai\data\runtime\Cache\home\11e2f12d84b746b76491e3160c81a5b0.php 第 755 行.
NOTIC: [8] Undefined index: sc D:\repo\baicai\data\runtime\Cache\home\11e2f12d84b746b76491e3160c81a5b0.php 第 755 行.
NOTIC: [8] Undefined index: sc D:\repo\baicai\data\runtime\Cache\home\11e2f12d84b746b76491e3160c81a5b0.php 第 739 行.
NOTIC: [8] Undefined index: sc D:\repo\baicai\data\runtime\Cache\home\11e2f12d84b746b76491e3160c81a5b0.php 第 740 行.
NOTIC: [8] Undefined index: sc D:\repo\baicai\data\runtime\Cache\home\11e2f12d84b746b76491e3160c81a5b0.php 第 744 行.
NOTIC: [8] Undefined index: sc D:\repo\baicai\data\runtime\Cache\home\11e2f12d84b746b76491e3160c81a5b0.php 第 749 行.
SQL: SELECT `name` FROM `try_item_orig` WHERE id=857 LIMIT 1   [ RunTime:0.001000s ]
NOTIC: [8] Undefined index: sc D:\repo\baicai\data\runtime\Cache\home\11e2f12d84b746b76491e3160c81a5b0.php 第 755 行.
NOTIC: [8] Undefined index: sc D:\repo\baicai\data\runtime\Cache\home\11e2f12d84b746b76491e3160c81a5b0.php 第 755 行.
NOTIC: [8] Undefined index: sc D:\repo\baicai\data\runtime\Cache\home\11e2f12d84b746b76491e3160c81a5b0.php 第 755 行.
NOTIC: [8] Undefined index: sc D:\repo\baicai\data\runtime\Cache\home\11e2f12d84b746b76491e3160c81a5b0.php 第 739 行.
NOTIC: [8] Undefined index: sc D:\repo\baicai\data\runtime\Cache\home\11e2f12d84b746b76491e3160c81a5b0.php 第 740 行.
NOTIC: [8] Undefined index: sc D:\repo\baicai\data\runtime\Cache\home\11e2f12d84b746b76491e3160c81a5b0.php 第 744 行.
NOTIC: [8] Undefined index: sc D:\repo\baicai\data\runtime\Cache\home\11e2f12d84b746b76491e3160c81a5b0.php 第 749 行.
SQL: SELECT `name` FROM `try_item_orig` WHERE id=857 LIMIT 1   [ RunTime:0.001000s ]
NOTIC: [8] Undefined index: sc D:\repo\baicai\data\runtime\Cache\home\11e2f12d84b746b76491e3160c81a5b0.php 第 755 行.
NOTIC: [8] Undefined index: sc D:\repo\baicai\data\runtime\Cache\home\11e2f12d84b746b76491e3160c81a5b0.php 第 755 行.
NOTIC: [8] Undefined index: sc D:\repo\baicai\data\runtime\Cache\home\11e2f12d84b746b76491e3160c81a5b0.php 第 755 行.
NOTIC: [8] Undefined index: sc D:\repo\baicai\data\runtime\Cache\home\11e2f12d84b746b76491e3160c81a5b0.php 第 739 行.
NOTIC: [8] Undefined index: sc D:\repo\baicai\data\runtime\Cache\home\11e2f12d84b746b76491e3160c81a5b0.php 第 740 行.
NOTIC: [8] Undefined index: sc D:\repo\baicai\data\runtime\Cache\home\11e2f12d84b746b76491e3160c81a5b0.php 第 744 行.
NOTIC: [8] Undefined index: sc D:\repo\baicai\data\runtime\Cache\home\11e2f12d84b746b76491e3160c81a5b0.php 第 749 行.
SQL: SELECT `name` FROM `try_item_orig` WHERE id=857 LIMIT 1   [ RunTime:0.001000s ]
NOTIC: [8] Undefined index: sc D:\repo\baicai\data\runtime\Cache\home\11e2f12d84b746b76491e3160c81a5b0.php 第 755 行.
NOTIC: [8] Undefined index: sc D:\repo\baicai\data\runtime\Cache\home\11e2f12d84b746b76491e3160c81a5b0.php 第 755 行.
NOTIC: [8] Undefined index: sc D:\repo\baicai\data\runtime\Cache\home\11e2f12d84b746b76491e3160c81a5b0.php 第 755 行.
NOTIC: [8] Undefined index: sc D:\repo\baicai\data\runtime\Cache\home\11e2f12d84b746b76491e3160c81a5b0.php 第 739 行.
NOTIC: [8] Undefined index: sc D:\repo\baicai\data\runtime\Cache\home\11e2f12d84b746b76491e3160c81a5b0.php 第 740 行.
NOTIC: [8] Undefined index: sc D:\repo\baicai\data\runtime\Cache\home\11e2f12d84b746b76491e3160c81a5b0.php 第 744 行.
NOTIC: [8] Undefined index: sc D:\repo\baicai\data\runtime\Cache\home\11e2f12d84b746b76491e3160c81a5b0.php 第 749 行.
SQL: SELECT `name` FROM `try_item_orig` WHERE id=19 LIMIT 1   [ RunTime:0.001000s ]
NOTIC: [8] Undefined index: sc D:\repo\baicai\data\runtime\Cache\home\11e2f12d84b746b76491e3160c81a5b0.php 第 755 行.
NOTIC: [8] Undefined index: sc D:\repo\baicai\data\runtime\Cache\home\11e2f12d84b746b76491e3160c81a5b0.php 第 755 行.
NOTIC: [8] Undefined index: sc D:\repo\baicai\data\runtime\Cache\home\11e2f12d84b746b76491e3160c81a5b0.php 第 755 行.
NOTIC: [8] Undefined index: sc D:\repo\baicai\data\runtime\Cache\home\11e2f12d84b746b76491e3160c81a5b0.php 第 739 行.
NOTIC: [8] Undefined index: sc D:\repo\baicai\data\runtime\Cache\home\11e2f12d84b746b76491e3160c81a5b0.php 第 740 行.
NOTIC: [8] Undefined index: sc D:\repo\baicai\data\runtime\Cache\home\11e2f12d84b746b76491e3160c81a5b0.php 第 744 行.
NOTIC: [8] Undefined index: sc D:\repo\baicai\data\runtime\Cache\home\11e2f12d84b746b76491e3160c81a5b0.php 第 749 行.
SQL: SELECT `name` FROM `try_item_orig` WHERE id=19 LIMIT 1   [ RunTime:0.001000s ]
NOTIC: [8] Undefined index: sc D:\repo\baicai\data\runtime\Cache\home\11e2f12d84b746b76491e3160c81a5b0.php 第 755 行.
NOTIC: [8] Undefined index: sc D:\repo\baicai\data\runtime\Cache\home\11e2f12d84b746b76491e3160c81a5b0.php 第 755 行.
NOTIC: [8] Undefined index: sc D:\repo\baicai\data\runtime\Cache\home\11e2f12d84b746b76491e3160c81a5b0.php 第 755 行.
NOTIC: [8] Undefined index: sc D:\repo\baicai\data\runtime\Cache\home\11e2f12d84b746b76491e3160c81a5b0.php 第 739 行.
NOTIC: [8] Undefined index: sc D:\repo\baicai\data\runtime\Cache\home\11e2f12d84b746b76491e3160c81a5b0.php 第 740 行.
NOTIC: [8] Undefined index: sc D:\repo\baicai\data\runtime\Cache\home\11e2f12d84b746b76491e3160c81a5b0.php 第 744 行.
NOTIC: [8] Undefined index: sc D:\repo\baicai\data\runtime\Cache\home\11e2f12d84b746b76491e3160c81a5b0.php 第 749 行.
SQL: SELECT `name` FROM `try_item_orig` WHERE id=19 LIMIT 1   [ RunTime:0.001000s ]
NOTIC: [8] Undefined index: sc D:\repo\baicai\data\runtime\Cache\home\11e2f12d84b746b76491e3160c81a5b0.php 第 755 行.
NOTIC: [8] Undefined index: sc D:\repo\baicai\data\runtime\Cache\home\11e2f12d84b746b76491e3160c81a5b0.php 第 755 行.
NOTIC: [8] Undefined index: sc D:\repo\baicai\data\runtime\Cache\home\11e2f12d84b746b76491e3160c81a5b0.php 第 755 行.
NOTIC: [8] Undefined index: sc D:\repo\baicai\data\runtime\Cache\home\11e2f12d84b746b76491e3160c81a5b0.php 第 739 行.
NOTIC: [8] Undefined index: sc D:\repo\baicai\data\runtime\Cache\home\11e2f12d84b746b76491e3160c81a5b0.php 第 740 行.
NOTIC: [8] Undefined index: sc D:\repo\baicai\data\runtime\Cache\home\11e2f12d84b746b76491e3160c81a5b0.php 第 744 行.
NOTIC: [8] Undefined index: sc D:\repo\baicai\data\runtime\Cache\home\11e2f12d84b746b76491e3160c81a5b0.php 第 749 行.
SQL: SELECT `name` FROM `try_item_orig` WHERE id=19 LIMIT 1   [ RunTime:0.001000s ]
NOTIC: [8] Undefined index: sc D:\repo\baicai\data\runtime\Cache\home\11e2f12d84b746b76491e3160c81a5b0.php 第 755 行.
NOTIC: [8] Undefined index: sc D:\repo\baicai\data\runtime\Cache\home\11e2f12d84b746b76491e3160c81a5b0.php 第 755 行.
NOTIC: [8] Undefined index: sc D:\repo\baicai\data\runtime\Cache\home\11e2f12d84b746b76491e3160c81a5b0.php 第 755 行.
SQL: SHOW COLUMNS FROM `try_go` [ RunTime:0.010000s ]
SQL: SELECT * FROM `try_go` WHERE ( `show` = '50jmlm_1mhxpm_nzbd4n_tv0q4d' ) LIMIT 1   [ RunTime:0.017001s ]
NOTIC: [8] Undefined index: title D:\repo\baicai\data\runtime\Cache\home\11e2f12d84b746b76491e3160c81a5b0.php 第 761 行.
NOTIC: [8] Undefined index: sc D:\repo\baicai\data\runtime\Cache\home\11e2f12d84b746b76491e3160c81a5b0.php 第 739 行.
NOTIC: [8] Undefined index: sc D:\repo\baicai\data\runtime\Cache\home\11e2f12d84b746b76491e3160c81a5b0.php 第 740 行.
NOTIC: [8] Undefined index: sc D:\repo\baicai\data\runtime\Cache\home\11e2f12d84b746b76491e3160c81a5b0.php 第 744 行.
NOTIC: [8] Undefined index: sc D:\repo\baicai\data\runtime\Cache\home\11e2f12d84b746b76491e3160c81a5b0.php 第 749 行.
SQL: SELECT `name` FROM `try_item_orig` WHERE id=19 LIMIT 1   [ RunTime:0.001000s ]
NOTIC: [8] Undefined index: sc D:\repo\baicai\data\runtime\Cache\home\11e2f12d84b746b76491e3160c81a5b0.php 第 755 行.
NOTIC: [8] Undefined index: sc D:\repo\baicai\data\runtime\Cache\home\11e2f12d84b746b76491e3160c81a5b0.php 第 755 行.
NOTIC: [8] Undefined index: sc D:\repo\baicai\data\runtime\Cache\home\11e2f12d84b746b76491e3160c81a5b0.php 第 755 行.
SQL: SELECT * FROM `try_go` WHERE ( `show` = 'ileyz2_ivbotu_iobbap_5zdmnb' ) LIMIT 1   [ RunTime:0.007000s ]
NOTIC: [8] Undefined index: title D:\repo\baicai\data\runtime\Cache\home\11e2f12d84b746b76491e3160c81a5b0.php 第 761 行.
NOTIC: [8] Undefined index: sc D:\repo\baicai\data\runtime\Cache\home\11e2f12d84b746b76491e3160c81a5b0.php 第 739 行.
NOTIC: [8] Undefined index: sc D:\repo\baicai\data\runtime\Cache\home\11e2f12d84b746b76491e3160c81a5b0.php 第 740 行.
NOTIC: [8] Undefined index: sc D:\repo\baicai\data\runtime\Cache\home\11e2f12d84b746b76491e3160c81a5b0.php 第 744 行.
NOTIC: [8] Undefined index: sc D:\repo\baicai\data\runtime\Cache\home\11e2f12d84b746b76491e3160c81a5b0.php 第 749 行.
SQL: SELECT `name` FROM `try_item_orig` WHERE id=393 LIMIT 1   [ RunTime:0.001000s ]
NOTIC: [8] Undefined index: sc D:\repo\baicai\data\runtime\Cache\home\11e2f12d84b746b76491e3160c81a5b0.php 第 755 行.
NOTIC: [8] Undefined index: sc D:\repo\baicai\data\runtime\Cache\home\11e2f12d84b746b76491e3160c81a5b0.php 第 755 行.
NOTIC: [8] Undefined index: sc D:\repo\baicai\data\runtime\Cache\home\11e2f12d84b746b76491e3160c81a5b0.php 第 755 行.
SQL: SELECT * FROM `try_go` WHERE ( `show` = 'xev24k_2p0244_szofks_cayxyn' ) LIMIT 1   [ RunTime:0.001001s ]
NOTIC: [8] Undefined index: title D:\repo\baicai\data\runtime\Cache\home\11e2f12d84b746b76491e3160c81a5b0.php 第 761 行.
NOTIC: [8] Undefined index: sc D:\repo\baicai\data\runtime\Cache\home\11e2f12d84b746b76491e3160c81a5b0.php 第 739 行.
NOTIC: [8] Undefined index: sc D:\repo\baicai\data\runtime\Cache\home\11e2f12d84b746b76491e3160c81a5b0.php 第 740 行.
NOTIC: [8] Undefined index: sc D:\repo\baicai\data\runtime\Cache\home\11e2f12d84b746b76491e3160c81a5b0.php 第 744 行.
NOTIC: [8] Undefined index: sc D:\repo\baicai\data\runtime\Cache\home\11e2f12d84b746b76491e3160c81a5b0.php 第 749 行.
SQL: SELECT `name` FROM `try_item_orig` WHERE id=50 LIMIT 1   [ RunTime:0.001000s ]
NOTIC: [8] Undefined index: sc D:\repo\baicai\data\runtime\Cache\home\11e2f12d84b746b76491e3160c81a5b0.php 第 755 行.
NOTIC: [8] Undefined index: sc D:\repo\baicai\data\runtime\Cache\home\11e2f12d84b746b76491e3160c81a5b0.php 第 755 行.
NOTIC: [8] Undefined index: sc D:\repo\baicai\data\runtime\Cache\home\11e2f12d84b746b76491e3160c81a5b0.php 第 755 行.
SQL: SELECT * FROM `try_go` WHERE ( `show` = 'zuramp_3h4jc3_yj04xk_052wvx' ) LIMIT 1   [ RunTime:0.008000s ]
NOTIC: [8] Undefined index: title D:\repo\baicai\data\runtime\Cache\home\11e2f12d84b746b76491e3160c81a5b0.php 第 761 行.
NOTIC: [8] Undefined index: sc D:\repo\baicai\data\runtime\Cache\home\11e2f12d84b746b76491e3160c81a5b0.php 第 739 行.
NOTIC: [8] Undefined index: sc D:\repo\baicai\data\runtime\Cache\home\11e2f12d84b746b76491e3160c81a5b0.php 第 740 行.
NOTIC: [8] Undefined index: sc D:\repo\baicai\data\runtime\Cache\home\11e2f12d84b746b76491e3160c81a5b0.php 第 744 行.
NOTIC: [8] Undefined index: sc D:\repo\baicai\data\runtime\Cache\home\11e2f12d84b746b76491e3160c81a5b0.php 第 749 行.
SQL: SELECT `name` FROM `try_item_orig` WHERE id=2 LIMIT 1   [ RunTime:0.002000s ]
NOTIC: [8] Undefined index: sc D:\repo\baicai\data\runtime\Cache\home\11e2f12d84b746b76491e3160c81a5b0.php 第 755 行.
NOTIC: [8] Undefined index: sc D:\repo\baicai\data\runtime\Cache\home\11e2f12d84b746b76491e3160c81a5b0.php 第 755 行.
NOTIC: [8] Undefined index: sc D:\repo\baicai\data\runtime\Cache\home\11e2f12d84b746b76491e3160c81a5b0.php 第 755 行.
SQL: SELECT * FROM `try_go` WHERE ( `show` = '14vylw_ggk4wo_21dc51_b4p5xi' ) LIMIT 1   [ RunTime:0.008000s ]
NOTIC: [8] Undefined index: title D:\repo\baicai\data\runtime\Cache\home\11e2f12d84b746b76491e3160c81a5b0.php 第 761 行.
NOTIC: [8] Undefined index: sc D:\repo\baicai\data\runtime\Cache\home\11e2f12d84b746b76491e3160c81a5b0.php 第 739 行.
NOTIC: [8] Undefined index: sc D:\repo\baicai\data\runtime\Cache\home\11e2f12d84b746b76491e3160c81a5b0.php 第 740 行.
NOTIC: [8] Undefined index: sc D:\repo\baicai\data\runtime\Cache\home\11e2f12d84b746b76491e3160c81a5b0.php 第 744 行.
NOTIC: [8] Undefined index: sc D:\repo\baicai\data\runtime\Cache\home\11e2f12d84b746b76491e3160c81a5b0.php 第 749 行.
SQL: SELECT `name` FROM `try_item_orig` WHERE id=3 LIMIT 1   [ RunTime:0.001000s ]
NOTIC: [8] Undefined index: sc D:\repo\baicai\data\runtime\Cache\home\11e2f12d84b746b76491e3160c81a5b0.php 第 755 行.
NOTIC: [8] Undefined index: sc D:\repo\baicai\data\runtime\Cache\home\11e2f12d84b746b76491e3160c81a5b0.php 第 755 行.
NOTIC: [8] Undefined index: sc D:\repo\baicai\data\runtime\Cache\home\11e2f12d84b746b76491e3160c81a5b0.php 第 755 行.
SQL: SELECT * FROM `try_go` WHERE ( `show` = 'xfp13w_ymigzu_0nmrwk_fum3or' ) LIMIT 1   [ RunTime:0.001000s ]
NOTIC: [8] Undefined index: title D:\repo\baicai\data\runtime\Cache\home\11e2f12d84b746b76491e3160c81a5b0.php 第 761 行.
NOTIC: [8] Undefined index: sc D:\repo\baicai\data\runtime\Cache\home\11e2f12d84b746b76491e3160c81a5b0.php 第 739 行.
NOTIC: [8] Undefined index: sc D:\repo\baicai\data\runtime\Cache\home\11e2f12d84b746b76491e3160c81a5b0.php 第 740 行.
NOTIC: [8] Undefined index: sc D:\repo\baicai\data\runtime\Cache\home\11e2f12d84b746b76491e3160c81a5b0.php 第 744 行.
NOTIC: [8] Undefined index: sc D:\repo\baicai\data\runtime\Cache\home\11e2f12d84b746b76491e3160c81a5b0.php 第 749 行.
SQL: SELECT `name` FROM `try_item_orig` WHERE id=19 LIMIT 1   [ RunTime:0.001000s ]
NOTIC: [8] Undefined index: sc D:\repo\baicai\data\runtime\Cache\home\11e2f12d84b746b76491e3160c81a5b0.php 第 755 行.
NOTIC: [8] Undefined index: sc D:\repo\baicai\data\runtime\Cache\home\11e2f12d84b746b76491e3160c81a5b0.php 第 755 行.
NOTIC: [8] Undefined index: sc D:\repo\baicai\data\runtime\Cache\home\11e2f12d84b746b76491e3160c81a5b0.php 第 755 行.
NOTIC: [8] Undefined index: sc D:\repo\baicai\data\runtime\Cache\home\11e2f12d84b746b76491e3160c81a5b0.php 第 739 行.
NOTIC: [8] Undefined index: sc D:\repo\baicai\data\runtime\Cache\home\11e2f12d84b746b76491e3160c81a5b0.php 第 740 行.
NOTIC: [8] Undefined index: sc D:\repo\baicai\data\runtime\Cache\home\11e2f12d84b746b76491e3160c81a5b0.php 第 744 行.
NOTIC: [8] Undefined index: sc D:\repo\baicai\data\runtime\Cache\home\11e2f12d84b746b76491e3160c81a5b0.php 第 749 行.
SQL: SELECT `name` FROM `try_item_orig` WHERE id=19 LIMIT 1   [ RunTime:0.001000s ]
NOTIC: [8] Undefined index: sc D:\repo\baicai\data\runtime\Cache\home\11e2f12d84b746b76491e3160c81a5b0.php 第 755 行.
NOTIC: [8] Undefined index: sc D:\repo\baicai\data\runtime\Cache\home\11e2f12d84b746b76491e3160c81a5b0.php 第 755 行.
NOTIC: [8] Undefined index: sc D:\repo\baicai\data\runtime\Cache\home\11e2f12d84b746b76491e3160c81a5b0.php 第 755 行.
NOTIC: [8] Undefined index: sc D:\repo\baicai\data\runtime\Cache\home\11e2f12d84b746b76491e3160c81a5b0.php 第 739 行.
NOTIC: [8] Undefined index: sc D:\repo\baicai\data\runtime\Cache\home\11e2f12d84b746b76491e3160c81a5b0.php 第 740 行.
NOTIC: [8] Undefined index: sc D:\repo\baicai\data\runtime\Cache\home\11e2f12d84b746b76491e3160c81a5b0.php 第 744 行.
NOTIC: [8] Undefined index: sc D:\repo\baicai\data\runtime\Cache\home\11e2f12d84b746b76491e3160c81a5b0.php 第 749 行.
SQL: SELECT `name` FROM `try_item_orig` WHERE id=19 LIMIT 1   [ RunTime:0.001000s ]
NOTIC: [8] Undefined index: sc D:\repo\baicai\data\runtime\Cache\home\11e2f12d84b746b76491e3160c81a5b0.php 第 755 行.
NOTIC: [8] Undefined index: sc D:\repo\baicai\data\runtime\Cache\home\11e2f12d84b746b76491e3160c81a5b0.php 第 755 行.
NOTIC: [8] Undefined index: sc D:\repo\baicai\data\runtime\Cache\home\11e2f12d84b746b76491e3160c81a5b0.php 第 755 行.
NOTIC: [8] Undefined index: sc D:\repo\baicai\data\runtime\Cache\home\11e2f12d84b746b76491e3160c81a5b0.php 第 739 行.
NOTIC: [8] Undefined index: sc D:\repo\baicai\data\runtime\Cache\home\11e2f12d84b746b76491e3160c81a5b0.php 第 740 行.
NOTIC: [8] Undefined index: sc D:\repo\baicai\data\runtime\Cache\home\11e2f12d84b746b76491e3160c81a5b0.php 第 744 行.
NOTIC: [8] Undefined index: sc D:\repo\baicai\data\runtime\Cache\home\11e2f12d84b746b76491e3160c81a5b0.php 第 749 行.
SQL: SELECT `name` FROM `try_item_orig` WHERE id=19 LIMIT 1   [ RunTime:0.001000s ]
NOTIC: [8] Undefined index: sc D:\repo\baicai\data\runtime\Cache\home\11e2f12d84b746b76491e3160c81a5b0.php 第 755 行.
NOTIC: [8] Undefined index: sc D:\repo\baicai\data\runtime\Cache\home\11e2f12d84b746b76491e3160c81a5b0.php 第 755 行.
NOTIC: [8] Undefined index: sc D:\repo\baicai\data\runtime\Cache\home\11e2f12d84b746b76491e3160c81a5b0.php 第 755 行.
NOTIC: [8] Undefined index: sc D:\repo\baicai\data\runtime\Cache\home\11e2f12d84b746b76491e3160c81a5b0.php 第 739 行.
NOTIC: [8] Undefined index: sc D:\repo\baicai\data\runtime\Cache\home\11e2f12d84b746b76491e3160c81a5b0.php 第 740 行.
NOTIC: [8] Undefined index: sc D:\repo\baicai\data\runtime\Cache\home\11e2f12d84b746b76491e3160c81a5b0.php 第 744 行.
NOTIC: [8] Undefined index: sc D:\repo\baicai\data\runtime\Cache\home\11e2f12d84b746b76491e3160c81a5b0.php 第 749 行.
SQL: SELECT `name` FROM `try_item_orig` WHERE id=19 LIMIT 1   [ RunTime:0.001000s ]
NOTIC: [8] Undefined index: sc D:\repo\baicai\data\runtime\Cache\home\11e2f12d84b746b76491e3160c81a5b0.php 第 755 行.
NOTIC: [8] Undefined index: sc D:\repo\baicai\data\runtime\Cache\home\11e2f12d84b746b76491e3160c81a5b0.php 第 755 行.
NOTIC: [8] Undefined index: sc D:\repo\baicai\data\runtime\Cache\home\11e2f12d84b746b76491e3160c81a5b0.php 第 755 行.
NOTIC: [8] Undefined index: follow D:\repo\baicai\data\runtime\Cache\home\11e2f12d84b746b76491e3160c81a5b0.php 第 973 行.
NOTIC: [2] fopen(http://img.baicaio.com/data/upload/avatar/000/19/27/a5c1ecaadd6ace0e9222a1b20cf6f0b2.jpg): failed to open stream: HTTP request failed! HTTP/1.1 404 Not Found
 D:\repo\baicai\app\Common\common.php 第 247 行.
NOTIC: [8] Undefined index: follow D:\repo\baicai\data\runtime\Cache\home\11e2f12d84b746b76491e3160c81a5b0.php 第 986 行.
NOTIC: [8] Undefined index: follow D:\repo\baicai\data\runtime\Cache\home\11e2f12d84b746b76491e3160c81a5b0.php 第 986 行.
NOTIC: [2] fopen(http://img.baicaio.com/data/upload/avatar/000/19/27/35f94626a3c8956ff4b1e837f3a8aff0.jpg): failed to open stream: HTTP request failed! HTTP/1.1 404 Not Found
 D:\repo\baicai\app\Common\common.php 第 247 行.
NOTIC: [8] Undefined index: follow D:\repo\baicai\data\runtime\Cache\home\11e2f12d84b746b76491e3160c81a5b0.php 第 986 行.
NOTIC: [8] Undefined index: follow D:\repo\baicai\data\runtime\Cache\home\11e2f12d84b746b76491e3160c81a5b0.php 第 986 行.
SQL: SELECT * FROM `try_adboard` WHERE ( `id` = 2 ) AND ( `status` = 1 ) LIMIT 1   [ RunTime:0.003000s ]
SQL: SELECT `id`,`type`,`name`,`url`,`content`,`desc`,`extimg`,`extval` FROM `try_ad` WHERE ( `board_id` = 2 ) AND ( `start_time` <= 1513822808 ) AND ( `end_time` >= 1513822808 ) AND ( `status` = 1 ) ORDER BY ordid  [ RunTime:0.002000s ]
NOTIC: [2] Invalid argument supplied for foreach() D:\repo\baicai\app\Lib\Widget\advertWidget.class.php 第 22 行.
INFO: [ view_template ] --START--
INFO: Run basic_template Behavior [ RunTime:-6.055346s ]
INFO: [ view_template ] --END-- [ RunTime:-1.607092s ]
INFO: [ view_parse ] --START--
INFO: Run ParseTemplate Behavior [ RunTime:-6.056346s ]
INFO: [ view_parse ] --END-- [ RunTime:-1.241071s ]
INFO: [ view_filter ] --START--
INFO: Run ContentReplace Behavior [ RunTime:-6.060346s ]
INFO: Run TokenBuild Behavior [ RunTime:-6.060346s ]
INFO: Run WriteHtmlCache Behavior [ RunTime:-6.060346s ]
INFO: Run ShowRuntime Behavior [ RunTime:-6.060346s ]
INFO: Run content_replace Behavior [ RunTime:-6.061346s ]
INFO: [ view_filter ] --END-- [ RunTime:-1.241071s ]
INFO: [ view_end ] --START--
INFO: Run ShowPageTrace Behavior [ RunTime:-6.061346s ]
INFO: [ view_end ] --END-- [ RunTime:-1.241071s ]
SQL: SHOW COLUMNS FROM `try_tick` [ RunTime:0.012001s ]
SQL: SELECT * FROM `try_tick` WHERE start_time < NOW() and end_time > NOW() and sy != 0 ORDER BY yl desc,id desc LIMIT 3   [ RunTime:0.001000s ]
SQL: SELECT `img_url` FROM `try_item_orig` WHERE id=16 LIMIT 1   [ RunTime:0.001000s ]
SQL: SELECT `img_url` FROM `try_item_orig` WHERE id=2 LIMIT 1   [ RunTime:0.001000s ]
SQL: SELECT * FROM `try_adboard` WHERE ( `id` = 10 ) AND ( `status` = 1 ) LIMIT 1   [ RunTime:0.001000s ]
SQL: SELECT `id`,`type`,`name`,`url`,`content`,`desc`,`extimg`,`extval` FROM `try_ad` WHERE ( `board_id` = 10 ) AND ( `start_time` <= 1513822808 ) AND ( `end_time` >= 1513822808 ) AND ( `status` = 1 ) ORDER BY ordid  [ RunTime:0.001000s ]
NOTIC: [2] Invalid argument supplied for foreach() D:\repo\baicai\app\Lib\Widget\advertWidget.class.php 第 22 行.
INFO: [ view_template ] --START--
INFO: Run basic_template Behavior [ RunTime:-6.089348s ]
INFO: [ view_template ] --END-- [ RunTime:-1.641094s ]
INFO: [ view_parse ] --START--
INFO: Run ParseTemplate Behavior [ RunTime:-6.090348s ]
INFO: [ view_parse ] --END-- [ RunTime:-1.275073s ]
INFO: [ view_filter ] --START--
INFO: Run ContentReplace Behavior [ RunTime:-6.092348s ]
INFO: Run TokenBuild Behavior [ RunTime:-6.092348s ]
INFO: Run WriteHtmlCache Behavior [ RunTime:-6.092348s ]
INFO: Run ShowRuntime Behavior [ RunTime:-6.092348s ]
INFO: Run content_replace Behavior [ RunTime:-6.092348s ]
INFO: [ view_filter ] --END-- [ RunTime:-1.273073s ]
INFO: [ view_end ] --START--
INFO: Run ShowPageTrace Behavior [ RunTime:-6.093348s ]
INFO: [ view_end ] --END-- [ RunTime:-1.273073s ]
SQL: SELECT * FROM `try_adboard` WHERE ( `id` = 15 ) AND ( `status` = 1 ) LIMIT 1   [ RunTime:0.002000s ]
SQL: SELECT `id`,`type`,`name`,`url`,`content`,`desc`,`extimg`,`extval` FROM `try_ad` WHERE ( `board_id` = 15 ) AND ( `start_time` <= 1513822808 ) AND ( `end_time` >= 1513822808 ) AND ( `status` = 1 ) ORDER BY ordid  [ RunTime:0.001000s ]
INFO: [ view_template ] --START--
INFO: Run basic_template Behavior [ RunTime:-6.099349s ]
INFO: [ view_template ] --END-- [ RunTime:-1.651095s ]
INFO: [ view_parse ] --START--
INFO: Run ParseTemplate Behavior [ RunTime:-6.099349s ]
INFO: [ view_parse ] --END-- [ RunTime:-1.284074s ]
INFO: [ view_filter ] --START--
INFO: Run ContentReplace Behavior [ RunTime:-6.102349s ]
INFO: Run TokenBuild Behavior [ RunTime:-6.102349s ]
INFO: Run WriteHtmlCache Behavior [ RunTime:-6.102349s ]
INFO: Run ShowRuntime Behavior [ RunTime:-6.102349s ]
INFO: Run content_replace Behavior [ RunTime:-6.102349s ]
INFO: [ view_filter ] --END-- [ RunTime:-1.283074s ]
INFO: [ view_end ] --START--
INFO: Run ShowPageTrace Behavior [ RunTime:-6.102349s ]
INFO: [ view_end ] --END-- [ RunTime:-1.282074s ]
SQL: SHOW COLUMNS FROM `try_flink` [ RunTime:0.009000s ]
SQL: SELECT * FROM `try_flink` WHERE cate_id=1 and status=1  [ RunTime:0.001000s ]
INFO: Run ParseTemplate Behavior [ RunTime:-6.102349s ]
INFO: [ view_parse ] --END-- [ RunTime:-1.284074s ]
INFO: [ view_filter ] --START--
INFO: Run ContentReplace Behavior [ RunTime:-6.121350s ]
INFO: Run TokenBuild Behavior [ RunTime:-6.122350s ]
INFO: Run WriteHtmlCache Behavior [ RunTime:-6.122350s ]
INFO: Run ShowRuntime Behavior [ RunTime:-6.122350s ]
INFO: Run content_replace Behavior [ RunTime:-6.122350s ]
INFO: [ view_filter ] --END-- [ RunTime:-1.302075s ]
INFO: [ view_end ] --START--
INFO: Run ShowPageTrace Behavior [ RunTime:-6.122350s ]
INFO: [ view_end ] --END-- [ RunTime:-1.302075s ]

