[ 2017-11-22T13:10:46+08:00 ] 127.0.0.1 /
INFO: [ app_begin ] --START--
INFO: Run ReadHtmlCache Behavior [ RunTime:0.002000s ]
INFO: Run check_ipban Behavior [ RunTime:0.000000s ]
INFO: Run load_lang Behavior [ RunTime:-0.003000s ]
INFO: [ app_begin ] --END-- [ RunTime:0.007000s ]
SQL: SHOW COLUMNS FROM `try_item` [ RunTime:0.017001s ]
SQL: SELECT * FROM `try_item` WHERE status=1 and add_time<1511327439  and isnice=1  ORDER BY  add_time desc LIMIT 0,18   [ RunTime:1.788102s ]
SQL: SELECT * FROM `try_item` WHERE id=290392 or id=290618  and isnice=1  ORDER BY  add_time desc  [ RunTime:0.006001s ]
NOTIC: [8] Use of undefined constant p - assumed 'p' D:\repo\baicai\app\Lib\Action\home\indexAction.class.php 第 74 行.
SQL: SHOW COLUMNS FROM `try_article` [ RunTime:0.020001s ]
SQL: SELECT * FROM `try_article` WHERE add_time > 1492492391 and add_time < 1511327441 and status=4  [ RunTime:0.001000s ]
SQL: select distinct uid as id,uname,sum(score) as num from try_score_log where add_time>1511280000 and add_time<1511366400 group by uname order by num desc,uid asc limit 4 [ RunTime:0.007000s ]
SQL: select distinct uid as id,uname,sum(score) as num from try_score_log where add_time>1509465600 and add_time<1511327441 group by uname order by num desc,uid asc limit 4 [ RunTime:0.003000s ]
SQL: SHOW COLUMNS FROM `try_user` [ RunTime:0.017001s ]
SQL: SELECT `id`,`username`,`score` FROM `try_user` ORDER BY score desc,id asc LIMIT 4   [ RunTime:0.037003s ]
SQL: SHOW COLUMNS FROM `try_hd` [ RunTime:0.013001s ]
SQL: SELECT * FROM `try_hd` ORDER BY order_s asc,id desc LIMIT 8   [ RunTime:0.003000s ]
SQL: SELECT * FROM `try_item` WHERE istop = 1 ORDER BY id desc LIMIT 8   [ RunTime:1.427082s ]
SQL: SELECT id,title,img,price from try_item  WHERE add_time between 1511323842 and 1511327442 ORDER BY hits desc LIMIT 9 [ RunTime:0.408023s ]
SQL: SELECT id,title,img,price from try_item  WHERE add_time between 1511241042 and 1511327442 ORDER BY hits desc LIMIT 9 [ RunTime:0.678039s ]
INFO: [ view_template ] --START--
INFO: Run basic_template Behavior [ RunTime:-5.626322s ]
INFO: [ view_template ] --END-- [ RunTime:0.005000s ]
INFO: [ view_parse ] --START--
INFO: [ view_template ] --START--
INFO: Run basic_template Behavior [ RunTime:-5.637322s ]
INFO: [ view_template ] --END-- [ RunTime:-0.006000s ]
INFO: [ view_template ] --START--
INFO: Run basic_template Behavior [ RunTime:-5.639322s ]
INFO: [ view_template ] --END-- [ RunTime:-0.008000s ]
INFO: [ view_template ] --START--
INFO: Run basic_template Behavior [ RunTime:-5.640322s ]
INFO: [ view_template ] --END-- [ RunTime:-0.009000s ]
INFO: [ view_template ] --START--
INFO: Run basic_template Behavior [ RunTime:-5.641323s ]
INFO: [ view_template ] --END-- [ RunTime:-0.010001s ]
INFO: [ view_template ] --START--
INFO: Run basic_template Behavior [ RunTime:-5.643323s ]
INFO: [ view_template ] --END-- [ RunTime:-0.012001s ]
INFO: [ view_template ] --START--
INFO: Run basic_template Behavior [ RunTime:-5.645323s ]
INFO: [ view_template ] --END-- [ RunTime:-0.014001s ]
INFO: [ view_template ] --START--
INFO: Run basic_template Behavior [ RunTime:-5.647323s ]
INFO: [ view_template ] --END-- [ RunTime:-0.016001s ]
INFO: [ view_template ] --START--
INFO: Run basic_template Behavior [ RunTime:-5.648323s ]
INFO: [ view_template ] --END-- [ RunTime:-0.017001s ]
SQL: SHOW COLUMNS FROM `try_item_cate` [ RunTime:0.019001s ]
SQL: SELECT * FROM `try_item_cate` WHERE pid=0 and is_index=1  [ RunTime:0.003000s ]
SQL: SELECT * FROM `try_item_cate` WHERE pid=0 and status=1  [ RunTime:0.001000s ]
NOTIC: [8] Undefined variable: tp D:\repo\baicai\data\runtime\Cache\home\11e2f12d84b746b76491e3160c81a5b0.php 第 169 行.
NOTIC: [8] Undefined variable: tp D:\repo\baicai\data\runtime\Cache\home\11e2f12d84b746b76491e3160c81a5b0.php 第 170 行.
NOTIC: [8] Undefined variable: tp D:\repo\baicai\data\runtime\Cache\home\11e2f12d84b746b76491e3160c81a5b0.php 第 172 行.
NOTIC: [8] Undefined variable: strpos1 D:\repo\baicai\data\runtime\Cache\home\11e2f12d84b746b76491e3160c81a5b0.php 第 192 行.
NOTIC: [8] Undefined index: taobao_hongbao D:\repo\baicai\data\runtime\Cache\home\11e2f12d84b746b76491e3160c81a5b0.php 第 243 行.
SQL: SHOW COLUMNS FROM `try_item_orig` [ RunTime:0.013001s ]
SQL: SELECT * FROM `try_item_orig` ORDER BY ordid asc LIMIT 12   [ RunTime:0.004000s ]
SQL: SHOW COLUMNS FROM `try_ad` [ RunTime:0.019001s ]
SQL: SELECT * FROM `try_ad` WHERE status=1 AND board_id=1  [ RunTime:0.002000s ]
SQL: SELECT COUNT(*) AS tp_count FROM `try_ad` WHERE status=1 AND board_id=1 LIMIT 1   [ RunTime:0.004000s ]
NOTIC: [8] Undefined variable: html D:\repo\baicai\data\runtime\Cache\home\11e2f12d84b746b76491e3160c81a5b0.php 第 276 行.
NOTIC: [8] Undefined variable: htmlA D:\repo\baicai\data\runtime\Cache\home\11e2f12d84b746b76491e3160c81a5b0.php 第 282 行.
NOTIC: [8] Use of undefined constant url - assumed 'url' D:\repo\baicai\data\runtime\Cache\home\11e2f12d84b746b76491e3160c81a5b0.php 第 282 行.
NOTIC: [8] Use of undefined constant name - assumed 'name' D:\repo\baicai\data\runtime\Cache\home\11e2f12d84b746b76491e3160c81a5b0.php 第 282 行.
NOTIC: [8] Use of undefined constant content - assumed 'content' D:\repo\baicai\data\runtime\Cache\home\11e2f12d84b746b76491e3160c81a5b0.php 第 282 行.
NOTIC: [8] Use of undefined constant url - assumed 'url' D:\repo\baicai\data\runtime\Cache\home\11e2f12d84b746b76491e3160c81a5b0.php 第 282 行.
NOTIC: [8] Undefined offset: 1 D:\repo\baicai\data\runtime\Cache\home\11e2f12d84b746b76491e3160c81a5b0.php 第 282 行.
NOTIC: [8] Use of undefined constant name - assumed 'name' D:\repo\baicai\data\runtime\Cache\home\11e2f12d84b746b76491e3160c81a5b0.php 第 282 行.
NOTIC: [8] Undefined offset: 1 D:\repo\baicai\data\runtime\Cache\home\11e2f12d84b746b76491e3160c81a5b0.php 第 282 行.
NOTIC: [8] Use of undefined constant content - assumed 'content' D:\repo\baicai\data\runtime\Cache\home\11e2f12d84b746b76491e3160c81a5b0.php 第 282 行.
NOTIC: [8] Undefined offset: 1 D:\repo\baicai\data\runtime\Cache\home\11e2f12d84b746b76491e3160c81a5b0.php 第 282 行.
SQL: SHOW COLUMNS FROM `try_adboard` [ RunTime:0.016001s ]
SQL: SELECT * FROM `try_adboard` WHERE ( `id` = 17 ) AND ( `status` = 1 ) LIMIT 1   [ RunTime:0.006001s ]
SQL: SELECT `id`,`type`,`name`,`url`,`content`,`desc`,`extimg`,`extval` FROM `try_ad` WHERE ( `board_id` = 17 ) AND ( `start_time` <= 1511327444 ) AND ( `end_time` >= 1511327444 ) AND ( `status` = 1 ) ORDER BY ordid  [ RunTime:0.002000s ]
NOTIC: [2] Invalid argument supplied for foreach() D:\repo\baicai\app\Lib\Widget\advertWidget.class.php 第 22 行.
INFO: [ view_template ] --START--
INFO: Run basic_template Behavior [ RunTime:-5.891337s ]
INFO: [ view_template ] --END-- [ RunTime:-0.260015s ]
INFO: [ view_parse ] --START--
INFO: Run ParseTemplate Behavior [ RunTime:-5.892337s ]
INFO: [ view_parse ] --END-- [ RunTime:0.008000s ]
INFO: [ view_filter ] --START--
INFO: Run ContentReplace Behavior [ RunTime:-5.900337s ]
INFO: Run TokenBuild Behavior [ RunTime:-5.901337s ]
INFO: Run WriteHtmlCache Behavior [ RunTime:-5.902337s ]
INFO: Run ShowRuntime Behavior [ RunTime:-5.903338s ]
INFO: Run content_replace Behavior [ RunTime:-5.904338s ]
INFO: [ view_filter ] --END-- [ RunTime:0.005001s ]
INFO: [ view_end ] --START--
INFO: Run ShowPageTrace Behavior [ RunTime:-5.905338s ]
INFO: [ view_end ] --END-- [ RunTime:0.001000s ]
NOTIC: [8] Use of undefined constant isnice - assumed 'isnice' D:\repo\baicai\data\runtime\Cache\home\11e2f12d84b746b76491e3160c81a5b0.php 第 314 行.
NOTIC: [8] Use of undefined constant isbao - assumed 'isbao' D:\repo\baicai\data\runtime\Cache\home\11e2f12d84b746b76491e3160c81a5b0.php 第 314 行.
NOTIC: [8] Use of undefined constant lb - assumed 'lb' D:\repo\baicai\data\runtime\Cache\home\11e2f12d84b746b76491e3160c81a5b0.php 第 567 行.
NOTIC: [8] Undefined index: sc D:\repo\baicai\data\runtime\Cache\home\11e2f12d84b746b76491e3160c81a5b0.php 第 572 行.
NOTIC: [8] Undefined index: sc D:\repo\baicai\data\runtime\Cache\home\11e2f12d84b746b76491e3160c81a5b0.php 第 573 行.
NOTIC: [8] Undefined index: sc D:\repo\baicai\data\runtime\Cache\home\11e2f12d84b746b76491e3160c81a5b0.php 第 577 行.
NOTIC: [8] Undefined index: sc D:\repo\baicai\data\runtime\Cache\home\11e2f12d84b746b76491e3160c81a5b0.php 第 582 行.
SQL: SELECT `name` FROM `try_item_orig` WHERE id=857 LIMIT 1   [ RunTime:0.000000s ]
NOTIC: [8] Undefined index: sc D:\repo\baicai\data\runtime\Cache\home\11e2f12d84b746b76491e3160c81a5b0.php 第 588 行.
NOTIC: [8] Undefined index: sc D:\repo\baicai\data\runtime\Cache\home\11e2f12d84b746b76491e3160c81a5b0.php 第 588 行.
NOTIC: [8] Undefined index: sc D:\repo\baicai\data\runtime\Cache\home\11e2f12d84b746b76491e3160c81a5b0.php 第 588 行.
NOTIC: [8] Undefined index: sc D:\repo\baicai\data\runtime\Cache\home\11e2f12d84b746b76491e3160c81a5b0.php 第 572 行.
NOTIC: [8] Undefined index: sc D:\repo\baicai\data\runtime\Cache\home\11e2f12d84b746b76491e3160c81a5b0.php 第 573 行.
NOTIC: [8] Undefined index: sc D:\repo\baicai\data\runtime\Cache\home\11e2f12d84b746b76491e3160c81a5b0.php 第 577 行.
NOTIC: [8] Undefined index: sc D:\repo\baicai\data\runtime\Cache\home\11e2f12d84b746b76491e3160c81a5b0.php 第 582 行.
SQL: SELECT `name` FROM `try_item_orig` WHERE id=857 LIMIT 1   [ RunTime:0.001000s ]
NOTIC: [8] Undefined index: sc D:\repo\baicai\data\runtime\Cache\home\11e2f12d84b746b76491e3160c81a5b0.php 第 588 行.
NOTIC: [8] Undefined index: sc D:\repo\baicai\data\runtime\Cache\home\11e2f12d84b746b76491e3160c81a5b0.php 第 588 行.
NOTIC: [8] Undefined index: sc D:\repo\baicai\data\runtime\Cache\home\11e2f12d84b746b76491e3160c81a5b0.php 第 588 行.
NOTIC: [8] Undefined index: sc D:\repo\baicai\data\runtime\Cache\home\11e2f12d84b746b76491e3160c81a5b0.php 第 572 行.
NOTIC: [8] Undefined index: sc D:\repo\baicai\data\runtime\Cache\home\11e2f12d84b746b76491e3160c81a5b0.php 第 573 行.
NOTIC: [8] Undefined index: sc D:\repo\baicai\data\runtime\Cache\home\11e2f12d84b746b76491e3160c81a5b0.php 第 577 行.
NOTIC: [8] Undefined index: sc D:\repo\baicai\data\runtime\Cache\home\11e2f12d84b746b76491e3160c81a5b0.php 第 582 行.
SQL: SELECT `name` FROM `try_item_orig` WHERE id=857 LIMIT 1   [ RunTime:0.001000s ]
NOTIC: [8] Undefined index: sc D:\repo\baicai\data\runtime\Cache\home\11e2f12d84b746b76491e3160c81a5b0.php 第 588 行.
NOTIC: [8] Undefined index: sc D:\repo\baicai\data\runtime\Cache\home\11e2f12d84b746b76491e3160c81a5b0.php 第 588 行.
NOTIC: [8] Undefined index: sc D:\repo\baicai\data\runtime\Cache\home\11e2f12d84b746b76491e3160c81a5b0.php 第 588 行.
NOTIC: [8] Undefined index: sc D:\repo\baicai\data\runtime\Cache\home\11e2f12d84b746b76491e3160c81a5b0.php 第 572 行.
NOTIC: [8] Undefined index: sc D:\repo\baicai\data\runtime\Cache\home\11e2f12d84b746b76491e3160c81a5b0.php 第 573 行.
NOTIC: [8] Undefined index: sc D:\repo\baicai\data\runtime\Cache\home\11e2f12d84b746b76491e3160c81a5b0.php 第 577 行.
NOTIC: [8] Undefined index: sc D:\repo\baicai\data\runtime\Cache\home\11e2f12d84b746b76491e3160c81a5b0.php 第 582 行.
SQL: SELECT `name` FROM `try_item_orig` WHERE id=857 LIMIT 1   [ RunTime:0.002000s ]
NOTIC: [8] Undefined index: sc D:\repo\baicai\data\runtime\Cache\home\11e2f12d84b746b76491e3160c81a5b0.php 第 588 行.
NOTIC: [8] Undefined index: sc D:\repo\baicai\data\runtime\Cache\home\11e2f12d84b746b76491e3160c81a5b0.php 第 588 行.
NOTIC: [8] Undefined index: sc D:\repo\baicai\data\runtime\Cache\home\11e2f12d84b746b76491e3160c81a5b0.php 第 588 行.
NOTIC: [8] Undefined index: sc D:\repo\baicai\data\runtime\Cache\home\11e2f12d84b746b76491e3160c81a5b0.php 第 572 行.
NOTIC: [8] Undefined index: sc D:\repo\baicai\data\runtime\Cache\home\11e2f12d84b746b76491e3160c81a5b0.php 第 573 行.
NOTIC: [8] Undefined index: sc D:\repo\baicai\data\runtime\Cache\home\11e2f12d84b746b76491e3160c81a5b0.php 第 577 行.
NOTIC: [8] Undefined index: sc D:\repo\baicai\data\runtime\Cache\home\11e2f12d84b746b76491e3160c81a5b0.php 第 582 行.
SQL: SELECT `name` FROM `try_item_orig` WHERE id=19 LIMIT 1   [ RunTime:0.001000s ]
NOTIC: [8] Undefined index: sc D:\repo\baicai\data\runtime\Cache\home\11e2f12d84b746b76491e3160c81a5b0.php 第 588 行.
NOTIC: [8] Undefined index: sc D:\repo\baicai\data\runtime\Cache\home\11e2f12d84b746b76491e3160c81a5b0.php 第 588 行.
NOTIC: [8] Undefined index: sc D:\repo\baicai\data\runtime\Cache\home\11e2f12d84b746b76491e3160c81a5b0.php 第 588 行.
NOTIC: [8] Undefined index: sc D:\repo\baicai\data\runtime\Cache\home\11e2f12d84b746b76491e3160c81a5b0.php 第 572 行.
NOTIC: [8] Undefined index: sc D:\repo\baicai\data\runtime\Cache\home\11e2f12d84b746b76491e3160c81a5b0.php 第 573 行.
NOTIC: [8] Undefined index: sc D:\repo\baicai\data\runtime\Cache\home\11e2f12d84b746b76491e3160c81a5b0.php 第 577 行.
NOTIC: [8] Undefined index: sc D:\repo\baicai\data\runtime\Cache\home\11e2f12d84b746b76491e3160c81a5b0.php 第 582 行.
SQL: SELECT `name` FROM `try_item_orig` WHERE id=19 LIMIT 1   [ RunTime:0.002000s ]
NOTIC: [8] Undefined index: sc D:\repo\baicai\data\runtime\Cache\home\11e2f12d84b746b76491e3160c81a5b0.php 第 588 行.
NOTIC: [8] Undefined index: sc D:\repo\baicai\data\runtime\Cache\home\11e2f12d84b746b76491e3160c81a5b0.php 第 588 行.
NOTIC: [8] Undefined index: sc D:\repo\baicai\data\runtime\Cache\home\11e2f12d84b746b76491e3160c81a5b0.php 第 588 行.
NOTIC: [8] Undefined index: sc D:\repo\baicai\data\runtime\Cache\home\11e2f12d84b746b76491e3160c81a5b0.php 第 572 行.
NOTIC: [8] Undefined index: sc D:\repo\baicai\data\runtime\Cache\home\11e2f12d84b746b76491e3160c81a5b0.php 第 573 行.
NOTIC: [8] Undefined index: sc D:\repo\baicai\data\runtime\Cache\home\11e2f12d84b746b76491e3160c81a5b0.php 第 577 行.
NOTIC: [8] Undefined index: sc D:\repo\baicai\data\runtime\Cache\home\11e2f12d84b746b76491e3160c81a5b0.php 第 582 行.
SQL: SELECT `name` FROM `try_item_orig` WHERE id=19 LIMIT 1   [ RunTime:0.001000s ]
NOTIC: [8] Undefined index: sc D:\repo\baicai\data\runtime\Cache\home\11e2f12d84b746b76491e3160c81a5b0.php 第 588 行.
NOTIC: [8] Undefined index: sc D:\repo\baicai\data\runtime\Cache\home\11e2f12d84b746b76491e3160c81a5b0.php 第 588 行.
NOTIC: [8] Undefined index: sc D:\repo\baicai\data\runtime\Cache\home\11e2f12d84b746b76491e3160c81a5b0.php 第 588 行.
NOTIC: [8] Undefined index: sc D:\repo\baicai\data\runtime\Cache\home\11e2f12d84b746b76491e3160c81a5b0.php 第 572 行.
NOTIC: [8] Undefined index: sc D:\repo\baicai\data\runtime\Cache\home\11e2f12d84b746b76491e3160c81a5b0.php 第 573 行.
NOTIC: [8] Undefined index: sc D:\repo\baicai\data\runtime\Cache\home\11e2f12d84b746b76491e3160c81a5b0.php 第 577 行.
NOTIC: [8] Undefined index: sc D:\repo\baicai\data\runtime\Cache\home\11e2f12d84b746b76491e3160c81a5b0.php 第 582 行.
SQL: SELECT `name` FROM `try_item_orig` WHERE id=19 LIMIT 1   [ RunTime:0.001000s ]
NOTIC: [8] Undefined index: sc D:\repo\baicai\data\runtime\Cache\home\11e2f12d84b746b76491e3160c81a5b0.php 第 588 行.
NOTIC: [8] Undefined index: sc D:\repo\baicai\data\runtime\Cache\home\11e2f12d84b746b76491e3160c81a5b0.php 第 588 行.
NOTIC: [8] Undefined index: sc D:\repo\baicai\data\runtime\Cache\home\11e2f12d84b746b76491e3160c81a5b0.php 第 588 行.
SQL: SHOW COLUMNS FROM `try_go` [ RunTime:0.015001s ]
SQL: SELECT * FROM `try_go` WHERE ( `show` = '50jmlm_1mhxpm_nzbd4n_tv0q4d' ) LIMIT 1   [ RunTime:0.020001s ]
NOTIC: [8] Undefined index: title D:\repo\baicai\data\runtime\Cache\home\11e2f12d84b746b76491e3160c81a5b0.php 第 594 行.
NOTIC: [8] Undefined index: sc D:\repo\baicai\data\runtime\Cache\home\11e2f12d84b746b76491e3160c81a5b0.php 第 572 行.
NOTIC: [8] Undefined index: sc D:\repo\baicai\data\runtime\Cache\home\11e2f12d84b746b76491e3160c81a5b0.php 第 573 行.
NOTIC: [8] Undefined index: sc D:\repo\baicai\data\runtime\Cache\home\11e2f12d84b746b76491e3160c81a5b0.php 第 577 行.
NOTIC: [8] Undefined index: sc D:\repo\baicai\data\runtime\Cache\home\11e2f12d84b746b76491e3160c81a5b0.php 第 582 行.
SQL: SELECT `name` FROM `try_item_orig` WHERE id=19 LIMIT 1   [ RunTime:0.001000s ]
NOTIC: [8] Undefined index: sc D:\repo\baicai\data\runtime\Cache\home\11e2f12d84b746b76491e3160c81a5b0.php 第 588 行.
NOTIC: [8] Undefined index: sc D:\repo\baicai\data\runtime\Cache\home\11e2f12d84b746b76491e3160c81a5b0.php 第 588 行.
NOTIC: [8] Undefined index: sc D:\repo\baicai\data\runtime\Cache\home\11e2f12d84b746b76491e3160c81a5b0.php 第 588 行.
SQL: SELECT * FROM `try_go` WHERE ( `show` = 'ileyz2_ivbotu_iobbap_5zdmnb' ) LIMIT 1   [ RunTime:0.011001s ]
NOTIC: [8] Undefined index: title D:\repo\baicai\data\runtime\Cache\home\11e2f12d84b746b76491e3160c81a5b0.php 第 594 行.
NOTIC: [8] Undefined index: sc D:\repo\baicai\data\runtime\Cache\home\11e2f12d84b746b76491e3160c81a5b0.php 第 572 行.
NOTIC: [8] Undefined index: sc D:\repo\baicai\data\runtime\Cache\home\11e2f12d84b746b76491e3160c81a5b0.php 第 573 行.
NOTIC: [8] Undefined index: sc D:\repo\baicai\data\runtime\Cache\home\11e2f12d84b746b76491e3160c81a5b0.php 第 577 行.
NOTIC: [8] Undefined index: sc D:\repo\baicai\data\runtime\Cache\home\11e2f12d84b746b76491e3160c81a5b0.php 第 582 行.
SQL: SELECT `name` FROM `try_item_orig` WHERE id=393 LIMIT 1   [ RunTime:0.001000s ]
NOTIC: [8] Undefined index: sc D:\repo\baicai\data\runtime\Cache\home\11e2f12d84b746b76491e3160c81a5b0.php 第 588 行.
NOTIC: [8] Undefined index: sc D:\repo\baicai\data\runtime\Cache\home\11e2f12d84b746b76491e3160c81a5b0.php 第 588 行.
NOTIC: [8] Undefined index: sc D:\repo\baicai\data\runtime\Cache\home\11e2f12d84b746b76491e3160c81a5b0.php 第 588 行.
SQL: SELECT * FROM `try_go` WHERE ( `show` = 'xev24k_2p0244_szofks_cayxyn' ) LIMIT 1   [ RunTime:0.002000s ]
NOTIC: [8] Undefined index: title D:\repo\baicai\data\runtime\Cache\home\11e2f12d84b746b76491e3160c81a5b0.php 第 594 行.
NOTIC: [8] Undefined index: sc D:\repo\baicai\data\runtime\Cache\home\11e2f12d84b746b76491e3160c81a5b0.php 第 572 行.
NOTIC: [8] Undefined index: sc D:\repo\baicai\data\runtime\Cache\home\11e2f12d84b746b76491e3160c81a5b0.php 第 573 行.
NOTIC: [8] Undefined index: sc D:\repo\baicai\data\runtime\Cache\home\11e2f12d84b746b76491e3160c81a5b0.php 第 577 行.
NOTIC: [8] Undefined index: sc D:\repo\baicai\data\runtime\Cache\home\11e2f12d84b746b76491e3160c81a5b0.php 第 582 行.
SQL: SELECT `name` FROM `try_item_orig` WHERE id=50 LIMIT 1   [ RunTime:0.001000s ]
NOTIC: [8] Undefined index: sc D:\repo\baicai\data\runtime\Cache\home\11e2f12d84b746b76491e3160c81a5b0.php 第 588 行.
NOTIC: [8] Undefined index: sc D:\repo\baicai\data\runtime\Cache\home\11e2f12d84b746b76491e3160c81a5b0.php 第 588 行.
NOTIC: [8] Undefined index: sc D:\repo\baicai\data\runtime\Cache\home\11e2f12d84b746b76491e3160c81a5b0.php 第 588 行.
SQL: SELECT * FROM `try_go` WHERE ( `show` = 'zuramp_3h4jc3_yj04xk_052wvx' ) LIMIT 1   [ RunTime:0.011000s ]
NOTIC: [8] Undefined index: title D:\repo\baicai\data\runtime\Cache\home\11e2f12d84b746b76491e3160c81a5b0.php 第 594 行.
NOTIC: [8] Undefined index: sc D:\repo\baicai\data\runtime\Cache\home\11e2f12d84b746b76491e3160c81a5b0.php 第 572 行.
NOTIC: [8] Undefined index: sc D:\repo\baicai\data\runtime\Cache\home\11e2f12d84b746b76491e3160c81a5b0.php 第 573 行.
NOTIC: [8] Undefined index: sc D:\repo\baicai\data\runtime\Cache\home\11e2f12d84b746b76491e3160c81a5b0.php 第 577 行.
NOTIC: [8] Undefined index: sc D:\repo\baicai\data\runtime\Cache\home\11e2f12d84b746b76491e3160c81a5b0.php 第 582 行.
SQL: SELECT `name` FROM `try_item_orig` WHERE id=2 LIMIT 1   [ RunTime:0.002000s ]
NOTIC: [8] Undefined index: sc D:\repo\baicai\data\runtime\Cache\home\11e2f12d84b746b76491e3160c81a5b0.php 第 588 行.
NOTIC: [8] Undefined index: sc D:\repo\baicai\data\runtime\Cache\home\11e2f12d84b746b76491e3160c81a5b0.php 第 588 行.
NOTIC: [8] Undefined index: sc D:\repo\baicai\data\runtime\Cache\home\11e2f12d84b746b76491e3160c81a5b0.php 第 588 行.
SQL: SELECT * FROM `try_go` WHERE ( `show` = '14vylw_ggk4wo_21dc51_b4p5xi' ) LIMIT 1   [ RunTime:0.010001s ]
NOTIC: [8] Undefined index: title D:\repo\baicai\data\runtime\Cache\home\11e2f12d84b746b76491e3160c81a5b0.php 第 594 行.
NOTIC: [8] Undefined index: sc D:\repo\baicai\data\runtime\Cache\home\11e2f12d84b746b76491e3160c81a5b0.php 第 572 行.
NOTIC: [8] Undefined index: sc D:\repo\baicai\data\runtime\Cache\home\11e2f12d84b746b76491e3160c81a5b0.php 第 573 行.
NOTIC: [8] Undefined index: sc D:\repo\baicai\data\runtime\Cache\home\11e2f12d84b746b76491e3160c81a5b0.php 第 577 行.
NOTIC: [8] Undefined index: sc D:\repo\baicai\data\runtime\Cache\home\11e2f12d84b746b76491e3160c81a5b0.php 第 582 行.
SQL: SELECT `name` FROM `try_item_orig` WHERE id=3 LIMIT 1   [ RunTime:0.001000s ]
NOTIC: [8] Undefined index: sc D:\repo\baicai\data\runtime\Cache\home\11e2f12d84b746b76491e3160c81a5b0.php 第 588 行.
NOTIC: [8] Undefined index: sc D:\repo\baicai\data\runtime\Cache\home\11e2f12d84b746b76491e3160c81a5b0.php 第 588 行.
NOTIC: [8] Undefined index: sc D:\repo\baicai\data\runtime\Cache\home\11e2f12d84b746b76491e3160c81a5b0.php 第 588 行.
SQL: SELECT * FROM `try_go` WHERE ( `show` = 'xfp13w_ymigzu_0nmrwk_fum3or' ) LIMIT 1   [ RunTime:0.005000s ]
NOTIC: [8] Undefined index: title D:\repo\baicai\data\runtime\Cache\home\11e2f12d84b746b76491e3160c81a5b0.php 第 594 行.
NOTIC: [8] Undefined index: sc D:\repo\baicai\data\runtime\Cache\home\11e2f12d84b746b76491e3160c81a5b0.php 第 572 行.
NOTIC: [8] Undefined index: sc D:\repo\baicai\data\runtime\Cache\home\11e2f12d84b746b76491e3160c81a5b0.php 第 573 行.
NOTIC: [8] Undefined index: sc D:\repo\baicai\data\runtime\Cache\home\11e2f12d84b746b76491e3160c81a5b0.php 第 577 行.
NOTIC: [8] Undefined index: sc D:\repo\baicai\data\runtime\Cache\home\11e2f12d84b746b76491e3160c81a5b0.php 第 582 行.
SQL: SELECT `name` FROM `try_item_orig` WHERE id=19 LIMIT 1   [ RunTime:0.004000s ]
NOTIC: [8] Undefined index: sc D:\repo\baicai\data\runtime\Cache\home\11e2f12d84b746b76491e3160c81a5b0.php 第 588 行.
NOTIC: [8] Undefined index: sc D:\repo\baicai\data\runtime\Cache\home\11e2f12d84b746b76491e3160c81a5b0.php 第 588 行.
NOTIC: [8] Undefined index: sc D:\repo\baicai\data\runtime\Cache\home\11e2f12d84b746b76491e3160c81a5b0.php 第 588 行.
NOTIC: [8] Undefined index: sc D:\repo\baicai\data\runtime\Cache\home\11e2f12d84b746b76491e3160c81a5b0.php 第 572 行.
NOTIC: [8] Undefined index: sc D:\repo\baicai\data\runtime\Cache\home\11e2f12d84b746b76491e3160c81a5b0.php 第 573 行.
NOTIC: [8] Undefined index: sc D:\repo\baicai\data\runtime\Cache\home\11e2f12d84b746b76491e3160c81a5b0.php 第 577 行.
NOTIC: [8] Undefined index: sc D:\repo\baicai\data\runtime\Cache\home\11e2f12d84b746b76491e3160c81a5b0.php 第 582 行.
SQL: SELECT `name` FROM `try_item_orig` WHERE id=19 LIMIT 1   [ RunTime:0.001001s ]
NOTIC: [8] Undefined index: sc D:\repo\baicai\data\runtime\Cache\home\11e2f12d84b746b76491e3160c81a5b0.php 第 588 行.
NOTIC: [8] Undefined index: sc D:\repo\baicai\data\runtime\Cache\home\11e2f12d84b746b76491e3160c81a5b0.php 第 588 行.
NOTIC: [8] Undefined index: sc D:\repo\baicai\data\runtime\Cache\home\11e2f12d84b746b76491e3160c81a5b0.php 第 588 行.
NOTIC: [8] Undefined index: sc D:\repo\baicai\data\runtime\Cache\home\11e2f12d84b746b76491e3160c81a5b0.php 第 572 行.
NOTIC: [8] Undefined index: sc D:\repo\baicai\data\runtime\Cache\home\11e2f12d84b746b76491e3160c81a5b0.php 第 573 行.
NOTIC: [8] Undefined index: sc D:\repo\baicai\data\runtime\Cache\home\11e2f12d84b746b76491e3160c81a5b0.php 第 577 行.
NOTIC: [8] Undefined index: sc D:\repo\baicai\data\runtime\Cache\home\11e2f12d84b746b76491e3160c81a5b0.php 第 582 行.
SQL: SELECT `name` FROM `try_item_orig` WHERE id=19 LIMIT 1   [ RunTime:0.001000s ]
NOTIC: [8] Undefined index: sc D:\repo\baicai\data\runtime\Cache\home\11e2f12d84b746b76491e3160c81a5b0.php 第 588 行.
NOTIC: [8] Undefined index: sc D:\repo\baicai\data\runtime\Cache\home\11e2f12d84b746b76491e3160c81a5b0.php 第 588 行.
NOTIC: [8] Undefined index: sc D:\repo\baicai\data\runtime\Cache\home\11e2f12d84b746b76491e3160c81a5b0.php 第 588 行.
NOTIC: [8] Undefined index: sc D:\repo\baicai\data\runtime\Cache\home\11e2f12d84b746b76491e3160c81a5b0.php 第 572 行.
NOTIC: [8] Undefined index: sc D:\repo\baicai\data\runtime\Cache\home\11e2f12d84b746b76491e3160c81a5b0.php 第 573 行.
NOTIC: [8] Undefined index: sc D:\repo\baicai\data\runtime\Cache\home\11e2f12d84b746b76491e3160c81a5b0.php 第 577 行.
NOTIC: [8] Undefined index: sc D:\repo\baicai\data\runtime\Cache\home\11e2f12d84b746b76491e3160c81a5b0.php 第 582 行.
SQL: SELECT `name` FROM `try_item_orig` WHERE id=19 LIMIT 1   [ RunTime:0.004000s ]
NOTIC: [8] Undefined index: sc D:\repo\baicai\data\runtime\Cache\home\11e2f12d84b746b76491e3160c81a5b0.php 第 588 行.
NOTIC: [8] Undefined index: sc D:\repo\baicai\data\runtime\Cache\home\11e2f12d84b746b76491e3160c81a5b0.php 第 588 行.
NOTIC: [8] Undefined index: sc D:\repo\baicai\data\runtime\Cache\home\11e2f12d84b746b76491e3160c81a5b0.php 第 588 行.
NOTIC: [8] Undefined index: sc D:\repo\baicai\data\runtime\Cache\home\11e2f12d84b746b76491e3160c81a5b0.php 第 572 行.
NOTIC: [8] Undefined index: sc D:\repo\baicai\data\runtime\Cache\home\11e2f12d84b746b76491e3160c81a5b0.php 第 573 行.
NOTIC: [8] Undefined index: sc D:\repo\baicai\data\runtime\Cache\home\11e2f12d84b746b76491e3160c81a5b0.php 第 577 行.
NOTIC: [8] Undefined index: sc D:\repo\baicai\data\runtime\Cache\home\11e2f12d84b746b76491e3160c81a5b0.php 第 582 行.
SQL: SELECT `name` FROM `try_item_orig` WHERE id=19 LIMIT 1   [ RunTime:0.001000s ]
NOTIC: [8] Undefined index: sc D:\repo\baicai\data\runtime\Cache\home\11e2f12d84b746b76491e3160c81a5b0.php 第 588 行.
NOTIC: [8] Undefined index: sc D:\repo\baicai\data\runtime\Cache\home\11e2f12d84b746b76491e3160c81a5b0.php 第 588 行.
NOTIC: [8] Undefined index: sc D:\repo\baicai\data\runtime\Cache\home\11e2f12d84b746b76491e3160c81a5b0.php 第 588 行.
NOTIC: [2] fopen(http://img.baicaio.com/data/upload/avatar/000/00/00/cfcd208495d565ef66e7dff9f98764da.jpg): failed to open stream: HTTP request failed! HTTP/1.1 404 Not Found
 D:\repo\baicai\app\Common\common.php 第 247 行.
NOTIC: [8] Undefined index: follow D:\repo\baicai\data\runtime\Cache\home\11e2f12d84b746b76491e3160c81a5b0.php 第 806 行.
NOTIC: [2] fopen(http://img.baicaio.com/data/upload/avatar/000/19/27/a5c1ecaadd6ace0e9222a1b20cf6f0b2.jpg): failed to open stream: HTTP request failed! HTTP/1.1 404 Not Found
 D:\repo\baicai\app\Common\common.php 第 247 行.
NOTIC: [8] Undefined index: follow D:\repo\baicai\data\runtime\Cache\home\11e2f12d84b746b76491e3160c81a5b0.php 第 819 行.
NOTIC: [2] fopen(http://img.baicaio.com/data/upload/avatar/000/19/27/35f94626a3c8956ff4b1e837f3a8aff0.jpg): failed to open stream: HTTP request failed! HTTP/1.1 404 Not Found
 D:\repo\baicai\app\Common\common.php 第 247 行.
NOTIC: [8] Undefined index: follow D:\repo\baicai\data\runtime\Cache\home\11e2f12d84b746b76491e3160c81a5b0.php 第 819 行.
NOTIC: [8] Undefined index: follow D:\repo\baicai\data\runtime\Cache\home\11e2f12d84b746b76491e3160c81a5b0.php 第 819 行.
NOTIC: [8] Undefined index: follow D:\repo\baicai\data\runtime\Cache\home\11e2f12d84b746b76491e3160c81a5b0.php 第 819 行.
SQL: SELECT * FROM `try_adboard` WHERE ( `id` = 2 ) AND ( `status` = 1 ) LIMIT 1   [ RunTime:0.003000s ]
SQL: SELECT `id`,`type`,`name`,`url`,`content`,`desc`,`extimg`,`extval` FROM `try_ad` WHERE ( `board_id` = 2 ) AND ( `start_time` <= 1511327445 ) AND ( `end_time` >= 1511327445 ) AND ( `status` = 1 ) ORDER BY ordid  [ RunTime:0.002000s ]
INFO: [ view_template ] --START--
INFO: Run basic_template Behavior [ RunTime:-7.540431s ]
INFO: [ view_template ] --END-- [ RunTime:-1.909109s ]
INFO: [ view_parse ] --START--
INFO: Run ParseTemplate Behavior [ RunTime:-7.541431s ]
INFO: [ view_parse ] --END-- [ RunTime:-1.642094s ]
INFO: [ view_filter ] --START--
INFO: Run ContentReplace Behavior [ RunTime:-7.546431s ]
INFO: Run TokenBuild Behavior [ RunTime:-7.546431s ]
INFO: Run WriteHtmlCache Behavior [ RunTime:-7.546431s ]
INFO: Run ShowRuntime Behavior [ RunTime:-7.547432s ]
INFO: Run content_replace Behavior [ RunTime:-7.547432s ]
INFO: [ view_filter ] --END-- [ RunTime:-1.642093s ]
INFO: [ view_end ] --START--
INFO: Run ShowPageTrace Behavior [ RunTime:-7.547432s ]
INFO: [ view_end ] --END-- [ RunTime:-1.641094s ]
SQL: SHOW COLUMNS FROM `try_tick` [ RunTime:0.055003s ]
SQL: SELECT * FROM `try_tick` WHERE start_time < NOW() ORDER BY yl desc,id desc LIMIT 6   [ RunTime:0.010000s ]
NOTIC: [8] Undefined variable: hot_tickA D:\repo\baicai\data\runtime\Cache\home\11e2f12d84b746b76491e3160c81a5b0.php 第 842 行.
SQL: SELECT * FROM `try_adboard` WHERE ( `id` = 10 ) AND ( `status` = 1 ) LIMIT 1   [ RunTime:0.006001s ]
SQL: SELECT `id`,`type`,`name`,`url`,`content`,`desc`,`extimg`,`extval` FROM `try_ad` WHERE ( `board_id` = 10 ) AND ( `start_time` <= 1511327446 ) AND ( `end_time` >= 1511327446 ) AND ( `status` = 1 ) ORDER BY ordid  [ RunTime:0.002000s ]
NOTIC: [2] Invalid argument supplied for foreach() D:\repo\baicai\app\Lib\Widget\advertWidget.class.php 第 22 行.
INFO: [ view_template ] --START--
INFO: Run basic_template Behavior [ RunTime:-7.624436s ]
INFO: [ view_template ] --END-- [ RunTime:-1.993114s ]
INFO: [ view_parse ] --START--
INFO: Run ParseTemplate Behavior [ RunTime:-7.624436s ]
INFO: [ view_parse ] --END-- [ RunTime:-1.725099s ]
INFO: [ view_filter ] --START--
INFO: Run ContentReplace Behavior [ RunTime:-7.630436s ]
INFO: Run TokenBuild Behavior [ RunTime:-7.630436s ]
INFO: Run WriteHtmlCache Behavior [ RunTime:-7.630436s ]
INFO: Run ShowRuntime Behavior [ RunTime:-7.630436s ]
INFO: Run content_replace Behavior [ RunTime:-7.630436s ]
INFO: [ view_filter ] --END-- [ RunTime:-1.726098s ]
INFO: [ view_end ] --START--
INFO: Run ShowPageTrace Behavior [ RunTime:-7.631436s ]
INFO: [ view_end ] --END-- [ RunTime:-1.725098s ]
SQL: SELECT * FROM `try_adboard` WHERE ( `id` = 15 ) AND ( `status` = 1 ) LIMIT 1   [ RunTime:0.026002s ]
SQL: SELECT `id`,`type`,`name`,`url`,`content`,`desc`,`extimg`,`extval` FROM `try_ad` WHERE ( `board_id` = 15 ) AND ( `start_time` <= 1511327446 ) AND ( `end_time` >= 1511327446 ) AND ( `status` = 1 ) ORDER BY ordid  [ RunTime:0.005000s ]
INFO: [ view_template ] --START--
INFO: Run basic_template Behavior [ RunTime:-7.664438s ]
INFO: [ view_template ] --END-- [ RunTime:-2.033116s ]
INFO: [ view_parse ] --START--
INFO: Run ParseTemplate Behavior [ RunTime:-7.665438s ]
INFO: [ view_parse ] --END-- [ RunTime:-1.766101s ]
INFO: [ view_filter ] --START--
INFO: Run ContentReplace Behavior [ RunTime:-7.672439s ]
INFO: Run TokenBuild Behavior [ RunTime:-7.672439s ]
INFO: Run WriteHtmlCache Behavior [ RunTime:-7.672439s ]
INFO: Run ShowRuntime Behavior [ RunTime:-7.672439s ]
INFO: Run content_replace Behavior [ RunTime:-7.672439s ]
INFO: [ view_filter ] --END-- [ RunTime:-1.768101s ]
INFO: [ view_end ] --START--
INFO: Run ShowPageTrace Behavior [ RunTime:-7.672439s ]
INFO: [ view_end ] --END-- [ RunTime:-1.766101s ]
SQL: SHOW COLUMNS FROM `try_flink` [ RunTime:0.020001s ]
SQL: SELECT * FROM `try_flink` WHERE cate_id=1 and status=1  [ RunTime:0.002000s ]
INFO: Run ParseTemplate Behavior [ RunTime:-7.672439s ]
INFO: [ view_parse ] --END-- [ RunTime:-1.766101s ]
INFO: [ view_filter ] --START--
INFO: Run ContentReplace Behavior [ RunTime:-7.703440s ]
INFO: Run TokenBuild Behavior [ RunTime:-7.703440s ]
INFO: Run WriteHtmlCache Behavior [ RunTime:-7.704441s ]
INFO: Run ShowRuntime Behavior [ RunTime:-7.704441s ]
INFO: Run content_replace Behavior [ RunTime:-7.704441s ]
INFO: [ view_filter ] --END-- [ RunTime:-1.799102s ]
INFO: [ view_end ] --START--
INFO: Run ShowPageTrace Behavior [ RunTime:-7.704441s ]
INFO: [ view_end ] --END-- [ RunTime:-1.798103s ]

