[ 2017-12-14T09:53:53+08:00 ] 127.0.0.1 /admin
INFO: [ route_check ] --START--
INFO: Run CheckRoute Behavior [ RunTime:0.001001s ]
INFO: [ route_check ] --END-- [ RunTime:0.001001s ]
INFO: [ app_begin ] --START--
INFO: Run ReadHtmlCache Behavior [ RunTime:-0.001000s ]
INFO: Run check_ipban Behavior [ RunTime:-0.002000s ]
INFO: Run load_lang Behavior [ RunTime:-0.003000s ]
INFO: [ app_begin ] --END-- [ RunTime:0.005000s ]
SQL: SHOW COLUMNS FROM `try_menu` [ RunTime:0.009000s ]
SQL: SHOW COLUMNS FROM `try_menu` [ RunTime:0.006001s ]
SQL: SELECT * FROM `try_menu` WHERE (  ( `pid` = 0 ) ) AND ( `display` = 1 ) ORDER BY ordid  [ RunTime:0.001000s ]
INFO: [ view_template ] --START--
INFO: Run basic_template Behavior [ RunTime:-1.068061s ]
INFO: [ view_template ] --END-- [ RunTime:0.002000s ]
INFO: [ view_parse ] --START--
INFO: Run ParseTemplate Behavior [ RunTime:-1.070061s ]
INFO: [ view_parse ] --END-- [ RunTime:0.012000s ]
INFO: [ view_filter ] --START--
INFO: Run ContentReplace Behavior [ RunTime:-1.082061s ]
INFO: Run TokenBuild Behavior [ RunTime:-1.083062s ]
INFO: Run WriteHtmlCache Behavior [ RunTime:-1.084062s ]
INFO: Run ShowRuntime Behavior [ RunTime:-1.084062s ]
INFO: Run content_replace Behavior [ RunTime:-1.085062s ]
INFO: [ view_filter ] --END-- [ RunTime:0.004001s ]
INFO: [ view_end ] --START--
INFO: Run ShowPageTrace Behavior [ RunTime:-1.086062s ]
INFO: [ view_end ] --END-- [ RunTime:0.001000s ]

[ 2017-12-14T09:53:55+08:00 ] 127.0.0.1 /admin?g=admin&m=index&a=panel
INFO: [ route_check ] --START--
INFO: Run CheckRoute Behavior [ RunTime:0.001000s ]
INFO: [ route_check ] --END-- [ RunTime:0.001000s ]
INFO: [ app_begin ] --START--
INFO: Run ReadHtmlCache Behavior [ RunTime:-0.001000s ]
INFO: Run check_ipban Behavior [ RunTime:-0.002000s ]
INFO: Run load_lang Behavior [ RunTime:-0.004000s ]
INFO: [ app_begin ] --END-- [ RunTime:0.005000s ]
SQL: SHOW COLUMNS FROM `try_menu` [ RunTime:0.010001s ]
INFO: [ view_template ] --START--
INFO: Run basic_template Behavior [ RunTime:-1.069061s ]
INFO: [ view_template ] --END-- [ RunTime:0.003000s ]
INFO: [ view_parse ] --START--
INFO: [ view_template ] --START--
INFO: Run basic_template Behavior [ RunTime:-1.077061s ]
INFO: [ view_template ] --END-- [ RunTime:-0.005000s ]
NOTIC: [8] Undefined variable: sub_menu D:\repo\baicai\data\runtime\Cache\admin\ba3d2a4c7110487814df26e78e828b96.php 第 43 行.
NOTIC: [8] Undefined variable: big_menu D:\repo\baicai\data\runtime\Cache\admin\ba3d2a4c7110487814df26e78e828b96.php 第 43 行.
INFO: Run ParseTemplate Behavior [ RunTime:-1.077061s ]
INFO: [ view_parse ] --END-- [ RunTime:0.020001s ]
INFO: [ view_filter ] --START--
INFO: Run ContentReplace Behavior [ RunTime:-1.092062s ]
INFO: Run TokenBuild Behavior [ RunTime:-1.092062s ]
INFO: Run WriteHtmlCache Behavior [ RunTime:-1.093062s ]
INFO: Run ShowRuntime Behavior [ RunTime:-1.094062s ]
INFO: Run content_replace Behavior [ RunTime:-1.094062s ]
INFO: [ view_filter ] --END-- [ RunTime:0.003000s ]
INFO: [ view_end ] --START--
INFO: Run ShowPageTrace Behavior [ RunTime:-1.095062s ]
INFO: [ view_end ] --END-- [ RunTime:0.001000s ]

[ 2017-12-14T09:53:56+08:00 ] 127.0.0.1 /admin?g=admin&m=index&a=left
INFO: [ route_check ] --START--
INFO: Run CheckRoute Behavior [ RunTime:0.001000s ]
INFO: [ route_check ] --END-- [ RunTime:0.001000s ]
INFO: [ app_begin ] --START--
INFO: Run ReadHtmlCache Behavior [ RunTime:-0.001000s ]
INFO: Run check_ipban Behavior [ RunTime:-0.002000s ]
INFO: Run load_lang Behavior [ RunTime:-0.003000s ]
INFO: [ app_begin ] --END-- [ RunTime:0.005000s ]
SQL: SHOW COLUMNS FROM `try_menu` [ RunTime:0.011001s ]
SQL: SELECT * FROM `try_menu` WHERE ( `often` = 1 )  [ RunTime:0.002000s ]
INFO: [ view_template ] --START--
INFO: Run basic_template Behavior [ RunTime:-2.062872s ]
INFO: [ view_template ] --END-- [ RunTime:0.003000s ]
INFO: [ view_parse ] --START--
NOTIC: [8] Undefined index: data D:\repo\baicai\data\runtime\Cache\admin\8bbf59c365bdf6267b9eb5e67d22693d.php 第 5 行.
INFO: Run ParseTemplate Behavior [ RunTime:-2.065872s ]
INFO: [ view_parse ] --END-- [ RunTime:0.012001s ]
INFO: [ view_filter ] --START--
INFO: Run ContentReplace Behavior [ RunTime:-2.078873s ]
INFO: Run TokenBuild Behavior [ RunTime:-2.078873s ]
INFO: Run WriteHtmlCache Behavior [ RunTime:-2.079873s ]
INFO: Run ShowRuntime Behavior [ RunTime:-2.079873s ]
INFO: Run content_replace Behavior [ RunTime:-2.080873s ]
INFO: [ view_filter ] --END-- [ RunTime:0.003000s ]
INFO: [ view_end ] --START--
INFO: Run ShowPageTrace Behavior [ RunTime:-2.081873s ]
INFO: [ view_end ] --END-- [ RunTime:0.000000s ]

[ 2017-12-14T09:53:57+08:00 ] 127.0.0.1 /admin?g=admin&m=index&a=left
INFO: [ route_check ] --START--
INFO: Run CheckRoute Behavior [ RunTime:0.001000s ]
INFO: [ route_check ] --END-- [ RunTime:0.001000s ]
INFO: [ app_begin ] --START--
INFO: Run ReadHtmlCache Behavior [ RunTime:-0.001000s ]
INFO: Run check_ipban Behavior [ RunTime:-0.002000s ]
INFO: Run load_lang Behavior [ RunTime:-0.003000s ]
INFO: [ app_begin ] --END-- [ RunTime:0.005000s ]
SQL: SHOW COLUMNS FROM `try_menu` [ RunTime:0.007000s ]
SQL: SHOW COLUMNS FROM `try_menu` [ RunTime:0.007000s ]
SQL: SELECT * FROM `try_menu` WHERE (  ( `pid` = 50 ) ) AND ( `display` = 1 ) ORDER BY ordid  [ RunTime:0.001001s ]
SQL: SELECT * FROM `try_menu` WHERE (  ( `pid` = 50 ) ) AND ( `display` = 1 ) ORDER BY ordid  [ RunTime:0.001000s ]
SQL: SELECT * FROM `try_menu` WHERE (  ( `pid` = 51 ) ) AND ( `display` = 1 ) ORDER BY ordid  [ RunTime:0.001000s ]
SQL: SELECT * FROM `try_menu` WHERE (  ( `pid` = 288 ) ) AND ( `display` = 1 ) ORDER BY ordid  [ RunTime:0.001000s ]
SQL: SELECT * FROM `try_menu` WHERE (  ( `pid` = 290 ) ) AND ( `display` = 1 ) ORDER BY ordid  [ RunTime:0.001000s ]
SQL: SELECT * FROM `try_menu` WHERE (  ( `pid` = 293 ) ) AND ( `display` = 1 ) ORDER BY ordid  [ RunTime:0.001000s ]
INFO: [ view_template ] --START--
INFO: Run basic_template Behavior [ RunTime:-1.141220s ]
INFO: [ view_template ] --END-- [ RunTime:0.001000s ]
INFO: [ view_parse ] --START--
INFO: Run ParseTemplate Behavior [ RunTime:-1.142220s ]
INFO: [ view_parse ] --END-- [ RunTime:0.017001s ]
INFO: [ view_filter ] --START--
INFO: Run ContentReplace Behavior [ RunTime:-1.159221s ]
INFO: Run TokenBuild Behavior [ RunTime:-1.160221s ]
INFO: Run WriteHtmlCache Behavior [ RunTime:-1.161221s ]
INFO: Run ShowRuntime Behavior [ RunTime:-1.162221s ]
INFO: Run content_replace Behavior [ RunTime:-1.162221s ]
INFO: [ view_filter ] --END-- [ RunTime:0.004000s ]
INFO: [ view_end ] --START--
INFO: Run ShowPageTrace Behavior [ RunTime:-1.163221s ]
INFO: [ view_end ] --END-- [ RunTime:0.001000s ]

[ 2017-12-14T09:54:01+08:00 ] 127.0.0.1 /admin?g=admin&m=item&a=add&menuid=249
INFO: [ route_check ] --START--
INFO: Run CheckRoute Behavior [ RunTime:0.001000s ]
INFO: [ route_check ] --END-- [ RunTime:0.001000s ]
INFO: [ app_begin ] --START--
INFO: Run ReadHtmlCache Behavior [ RunTime:-0.001000s ]
INFO: Run check_ipban Behavior [ RunTime:-0.002001s ]
INFO: Run load_lang Behavior [ RunTime:-0.004001s ]
INFO: [ app_begin ] --END-- [ RunTime:0.006001s ]
SQL: SHOW COLUMNS FROM `try_menu` [ RunTime:0.010001s ]
SQL: SHOW COLUMNS FROM `try_menu` [ RunTime:0.010001s ]
SQL: SELECT * FROM `try_menu` WHERE (  ( `pid` = 249 ) ) AND ( `display` = 1 ) ORDER BY ordid  [ RunTime:0.001000s ]
NOTIC: [2] Invalid argument supplied for foreach() D:\repo\baicai\app\Lib\Action\backendAction.class.php 第 19 行.
NOTIC: [2] Invalid argument supplied for foreach() D:\repo\baicai\app\Lib\Action\backendAction.class.php 第 26 行.
SQL: SHOW COLUMNS FROM `try_item` [ RunTime:0.011000s ]
SQL: SHOW COLUMNS FROM `try_item_cate` [ RunTime:0.009000s ]
SQL: SHOW COLUMNS FROM `try_item_orig` [ RunTime:0.015001s ]
SQL: SELECT `id`,`name` FROM `try_item_orig` ORDER BY name asc  [ RunTime:0.001000s ]
INFO: [ view_template ] --START--
INFO: Run basic_template Behavior [ RunTime:-3.683211s ]
INFO: [ view_template ] --END-- [ RunTime:0.002000s ]
INFO: [ view_parse ] --START--
INFO: [ view_template ] --START--
INFO: Run basic_template Behavior [ RunTime:-3.695212s ]
INFO: [ view_template ] --END-- [ RunTime:-0.010001s ]
INFO: [ view_template ] --START--
INFO: Run basic_template Behavior [ RunTime:-3.696212s ]
INFO: [ view_template ] --END-- [ RunTime:-0.011001s ]
NOTIC: [8] Undefined variable: big_menu D:\repo\baicai\data\runtime\Cache\admin\40572f8d9c5c79f061d4a3a7dba195bf.php 第 43 行.
NOTIC: [8] Undefined variable: item D:\repo\baicai\data\runtime\Cache\admin\40572f8d9c5c79f061d4a3a7dba195bf.php 第 137 行.
NOTIC: [8] Undefined variable: item D:\repo\baicai\data\runtime\Cache\admin\40572f8d9c5c79f061d4a3a7dba195bf.php 第 145 行.
NOTIC: [8] Undefined variable: info D:\repo\baicai\data\runtime\Cache\admin\40572f8d9c5c79f061d4a3a7dba195bf.php 第 221 行.
NOTIC: [8] Undefined variable: info D:\repo\baicai\data\runtime\Cache\admin\40572f8d9c5c79f061d4a3a7dba195bf.php 第 223 行.
NOTIC: [8] Undefined variable: info D:\repo\baicai\data\runtime\Cache\admin\40572f8d9c5c79f061d4a3a7dba195bf.php 第 225 行.
NOTIC: [8] Undefined variable: info D:\repo\baicai\data\runtime\Cache\admin\40572f8d9c5c79f061d4a3a7dba195bf.php 第 227 行.
NOTIC: [8] Undefined variable: info D:\repo\baicai\data\runtime\Cache\admin\40572f8d9c5c79f061d4a3a7dba195bf.php 第 229 行.
NOTIC: [8] Undefined variable: info D:\repo\baicai\data\runtime\Cache\admin\40572f8d9c5c79f061d4a3a7dba195bf.php 第 231 行.
NOTIC: [8] Undefined variable: article_list D:\repo\baicai\data\runtime\Cache\admin\40572f8d9c5c79f061d4a3a7dba195bf.php 第 365 行.
NOTIC: [8] Undefined variable: visitor D:\repo\baicai\data\runtime\Cache\admin\40572f8d9c5c79f061d4a3a7dba195bf.php 第 925 行.
INFO: Run ParseTemplate Behavior [ RunTime:-3.696212s ]
INFO: [ view_parse ] --END-- [ RunTime:0.031002s ]
INFO: [ view_filter ] --START--
INFO: Run ContentReplace Behavior [ RunTime:-3.716213s ]
INFO: Run TokenBuild Behavior [ RunTime:-3.717213s ]
INFO: Run WriteHtmlCache Behavior [ RunTime:-3.718213s ]
INFO: Run ShowRuntime Behavior [ RunTime:-3.718213s ]
INFO: Run content_replace Behavior [ RunTime:-3.719213s ]
INFO: [ view_filter ] --END-- [ RunTime:0.004000s ]
INFO: [ view_end ] --START--
INFO: Run ShowPageTrace Behavior [ RunTime:-3.720213s ]
INFO: [ view_end ] --END-- [ RunTime:0.001000s ]

[ 2017-12-14T09:54:30+08:00 ] ERR: (ThinkException) 无法加载模块:js/car1.6/lrz.all.bundle.js
[ 2017-12-14T09:54:50+08:00 ] 127.0.0.1 /admin?g=admin&m=item&a=add&menuid=249
INFO: [ route_check ] --START--
INFO: Run CheckRoute Behavior [ RunTime:0.001000s ]
INFO: [ route_check ] --END-- [ RunTime:0.001000s ]
INFO: [ app_begin ] --START--
INFO: Run ReadHtmlCache Behavior [ RunTime:-0.001000s ]
INFO: Run check_ipban Behavior [ RunTime:-0.001000s ]
INFO: Run load_lang Behavior [ RunTime:-0.003000s ]
INFO: [ app_begin ] --END-- [ RunTime:0.004001s ]
SQL: SHOW COLUMNS FROM `try_menu` [ RunTime:0.009000s ]
SQL: SHOW COLUMNS FROM `try_menu` [ RunTime:0.006001s ]
SQL: SELECT * FROM `try_menu` WHERE (  ( `pid` = 249 ) ) AND ( `display` = 1 ) ORDER BY ordid  [ RunTime:0.000000s ]
NOTIC: [2] Invalid argument supplied for foreach() D:\repo\baicai\app\Lib\Action\backendAction.class.php 第 19 行.
NOTIC: [2] Invalid argument supplied for foreach() D:\repo\baicai\app\Lib\Action\backendAction.class.php 第 26 行.
SQL: SHOW COLUMNS FROM `try_item` [ RunTime:0.007000s ]
SQL: SHOW COLUMNS FROM `try_item_cate` [ RunTime:0.006001s ]
SQL: SHOW COLUMNS FROM `try_item_orig` [ RunTime:0.006000s ]
SQL: SELECT `id`,`name` FROM `try_item_orig` ORDER BY name asc  [ RunTime:0.002000s ]
INFO: [ view_template ] --START--
INFO: Run basic_template Behavior [ RunTime:-1.100063s ]
INFO: [ view_template ] --END-- [ RunTime:0.001000s ]
INFO: [ view_parse ] --START--
INFO: [ view_template ] --START--
INFO: Run basic_template Behavior [ RunTime:-1.104063s ]
INFO: [ view_template ] --END-- [ RunTime:-0.003000s ]
INFO: [ view_template ] --START--
INFO: Run basic_template Behavior [ RunTime:-1.105063s ]
INFO: [ view_template ] --END-- [ RunTime:-0.004000s ]
NOTIC: [8] Undefined variable: big_menu D:\repo\baicai\data\runtime\Cache\admin\40572f8d9c5c79f061d4a3a7dba195bf.php 第 43 行.
NOTIC: [8] Undefined variable: item D:\repo\baicai\data\runtime\Cache\admin\40572f8d9c5c79f061d4a3a7dba195bf.php 第 137 行.
NOTIC: [8] Undefined variable: item D:\repo\baicai\data\runtime\Cache\admin\40572f8d9c5c79f061d4a3a7dba195bf.php 第 145 行.
NOTIC: [8] Undefined variable: info D:\repo\baicai\data\runtime\Cache\admin\40572f8d9c5c79f061d4a3a7dba195bf.php 第 221 行.
NOTIC: [8] Undefined variable: info D:\repo\baicai\data\runtime\Cache\admin\40572f8d9c5c79f061d4a3a7dba195bf.php 第 223 行.
NOTIC: [8] Undefined variable: info D:\repo\baicai\data\runtime\Cache\admin\40572f8d9c5c79f061d4a3a7dba195bf.php 第 225 行.
NOTIC: [8] Undefined variable: info D:\repo\baicai\data\runtime\Cache\admin\40572f8d9c5c79f061d4a3a7dba195bf.php 第 227 行.
NOTIC: [8] Undefined variable: info D:\repo\baicai\data\runtime\Cache\admin\40572f8d9c5c79f061d4a3a7dba195bf.php 第 229 行.
NOTIC: [8] Undefined variable: info D:\repo\baicai\data\runtime\Cache\admin\40572f8d9c5c79f061d4a3a7dba195bf.php 第 231 行.
NOTIC: [8] Undefined variable: article_list D:\repo\baicai\data\runtime\Cache\admin\40572f8d9c5c79f061d4a3a7dba195bf.php 第 365 行.
NOTIC: [8] Undefined variable: visitor D:\repo\baicai\data\runtime\Cache\admin\40572f8d9c5c79f061d4a3a7dba195bf.php 第 925 行.
INFO: Run ParseTemplate Behavior [ RunTime:-1.105063s ]
INFO: [ view_parse ] --END-- [ RunTime:0.021001s ]
INFO: [ view_filter ] --START--
INFO: Run ContentReplace Behavior [ RunTime:-1.122064s ]
INFO: Run TokenBuild Behavior [ RunTime:-1.124065s ]
INFO: Run WriteHtmlCache Behavior [ RunTime:-1.125065s ]
INFO: Run ShowRuntime Behavior [ RunTime:-1.125065s ]
INFO: Run content_replace Behavior [ RunTime:-1.126065s ]
INFO: [ view_filter ] --END-- [ RunTime:0.005001s ]
INFO: [ view_end ] --START--
INFO: Run ShowPageTrace Behavior [ RunTime:-1.127065s ]
INFO: [ view_end ] --END-- [ RunTime:0.000000s ]

[ 2017-12-14T09:54:52+08:00 ] ERR: (ThinkException) 无法加载模块:js/car1.6/lrz.all.bundle.js
[ 2017-12-14T11:19:44+08:00 ] 127.0.0.1 /admin?g=admin&m=index&a=left
INFO: [ route_check ] --START--
INFO: Run CheckRoute Behavior [ RunTime:0.002000s ]
INFO: [ route_check ] --END-- [ RunTime:0.002000s ]
INFO: [ app_begin ] --START--
INFO: Run ReadHtmlCache Behavior [ RunTime:-0.003000s ]
INFO: Run check_ipban Behavior [ RunTime:-0.004000s ]
INFO: Run load_lang Behavior [ RunTime:-0.008000s ]
INFO: [ app_begin ] --END-- [ RunTime:0.008001s ]
SQL: SHOW COLUMNS FROM `try_menu` [ RunTime:0.013000s ]
SQL: SELECT * FROM `try_menu` WHERE ( `often` = 1 )  [ RunTime:0.001000s ]
INFO: [ view_template ] --START--
INFO: Run basic_template Behavior [ RunTime:-1.108063s ]
INFO: [ view_template ] --END-- [ RunTime:0.003001s ]
INFO: [ view_parse ] --START--
NOTIC: [8] Undefined index: data D:\repo\baicai\data\runtime\Cache\admin\8bbf59c365bdf6267b9eb5e67d22693d.php 第 5 行.
INFO: Run ParseTemplate Behavior [ RunTime:-1.111064s ]
INFO: [ view_parse ] --END-- [ RunTime:0.020001s ]
INFO: [ view_filter ] --START--
INFO: Run ContentReplace Behavior [ RunTime:-1.131065s ]
INFO: Run TokenBuild Behavior [ RunTime:-1.132065s ]
INFO: Run WriteHtmlCache Behavior [ RunTime:-1.133065s ]
INFO: Run ShowRuntime Behavior [ RunTime:-1.134065s ]
INFO: Run content_replace Behavior [ RunTime:-1.138065s ]
INFO: [ view_filter ] --END-- [ RunTime:0.008000s ]
INFO: [ view_end ] --START--
INFO: Run ShowPageTrace Behavior [ RunTime:-1.139065s ]
INFO: [ view_end ] --END-- [ RunTime:0.002000s ]

