[ 2018-02-07T00:51:58+08:00 ] 127.0.0.1 /index.php
INFO: [ app_begin ] --START--
INFO: Run ReadHtmlCache Behavior [ RunTime:0.001000s ]
INFO: Run check_ipban Behavior [ RunTime:0.000000s ]
INFO: Run load_lang Behavior [ RunTime:-0.002000s ]
INFO: [ app_begin ] --END-- [ RunTime:0.006000s ]
SQL: SHOW COLUMNS FROM `try_item` [ RunTime:0.009001s ]
SQL: SELECT * FROM `try_item` WHERE status=1 and add_time<1517935916  and isnice=1  ORDER BY  add_time desc LIMIT 0,18   [ RunTime:1.307075s ]
SQL: SHOW COLUMNS FROM `try_item_orig` [ RunTime:0.010000s ]
SQL: SELECT `name` FROM `try_item_orig` WHERE id=857 LIMIT 1   [ RunTime:0.002001s ]
SQL: SELECT `name` FROM `try_item_orig` WHERE id=857 LIMIT 1   [ RunTime:0.001000s ]
SQL: SELECT `name` FROM `try_item_orig` WHERE id=857 LIMIT 1   [ RunTime:0.001000s ]
SQL: SELECT `name` FROM `try_item_orig` WHERE id=857 LIMIT 1   [ RunTime:0.001000s ]
SQL: SELECT `name` FROM `try_item_orig` WHERE id=19 LIMIT 1   [ RunTime:0.001000s ]
SQL: SELECT `name` FROM `try_item_orig` WHERE id=19 LIMIT 1   [ RunTime:0.001000s ]
SQL: SELECT `name` FROM `try_item_orig` WHERE id=19 LIMIT 1   [ RunTime:0.001000s ]
SQL: SELECT `name` FROM `try_item_orig` WHERE id=19 LIMIT 1   [ RunTime:0.000000s ]
SQL: SELECT `name` FROM `try_item_orig` WHERE id=19 LIMIT 1   [ RunTime:0.001000s ]
SQL: SELECT `name` FROM `try_item_orig` WHERE id=393 LIMIT 1   [ RunTime:0.001000s ]
SQL: SELECT `name` FROM `try_item_orig` WHERE id=50 LIMIT 1   [ RunTime:0.002000s ]
SQL: SELECT `name` FROM `try_item_orig` WHERE id=2 LIMIT 1   [ RunTime:0.001000s ]
SQL: SELECT `name` FROM `try_item_orig` WHERE id=3 LIMIT 1   [ RunTime:0.001001s ]
SQL: SELECT `name` FROM `try_item_orig` WHERE id=19 LIMIT 1   [ RunTime:0.001000s ]
SQL: SELECT `name` FROM `try_item_orig` WHERE id=19 LIMIT 1   [ RunTime:0.001000s ]
SQL: SELECT `name` FROM `try_item_orig` WHERE id=19 LIMIT 1   [ RunTime:0.001000s ]
SQL: SELECT `name` FROM `try_item_orig` WHERE id=19 LIMIT 1   [ RunTime:0.001000s ]
SQL: SELECT `name` FROM `try_item_orig` WHERE id=19 LIMIT 1   [ RunTime:0.002000s ]
SQL: select distinct uid,uname,sum(score) as num from try_score_log where add_time>1517932800 and add_time<1518019200 group by uname order by num desc,uid asc limit 4 [ RunTime:0.003000s ]
SQL: SHOW COLUMNS FROM `try_user` [ RunTime:0.011001s ]
SQL: SELECT * FROM `try_user` ORDER BY score desc,id asc LIMIT 4   [ RunTime:0.026001s ]
NOTIC: [8] Undefined index: dss D:\repo\baicai\app\Lib\Action\wap\indexAction.class.php 第 73 行.
SQL: SHOW COLUMNS FROM `try_hd` [ RunTime:0.016001s ]
SQL: SELECT * FROM `try_hd` ORDER BY order_s asc,id desc LIMIT 8   [ RunTime:0.002000s ]
SQL: SELECT * FROM `try_item` WHERE istop = 1 ORDER BY id desc LIMIT 8   [ RunTime:0.905052s ]
INFO: [ view_template ] --START--
INFO: Run basic_template Behavior [ RunTime:-3.357192s ]
INFO: [ view_template ] --END-- [ RunTime:0.003000s ]
INFO: [ view_parse ] --START--
INFO: [ view_template ] --START--
INFO: Run basic_template Behavior [ RunTime:-3.363193s ]
INFO: [ view_template ] --END-- [ RunTime:-0.003001s ]
INFO: [ view_template ] --START--
INFO: Run basic_template Behavior [ RunTime:-3.364193s ]
INFO: [ view_template ] --END-- [ RunTime:-0.004001s ]
INFO: [ view_template ] --START--
INFO: Run basic_template Behavior [ RunTime:-3.365193s ]
INFO: [ view_template ] --END-- [ RunTime:-0.005001s ]
NOTIC: [8] Use of undefined constant isnice - assumed 'isnice' D:\repo\baicai\data\runtime\Cache\wap\0d8d2dd5d63ad2ed82a5bd57db222986.php 第 150 行.
NOTIC: [8] Use of undefined constant isbao - assumed 'isbao' D:\repo\baicai\data\runtime\Cache\wap\0d8d2dd5d63ad2ed82a5bd57db222986.php 第 150 行.
SQL: SHOW COLUMNS FROM `try_adboard` [ RunTime:0.008001s ]
SQL: SELECT * FROM `try_adboard` WHERE ( `id` = 14 ) AND ( `status` = 1 ) LIMIT 1   [ RunTime:0.001000s ]
SQL: SHOW COLUMNS FROM `try_ad` [ RunTime:0.008000s ]
SQL: SELECT `id`,`type`,`name`,`url`,`content`,`desc`,`extimg`,`extval` FROM `try_ad` WHERE ( `board_id` = 14 ) AND ( `start_time` <= 1517935918 ) AND ( `end_time` >= 1517935918 ) AND ( `status` = 1 ) ORDER BY ordid  [ RunTime:0.002000s ]
INFO: [ view_template ] --START--
INFO: Run basic_template Behavior [ RunTime:-3.411195s ]
INFO: [ view_template ] --END-- [ RunTime:-0.051003s ]
INFO: [ view_parse ] --START--
INFO: Run ParseTemplate Behavior [ RunTime:-3.411195s ]
INFO: [ view_parse ] --END-- [ RunTime:0.005001s ]
INFO: [ view_filter ] --START--
INFO: Run ContentReplace Behavior [ RunTime:-3.416196s ]
INFO: Run TokenBuild Behavior [ RunTime:-3.417196s ]
INFO: Run WriteHtmlCache Behavior [ RunTime:-3.417196s ]
INFO: Run ShowRuntime Behavior [ RunTime:-3.418196s ]
INFO: Run content_replace Behavior [ RunTime:-3.418196s ]
INFO: [ view_filter ] --END-- [ RunTime:0.003000s ]
INFO: [ view_end ] --START--
INFO: Run ShowPageTrace Behavior [ RunTime:-3.419196s ]
INFO: [ view_end ] --END-- [ RunTime:0.001000s ]
INFO: Run ParseTemplate Behavior [ RunTime:-3.419196s ]
INFO: [ view_parse ] --END-- [ RunTime:0.005001s ]
INFO: [ view_filter ] --START--
INFO: Run ContentReplace Behavior [ RunTime:-3.450198s ]
INFO: Run TokenBuild Behavior [ RunTime:-3.450198s ]
INFO: Run WriteHtmlCache Behavior [ RunTime:-3.451198s ]
INFO: Run ShowRuntime Behavior [ RunTime:-3.451198s ]
INFO: Run content_replace Behavior [ RunTime:-3.451198s ]
INFO: [ view_filter ] --END-- [ RunTime:-0.031002s ]
INFO: [ view_end ] --START--
INFO: Run ShowPageTrace Behavior [ RunTime:-3.451198s ]
INFO: [ view_end ] --END-- [ RunTime:-0.031002s ]

[ 2018-02-07T02:09:36+08:00 ] 127.0.0.1 /index.php
INFO: [ app_begin ] --START--
INFO: Run ReadHtmlCache Behavior [ RunTime:0.002000s ]
INFO: Run check_ipban Behavior [ RunTime:0.000000s ]
INFO: Run load_lang Behavior [ RunTime:-0.002000s ]
INFO: [ app_begin ] --END-- [ RunTime:0.007000s ]
SQL: SHOW COLUMNS FROM `try_item` [ RunTime:0.009001s ]
SQL: SELECT * FROM `try_item` WHERE status=1 and add_time<1517940574  and isnice=1  ORDER BY  add_time desc LIMIT 0,18   [ RunTime:1.267072s ]
SQL: SHOW COLUMNS FROM `try_item_orig` [ RunTime:0.008001s ]
SQL: SELECT `name` FROM `try_item_orig` WHERE id=857 LIMIT 1   [ RunTime:0.001000s ]
SQL: SELECT `name` FROM `try_item_orig` WHERE id=857 LIMIT 1   [ RunTime:0.001000s ]
SQL: SELECT `name` FROM `try_item_orig` WHERE id=857 LIMIT 1   [ RunTime:0.001000s ]
SQL: SELECT `name` FROM `try_item_orig` WHERE id=857 LIMIT 1   [ RunTime:0.001000s ]
SQL: SELECT `name` FROM `try_item_orig` WHERE id=19 LIMIT 1   [ RunTime:0.001000s ]
SQL: SELECT `name` FROM `try_item_orig` WHERE id=19 LIMIT 1   [ RunTime:0.001000s ]
SQL: SELECT `name` FROM `try_item_orig` WHERE id=19 LIMIT 1   [ RunTime:0.001000s ]
SQL: SELECT `name` FROM `try_item_orig` WHERE id=19 LIMIT 1   [ RunTime:0.001000s ]
SQL: SELECT `name` FROM `try_item_orig` WHERE id=19 LIMIT 1   [ RunTime:0.001001s ]
SQL: SELECT `name` FROM `try_item_orig` WHERE id=393 LIMIT 1   [ RunTime:0.001000s ]
SQL: SELECT `name` FROM `try_item_orig` WHERE id=50 LIMIT 1   [ RunTime:0.001000s ]
SQL: SELECT `name` FROM `try_item_orig` WHERE id=2 LIMIT 1   [ RunTime:0.001000s ]
SQL: SELECT `name` FROM `try_item_orig` WHERE id=3 LIMIT 1   [ RunTime:0.001000s ]
SQL: SELECT `name` FROM `try_item_orig` WHERE id=19 LIMIT 1   [ RunTime:0.000000s ]
SQL: SELECT `name` FROM `try_item_orig` WHERE id=19 LIMIT 1   [ RunTime:0.001000s ]
SQL: SELECT `name` FROM `try_item_orig` WHERE id=19 LIMIT 1   [ RunTime:0.001000s ]
SQL: SELECT `name` FROM `try_item_orig` WHERE id=19 LIMIT 1   [ RunTime:0.001000s ]
SQL: SELECT `name` FROM `try_item_orig` WHERE id=19 LIMIT 1   [ RunTime:0.001000s ]
SQL: select distinct uid,uname,sum(score) as num from try_score_log where add_time>1517932800 and add_time<1518019200 group by uname order by num desc,uid asc limit 4 [ RunTime:0.005000s ]
SQL: SHOW COLUMNS FROM `try_user` [ RunTime:0.010001s ]
SQL: SELECT * FROM `try_user` ORDER BY score desc,id asc LIMIT 4   [ RunTime:0.031002s ]
NOTIC: [8] Undefined index: dss D:\repo\baicai\app\Lib\Action\wap\indexAction.class.php 第 73 行.
SQL: SHOW COLUMNS FROM `try_hd` [ RunTime:0.048003s ]
SQL: SELECT * FROM `try_hd` ORDER BY order_s asc,id desc LIMIT 8   [ RunTime:0.001000s ]
SQL: SELECT * FROM `try_item` WHERE istop = 1 ORDER BY id desc LIMIT 8   [ RunTime:0.951054s ]
INFO: [ view_template ] --START--
INFO: Run basic_template Behavior [ RunTime:-3.429196s ]
INFO: [ view_template ] --END-- [ RunTime:0.002000s ]
INFO: [ view_parse ] --START--
INFO: [ view_template ] --START--
INFO: Run basic_template Behavior [ RunTime:-3.434197s ]
INFO: [ view_template ] --END-- [ RunTime:-0.003001s ]
INFO: [ view_template ] --START--
INFO: Run basic_template Behavior [ RunTime:-3.435197s ]
INFO: [ view_template ] --END-- [ RunTime:-0.004001s ]
INFO: [ view_template ] --START--
INFO: Run basic_template Behavior [ RunTime:-3.436197s ]
INFO: [ view_template ] --END-- [ RunTime:-0.005001s ]
NOTIC: [8] Use of undefined constant isnice - assumed 'isnice' D:\repo\baicai\data\runtime\Cache\wap\0d8d2dd5d63ad2ed82a5bd57db222986.php 第 150 行.
NOTIC: [8] Use of undefined constant isbao - assumed 'isbao' D:\repo\baicai\data\runtime\Cache\wap\0d8d2dd5d63ad2ed82a5bd57db222986.php 第 150 行.
SQL: SHOW COLUMNS FROM `try_adboard` [ RunTime:0.008000s ]
SQL: SELECT * FROM `try_adboard` WHERE ( `id` = 14 ) AND ( `status` = 1 ) LIMIT 1   [ RunTime:0.001000s ]
SQL: SHOW COLUMNS FROM `try_ad` [ RunTime:0.008000s ]
SQL: SELECT `id`,`type`,`name`,`url`,`content`,`desc`,`extimg`,`extval` FROM `try_ad` WHERE ( `board_id` = 14 ) AND ( `start_time` <= 1517940576 ) AND ( `end_time` >= 1517940576 ) AND ( `status` = 1 ) ORDER BY ordid  [ RunTime:0.001000s ]
INFO: [ view_template ] --START--
INFO: Run basic_template Behavior [ RunTime:-3.481199s ]
INFO: [ view_template ] --END-- [ RunTime:-0.050003s ]
INFO: [ view_parse ] --START--
INFO: Run ParseTemplate Behavior [ RunTime:-3.481199s ]
INFO: [ view_parse ] --END-- [ RunTime:0.005001s ]
INFO: [ view_filter ] --START--
INFO: Run ContentReplace Behavior [ RunTime:-3.486200s ]
INFO: Run TokenBuild Behavior [ RunTime:-3.487200s ]
INFO: Run WriteHtmlCache Behavior [ RunTime:-3.487200s ]
INFO: Run ShowRuntime Behavior [ RunTime:-3.488200s ]
INFO: Run content_replace Behavior [ RunTime:-3.488200s ]
INFO: [ view_filter ] --END-- [ RunTime:0.003000s ]
INFO: [ view_end ] --START--
INFO: Run ShowPageTrace Behavior [ RunTime:-3.489200s ]
INFO: [ view_end ] --END-- [ RunTime:0.000000s ]
INFO: Run ParseTemplate Behavior [ RunTime:-3.489200s ]
INFO: [ view_parse ] --END-- [ RunTime:0.005001s ]
INFO: [ view_filter ] --START--
INFO: Run ContentReplace Behavior [ RunTime:-3.517201s ]
INFO: Run TokenBuild Behavior [ RunTime:-3.517201s ]
INFO: Run WriteHtmlCache Behavior [ RunTime:-3.517201s ]
INFO: Run ShowRuntime Behavior [ RunTime:-3.517201s ]
INFO: Run content_replace Behavior [ RunTime:-3.517201s ]
INFO: [ view_filter ] --END-- [ RunTime:-0.028001s ]
INFO: [ view_end ] --START--
INFO: Run ShowPageTrace Behavior [ RunTime:-3.517201s ]
INFO: [ view_end ] --END-- [ RunTime:-0.028001s ]

[ 2018-02-07T03:27:08+08:00 ] 127.0.0.1 /index.php
INFO: [ app_begin ] --START--
INFO: Run ReadHtmlCache Behavior [ RunTime:0.001000s ]
INFO: Run check_ipban Behavior [ RunTime:0.000000s ]
INFO: Run load_lang Behavior [ RunTime:-0.002000s ]
INFO: [ app_begin ] --END-- [ RunTime:0.005001s ]
SQL: SHOW COLUMNS FROM `try_item` [ RunTime:0.010001s ]
SQL: SELECT * FROM `try_item` WHERE status=1 and add_time<1517945226  and isnice=1  ORDER BY  add_time desc LIMIT 0,18   [ RunTime:1.268073s ]
SQL: SHOW COLUMNS FROM `try_item_orig` [ RunTime:0.010000s ]
SQL: SELECT `name` FROM `try_item_orig` WHERE id=857 LIMIT 1   [ RunTime:0.002000s ]
SQL: SELECT `name` FROM `try_item_orig` WHERE id=857 LIMIT 1   [ RunTime:0.002001s ]
SQL: SELECT `name` FROM `try_item_orig` WHERE id=857 LIMIT 1   [ RunTime:0.001000s ]
SQL: SELECT `name` FROM `try_item_orig` WHERE id=857 LIMIT 1   [ RunTime:0.001000s ]
SQL: SELECT `name` FROM `try_item_orig` WHERE id=19 LIMIT 1   [ RunTime:0.001000s ]
SQL: SELECT `name` FROM `try_item_orig` WHERE id=19 LIMIT 1   [ RunTime:0.001000s ]
SQL: SELECT `name` FROM `try_item_orig` WHERE id=19 LIMIT 1   [ RunTime:0.000000s ]
SQL: SELECT `name` FROM `try_item_orig` WHERE id=19 LIMIT 1   [ RunTime:0.000000s ]
SQL: SELECT `name` FROM `try_item_orig` WHERE id=19 LIMIT 1   [ RunTime:0.001000s ]
SQL: SELECT `name` FROM `try_item_orig` WHERE id=393 LIMIT 1   [ RunTime:0.000000s ]
SQL: SELECT `name` FROM `try_item_orig` WHERE id=50 LIMIT 1   [ RunTime:0.000000s ]
SQL: SELECT `name` FROM `try_item_orig` WHERE id=2 LIMIT 1   [ RunTime:0.001000s ]
SQL: SELECT `name` FROM `try_item_orig` WHERE id=3 LIMIT 1   [ RunTime:0.000000s ]
SQL: SELECT `name` FROM `try_item_orig` WHERE id=19 LIMIT 1   [ RunTime:0.001000s ]
SQL: SELECT `name` FROM `try_item_orig` WHERE id=19 LIMIT 1   [ RunTime:0.000000s ]
SQL: SELECT `name` FROM `try_item_orig` WHERE id=19 LIMIT 1   [ RunTime:0.000000s ]
SQL: SELECT `name` FROM `try_item_orig` WHERE id=19 LIMIT 1   [ RunTime:0.001000s ]
SQL: SELECT `name` FROM `try_item_orig` WHERE id=19 LIMIT 1   [ RunTime:0.001000s ]
SQL: select distinct uid,uname,sum(score) as num from try_score_log where add_time>1517932800 and add_time<1518019200 group by uname order by num desc,uid asc limit 4 [ RunTime:0.003000s ]
SQL: SHOW COLUMNS FROM `try_user` [ RunTime:0.009001s ]
SQL: SELECT * FROM `try_user` ORDER BY score desc,id asc LIMIT 4   [ RunTime:0.024001s ]
NOTIC: [8] Undefined index: dss D:\repo\baicai\app\Lib\Action\wap\indexAction.class.php 第 73 行.
SQL: SHOW COLUMNS FROM `try_hd` [ RunTime:0.009000s ]
SQL: SELECT * FROM `try_hd` ORDER BY order_s asc,id desc LIMIT 8   [ RunTime:0.001000s ]
SQL: SELECT * FROM `try_item` WHERE istop = 1 ORDER BY id desc LIMIT 8   [ RunTime:1.007058s ]
INFO: [ view_template ] --START--
INFO: Run basic_template Behavior [ RunTime:-3.415196s ]
INFO: [ view_template ] --END-- [ RunTime:0.002000s ]
INFO: [ view_parse ] --START--
INFO: [ view_template ] --START--
INFO: Run basic_template Behavior [ RunTime:-3.420196s ]
INFO: [ view_template ] --END-- [ RunTime:-0.003000s ]
INFO: [ view_template ] --START--
INFO: Run basic_template Behavior [ RunTime:-3.422196s ]
INFO: [ view_template ] --END-- [ RunTime:-0.005000s ]
INFO: [ view_template ] --START--
INFO: Run basic_template Behavior [ RunTime:-3.422196s ]
INFO: [ view_template ] --END-- [ RunTime:-0.005000s ]
NOTIC: [8] Use of undefined constant isnice - assumed 'isnice' D:\repo\baicai\data\runtime\Cache\wap\0d8d2dd5d63ad2ed82a5bd57db222986.php 第 150 行.
NOTIC: [8] Use of undefined constant isbao - assumed 'isbao' D:\repo\baicai\data\runtime\Cache\wap\0d8d2dd5d63ad2ed82a5bd57db222986.php 第 150 行.
SQL: SHOW COLUMNS FROM `try_adboard` [ RunTime:0.008001s ]
SQL: SELECT * FROM `try_adboard` WHERE ( `id` = 14 ) AND ( `status` = 1 ) LIMIT 1   [ RunTime:0.001000s ]
SQL: SHOW COLUMNS FROM `try_ad` [ RunTime:0.008001s ]
SQL: SELECT `id`,`type`,`name`,`url`,`content`,`desc`,`extimg`,`extval` FROM `try_ad` WHERE ( `board_id` = 14 ) AND ( `start_time` <= 1517945228 ) AND ( `end_time` >= 1517945228 ) AND ( `status` = 1 ) ORDER BY ordid  [ RunTime:0.001000s ]
INFO: [ view_template ] --START--
INFO: Run basic_template Behavior [ RunTime:-3.468199s ]
INFO: [ view_template ] --END-- [ RunTime:-0.051003s ]
INFO: [ view_parse ] --START--
INFO: Run ParseTemplate Behavior [ RunTime:-3.469199s ]
INFO: [ view_parse ] --END-- [ RunTime:0.005000s ]
INFO: [ view_filter ] --START--
INFO: Run ContentReplace Behavior [ RunTime:-3.474199s ]
INFO: Run TokenBuild Behavior [ RunTime:-3.474199s ]
INFO: Run WriteHtmlCache Behavior [ RunTime:-3.475199s ]
INFO: Run ShowRuntime Behavior [ RunTime:-3.475199s ]
INFO: Run content_replace Behavior [ RunTime:-3.476199s ]
INFO: [ view_filter ] --END-- [ RunTime:0.002000s ]
INFO: [ view_end ] --START--
INFO: Run ShowPageTrace Behavior [ RunTime:-3.476199s ]
INFO: [ view_end ] --END-- [ RunTime:0.001000s ]
INFO: Run ParseTemplate Behavior [ RunTime:-3.476199s ]
INFO: [ view_parse ] --END-- [ RunTime:0.005000s ]
INFO: [ view_filter ] --START--
INFO: Run ContentReplace Behavior [ RunTime:-3.504201s ]
INFO: Run TokenBuild Behavior [ RunTime:-3.505201s ]
INFO: Run WriteHtmlCache Behavior [ RunTime:-3.505201s ]
INFO: Run ShowRuntime Behavior [ RunTime:-3.505201s ]
INFO: Run content_replace Behavior [ RunTime:-3.505201s ]
INFO: [ view_filter ] --END-- [ RunTime:-0.028002s ]
INFO: [ view_end ] --START--
INFO: Run ShowPageTrace Behavior [ RunTime:-3.505201s ]
INFO: [ view_end ] --END-- [ RunTime:-0.028002s ]

[ 2018-02-07T04:44:45+08:00 ] 127.0.0.1 /index.php
INFO: [ app_begin ] --START--
INFO: Run ReadHtmlCache Behavior [ RunTime:0.001001s ]
INFO: Run check_ipban Behavior [ RunTime:0.000000s ]
INFO: Run load_lang Behavior [ RunTime:-0.002000s ]
INFO: [ app_begin ] --END-- [ RunTime:0.005001s ]
SQL: SHOW COLUMNS FROM `try_item` [ RunTime:0.009000s ]
SQL: SELECT * FROM `try_item` WHERE status=1 and add_time<1517949884  and isnice=1  ORDER BY  add_time desc LIMIT 0,18   [ RunTime:0.315018s ]
SQL: SHOW COLUMNS FROM `try_item_orig` [ RunTime:0.007001s ]
SQL: SELECT `name` FROM `try_item_orig` WHERE id=857 LIMIT 1   [ RunTime:0.001000s ]
SQL: SELECT `name` FROM `try_item_orig` WHERE id=857 LIMIT 1   [ RunTime:0.001000s ]
SQL: SELECT `name` FROM `try_item_orig` WHERE id=857 LIMIT 1   [ RunTime:0.000000s ]
SQL: SELECT `name` FROM `try_item_orig` WHERE id=857 LIMIT 1   [ RunTime:0.001000s ]
SQL: SELECT `name` FROM `try_item_orig` WHERE id=19 LIMIT 1   [ RunTime:0.000000s ]
SQL: SELECT `name` FROM `try_item_orig` WHERE id=19 LIMIT 1   [ RunTime:0.001000s ]
SQL: SELECT `name` FROM `try_item_orig` WHERE id=19 LIMIT 1   [ RunTime:0.001000s ]
SQL: SELECT `name` FROM `try_item_orig` WHERE id=19 LIMIT 1   [ RunTime:0.000000s ]
SQL: SELECT `name` FROM `try_item_orig` WHERE id=19 LIMIT 1   [ RunTime:0.000000s ]
SQL: SELECT `name` FROM `try_item_orig` WHERE id=393 LIMIT 1   [ RunTime:0.001000s ]
SQL: SELECT `name` FROM `try_item_orig` WHERE id=50 LIMIT 1   [ RunTime:0.000000s ]
SQL: SELECT `name` FROM `try_item_orig` WHERE id=2 LIMIT 1   [ RunTime:0.001000s ]
SQL: SELECT `name` FROM `try_item_orig` WHERE id=3 LIMIT 1   [ RunTime:0.000000s ]
SQL: SELECT `name` FROM `try_item_orig` WHERE id=19 LIMIT 1   [ RunTime:0.001000s ]
SQL: SELECT `name` FROM `try_item_orig` WHERE id=19 LIMIT 1   [ RunTime:0.000000s ]
SQL: SELECT `name` FROM `try_item_orig` WHERE id=19 LIMIT 1   [ RunTime:0.001000s ]
SQL: SELECT `name` FROM `try_item_orig` WHERE id=19 LIMIT 1   [ RunTime:0.000000s ]
SQL: SELECT `name` FROM `try_item_orig` WHERE id=19 LIMIT 1   [ RunTime:0.001000s ]
SQL: select distinct uid,uname,sum(score) as num from try_score_log where add_time>1517932800 and add_time<1518019200 group by uname order by num desc,uid asc limit 4 [ RunTime:0.002001s ]
SQL: SHOW COLUMNS FROM `try_user` [ RunTime:0.009000s ]
SQL: SELECT * FROM `try_user` ORDER BY score desc,id asc LIMIT 4   [ RunTime:0.023001s ]
NOTIC: [8] Undefined index: dss D:\repo\baicai\app\Lib\Action\wap\indexAction.class.php 第 73 行.
SQL: SHOW COLUMNS FROM `try_hd` [ RunTime:0.008001s ]
SQL: SELECT * FROM `try_hd` ORDER BY order_s asc,id desc LIMIT 8   [ RunTime:0.001000s ]
SQL: SELECT * FROM `try_item` WHERE istop = 1 ORDER BY id desc LIMIT 8   [ RunTime:0.873050s ]
INFO: [ view_template ] --START--
INFO: Run basic_template Behavior [ RunTime:-2.297131s ]
INFO: [ view_template ] --END-- [ RunTime:0.002000s ]
INFO: [ view_parse ] --START--
INFO: [ view_template ] --START--
INFO: Run basic_template Behavior [ RunTime:-2.301131s ]
INFO: [ view_template ] --END-- [ RunTime:-0.002000s ]
INFO: [ view_template ] --START--
INFO: Run basic_template Behavior [ RunTime:-2.302131s ]
INFO: [ view_template ] --END-- [ RunTime:-0.003000s ]
INFO: [ view_template ] --START--
INFO: Run basic_template Behavior [ RunTime:-2.302131s ]
INFO: [ view_template ] --END-- [ RunTime:-0.003000s ]
NOTIC: [8] Use of undefined constant isnice - assumed 'isnice' D:\repo\baicai\data\runtime\Cache\wap\0d8d2dd5d63ad2ed82a5bd57db222986.php 第 150 行.
NOTIC: [8] Use of undefined constant isbao - assumed 'isbao' D:\repo\baicai\data\runtime\Cache\wap\0d8d2dd5d63ad2ed82a5bd57db222986.php 第 150 行.
SQL: SHOW COLUMNS FROM `try_adboard` [ RunTime:0.008000s ]
SQL: SELECT * FROM `try_adboard` WHERE ( `id` = 14 ) AND ( `status` = 1 ) LIMIT 1   [ RunTime:0.001000s ]
SQL: SHOW COLUMNS FROM `try_ad` [ RunTime:0.008001s ]
SQL: SELECT `id`,`type`,`name`,`url`,`content`,`desc`,`extimg`,`extval` FROM `try_ad` WHERE ( `board_id` = 14 ) AND ( `start_time` <= 1517949885 ) AND ( `end_time` >= 1517949885 ) AND ( `status` = 1 ) ORDER BY ordid  [ RunTime:0.001000s ]
INFO: [ view_template ] --START--
INFO: Run basic_template Behavior [ RunTime:-2.345134s ]
INFO: [ view_template ] --END-- [ RunTime:-0.046003s ]
INFO: [ view_parse ] --START--
INFO: Run ParseTemplate Behavior [ RunTime:-2.346134s ]
INFO: [ view_parse ] --END-- [ RunTime:0.005000s ]
INFO: [ view_filter ] --START--
INFO: Run ContentReplace Behavior [ RunTime:-2.351134s ]
INFO: Run TokenBuild Behavior [ RunTime:-2.351134s ]
INFO: Run WriteHtmlCache Behavior [ RunTime:-2.352134s ]
INFO: Run ShowRuntime Behavior [ RunTime:-2.352134s ]
INFO: Run content_replace Behavior [ RunTime:-2.353134s ]
INFO: [ view_filter ] --END-- [ RunTime:0.002000s ]
INFO: [ view_end ] --START--
INFO: Run ShowPageTrace Behavior [ RunTime:-2.353134s ]
INFO: [ view_end ] --END-- [ RunTime:0.001000s ]
INFO: Run ParseTemplate Behavior [ RunTime:-2.353134s ]
INFO: [ view_parse ] --END-- [ RunTime:0.005000s ]
INFO: [ view_filter ] --START--
INFO: Run ContentReplace Behavior [ RunTime:-2.382136s ]
INFO: Run TokenBuild Behavior [ RunTime:-2.382136s ]
INFO: Run WriteHtmlCache Behavior [ RunTime:-2.382136s ]
INFO: Run ShowRuntime Behavior [ RunTime:-2.382136s ]
INFO: Run content_replace Behavior [ RunTime:-2.382136s ]
INFO: [ view_filter ] --END-- [ RunTime:-0.029002s ]
INFO: [ view_end ] --START--
INFO: Run ShowPageTrace Behavior [ RunTime:-2.383136s ]
INFO: [ view_end ] --END-- [ RunTime:-0.029002s ]

[ 2018-02-07T06:02:18+08:00 ] 127.0.0.1 /index.php
INFO: [ app_begin ] --START--
INFO: Run ReadHtmlCache Behavior [ RunTime:0.001000s ]
INFO: Run check_ipban Behavior [ RunTime:0.000000s ]
INFO: Run load_lang Behavior [ RunTime:-0.003001s ]
INFO: [ app_begin ] --END-- [ RunTime:0.006001s ]
SQL: SHOW COLUMNS FROM `try_item` [ RunTime:0.010001s ]
SQL: SELECT * FROM `try_item` WHERE status=1 and add_time<1517954536  and isnice=1  ORDER BY  add_time desc LIMIT 0,18   [ RunTime:0.359020s ]
SQL: SHOW COLUMNS FROM `try_item_orig` [ RunTime:0.007001s ]
SQL: SELECT `name` FROM `try_item_orig` WHERE id=857 LIMIT 1   [ RunTime:0.001000s ]
SQL: SELECT `name` FROM `try_item_orig` WHERE id=857 LIMIT 1   [ RunTime:0.001000s ]
SQL: SELECT `name` FROM `try_item_orig` WHERE id=857 LIMIT 1   [ RunTime:0.000000s ]
SQL: SELECT `name` FROM `try_item_orig` WHERE id=857 LIMIT 1   [ RunTime:0.001000s ]
SQL: SELECT `name` FROM `try_item_orig` WHERE id=19 LIMIT 1   [ RunTime:0.001000s ]
SQL: SELECT `name` FROM `try_item_orig` WHERE id=19 LIMIT 1   [ RunTime:0.000000s ]
SQL: SELECT `name` FROM `try_item_orig` WHERE id=19 LIMIT 1   [ RunTime:0.001000s ]
SQL: SELECT `name` FROM `try_item_orig` WHERE id=19 LIMIT 1   [ RunTime:0.001000s ]
SQL: SELECT `name` FROM `try_item_orig` WHERE id=19 LIMIT 1   [ RunTime:0.000000s ]
SQL: SELECT `name` FROM `try_item_orig` WHERE id=393 LIMIT 1   [ RunTime:0.001000s ]
SQL: SELECT `name` FROM `try_item_orig` WHERE id=50 LIMIT 1   [ RunTime:0.000000s ]
SQL: SELECT `name` FROM `try_item_orig` WHERE id=2 LIMIT 1   [ RunTime:0.000000s ]
SQL: SELECT `name` FROM `try_item_orig` WHERE id=3 LIMIT 1   [ RunTime:0.001000s ]
SQL: SELECT `name` FROM `try_item_orig` WHERE id=19 LIMIT 1   [ RunTime:0.001000s ]
SQL: SELECT `name` FROM `try_item_orig` WHERE id=19 LIMIT 1   [ RunTime:0.000000s ]
SQL: SELECT `name` FROM `try_item_orig` WHERE id=19 LIMIT 1   [ RunTime:0.001000s ]
SQL: SELECT `name` FROM `try_item_orig` WHERE id=19 LIMIT 1   [ RunTime:0.000000s ]
SQL: SELECT `name` FROM `try_item_orig` WHERE id=19 LIMIT 1   [ RunTime:0.001000s ]
SQL: select distinct uid,uname,sum(score) as num from try_score_log where add_time>1517932800 and add_time<1518019200 group by uname order by num desc,uid asc limit 4 [ RunTime:0.004001s ]
SQL: SHOW COLUMNS FROM `try_user` [ RunTime:0.010000s ]
SQL: SELECT * FROM `try_user` ORDER BY score desc,id asc LIMIT 4   [ RunTime:0.024002s ]
NOTIC: [8] Undefined index: dss D:\repo\baicai\app\Lib\Action\wap\indexAction.class.php 第 73 行.
SQL: SHOW COLUMNS FROM `try_hd` [ RunTime:0.008000s ]
SQL: SELECT * FROM `try_hd` ORDER BY order_s asc,id desc LIMIT 8   [ RunTime:0.001000s ]
SQL: SELECT * FROM `try_item` WHERE istop = 1 ORDER BY id desc LIMIT 8   [ RunTime:0.908052s ]
INFO: [ view_template ] --START--
INFO: Run basic_template Behavior [ RunTime:-2.391137s ]
INFO: [ view_template ] --END-- [ RunTime:0.001000s ]
INFO: [ view_parse ] --START--
INFO: [ view_template ] --START--
INFO: Run basic_template Behavior [ RunTime:-2.396137s ]
INFO: [ view_template ] --END-- [ RunTime:-0.004000s ]
INFO: [ view_template ] --START--
INFO: Run basic_template Behavior [ RunTime:-2.397138s ]
INFO: [ view_template ] --END-- [ RunTime:-0.005001s ]
INFO: [ view_template ] --START--
INFO: Run basic_template Behavior [ RunTime:-2.397138s ]
INFO: [ view_template ] --END-- [ RunTime:-0.005001s ]
NOTIC: [8] Use of undefined constant isnice - assumed 'isnice' D:\repo\baicai\data\runtime\Cache\wap\0d8d2dd5d63ad2ed82a5bd57db222986.php 第 150 行.
NOTIC: [8] Use of undefined constant isbao - assumed 'isbao' D:\repo\baicai\data\runtime\Cache\wap\0d8d2dd5d63ad2ed82a5bd57db222986.php 第 150 行.
SQL: SHOW COLUMNS FROM `try_adboard` [ RunTime:0.008000s ]
SQL: SELECT * FROM `try_adboard` WHERE ( `id` = 14 ) AND ( `status` = 1 ) LIMIT 1   [ RunTime:0.001000s ]
SQL: SHOW COLUMNS FROM `try_ad` [ RunTime:0.008001s ]
SQL: SELECT `id`,`type`,`name`,`url`,`content`,`desc`,`extimg`,`extval` FROM `try_ad` WHERE ( `board_id` = 14 ) AND ( `start_time` <= 1517954538 ) AND ( `end_time` >= 1517954538 ) AND ( `status` = 1 ) ORDER BY ordid  [ RunTime:0.001000s ]
INFO: [ view_template ] --START--
INFO: Run basic_template Behavior [ RunTime:-2.442140s ]
INFO: [ view_template ] --END-- [ RunTime:-0.050003s ]
INFO: [ view_parse ] --START--
INFO: Run ParseTemplate Behavior [ RunTime:-2.443140s ]
INFO: [ view_parse ] --END-- [ RunTime:0.004000s ]
INFO: [ view_filter ] --START--
INFO: Run ContentReplace Behavior [ RunTime:-2.448140s ]
INFO: Run TokenBuild Behavior [ RunTime:-2.448140s ]
INFO: Run WriteHtmlCache Behavior [ RunTime:-2.448140s ]
INFO: Run ShowRuntime Behavior [ RunTime:-2.449141s ]
INFO: Run content_replace Behavior [ RunTime:-2.449141s ]
INFO: [ view_filter ] --END-- [ RunTime:0.002001s ]
INFO: [ view_end ] --START--
INFO: Run ShowPageTrace Behavior [ RunTime:-2.450141s ]
INFO: [ view_end ] --END-- [ RunTime:0.001000s ]
INFO: Run ParseTemplate Behavior [ RunTime:-2.450141s ]
INFO: [ view_parse ] --END-- [ RunTime:0.004000s ]
INFO: [ view_filter ] --START--
INFO: Run ContentReplace Behavior [ RunTime:-2.478142s ]
INFO: Run TokenBuild Behavior [ RunTime:-2.478142s ]
INFO: Run WriteHtmlCache Behavior [ RunTime:-2.478142s ]
INFO: Run ShowRuntime Behavior [ RunTime:-2.478142s ]
INFO: Run content_replace Behavior [ RunTime:-2.479142s ]
INFO: [ view_filter ] --END-- [ RunTime:-0.028001s ]
INFO: [ view_end ] --START--
INFO: Run ShowPageTrace Behavior [ RunTime:-2.479142s ]
INFO: [ view_end ] --END-- [ RunTime:-0.028001s ]

[ 2018-02-07T07:19:56+08:00 ] 127.0.0.1 /index.php
INFO: [ app_begin ] --START--
INFO: Run ReadHtmlCache Behavior [ RunTime:0.001000s ]
INFO: Run check_ipban Behavior [ RunTime:0.000000s ]
INFO: Run load_lang Behavior [ RunTime:-0.001000s ]
INFO: [ app_begin ] --END-- [ RunTime:0.003000s ]
SQL: SHOW COLUMNS FROM `try_item` [ RunTime:0.009001s ]
SQL: SELECT * FROM `try_item` WHERE status=1 and add_time<1517959194  and isnice=1  ORDER BY  add_time desc LIMIT 0,18   [ RunTime:0.326019s ]
SQL: SHOW COLUMNS FROM `try_item_orig` [ RunTime:0.007000s ]
SQL: SELECT `name` FROM `try_item_orig` WHERE id=857 LIMIT 1   [ RunTime:0.000000s ]
SQL: SELECT `name` FROM `try_item_orig` WHERE id=857 LIMIT 1   [ RunTime:0.000000s ]
SQL: SELECT `name` FROM `try_item_orig` WHERE id=857 LIMIT 1   [ RunTime:0.001000s ]
SQL: SELECT `name` FROM `try_item_orig` WHERE id=857 LIMIT 1   [ RunTime:0.001000s ]
SQL: SELECT `name` FROM `try_item_orig` WHERE id=19 LIMIT 1   [ RunTime:0.000000s ]
SQL: SELECT `name` FROM `try_item_orig` WHERE id=19 LIMIT 1   [ RunTime:0.000000s ]
SQL: SELECT `name` FROM `try_item_orig` WHERE id=19 LIMIT 1   [ RunTime:0.001001s ]
SQL: SELECT `name` FROM `try_item_orig` WHERE id=19 LIMIT 1   [ RunTime:0.001000s ]
SQL: SELECT `name` FROM `try_item_orig` WHERE id=19 LIMIT 1   [ RunTime:0.000000s ]
SQL: SELECT `name` FROM `try_item_orig` WHERE id=393 LIMIT 1   [ RunTime:0.000000s ]
SQL: SELECT `name` FROM `try_item_orig` WHERE id=50 LIMIT 1   [ RunTime:0.000000s ]
SQL: SELECT `name` FROM `try_item_orig` WHERE id=2 LIMIT 1   [ RunTime:0.001000s ]
SQL: SELECT `name` FROM `try_item_orig` WHERE id=3 LIMIT 1   [ RunTime:0.000000s ]
SQL: SELECT `name` FROM `try_item_orig` WHERE id=19 LIMIT 1   [ RunTime:0.000000s ]
SQL: SELECT `name` FROM `try_item_orig` WHERE id=19 LIMIT 1   [ RunTime:0.001000s ]
SQL: SELECT `name` FROM `try_item_orig` WHERE id=19 LIMIT 1   [ RunTime:0.000000s ]
SQL: SELECT `name` FROM `try_item_orig` WHERE id=19 LIMIT 1   [ RunTime:0.001000s ]
SQL: SELECT `name` FROM `try_item_orig` WHERE id=19 LIMIT 1   [ RunTime:0.001000s ]
SQL: select distinct uid,uname,sum(score) as num from try_score_log where add_time>1517932800 and add_time<1518019200 group by uname order by num desc,uid asc limit 4 [ RunTime:0.002000s ]
SQL: SHOW COLUMNS FROM `try_user` [ RunTime:0.008001s ]
SQL: SELECT * FROM `try_user` ORDER BY score desc,id asc LIMIT 4   [ RunTime:0.024001s ]
NOTIC: [8] Undefined index: dss D:\repo\baicai\app\Lib\Action\wap\indexAction.class.php 第 73 行.
SQL: SHOW COLUMNS FROM `try_hd` [ RunTime:0.007001s ]
SQL: SELECT * FROM `try_hd` ORDER BY order_s asc,id desc LIMIT 8   [ RunTime:0.001000s ]
SQL: SELECT * FROM `try_item` WHERE istop = 1 ORDER BY id desc LIMIT 8   [ RunTime:0.871050s ]
INFO: [ view_template ] --START--
INFO: Run basic_template Behavior [ RunTime:-2.321133s ]
INFO: [ view_template ] --END-- [ RunTime:0.001000s ]
INFO: [ view_parse ] --START--
INFO: [ view_template ] --START--
INFO: Run basic_template Behavior [ RunTime:-2.340134s ]
INFO: [ view_template ] --END-- [ RunTime:-0.018001s ]
INFO: [ view_template ] --START--
INFO: Run basic_template Behavior [ RunTime:-2.341134s ]
INFO: [ view_template ] --END-- [ RunTime:-0.019001s ]
INFO: [ view_template ] --START--
INFO: Run basic_template Behavior [ RunTime:-2.342134s ]
INFO: [ view_template ] --END-- [ RunTime:-0.020001s ]
NOTIC: [8] Use of undefined constant isnice - assumed 'isnice' D:\repo\baicai\data\runtime\Cache\wap\0d8d2dd5d63ad2ed82a5bd57db222986.php 第 150 行.
NOTIC: [8] Use of undefined constant isbao - assumed 'isbao' D:\repo\baicai\data\runtime\Cache\wap\0d8d2dd5d63ad2ed82a5bd57db222986.php 第 150 行.
SQL: SHOW COLUMNS FROM `try_adboard` [ RunTime:0.007001s ]
SQL: SELECT * FROM `try_adboard` WHERE ( `id` = 14 ) AND ( `status` = 1 ) LIMIT 1   [ RunTime:0.000000s ]
SQL: SHOW COLUMNS FROM `try_ad` [ RunTime:0.008000s ]
SQL: SELECT `id`,`type`,`name`,`url`,`content`,`desc`,`extimg`,`extval` FROM `try_ad` WHERE ( `board_id` = 14 ) AND ( `start_time` <= 1517959196 ) AND ( `end_time` >= 1517959196 ) AND ( `status` = 1 ) ORDER BY ordid  [ RunTime:0.001000s ]
INFO: [ view_template ] --START--
INFO: Run basic_template Behavior [ RunTime:-2.386136s ]
INFO: [ view_template ] --END-- [ RunTime:-0.064003s ]
INFO: [ view_parse ] --START--
INFO: Run ParseTemplate Behavior [ RunTime:-2.386136s ]
INFO: [ view_parse ] --END-- [ RunTime:0.005001s ]
INFO: [ view_filter ] --START--
INFO: Run ContentReplace Behavior [ RunTime:-2.391137s ]
INFO: Run TokenBuild Behavior [ RunTime:-2.392137s ]
INFO: Run WriteHtmlCache Behavior [ RunTime:-2.392137s ]
INFO: Run ShowRuntime Behavior [ RunTime:-2.393137s ]
INFO: Run content_replace Behavior [ RunTime:-2.393137s ]
INFO: [ view_filter ] --END-- [ RunTime:0.003000s ]
INFO: [ view_end ] --START--
INFO: Run ShowPageTrace Behavior [ RunTime:-2.394137s ]
INFO: [ view_end ] --END-- [ RunTime:0.001000s ]
INFO: Run ParseTemplate Behavior [ RunTime:-2.394137s ]
INFO: [ view_parse ] --END-- [ RunTime:0.005001s ]
INFO: [ view_filter ] --START--
INFO: Run ContentReplace Behavior [ RunTime:-2.422138s ]
INFO: Run TokenBuild Behavior [ RunTime:-2.422138s ]
INFO: Run WriteHtmlCache Behavior [ RunTime:-2.422138s ]
INFO: Run ShowRuntime Behavior [ RunTime:-2.422138s ]
INFO: Run content_replace Behavior [ RunTime:-2.422138s ]
INFO: [ view_filter ] --END-- [ RunTime:-0.028001s ]
INFO: [ view_end ] --START--
INFO: Run ShowPageTrace Behavior [ RunTime:-2.422138s ]
INFO: [ view_end ] --END-- [ RunTime:-0.027001s ]

[ 2018-02-07T08:53:47+08:00 ] 127.0.0.1 /index.php
INFO: [ app_begin ] --START--
INFO: Run ReadHtmlCache Behavior [ RunTime:0.000000s ]
INFO: Run check_ipban Behavior [ RunTime:0.000000s ]
INFO: Run load_lang Behavior [ RunTime:-0.002000s ]
INFO: [ app_begin ] --END-- [ RunTime:0.003000s ]
SQL: SHOW COLUMNS FROM `try_item` [ RunTime:0.028001s ]
SQL: SELECT * FROM `try_item` WHERE status=1 and add_time<1517964825  and isnice=1  ORDER BY  add_time desc LIMIT 0,18   [ RunTime:1.297074s ]
SQL: SHOW COLUMNS FROM `try_item_orig` [ RunTime:0.008000s ]
SQL: SELECT `name` FROM `try_item_orig` WHERE id=857 LIMIT 1   [ RunTime:0.000000s ]
SQL: SELECT `name` FROM `try_item_orig` WHERE id=857 LIMIT 1   [ RunTime:0.000000s ]
SQL: SELECT `name` FROM `try_item_orig` WHERE id=857 LIMIT 1   [ RunTime:0.001000s ]
SQL: SELECT `name` FROM `try_item_orig` WHERE id=857 LIMIT 1   [ RunTime:0.001000s ]
SQL: SELECT `name` FROM `try_item_orig` WHERE id=19 LIMIT 1   [ RunTime:0.000000s ]
SQL: SELECT `name` FROM `try_item_orig` WHERE id=19 LIMIT 1   [ RunTime:0.000000s ]
SQL: SELECT `name` FROM `try_item_orig` WHERE id=19 LIMIT 1   [ RunTime:0.001001s ]
SQL: SELECT `name` FROM `try_item_orig` WHERE id=19 LIMIT 1   [ RunTime:0.000000s ]
SQL: SELECT `name` FROM `try_item_orig` WHERE id=19 LIMIT 1   [ RunTime:0.001000s ]
SQL: SELECT `name` FROM `try_item_orig` WHERE id=393 LIMIT 1   [ RunTime:0.000000s ]
SQL: SELECT `name` FROM `try_item_orig` WHERE id=50 LIMIT 1   [ RunTime:0.001000s ]
SQL: SELECT `name` FROM `try_item_orig` WHERE id=2 LIMIT 1   [ RunTime:0.000000s ]
SQL: SELECT `name` FROM `try_item_orig` WHERE id=3 LIMIT 1   [ RunTime:0.001000s ]
SQL: SELECT `name` FROM `try_item_orig` WHERE id=19 LIMIT 1   [ RunTime:0.000000s ]
SQL: SELECT `name` FROM `try_item_orig` WHERE id=19 LIMIT 1   [ RunTime:0.001000s ]
SQL: SELECT `name` FROM `try_item_orig` WHERE id=19 LIMIT 1   [ RunTime:0.000000s ]
SQL: SELECT `name` FROM `try_item_orig` WHERE id=19 LIMIT 1   [ RunTime:0.001000s ]
SQL: SELECT `name` FROM `try_item_orig` WHERE id=19 LIMIT 1   [ RunTime:0.000000s ]
SQL: select distinct uid,uname,sum(score) as num from try_score_log where add_time>1517932800 and add_time<1518019200 group by uname order by num desc,uid asc limit 4 [ RunTime:0.002000s ]
SQL: SHOW COLUMNS FROM `try_user` [ RunTime:0.008001s ]
SQL: SELECT * FROM `try_user` ORDER BY score desc,id asc LIMIT 4   [ RunTime:0.025001s ]
NOTIC: [8] Undefined index: dss D:\repo\baicai\app\Lib\Action\wap\indexAction.class.php 第 73 行.
SQL: SHOW COLUMNS FROM `try_hd` [ RunTime:0.009001s ]
SQL: SELECT * FROM `try_hd` ORDER BY order_s asc,id desc LIMIT 8   [ RunTime:0.001000s ]
SQL: SELECT * FROM `try_item` WHERE istop = 1 ORDER BY id desc LIMIT 8   [ RunTime:0.912052s ]
INFO: [ view_template ] --START--
INFO: Run basic_template Behavior [ RunTime:-3.407195s ]
INFO: [ view_template ] --END-- [ RunTime:0.001000s ]
INFO: [ view_parse ] --START--
INFO: [ view_template ] --START--
INFO: Run basic_template Behavior [ RunTime:-3.411195s ]
INFO: [ view_template ] --END-- [ RunTime:-0.003000s ]
INFO: [ view_template ] --START--
INFO: Run basic_template Behavior [ RunTime:-3.412195s ]
INFO: [ view_template ] --END-- [ RunTime:-0.004000s ]
INFO: [ view_template ] --START--
INFO: Run basic_template Behavior [ RunTime:-3.413195s ]
INFO: [ view_template ] --END-- [ RunTime:-0.005000s ]
NOTIC: [8] Use of undefined constant isnice - assumed 'isnice' D:\repo\baicai\data\runtime\Cache\wap\0d8d2dd5d63ad2ed82a5bd57db222986.php 第 150 行.
NOTIC: [8] Use of undefined constant isbao - assumed 'isbao' D:\repo\baicai\data\runtime\Cache\wap\0d8d2dd5d63ad2ed82a5bd57db222986.php 第 150 行.
SQL: SHOW COLUMNS FROM `try_adboard` [ RunTime:0.008000s ]
SQL: SELECT * FROM `try_adboard` WHERE ( `id` = 14 ) AND ( `status` = 1 ) LIMIT 1   [ RunTime:0.001000s ]
SQL: SHOW COLUMNS FROM `try_ad` [ RunTime:0.009001s ]
SQL: SELECT `id`,`type`,`name`,`url`,`content`,`desc`,`extimg`,`extval` FROM `try_ad` WHERE ( `board_id` = 14 ) AND ( `start_time` <= 1517964827 ) AND ( `end_time` >= 1517964827 ) AND ( `status` = 1 ) ORDER BY ordid  [ RunTime:0.000000s ]
INFO: [ view_template ] --START--
INFO: Run basic_template Behavior [ RunTime:-3.460198s ]
INFO: [ view_template ] --END-- [ RunTime:-0.052003s ]
INFO: [ view_parse ] --START--
INFO: Run ParseTemplate Behavior [ RunTime:-3.460198s ]
INFO: [ view_parse ] --END-- [ RunTime:0.005000s ]
INFO: [ view_filter ] --START--
INFO: Run ContentReplace Behavior [ RunTime:-3.465198s ]
INFO: Run TokenBuild Behavior [ RunTime:-3.466198s ]
INFO: Run WriteHtmlCache Behavior [ RunTime:-3.467198s ]
INFO: Run ShowRuntime Behavior [ RunTime:-3.467198s ]
INFO: Run content_replace Behavior [ RunTime:-3.468198s ]
INFO: [ view_filter ] --END-- [ RunTime:0.003000s ]
INFO: [ view_end ] --START--
INFO: Run ShowPageTrace Behavior [ RunTime:-3.468198s ]
INFO: [ view_end ] --END-- [ RunTime:0.001000s ]
INFO: Run ParseTemplate Behavior [ RunTime:-3.468198s ]
INFO: [ view_parse ] --END-- [ RunTime:0.005000s ]
INFO: [ view_filter ] --START--
INFO: Run ContentReplace Behavior [ RunTime:-3.498200s ]
INFO: Run TokenBuild Behavior [ RunTime:-3.498200s ]
INFO: Run WriteHtmlCache Behavior [ RunTime:-3.498200s ]
INFO: Run ShowRuntime Behavior [ RunTime:-3.498200s ]
INFO: Run content_replace Behavior [ RunTime:-3.498200s ]
INFO: [ view_filter ] --END-- [ RunTime:-0.030002s ]
INFO: [ view_end ] --START--
INFO: Run ShowPageTrace Behavior [ RunTime:-3.499200s ]
INFO: [ view_end ] --END-- [ RunTime:-0.030002s ]

[ 2018-02-07T10:11:47+08:00 ] 127.0.0.1 /index.php
INFO: [ app_begin ] --START--
INFO: Run ReadHtmlCache Behavior [ RunTime:0.001000s ]
INFO: Run check_ipban Behavior [ RunTime:0.000000s ]
INFO: Run load_lang Behavior [ RunTime:-0.003000s ]
INFO: [ app_begin ] --END-- [ RunTime:0.006000s ]
SQL: SHOW COLUMNS FROM `try_item` [ RunTime:0.010001s ]
SQL: SELECT * FROM `try_item` WHERE status=1 and add_time<1517969505  and isnice=1  ORDER BY  add_time desc LIMIT 0,18   [ RunTime:1.294074s ]
SQL: SHOW COLUMNS FROM `try_item_orig` [ RunTime:0.008001s ]
SQL: SELECT `name` FROM `try_item_orig` WHERE id=857 LIMIT 1   [ RunTime:0.001000s ]
SQL: SELECT `name` FROM `try_item_orig` WHERE id=857 LIMIT 1   [ RunTime:0.001000s ]
SQL: SELECT `name` FROM `try_item_orig` WHERE id=857 LIMIT 1   [ RunTime:0.001000s ]
SQL: SELECT `name` FROM `try_item_orig` WHERE id=857 LIMIT 1   [ RunTime:0.000000s ]
SQL: SELECT `name` FROM `try_item_orig` WHERE id=19 LIMIT 1   [ RunTime:0.000000s ]
SQL: SELECT `name` FROM `try_item_orig` WHERE id=19 LIMIT 1   [ RunTime:0.001000s ]
SQL: SELECT `name` FROM `try_item_orig` WHERE id=19 LIMIT 1   [ RunTime:0.001000s ]
SQL: SELECT `name` FROM `try_item_orig` WHERE id=19 LIMIT 1   [ RunTime:0.000000s ]
SQL: SELECT `name` FROM `try_item_orig` WHERE id=19 LIMIT 1   [ RunTime:0.001000s ]
SQL: SELECT `name` FROM `try_item_orig` WHERE id=393 LIMIT 1   [ RunTime:0.000000s ]
SQL: SELECT `name` FROM `try_item_orig` WHERE id=50 LIMIT 1   [ RunTime:0.000000s ]
SQL: SELECT `name` FROM `try_item_orig` WHERE id=2 LIMIT 1   [ RunTime:0.001000s ]
SQL: SELECT `name` FROM `try_item_orig` WHERE id=3 LIMIT 1   [ RunTime:0.000000s ]
SQL: SELECT `name` FROM `try_item_orig` WHERE id=19 LIMIT 1   [ RunTime:0.000000s ]
SQL: SELECT `name` FROM `try_item_orig` WHERE id=19 LIMIT 1   [ RunTime:0.001000s ]
SQL: SELECT `name` FROM `try_item_orig` WHERE id=19 LIMIT 1   [ RunTime:0.000000s ]
SQL: SELECT `name` FROM `try_item_orig` WHERE id=19 LIMIT 1   [ RunTime:0.001000s ]
SQL: SELECT `name` FROM `try_item_orig` WHERE id=19 LIMIT 1   [ RunTime:0.001000s ]
SQL: select distinct uid,uname,sum(score) as num from try_score_log where add_time>1517932800 and add_time<1518019200 group by uname order by num desc,uid asc limit 4 [ RunTime:0.003000s ]
SQL: SHOW COLUMNS FROM `try_user` [ RunTime:0.009001s ]
SQL: SELECT * FROM `try_user` ORDER BY score desc,id asc LIMIT 4   [ RunTime:0.024001s ]
NOTIC: [8] Undefined index: dss D:\repo\baicai\app\Lib\Action\wap\indexAction.class.php 第 73 行.
SQL: SHOW COLUMNS FROM `try_hd` [ RunTime:0.008000s ]
SQL: SELECT * FROM `try_hd` ORDER BY order_s asc,id desc LIMIT 8   [ RunTime:0.001000s ]
SQL: SELECT * FROM `try_item` WHERE istop = 1 ORDER BY id desc LIMIT 8   [ RunTime:0.909052s ]
INFO: [ view_template ] --START--
INFO: Run basic_template Behavior [ RunTime:-3.323190s ]
INFO: [ view_template ] --END-- [ RunTime:0.002000s ]
INFO: [ view_parse ] --START--
INFO: [ view_template ] --START--
INFO: Run basic_template Behavior [ RunTime:-3.329190s ]
INFO: [ view_template ] --END-- [ RunTime:-0.004000s ]
INFO: [ view_template ] --START--
INFO: Run basic_template Behavior [ RunTime:-3.330190s ]
INFO: [ view_template ] --END-- [ RunTime:-0.005000s ]
INFO: [ view_template ] --START--
INFO: Run basic_template Behavior [ RunTime:-3.330190s ]
INFO: [ view_template ] --END-- [ RunTime:-0.005000s ]
NOTIC: [8] Use of undefined constant isnice - assumed 'isnice' D:\repo\baicai\data\runtime\Cache\wap\0d8d2dd5d63ad2ed82a5bd57db222986.php 第 150 行.
NOTIC: [8] Use of undefined constant isbao - assumed 'isbao' D:\repo\baicai\data\runtime\Cache\wap\0d8d2dd5d63ad2ed82a5bd57db222986.php 第 150 行.
SQL: SHOW COLUMNS FROM `try_adboard` [ RunTime:0.008000s ]
SQL: SELECT * FROM `try_adboard` WHERE ( `id` = 14 ) AND ( `status` = 1 ) LIMIT 1   [ RunTime:0.000000s ]
SQL: SHOW COLUMNS FROM `try_ad` [ RunTime:0.008001s ]
SQL: SELECT `id`,`type`,`name`,`url`,`content`,`desc`,`extimg`,`extval` FROM `try_ad` WHERE ( `board_id` = 14 ) AND ( `start_time` <= 1517969507 ) AND ( `end_time` >= 1517969507 ) AND ( `status` = 1 ) ORDER BY ordid  [ RunTime:0.001000s ]
INFO: [ view_template ] --START--
INFO: Run basic_template Behavior [ RunTime:-3.375193s ]
INFO: [ view_template ] --END-- [ RunTime:-0.050003s ]
INFO: [ view_parse ] --START--
INFO: Run ParseTemplate Behavior [ RunTime:-3.375193s ]
INFO: [ view_parse ] --END-- [ RunTime:0.005000s ]
INFO: [ view_filter ] --START--
INFO: Run ContentReplace Behavior [ RunTime:-3.380193s ]
INFO: Run TokenBuild Behavior [ RunTime:-3.381193s ]
INFO: Run WriteHtmlCache Behavior [ RunTime:-3.381193s ]
INFO: Run ShowRuntime Behavior [ RunTime:-3.382193s ]
INFO: Run content_replace Behavior [ RunTime:-3.382193s ]
INFO: [ view_filter ] --END-- [ RunTime:0.003000s ]
INFO: [ view_end ] --START--
INFO: Run ShowPageTrace Behavior [ RunTime:-3.383193s ]
INFO: [ view_end ] --END-- [ RunTime:0.001001s ]
INFO: Run ParseTemplate Behavior [ RunTime:-3.383193s ]
INFO: [ view_parse ] --END-- [ RunTime:0.005000s ]
INFO: [ view_filter ] --START--
INFO: Run ContentReplace Behavior [ RunTime:-3.410195s ]
INFO: Run TokenBuild Behavior [ RunTime:-3.411195s ]
INFO: Run WriteHtmlCache Behavior [ RunTime:-3.411195s ]
INFO: Run ShowRuntime Behavior [ RunTime:-3.411195s ]
INFO: Run content_replace Behavior [ RunTime:-3.411195s ]
INFO: [ view_filter ] --END-- [ RunTime:-0.027002s ]
INFO: [ view_end ] --START--
INFO: Run ShowPageTrace Behavior [ RunTime:-3.411195s ]
INFO: [ view_end ] --END-- [ RunTime:-0.027001s ]

[ 2018-02-07T11:29:58+08:00 ] 127.0.0.1 /index.php
INFO: [ app_begin ] --START--
INFO: Run ReadHtmlCache Behavior [ RunTime:0.001000s ]
INFO: Run check_ipban Behavior [ RunTime:0.000000s ]
INFO: Run load_lang Behavior [ RunTime:-0.002000s ]
INFO: [ app_begin ] --END-- [ RunTime:0.005000s ]
SQL: SHOW COLUMNS FROM `try_item` [ RunTime:0.014001s ]
SQL: SELECT * FROM `try_item` WHERE status=1 and add_time<1517974195  and isnice=1  ORDER BY  add_time desc LIMIT 0,18   [ RunTime:1.790102s ]
SQL: SHOW COLUMNS FROM `try_item_orig` [ RunTime:0.008001s ]
SQL: SELECT `name` FROM `try_item_orig` WHERE id=857 LIMIT 1   [ RunTime:0.001000s ]
SQL: SELECT `name` FROM `try_item_orig` WHERE id=857 LIMIT 1   [ RunTime:0.000000s ]
SQL: SELECT `name` FROM `try_item_orig` WHERE id=857 LIMIT 1   [ RunTime:0.001000s ]
SQL: SELECT `name` FROM `try_item_orig` WHERE id=857 LIMIT 1   [ RunTime:0.000000s ]
SQL: SELECT `name` FROM `try_item_orig` WHERE id=19 LIMIT 1   [ RunTime:0.001000s ]
SQL: SELECT `name` FROM `try_item_orig` WHERE id=19 LIMIT 1   [ RunTime:0.000000s ]
SQL: SELECT `name` FROM `try_item_orig` WHERE id=19 LIMIT 1   [ RunTime:0.001000s ]
SQL: SELECT `name` FROM `try_item_orig` WHERE id=19 LIMIT 1   [ RunTime:0.000000s ]
SQL: SELECT `name` FROM `try_item_orig` WHERE id=19 LIMIT 1   [ RunTime:0.000000s ]
SQL: SELECT `name` FROM `try_item_orig` WHERE id=393 LIMIT 1   [ RunTime:0.000000s ]
SQL: SELECT `name` FROM `try_item_orig` WHERE id=50 LIMIT 1   [ RunTime:0.000000s ]
SQL: SELECT `name` FROM `try_item_orig` WHERE id=2 LIMIT 1   [ RunTime:0.000000s ]
SQL: SELECT `name` FROM `try_item_orig` WHERE id=3 LIMIT 1   [ RunTime:0.000000s ]
SQL: SELECT `name` FROM `try_item_orig` WHERE id=19 LIMIT 1   [ RunTime:0.000000s ]
SQL: SELECT `name` FROM `try_item_orig` WHERE id=19 LIMIT 1   [ RunTime:0.000000s ]
SQL: SELECT `name` FROM `try_item_orig` WHERE id=19 LIMIT 1   [ RunTime:0.000000s ]
SQL: SELECT `name` FROM `try_item_orig` WHERE id=19 LIMIT 1   [ RunTime:0.001000s ]
SQL: SELECT `name` FROM `try_item_orig` WHERE id=19 LIMIT 1   [ RunTime:0.000000s ]
SQL: select distinct uid,uname,sum(score) as num from try_score_log where add_time>1517932800 and add_time<1518019200 group by uname order by num desc,uid asc limit 4 [ RunTime:0.003001s ]
SQL: SHOW COLUMNS FROM `try_user` [ RunTime:0.009000s ]
SQL: SELECT * FROM `try_user` ORDER BY score desc,id asc LIMIT 4   [ RunTime:0.025001s ]
NOTIC: [8] Undefined index: dss D:\repo\baicai\app\Lib\Action\wap\indexAction.class.php 第 73 行.
SQL: SHOW COLUMNS FROM `try_hd` [ RunTime:0.008000s ]
SQL: SELECT * FROM `try_hd` ORDER BY order_s asc,id desc LIMIT 8   [ RunTime:0.000000s ]
SQL: SELECT * FROM `try_item` WHERE istop = 1 ORDER BY id desc LIMIT 8   [ RunTime:1.144066s ]
INFO: [ view_template ] --START--
INFO: Run basic_template Behavior [ RunTime:-4.141237s ]
INFO: [ view_template ] --END-- [ RunTime:0.001000s ]
INFO: [ view_parse ] --START--
INFO: [ view_template ] --START--
INFO: Run basic_template Behavior [ RunTime:-4.146237s ]
INFO: [ view_template ] --END-- [ RunTime:-0.004000s ]
INFO: [ view_template ] --START--
INFO: Run basic_template Behavior [ RunTime:-4.147237s ]
INFO: [ view_template ] --END-- [ RunTime:-0.005000s ]
INFO: [ view_template ] --START--
INFO: Run basic_template Behavior [ RunTime:-4.148237s ]
INFO: [ view_template ] --END-- [ RunTime:-0.006000s ]
NOTIC: [8] Use of undefined constant isnice - assumed 'isnice' D:\repo\baicai\data\runtime\Cache\wap\0d8d2dd5d63ad2ed82a5bd57db222986.php 第 150 行.
NOTIC: [8] Use of undefined constant isbao - assumed 'isbao' D:\repo\baicai\data\runtime\Cache\wap\0d8d2dd5d63ad2ed82a5bd57db222986.php 第 150 行.
SQL: SHOW COLUMNS FROM `try_adboard` [ RunTime:0.013000s ]
SQL: SELECT * FROM `try_adboard` WHERE ( `id` = 14 ) AND ( `status` = 1 ) LIMIT 1   [ RunTime:0.003000s ]
SQL: SHOW COLUMNS FROM `try_ad` [ RunTime:0.017001s ]
SQL: SELECT `id`,`type`,`name`,`url`,`content`,`desc`,`extimg`,`extval` FROM `try_ad` WHERE ( `board_id` = 14 ) AND ( `start_time` <= 1517974198 ) AND ( `end_time` >= 1517974198 ) AND ( `status` = 1 ) ORDER BY ordid  [ RunTime:0.002000s ]
INFO: [ view_template ] --START--
INFO: Run basic_template Behavior [ RunTime:-4.215241s ]
INFO: [ view_template ] --END-- [ RunTime:-0.073004s ]
INFO: [ view_parse ] --START--
INFO: Run ParseTemplate Behavior [ RunTime:-4.215241s ]
INFO: [ view_parse ] --END-- [ RunTime:0.010000s ]
INFO: [ view_filter ] --START--
INFO: Run ContentReplace Behavior [ RunTime:-4.225241s ]
INFO: Run TokenBuild Behavior [ RunTime:-4.226241s ]
INFO: Run WriteHtmlCache Behavior [ RunTime:-4.227241s ]
INFO: Run ShowRuntime Behavior [ RunTime:-4.227241s ]
INFO: Run content_replace Behavior [ RunTime:-4.228242s ]
INFO: [ view_filter ] --END-- [ RunTime:0.004001s ]
INFO: [ view_end ] --START--
INFO: Run ShowPageTrace Behavior [ RunTime:-4.229242s ]
INFO: [ view_end ] --END-- [ RunTime:0.001000s ]
INFO: Run ParseTemplate Behavior [ RunTime:-4.229242s ]
INFO: [ view_parse ] --END-- [ RunTime:0.010000s ]
INFO: [ view_filter ] --START--
INFO: Run ContentReplace Behavior [ RunTime:-4.284245s ]
INFO: Run TokenBuild Behavior [ RunTime:-4.285245s ]
INFO: Run WriteHtmlCache Behavior [ RunTime:-4.285245s ]
INFO: Run ShowRuntime Behavior [ RunTime:-4.285245s ]
INFO: Run content_replace Behavior [ RunTime:-4.285245s ]
INFO: [ view_filter ] --END-- [ RunTime:-0.055003s ]
INFO: [ view_end ] --START--
INFO: Run ShowPageTrace Behavior [ RunTime:-4.285245s ]
INFO: [ view_end ] --END-- [ RunTime:-0.055003s ]

