[ 2018-01-05T12:08:04+08:00 ] 127.0.0.1 /
INFO: [ app_begin ] --START--
INFO: Run ReadHtmlCache Behavior [ RunTime:0.001000s ]
INFO: Run check_ipban Behavior [ RunTime:-0.001000s ]
INFO: Run load_lang Behavior [ RunTime:-0.003000s ]
INFO: [ app_begin ] --END-- [ RunTime:0.007000s ]
SQL: SHOW COLUMNS FROM `try_item` [ RunTime:0.014001s ]
SQL: SELECT * FROM `try_item` WHERE status=1 and isfront=1 and add_time<1515125279  and isnice=1  ORDER BY  add_time desc LIMIT 0,18   [ RunTime:1.469084s ]
SQL: SELECT * FROM `try_item` WHERE status=1 and add_time<1515125279  and isnice=1  ORDER BY  add_time desc LIMIT 0,18   [ RunTime:0.347020s ]
NOTIC: [2] Invalid argument supplied for foreach() D:\repo\baicai\app\Lib\Action\home\indexAction.class.php 第 77 行.
SQL: SHOW COLUMNS FROM `try_article` [ RunTime:0.008000s ]
SQL: SELECT * FROM `try_article` WHERE add_time > 1492492391 and add_time < 1510415999 and status=4  [ RunTime:0.001000s ]
SQL: select distinct uid as id,uname,sum(score) as num from try_score_log where add_time>1515081600 and add_time<1515168000 group by uname order by num desc,uid asc limit 4 [ RunTime:0.003001s ]
SQL: select distinct uid as id,uname,sum(score) as num from try_score_log where add_time>1514736000 and add_time<1515125281 group by uname order by num desc,uid asc limit 4 [ RunTime:0.000000s ]
SQL: SHOW COLUMNS FROM `try_user` [ RunTime:0.009000s ]
SQL: SELECT `id`,`username`,`score` FROM `try_user` ORDER BY score desc,id asc LIMIT 4   [ RunTime:0.025002s ]
SQL: SHOW COLUMNS FROM `try_hd` [ RunTime:0.008000s ]
SQL: SELECT * FROM `try_hd` ORDER BY order_s asc,id desc LIMIT 8   [ RunTime:0.001000s ]
SQL: SELECT * FROM `try_item` WHERE istop = 1 ORDER BY id desc LIMIT 8   [ RunTime:1.026059s ]
SQL: SELECT id,title,img,price from try_item  WHERE add_time between 1515121682 and 1515125282 ORDER BY hits desc LIMIT 9 [ RunTime:0.318018s ]
SQL: SELECT id,title,img,price from try_item  WHERE add_time between 1515038882 and 1515125282 ORDER BY hits desc LIMIT 9 [ RunTime:0.283016s ]
SQL: SELECT * FROM `try_article` WHERE ( `cate_id` = 9 ) AND ( `status` = 1 ) ORDER BY id desc LIMIT 10   [ RunTime:0.000000s ]
INFO: [ view_template ] --START--
INFO: Run basic_template Behavior [ RunTime:-4.643266s ]
INFO: [ view_template ] --END-- [ RunTime:0.001000s ]
INFO: [ view_parse ] --START--
INFO: [ view_template ] --START--
INFO: Run basic_template Behavior [ RunTime:-4.650266s ]
INFO: [ view_template ] --END-- [ RunTime:-0.006000s ]
INFO: [ view_template ] --START--
INFO: Run basic_template Behavior [ RunTime:-4.651266s ]
INFO: [ view_template ] --END-- [ RunTime:-0.007000s ]
INFO: [ view_template ] --START--
INFO: Run basic_template Behavior [ RunTime:-4.652266s ]
INFO: [ view_template ] --END-- [ RunTime:-0.008000s ]
INFO: [ view_template ] --START--
INFO: Run basic_template Behavior [ RunTime:-4.652266s ]
INFO: [ view_template ] --END-- [ RunTime:-0.008000s ]
INFO: [ view_template ] --START--
INFO: Run basic_template Behavior [ RunTime:-4.653266s ]
INFO: [ view_template ] --END-- [ RunTime:-0.009000s ]
INFO: [ view_template ] --START--
INFO: Run basic_template Behavior [ RunTime:-4.654266s ]
INFO: [ view_template ] --END-- [ RunTime:-0.010000s ]
INFO: [ view_template ] --START--
INFO: Run basic_template Behavior [ RunTime:-4.655266s ]
INFO: [ view_template ] --END-- [ RunTime:-0.011000s ]
INFO: [ view_template ] --START--
INFO: Run basic_template Behavior [ RunTime:-4.656266s ]
INFO: [ view_template ] --END-- [ RunTime:-0.012000s ]
INFO: [ view_template ] --START--
INFO: Run basic_template Behavior [ RunTime:-4.657266s ]
INFO: [ view_template ] --END-- [ RunTime:-0.013000s ]
INFO: [ view_template ] --START--
INFO: Run basic_template Behavior [ RunTime:-4.658266s ]
INFO: [ view_template ] --END-- [ RunTime:-0.014000s ]
SQL: SHOW COLUMNS FROM `try_item_cate` [ RunTime:0.008000s ]
SQL: SELECT * FROM `try_item_cate` WHERE pid=0 and is_index=1  [ RunTime:0.001000s ]
SQL: SELECT * FROM `try_item_cate` WHERE pid=0 and status=1  [ RunTime:0.001000s ]
NOTIC: [8] Undefined variable: tp D:\repo\baicai\data\runtime\Cache\home\11e2f12d84b746b76491e3160c81a5b0.php 第 175 行.
NOTIC: [8] Undefined variable: tp D:\repo\baicai\data\runtime\Cache\home\11e2f12d84b746b76491e3160c81a5b0.php 第 176 行.
NOTIC: [8] Undefined variable: tp D:\repo\baicai\data\runtime\Cache\home\11e2f12d84b746b76491e3160c81a5b0.php 第 178 行.
NOTIC: [8] Undefined variable: strpos1 D:\repo\baicai\data\runtime\Cache\home\11e2f12d84b746b76491e3160c81a5b0.php 第 198 行.
NOTIC: [8] Undefined index: taobao_hongbao20171212 D:\repo\baicai\data\runtime\Cache\home\11e2f12d84b746b76491e3160c81a5b0.php 第 250 行.
SQL: SHOW COLUMNS FROM `try_item_orig` [ RunTime:0.011001s ]
SQL: SELECT * FROM `try_item_orig` ORDER BY ordid asc LIMIT 12   [ RunTime:0.006000s ]
SQL: SHOW COLUMNS FROM `try_ad` [ RunTime:0.009001s ]
SQL: SELECT * FROM `try_ad` WHERE status=1 AND board_id=1  [ RunTime:0.001000s ]
SQL: SELECT COUNT(*) AS tp_count FROM `try_ad` WHERE status=1 AND board_id=1 LIMIT 1   [ RunTime:0.001000s ]
NOTIC: [8] Undefined variable: html D:\repo\baicai\data\runtime\Cache\home\11e2f12d84b746b76491e3160c81a5b0.php 第 286 行.
NOTIC: [8] Undefined variable: htmlA D:\repo\baicai\data\runtime\Cache\home\11e2f12d84b746b76491e3160c81a5b0.php 第 292 行.
NOTIC: [8] Use of undefined constant url - assumed 'url' D:\repo\baicai\data\runtime\Cache\home\11e2f12d84b746b76491e3160c81a5b0.php 第 292 行.
NOTIC: [8] Use of undefined constant name - assumed 'name' D:\repo\baicai\data\runtime\Cache\home\11e2f12d84b746b76491e3160c81a5b0.php 第 292 行.
NOTIC: [8] Use of undefined constant content - assumed 'content' D:\repo\baicai\data\runtime\Cache\home\11e2f12d84b746b76491e3160c81a5b0.php 第 292 行.
NOTIC: [8] Use of undefined constant url - assumed 'url' D:\repo\baicai\data\runtime\Cache\home\11e2f12d84b746b76491e3160c81a5b0.php 第 292 行.
NOTIC: [8] Undefined offset: 1 D:\repo\baicai\data\runtime\Cache\home\11e2f12d84b746b76491e3160c81a5b0.php 第 292 行.
NOTIC: [8] Use of undefined constant name - assumed 'name' D:\repo\baicai\data\runtime\Cache\home\11e2f12d84b746b76491e3160c81a5b0.php 第 292 行.
NOTIC: [8] Undefined offset: 1 D:\repo\baicai\data\runtime\Cache\home\11e2f12d84b746b76491e3160c81a5b0.php 第 292 行.
NOTIC: [8] Use of undefined constant content - assumed 'content' D:\repo\baicai\data\runtime\Cache\home\11e2f12d84b746b76491e3160c81a5b0.php 第 292 行.
NOTIC: [8] Undefined offset: 1 D:\repo\baicai\data\runtime\Cache\home\11e2f12d84b746b76491e3160c81a5b0.php 第 292 行.
SQL: SHOW COLUMNS FROM `try_adboard` [ RunTime:0.008001s ]
SQL: SELECT * FROM `try_adboard` WHERE ( `id` = 17 ) AND ( `status` = 1 ) LIMIT 1   [ RunTime:0.001000s ]
SQL: SELECT `id`,`type`,`name`,`url`,`content`,`desc`,`extimg`,`extval` FROM `try_ad` WHERE ( `board_id` = 17 ) AND ( `start_time` <= 1515125282 ) AND ( `end_time` >= 1515125282 ) AND ( `status` = 1 ) ORDER BY ordid  [ RunTime:0.001000s ]
NOTIC: [2] Invalid argument supplied for foreach() D:\repo\baicai\app\Lib\Widget\advertWidget.class.php 第 22 行.
INFO: [ view_template ] --START--
INFO: Run basic_template Behavior [ RunTime:-4.840277s ]
INFO: [ view_template ] --END-- [ RunTime:-0.196011s ]
INFO: [ view_parse ] --START--
INFO: Run ParseTemplate Behavior [ RunTime:-4.841277s ]
INFO: [ view_parse ] --END-- [ RunTime:0.005000s ]
INFO: [ view_filter ] --START--
INFO: Run ContentReplace Behavior [ RunTime:-4.845277s ]
INFO: Run TokenBuild Behavior [ RunTime:-4.846277s ]
INFO: Run WriteHtmlCache Behavior [ RunTime:-4.847277s ]
INFO: Run ShowRuntime Behavior [ RunTime:-4.848277s ]
INFO: Run content_replace Behavior [ RunTime:-4.849277s ]
INFO: [ view_filter ] --END-- [ RunTime:0.005000s ]
INFO: [ view_end ] --START--
INFO: Run ShowPageTrace Behavior [ RunTime:-4.850277s ]
INFO: [ view_end ] --END-- [ RunTime:0.001000s ]
SQL: SELECT * FROM `try_ad` WHERE ( `board_id` = 17 ) AND ( `start_time` <= 1515125282 ) AND ( `end_time` >= 1515125282 ) AND ( `status` = 1 )  [ RunTime:0.002000s ]
SQL: SELECT COUNT(*) AS tp_count FROM `try_ad` WHERE ( `board_id` = 17 ) AND ( `start_time` <= 1515125282 ) AND ( `end_time` >= 1515125282 ) AND ( `status` = 1 ) LIMIT 1   [ RunTime:0.001000s ]
NOTIC: [8] Use of undefined constant url - assumed 'url' D:\repo\baicai\data\runtime\Cache\home\11e2f12d84b746b76491e3160c81a5b0.php 第 312 行.
NOTIC: [8] Use of undefined constant name - assumed 'name' D:\repo\baicai\data\runtime\Cache\home\11e2f12d84b746b76491e3160c81a5b0.php 第 312 行.
NOTIC: [8] Use of undefined constant content - assumed 'content' D:\repo\baicai\data\runtime\Cache\home\11e2f12d84b746b76491e3160c81a5b0.php 第 312 行.
NOTIC: [8] Use of undefined constant isnice - assumed 'isnice' D:\repo\baicai\data\runtime\Cache\home\11e2f12d84b746b76491e3160c81a5b0.php 第 481 行.
NOTIC: [8] Use of undefined constant isbao - assumed 'isbao' D:\repo\baicai\data\runtime\Cache\home\11e2f12d84b746b76491e3160c81a5b0.php 第 481 行.
NOTIC: [2] fopen(http://img.baicaio.com/data/upload/avatar/000/00/00/cfcd208495d565ef66e7dff9f98764da.jpg): failed to open stream: HTTP request failed! HTTP/1.1 404 Not Found
 D:\repo\baicai\app\Common\common.php 第 247 行.
NOTIC: [2] fopen(http://img.baicaio.com/data/upload/avatar/000/00/00/cfcd208495d565ef66e7dff9f98764da.jpg): failed to open stream: HTTP request failed! HTTP/1.1 404 Not Found
 D:\repo\baicai\app\Common\common.php 第 247 行.
NOTIC: [8] Use of undefined constant lb - assumed 'lb' D:\repo\baicai\data\runtime\Cache\home\11e2f12d84b746b76491e3160c81a5b0.php 第 749 行.
NOTIC: [8] Undefined index: sc D:\repo\baicai\data\runtime\Cache\home\11e2f12d84b746b76491e3160c81a5b0.php 第 753 行.
NOTIC: [8] Undefined index: sc D:\repo\baicai\data\runtime\Cache\home\11e2f12d84b746b76491e3160c81a5b0.php 第 754 行.
NOTIC: [8] Undefined index: sc D:\repo\baicai\data\runtime\Cache\home\11e2f12d84b746b76491e3160c81a5b0.php 第 758 行.
NOTIC: [8] Undefined index: sc D:\repo\baicai\data\runtime\Cache\home\11e2f12d84b746b76491e3160c81a5b0.php 第 763 行.
SQL: SELECT `name` FROM `try_item_orig` WHERE id=857 LIMIT 1   [ RunTime:0.001000s ]
NOTIC: [8] Undefined index: sc D:\repo\baicai\data\runtime\Cache\home\11e2f12d84b746b76491e3160c81a5b0.php 第 769 行.
NOTIC: [8] Undefined index: sc D:\repo\baicai\data\runtime\Cache\home\11e2f12d84b746b76491e3160c81a5b0.php 第 769 行.
NOTIC: [8] Undefined index: sc D:\repo\baicai\data\runtime\Cache\home\11e2f12d84b746b76491e3160c81a5b0.php 第 769 行.
NOTIC: [8] Undefined index: sc D:\repo\baicai\data\runtime\Cache\home\11e2f12d84b746b76491e3160c81a5b0.php 第 753 行.
NOTIC: [8] Undefined index: sc D:\repo\baicai\data\runtime\Cache\home\11e2f12d84b746b76491e3160c81a5b0.php 第 754 行.
NOTIC: [8] Undefined index: sc D:\repo\baicai\data\runtime\Cache\home\11e2f12d84b746b76491e3160c81a5b0.php 第 758 行.
NOTIC: [8] Undefined index: sc D:\repo\baicai\data\runtime\Cache\home\11e2f12d84b746b76491e3160c81a5b0.php 第 763 行.
SQL: SELECT `name` FROM `try_item_orig` WHERE id=857 LIMIT 1   [ RunTime:0.001000s ]
NOTIC: [8] Undefined index: sc D:\repo\baicai\data\runtime\Cache\home\11e2f12d84b746b76491e3160c81a5b0.php 第 769 行.
NOTIC: [8] Undefined index: sc D:\repo\baicai\data\runtime\Cache\home\11e2f12d84b746b76491e3160c81a5b0.php 第 769 行.
NOTIC: [8] Undefined index: sc D:\repo\baicai\data\runtime\Cache\home\11e2f12d84b746b76491e3160c81a5b0.php 第 769 行.
NOTIC: [8] Undefined index: sc D:\repo\baicai\data\runtime\Cache\home\11e2f12d84b746b76491e3160c81a5b0.php 第 753 行.
NOTIC: [8] Undefined index: sc D:\repo\baicai\data\runtime\Cache\home\11e2f12d84b746b76491e3160c81a5b0.php 第 754 行.
NOTIC: [8] Undefined index: sc D:\repo\baicai\data\runtime\Cache\home\11e2f12d84b746b76491e3160c81a5b0.php 第 758 行.
NOTIC: [8] Undefined index: sc D:\repo\baicai\data\runtime\Cache\home\11e2f12d84b746b76491e3160c81a5b0.php 第 763 行.
SQL: SELECT `name` FROM `try_item_orig` WHERE id=857 LIMIT 1   [ RunTime:0.001000s ]
NOTIC: [8] Undefined index: sc D:\repo\baicai\data\runtime\Cache\home\11e2f12d84b746b76491e3160c81a5b0.php 第 769 行.
NOTIC: [8] Undefined index: sc D:\repo\baicai\data\runtime\Cache\home\11e2f12d84b746b76491e3160c81a5b0.php 第 769 行.
NOTIC: [8] Undefined index: sc D:\repo\baicai\data\runtime\Cache\home\11e2f12d84b746b76491e3160c81a5b0.php 第 769 行.
NOTIC: [8] Undefined index: sc D:\repo\baicai\data\runtime\Cache\home\11e2f12d84b746b76491e3160c81a5b0.php 第 753 行.
NOTIC: [8] Undefined index: sc D:\repo\baicai\data\runtime\Cache\home\11e2f12d84b746b76491e3160c81a5b0.php 第 754 行.
NOTIC: [8] Undefined index: sc D:\repo\baicai\data\runtime\Cache\home\11e2f12d84b746b76491e3160c81a5b0.php 第 758 行.
NOTIC: [8] Undefined index: sc D:\repo\baicai\data\runtime\Cache\home\11e2f12d84b746b76491e3160c81a5b0.php 第 763 行.
SQL: SELECT `name` FROM `try_item_orig` WHERE id=857 LIMIT 1   [ RunTime:0.001000s ]
NOTIC: [8] Undefined index: sc D:\repo\baicai\data\runtime\Cache\home\11e2f12d84b746b76491e3160c81a5b0.php 第 769 行.
NOTIC: [8] Undefined index: sc D:\repo\baicai\data\runtime\Cache\home\11e2f12d84b746b76491e3160c81a5b0.php 第 769 行.
NOTIC: [8] Undefined index: sc D:\repo\baicai\data\runtime\Cache\home\11e2f12d84b746b76491e3160c81a5b0.php 第 769 行.
NOTIC: [8] Undefined index: sc D:\repo\baicai\data\runtime\Cache\home\11e2f12d84b746b76491e3160c81a5b0.php 第 753 行.
NOTIC: [8] Undefined index: sc D:\repo\baicai\data\runtime\Cache\home\11e2f12d84b746b76491e3160c81a5b0.php 第 754 行.
NOTIC: [8] Undefined index: sc D:\repo\baicai\data\runtime\Cache\home\11e2f12d84b746b76491e3160c81a5b0.php 第 758 行.
NOTIC: [8] Undefined index: sc D:\repo\baicai\data\runtime\Cache\home\11e2f12d84b746b76491e3160c81a5b0.php 第 763 行.
SQL: SELECT `name` FROM `try_item_orig` WHERE id=19 LIMIT 1   [ RunTime:0.000000s ]
NOTIC: [8] Undefined index: sc D:\repo\baicai\data\runtime\Cache\home\11e2f12d84b746b76491e3160c81a5b0.php 第 769 行.
NOTIC: [8] Undefined index: sc D:\repo\baicai\data\runtime\Cache\home\11e2f12d84b746b76491e3160c81a5b0.php 第 769 行.
NOTIC: [8] Undefined index: sc D:\repo\baicai\data\runtime\Cache\home\11e2f12d84b746b76491e3160c81a5b0.php 第 769 行.
NOTIC: [8] Undefined index: sc D:\repo\baicai\data\runtime\Cache\home\11e2f12d84b746b76491e3160c81a5b0.php 第 753 行.
NOTIC: [8] Undefined index: sc D:\repo\baicai\data\runtime\Cache\home\11e2f12d84b746b76491e3160c81a5b0.php 第 754 行.
NOTIC: [8] Undefined index: sc D:\repo\baicai\data\runtime\Cache\home\11e2f12d84b746b76491e3160c81a5b0.php 第 758 行.
NOTIC: [8] Undefined index: sc D:\repo\baicai\data\runtime\Cache\home\11e2f12d84b746b76491e3160c81a5b0.php 第 763 行.
SQL: SELECT `name` FROM `try_item_orig` WHERE id=19 LIMIT 1   [ RunTime:0.000000s ]
NOTIC: [8] Undefined index: sc D:\repo\baicai\data\runtime\Cache\home\11e2f12d84b746b76491e3160c81a5b0.php 第 769 行.
NOTIC: [8] Undefined index: sc D:\repo\baicai\data\runtime\Cache\home\11e2f12d84b746b76491e3160c81a5b0.php 第 769 行.
NOTIC: [8] Undefined index: sc D:\repo\baicai\data\runtime\Cache\home\11e2f12d84b746b76491e3160c81a5b0.php 第 769 行.
NOTIC: [8] Undefined index: sc D:\repo\baicai\data\runtime\Cache\home\11e2f12d84b746b76491e3160c81a5b0.php 第 753 行.
NOTIC: [8] Undefined index: sc D:\repo\baicai\data\runtime\Cache\home\11e2f12d84b746b76491e3160c81a5b0.php 第 754 行.
NOTIC: [8] Undefined index: sc D:\repo\baicai\data\runtime\Cache\home\11e2f12d84b746b76491e3160c81a5b0.php 第 758 行.
NOTIC: [8] Undefined index: sc D:\repo\baicai\data\runtime\Cache\home\11e2f12d84b746b76491e3160c81a5b0.php 第 763 行.
SQL: SELECT `name` FROM `try_item_orig` WHERE id=19 LIMIT 1   [ RunTime:0.000000s ]
NOTIC: [8] Undefined index: sc D:\repo\baicai\data\runtime\Cache\home\11e2f12d84b746b76491e3160c81a5b0.php 第 769 行.
NOTIC: [8] Undefined index: sc D:\repo\baicai\data\runtime\Cache\home\11e2f12d84b746b76491e3160c81a5b0.php 第 769 行.
NOTIC: [8] Undefined index: sc D:\repo\baicai\data\runtime\Cache\home\11e2f12d84b746b76491e3160c81a5b0.php 第 769 行.
NOTIC: [8] Undefined index: sc D:\repo\baicai\data\runtime\Cache\home\11e2f12d84b746b76491e3160c81a5b0.php 第 753 行.
NOTIC: [8] Undefined index: sc D:\repo\baicai\data\runtime\Cache\home\11e2f12d84b746b76491e3160c81a5b0.php 第 754 行.
NOTIC: [8] Undefined index: sc D:\repo\baicai\data\runtime\Cache\home\11e2f12d84b746b76491e3160c81a5b0.php 第 758 行.
NOTIC: [8] Undefined index: sc D:\repo\baicai\data\runtime\Cache\home\11e2f12d84b746b76491e3160c81a5b0.php 第 763 行.
SQL: SELECT `name` FROM `try_item_orig` WHERE id=19 LIMIT 1   [ RunTime:0.001000s ]
NOTIC: [8] Undefined index: sc D:\repo\baicai\data\runtime\Cache\home\11e2f12d84b746b76491e3160c81a5b0.php 第 769 行.
NOTIC: [8] Undefined index: sc D:\repo\baicai\data\runtime\Cache\home\11e2f12d84b746b76491e3160c81a5b0.php 第 769 行.
NOTIC: [8] Undefined index: sc D:\repo\baicai\data\runtime\Cache\home\11e2f12d84b746b76491e3160c81a5b0.php 第 769 行.
SQL: SHOW COLUMNS FROM `try_go` [ RunTime:0.009000s ]
SQL: SELECT * FROM `try_go` WHERE ( `show` = '50jmlm_1mhxpm_nzbd4n_tv0q4d' ) LIMIT 1   [ RunTime:0.017001s ]
NOTIC: [8] Undefined index: title D:\repo\baicai\data\runtime\Cache\home\11e2f12d84b746b76491e3160c81a5b0.php 第 775 行.
NOTIC: [8] Undefined index: sc D:\repo\baicai\data\runtime\Cache\home\11e2f12d84b746b76491e3160c81a5b0.php 第 753 行.
NOTIC: [8] Undefined index: sc D:\repo\baicai\data\runtime\Cache\home\11e2f12d84b746b76491e3160c81a5b0.php 第 754 行.
NOTIC: [8] Undefined index: sc D:\repo\baicai\data\runtime\Cache\home\11e2f12d84b746b76491e3160c81a5b0.php 第 758 行.
NOTIC: [8] Undefined index: sc D:\repo\baicai\data\runtime\Cache\home\11e2f12d84b746b76491e3160c81a5b0.php 第 763 行.
SQL: SELECT `name` FROM `try_item_orig` WHERE id=19 LIMIT 1   [ RunTime:0.000000s ]
NOTIC: [8] Undefined index: sc D:\repo\baicai\data\runtime\Cache\home\11e2f12d84b746b76491e3160c81a5b0.php 第 769 行.
NOTIC: [8] Undefined index: sc D:\repo\baicai\data\runtime\Cache\home\11e2f12d84b746b76491e3160c81a5b0.php 第 769 行.
NOTIC: [8] Undefined index: sc D:\repo\baicai\data\runtime\Cache\home\11e2f12d84b746b76491e3160c81a5b0.php 第 769 行.
SQL: SELECT * FROM `try_go` WHERE ( `show` = 'ileyz2_ivbotu_iobbap_5zdmnb' ) LIMIT 1   [ RunTime:0.007000s ]
NOTIC: [8] Undefined index: title D:\repo\baicai\data\runtime\Cache\home\11e2f12d84b746b76491e3160c81a5b0.php 第 775 行.
NOTIC: [8] Undefined index: sc D:\repo\baicai\data\runtime\Cache\home\11e2f12d84b746b76491e3160c81a5b0.php 第 753 行.
NOTIC: [8] Undefined index: sc D:\repo\baicai\data\runtime\Cache\home\11e2f12d84b746b76491e3160c81a5b0.php 第 754 行.
NOTIC: [8] Undefined index: sc D:\repo\baicai\data\runtime\Cache\home\11e2f12d84b746b76491e3160c81a5b0.php 第 758 行.
NOTIC: [8] Undefined index: sc D:\repo\baicai\data\runtime\Cache\home\11e2f12d84b746b76491e3160c81a5b0.php 第 763 行.
SQL: SELECT `name` FROM `try_item_orig` WHERE id=393 LIMIT 1   [ RunTime:0.000000s ]
NOTIC: [8] Undefined index: sc D:\repo\baicai\data\runtime\Cache\home\11e2f12d84b746b76491e3160c81a5b0.php 第 769 行.
NOTIC: [8] Undefined index: sc D:\repo\baicai\data\runtime\Cache\home\11e2f12d84b746b76491e3160c81a5b0.php 第 769 行.
NOTIC: [8] Undefined index: sc D:\repo\baicai\data\runtime\Cache\home\11e2f12d84b746b76491e3160c81a5b0.php 第 769 行.
SQL: SELECT * FROM `try_go` WHERE ( `show` = 'xev24k_2p0244_szofks_cayxyn' ) LIMIT 1   [ RunTime:0.002000s ]
NOTIC: [8] Undefined index: title D:\repo\baicai\data\runtime\Cache\home\11e2f12d84b746b76491e3160c81a5b0.php 第 775 行.
NOTIC: [8] Undefined index: sc D:\repo\baicai\data\runtime\Cache\home\11e2f12d84b746b76491e3160c81a5b0.php 第 753 行.
NOTIC: [8] Undefined index: sc D:\repo\baicai\data\runtime\Cache\home\11e2f12d84b746b76491e3160c81a5b0.php 第 754 行.
NOTIC: [8] Undefined index: sc D:\repo\baicai\data\runtime\Cache\home\11e2f12d84b746b76491e3160c81a5b0.php 第 758 行.
NOTIC: [8] Undefined index: sc D:\repo\baicai\data\runtime\Cache\home\11e2f12d84b746b76491e3160c81a5b0.php 第 763 行.
SQL: SELECT `name` FROM `try_item_orig` WHERE id=50 LIMIT 1   [ RunTime:0.000000s ]
NOTIC: [8] Undefined index: sc D:\repo\baicai\data\runtime\Cache\home\11e2f12d84b746b76491e3160c81a5b0.php 第 769 行.
NOTIC: [8] Undefined index: sc D:\repo\baicai\data\runtime\Cache\home\11e2f12d84b746b76491e3160c81a5b0.php 第 769 行.
NOTIC: [8] Undefined index: sc D:\repo\baicai\data\runtime\Cache\home\11e2f12d84b746b76491e3160c81a5b0.php 第 769 行.
SQL: SELECT * FROM `try_go` WHERE ( `show` = 'zuramp_3h4jc3_yj04xk_052wvx' ) LIMIT 1   [ RunTime:0.007000s ]
NOTIC: [8] Undefined index: title D:\repo\baicai\data\runtime\Cache\home\11e2f12d84b746b76491e3160c81a5b0.php 第 775 行.
NOTIC: [8] Undefined index: sc D:\repo\baicai\data\runtime\Cache\home\11e2f12d84b746b76491e3160c81a5b0.php 第 753 行.
NOTIC: [8] Undefined index: sc D:\repo\baicai\data\runtime\Cache\home\11e2f12d84b746b76491e3160c81a5b0.php 第 754 行.
NOTIC: [8] Undefined index: sc D:\repo\baicai\data\runtime\Cache\home\11e2f12d84b746b76491e3160c81a5b0.php 第 758 行.
NOTIC: [8] Undefined index: sc D:\repo\baicai\data\runtime\Cache\home\11e2f12d84b746b76491e3160c81a5b0.php 第 763 行.
SQL: SELECT `name` FROM `try_item_orig` WHERE id=2 LIMIT 1   [ RunTime:0.001000s ]
NOTIC: [8] Undefined index: sc D:\repo\baicai\data\runtime\Cache\home\11e2f12d84b746b76491e3160c81a5b0.php 第 769 行.
NOTIC: [8] Undefined index: sc D:\repo\baicai\data\runtime\Cache\home\11e2f12d84b746b76491e3160c81a5b0.php 第 769 行.
NOTIC: [8] Undefined index: sc D:\repo\baicai\data\runtime\Cache\home\11e2f12d84b746b76491e3160c81a5b0.php 第 769 行.
SQL: SELECT * FROM `try_go` WHERE ( `show` = '14vylw_ggk4wo_21dc51_b4p5xi' ) LIMIT 1   [ RunTime:0.007000s ]
NOTIC: [8] Undefined index: title D:\repo\baicai\data\runtime\Cache\home\11e2f12d84b746b76491e3160c81a5b0.php 第 775 行.
NOTIC: [8] Undefined index: sc D:\repo\baicai\data\runtime\Cache\home\11e2f12d84b746b76491e3160c81a5b0.php 第 753 行.
NOTIC: [8] Undefined index: sc D:\repo\baicai\data\runtime\Cache\home\11e2f12d84b746b76491e3160c81a5b0.php 第 754 行.
NOTIC: [8] Undefined index: sc D:\repo\baicai\data\runtime\Cache\home\11e2f12d84b746b76491e3160c81a5b0.php 第 758 行.
NOTIC: [8] Undefined index: sc D:\repo\baicai\data\runtime\Cache\home\11e2f12d84b746b76491e3160c81a5b0.php 第 763 行.
SQL: SELECT `name` FROM `try_item_orig` WHERE id=3 LIMIT 1   [ RunTime:0.001000s ]
NOTIC: [8] Undefined index: sc D:\repo\baicai\data\runtime\Cache\home\11e2f12d84b746b76491e3160c81a5b0.php 第 769 行.
NOTIC: [8] Undefined index: sc D:\repo\baicai\data\runtime\Cache\home\11e2f12d84b746b76491e3160c81a5b0.php 第 769 行.
NOTIC: [8] Undefined index: sc D:\repo\baicai\data\runtime\Cache\home\11e2f12d84b746b76491e3160c81a5b0.php 第 769 行.
SQL: SELECT * FROM `try_go` WHERE ( `show` = 'xfp13w_ymigzu_0nmrwk_fum3or' ) LIMIT 1   [ RunTime:0.006000s ]
NOTIC: [8] Undefined index: title D:\repo\baicai\data\runtime\Cache\home\11e2f12d84b746b76491e3160c81a5b0.php 第 775 行.
NOTIC: [8] Undefined index: sc D:\repo\baicai\data\runtime\Cache\home\11e2f12d84b746b76491e3160c81a5b0.php 第 753 行.
NOTIC: [8] Undefined index: sc D:\repo\baicai\data\runtime\Cache\home\11e2f12d84b746b76491e3160c81a5b0.php 第 754 行.
NOTIC: [8] Undefined index: sc D:\repo\baicai\data\runtime\Cache\home\11e2f12d84b746b76491e3160c81a5b0.php 第 758 行.
NOTIC: [8] Undefined index: sc D:\repo\baicai\data\runtime\Cache\home\11e2f12d84b746b76491e3160c81a5b0.php 第 763 行.
SQL: SELECT `name` FROM `try_item_orig` WHERE id=19 LIMIT 1   [ RunTime:0.001000s ]
NOTIC: [8] Undefined index: sc D:\repo\baicai\data\runtime\Cache\home\11e2f12d84b746b76491e3160c81a5b0.php 第 769 行.
NOTIC: [8] Undefined index: sc D:\repo\baicai\data\runtime\Cache\home\11e2f12d84b746b76491e3160c81a5b0.php 第 769 行.
NOTIC: [8] Undefined index: sc D:\repo\baicai\data\runtime\Cache\home\11e2f12d84b746b76491e3160c81a5b0.php 第 769 行.
NOTIC: [8] Undefined index: sc D:\repo\baicai\data\runtime\Cache\home\11e2f12d84b746b76491e3160c81a5b0.php 第 753 行.
NOTIC: [8] Undefined index: sc D:\repo\baicai\data\runtime\Cache\home\11e2f12d84b746b76491e3160c81a5b0.php 第 754 行.
NOTIC: [8] Undefined index: sc D:\repo\baicai\data\runtime\Cache\home\11e2f12d84b746b76491e3160c81a5b0.php 第 758 行.
NOTIC: [8] Undefined index: sc D:\repo\baicai\data\runtime\Cache\home\11e2f12d84b746b76491e3160c81a5b0.php 第 763 行.
SQL: SELECT `name` FROM `try_item_orig` WHERE id=19 LIMIT 1   [ RunTime:0.001000s ]
NOTIC: [8] Undefined index: sc D:\repo\baicai\data\runtime\Cache\home\11e2f12d84b746b76491e3160c81a5b0.php 第 769 行.
NOTIC: [8] Undefined index: sc D:\repo\baicai\data\runtime\Cache\home\11e2f12d84b746b76491e3160c81a5b0.php 第 769 行.
NOTIC: [8] Undefined index: sc D:\repo\baicai\data\runtime\Cache\home\11e2f12d84b746b76491e3160c81a5b0.php 第 769 行.
NOTIC: [8] Undefined index: sc D:\repo\baicai\data\runtime\Cache\home\11e2f12d84b746b76491e3160c81a5b0.php 第 753 行.
NOTIC: [8] Undefined index: sc D:\repo\baicai\data\runtime\Cache\home\11e2f12d84b746b76491e3160c81a5b0.php 第 754 行.
NOTIC: [8] Undefined index: sc D:\repo\baicai\data\runtime\Cache\home\11e2f12d84b746b76491e3160c81a5b0.php 第 758 行.
NOTIC: [8] Undefined index: sc D:\repo\baicai\data\runtime\Cache\home\11e2f12d84b746b76491e3160c81a5b0.php 第 763 行.
SQL: SELECT `name` FROM `try_item_orig` WHERE id=19 LIMIT 1   [ RunTime:0.001000s ]
NOTIC: [8] Undefined index: sc D:\repo\baicai\data\runtime\Cache\home\11e2f12d84b746b76491e3160c81a5b0.php 第 769 行.
NOTIC: [8] Undefined index: sc D:\repo\baicai\data\runtime\Cache\home\11e2f12d84b746b76491e3160c81a5b0.php 第 769 行.
NOTIC: [8] Undefined index: sc D:\repo\baicai\data\runtime\Cache\home\11e2f12d84b746b76491e3160c81a5b0.php 第 769 行.
NOTIC: [8] Undefined index: sc D:\repo\baicai\data\runtime\Cache\home\11e2f12d84b746b76491e3160c81a5b0.php 第 753 行.
NOTIC: [8] Undefined index: sc D:\repo\baicai\data\runtime\Cache\home\11e2f12d84b746b76491e3160c81a5b0.php 第 754 行.
NOTIC: [8] Undefined index: sc D:\repo\baicai\data\runtime\Cache\home\11e2f12d84b746b76491e3160c81a5b0.php 第 758 行.
NOTIC: [8] Undefined index: sc D:\repo\baicai\data\runtime\Cache\home\11e2f12d84b746b76491e3160c81a5b0.php 第 763 行.
SQL: SELECT `name` FROM `try_item_orig` WHERE id=19 LIMIT 1   [ RunTime:0.001000s ]
NOTIC: [8] Undefined index: sc D:\repo\baicai\data\runtime\Cache\home\11e2f12d84b746b76491e3160c81a5b0.php 第 769 行.
NOTIC: [8] Undefined index: sc D:\repo\baicai\data\runtime\Cache\home\11e2f12d84b746b76491e3160c81a5b0.php 第 769 行.
NOTIC: [8] Undefined index: sc D:\repo\baicai\data\runtime\Cache\home\11e2f12d84b746b76491e3160c81a5b0.php 第 769 行.
NOTIC: [8] Undefined index: sc D:\repo\baicai\data\runtime\Cache\home\11e2f12d84b746b76491e3160c81a5b0.php 第 753 行.
NOTIC: [8] Undefined index: sc D:\repo\baicai\data\runtime\Cache\home\11e2f12d84b746b76491e3160c81a5b0.php 第 754 行.
NOTIC: [8] Undefined index: sc D:\repo\baicai\data\runtime\Cache\home\11e2f12d84b746b76491e3160c81a5b0.php 第 758 行.
NOTIC: [8] Undefined index: sc D:\repo\baicai\data\runtime\Cache\home\11e2f12d84b746b76491e3160c81a5b0.php 第 763 行.
SQL: SELECT `name` FROM `try_item_orig` WHERE id=19 LIMIT 1   [ RunTime:0.000000s ]
NOTIC: [8] Undefined index: sc D:\repo\baicai\data\runtime\Cache\home\11e2f12d84b746b76491e3160c81a5b0.php 第 769 行.
NOTIC: [8] Undefined index: sc D:\repo\baicai\data\runtime\Cache\home\11e2f12d84b746b76491e3160c81a5b0.php 第 769 行.
NOTIC: [8] Undefined index: sc D:\repo\baicai\data\runtime\Cache\home\11e2f12d84b746b76491e3160c81a5b0.php 第 769 行.
NOTIC: [2] fopen(http://img.baicaio.com/data/upload/avatar/000/19/27/a5c1ecaadd6ace0e9222a1b20cf6f0b2.jpg): failed to open stream: HTTP request failed! HTTP/1.1 404 Not Found
 D:\repo\baicai\app\Common\common.php 第 247 行.
NOTIC: [8] Undefined index: follow D:\repo\baicai\data\runtime\Cache\home\11e2f12d84b746b76491e3160c81a5b0.php 第 1015 行.
NOTIC: [8] Undefined index: follow D:\repo\baicai\data\runtime\Cache\home\11e2f12d84b746b76491e3160c81a5b0.php 第 1015 行.
NOTIC: [2] fopen(http://img.baicaio.com/data/upload/avatar/000/19/27/35f94626a3c8956ff4b1e837f3a8aff0.jpg): failed to open stream: HTTP request failed! HTTP/1.1 404 Not Found
 D:\repo\baicai\app\Common\common.php 第 247 行.
NOTIC: [8] Undefined index: follow D:\repo\baicai\data\runtime\Cache\home\11e2f12d84b746b76491e3160c81a5b0.php 第 1015 行.
NOTIC: [8] Undefined index: follow D:\repo\baicai\data\runtime\Cache\home\11e2f12d84b746b76491e3160c81a5b0.php 第 1015 行.
SQL: SELECT * FROM `try_adboard` WHERE ( `id` = 2 ) AND ( `status` = 1 ) LIMIT 1   [ RunTime:0.000000s ]
SQL: SELECT `id`,`type`,`name`,`url`,`content`,`desc`,`extimg`,`extval` FROM `try_ad` WHERE ( `board_id` = 2 ) AND ( `start_time` <= 1515125284 ) AND ( `end_time` >= 1515125284 ) AND ( `status` = 1 ) ORDER BY ordid  [ RunTime:0.001000s ]
NOTIC: [2] Invalid argument supplied for foreach() D:\repo\baicai\app\Lib\Widget\advertWidget.class.php 第 22 行.
INFO: [ view_template ] --START--
INFO: Run basic_template Behavior [ RunTime:-6.221356s ]
INFO: [ view_template ] --END-- [ RunTime:-1.577090s ]
INFO: [ view_parse ] --START--
INFO: Run ParseTemplate Behavior [ RunTime:-6.222356s ]
INFO: [ view_parse ] --END-- [ RunTime:-1.377079s ]
INFO: [ view_filter ] --START--
INFO: Run ContentReplace Behavior [ RunTime:-6.225356s ]
INFO: Run TokenBuild Behavior [ RunTime:-6.226356s ]
INFO: Run WriteHtmlCache Behavior [ RunTime:-6.226356s ]
INFO: Run ShowRuntime Behavior [ RunTime:-6.226356s ]
INFO: Run content_replace Behavior [ RunTime:-6.226356s ]
INFO: [ view_filter ] --END-- [ RunTime:-1.375079s ]
INFO: [ view_end ] --START--
INFO: Run ShowPageTrace Behavior [ RunTime:-6.226356s ]
INFO: [ view_end ] --END-- [ RunTime:-1.375079s ]
SQL: SHOW COLUMNS FROM `try_tick` [ RunTime:0.008001s ]
SQL: SELECT * FROM `try_tick` WHERE start_time < NOW() and end_time > NOW() and sy != 0 ORDER BY yl desc,id desc LIMIT 3   [ RunTime:0.000000s ]
SQL: SELECT `img_url` FROM `try_item_orig` WHERE id=16 LIMIT 1   [ RunTime:0.001000s ]
SQL: SELECT `img_url` FROM `try_item_orig` WHERE id=2 LIMIT 1   [ RunTime:0.001000s ]
SQL: SELECT * FROM `try_adboard` WHERE ( `id` = 10 ) AND ( `status` = 1 ) LIMIT 1   [ RunTime:0.002000s ]
SQL: SELECT `id`,`type`,`name`,`url`,`content`,`desc`,`extimg`,`extval` FROM `try_ad` WHERE ( `board_id` = 10 ) AND ( `start_time` <= 1515125284 ) AND ( `end_time` >= 1515125284 ) AND ( `status` = 1 ) ORDER BY ordid  [ RunTime:0.001000s ]
NOTIC: [2] Invalid argument supplied for foreach() D:\repo\baicai\app\Lib\Widget\advertWidget.class.php 第 22 行.
INFO: [ view_template ] --START--
INFO: Run basic_template Behavior [ RunTime:-6.251358s ]
INFO: [ view_template ] --END-- [ RunTime:-1.607092s ]
INFO: [ view_parse ] --START--
INFO: Run ParseTemplate Behavior [ RunTime:-6.251358s ]
INFO: [ view_parse ] --END-- [ RunTime:-1.406081s ]
INFO: [ view_filter ] --START--
INFO: Run ContentReplace Behavior [ RunTime:-6.254358s ]
INFO: Run TokenBuild Behavior [ RunTime:-6.254358s ]
INFO: Run WriteHtmlCache Behavior [ RunTime:-6.254358s ]
INFO: Run ShowRuntime Behavior [ RunTime:-6.254358s ]
INFO: Run content_replace Behavior [ RunTime:-6.254358s ]
INFO: [ view_filter ] --END-- [ RunTime:-1.404081s ]
INFO: [ view_end ] --START--
INFO: Run ShowPageTrace Behavior [ RunTime:-6.254358s ]
INFO: [ view_end ] --END-- [ RunTime:-1.403081s ]
SQL: SELECT * FROM `try_adboard` WHERE ( `id` = 15 ) AND ( `status` = 1 ) LIMIT 1   [ RunTime:0.000000s ]
SQL: SELECT `id`,`type`,`name`,`url`,`content`,`desc`,`extimg`,`extval` FROM `try_ad` WHERE ( `board_id` = 15 ) AND ( `start_time` <= 1515125284 ) AND ( `end_time` >= 1515125284 ) AND ( `status` = 1 ) ORDER BY ordid  [ RunTime:0.001000s ]
INFO: [ view_template ] --START--
INFO: Run basic_template Behavior [ RunTime:-6.259358s ]
INFO: [ view_template ] --END-- [ RunTime:-1.615092s ]
INFO: [ view_parse ] --START--
INFO: Run ParseTemplate Behavior [ RunTime:-6.260358s ]
INFO: [ view_parse ] --END-- [ RunTime:-1.415081s ]
INFO: [ view_filter ] --START--
INFO: Run ContentReplace Behavior [ RunTime:-6.263358s ]
INFO: Run TokenBuild Behavior [ RunTime:-6.263358s ]
INFO: Run WriteHtmlCache Behavior [ RunTime:-6.263358s ]
INFO: Run ShowRuntime Behavior [ RunTime:-6.263358s ]
INFO: Run content_replace Behavior [ RunTime:-6.263358s ]
INFO: [ view_filter ] --END-- [ RunTime:-1.413081s ]
INFO: [ view_end ] --START--
INFO: Run ShowPageTrace Behavior [ RunTime:-6.263358s ]
INFO: [ view_end ] --END-- [ RunTime:-1.412081s ]
SQL: SHOW COLUMNS FROM `try_flink` [ RunTime:0.007001s ]
SQL: SELECT * FROM `try_flink` WHERE cate_id=1 and status=1  [ RunTime:0.000000s ]
INFO: Run ParseTemplate Behavior [ RunTime:-6.263358s ]
INFO: [ view_parse ] --END-- [ RunTime:-1.415081s ]
INFO: [ view_filter ] --START--
INFO: Run ContentReplace Behavior [ RunTime:-6.282359s ]
INFO: Run TokenBuild Behavior [ RunTime:-6.282359s ]
INFO: Run WriteHtmlCache Behavior [ RunTime:-6.282359s ]
INFO: Run ShowRuntime Behavior [ RunTime:-6.282359s ]
INFO: Run content_replace Behavior [ RunTime:-6.282359s ]
INFO: [ view_filter ] --END-- [ RunTime:-1.431082s ]
INFO: [ view_end ] --START--
INFO: Run ShowPageTrace Behavior [ RunTime:-6.283359s ]
INFO: [ view_end ] --END-- [ RunTime:-1.432082s ]

[ 2018-01-05T12:08:12+08:00 ] 127.0.0.1 /admin?g=admin&m=index&a=login
INFO: [ route_check ] --START--
INFO: Run CheckRoute Behavior [ RunTime:0.002000s ]
INFO: [ route_check ] --END-- [ RunTime:0.002000s ]
INFO: [ app_begin ] --START--
INFO: Run ReadHtmlCache Behavior [ RunTime:0.000000s ]
INFO: Run check_ipban Behavior [ RunTime:-0.001000s ]
INFO: Run load_lang Behavior [ RunTime:-0.002000s ]
INFO: [ app_begin ] --END-- [ RunTime:0.005000s ]
SQL: SHOW COLUMNS FROM `try_menu` [ RunTime:0.012001s ]
INFO: [ view_template ] --START--
INFO: Run basic_template Behavior [ RunTime:-1.436082s ]
INFO: [ view_template ] --END-- [ RunTime:0.002000s ]
INFO: [ view_parse ] --START--
INFO: Run ParseTemplate Behavior [ RunTime:-1.438082s ]
INFO: [ view_parse ] --END-- [ RunTime:0.008000s ]
INFO: [ view_filter ] --START--
INFO: Run ContentReplace Behavior [ RunTime:-1.446082s ]
INFO: Run TokenBuild Behavior [ RunTime:-1.447082s ]
INFO: Run WriteHtmlCache Behavior [ RunTime:-1.448082s ]
INFO: Run ShowRuntime Behavior [ RunTime:-1.449083s ]
INFO: Run content_replace Behavior [ RunTime:-1.449083s ]
INFO: [ view_filter ] --END-- [ RunTime:0.004001s ]
INFO: [ view_end ] --START--
INFO: Run ShowPageTrace Behavior [ RunTime:-1.450083s ]
INFO: [ view_end ] --END-- [ RunTime:0.001000s ]

[ 2018-01-05T12:08:13+08:00 ] 127.0.0.1 /admin?g=admin&m=index&a=verify_code&t=1515125292
INFO: [ route_check ] --START--
INFO: Run CheckRoute Behavior [ RunTime:0.002000s ]
INFO: [ route_check ] --END-- [ RunTime:0.002000s ]
INFO: [ app_begin ] --START--
INFO: Run ReadHtmlCache Behavior [ RunTime:-0.001000s ]
INFO: Run check_ipban Behavior [ RunTime:-0.001000s ]
INFO: Run load_lang Behavior [ RunTime:-0.002000s ]
INFO: [ app_begin ] --END-- [ RunTime:0.003000s ]
SQL: SHOW COLUMNS FROM `try_menu` [ RunTime:0.006000s ]

[ 2018-01-05T12:08:16+08:00 ] 127.0.0.1 /admin?g=admin&m=index&a=login
INFO: [ route_check ] --START--
INFO: Run CheckRoute Behavior [ RunTime:0.001000s ]
INFO: [ route_check ] --END-- [ RunTime:0.001000s ]
INFO: [ app_begin ] --START--
INFO: Run ReadHtmlCache Behavior [ RunTime:-0.001000s ]
INFO: Run check_ipban Behavior [ RunTime:-0.002000s ]
INFO: Run load_lang Behavior [ RunTime:-0.004000s ]
INFO: [ app_begin ] --END-- [ RunTime:0.005001s ]
SQL: SHOW COLUMNS FROM `try_menu` [ RunTime:0.008001s ]
SQL: SHOW COLUMNS FROM `try_admin` [ RunTime:0.012001s ]
SQL: SELECT * FROM `try_admin` WHERE ( `username` = 'hellocz' ) AND ( `status` = 1 ) LIMIT 1   [ RunTime:0.001000s ]
SQL: UPDATE `try_admin` SET `last_time`=1515125296,`last_ip`='127.0.0.1' WHERE ( `id` = 19 ) [ RunTime:0.000000s ]
INFO: [ view_template ] --START--
INFO: Run basic_template Behavior [ RunTime:-1.074062s ]
INFO: [ view_template ] --END-- [ RunTime:0.004000s ]
INFO: [ view_parse ] --START--
INFO: Run ParseTemplate Behavior [ RunTime:-1.078062s ]
INFO: [ view_parse ] --END-- [ RunTime:0.010001s ]
INFO: [ view_filter ] --START--
INFO: Run ContentReplace Behavior [ RunTime:-1.088063s ]
INFO: Run TokenBuild Behavior [ RunTime:-1.088063s ]
INFO: Run WriteHtmlCache Behavior [ RunTime:-1.089063s ]
INFO: Run ShowRuntime Behavior [ RunTime:-1.089063s ]
INFO: Run content_replace Behavior [ RunTime:-1.090063s ]
INFO: [ view_filter ] --END-- [ RunTime:0.002000s ]
INFO: [ view_end ] --START--
INFO: Run ShowPageTrace Behavior [ RunTime:-1.090063s ]
INFO: [ view_end ] --END-- [ RunTime:0.001000s ]

[ 2018-01-05T12:08:19+08:00 ] 127.0.0.1 /admin?g=admin&m=index&a=index
INFO: [ route_check ] --START--
INFO: Run CheckRoute Behavior [ RunTime:0.002000s ]
INFO: [ route_check ] --END-- [ RunTime:0.002000s ]
INFO: [ app_begin ] --START--
INFO: Run ReadHtmlCache Behavior [ RunTime:-0.001000s ]
INFO: Run check_ipban Behavior [ RunTime:-0.001000s ]
INFO: Run load_lang Behavior [ RunTime:-0.004001s ]
INFO: [ app_begin ] --END-- [ RunTime:0.005001s ]
SQL: SHOW COLUMNS FROM `try_menu` [ RunTime:0.007000s ]
SQL: SHOW COLUMNS FROM `try_menu` [ RunTime:0.007001s ]
SQL: SELECT * FROM `try_menu` WHERE (  ( `pid` = 0 ) ) AND ( `display` = 1 ) ORDER BY ordid  [ RunTime:0.003000s ]
INFO: [ view_template ] --START--
INFO: Run basic_template Behavior [ RunTime:-1.113064s ]
INFO: [ view_template ] --END-- [ RunTime:0.001000s ]
INFO: [ view_parse ] --START--
INFO: Run ParseTemplate Behavior [ RunTime:-1.114064s ]
INFO: [ view_parse ] --END-- [ RunTime:0.012001s ]
INFO: [ view_filter ] --START--
INFO: Run ContentReplace Behavior [ RunTime:-1.126065s ]
INFO: Run TokenBuild Behavior [ RunTime:-1.127065s ]
INFO: Run WriteHtmlCache Behavior [ RunTime:-1.128065s ]
INFO: Run ShowRuntime Behavior [ RunTime:-1.129065s ]
INFO: Run content_replace Behavior [ RunTime:-1.129065s ]
INFO: [ view_filter ] --END-- [ RunTime:0.004000s ]
INFO: [ view_end ] --START--
INFO: Run ShowPageTrace Behavior [ RunTime:-1.130065s ]
INFO: [ view_end ] --END-- [ RunTime:0.000000s ]

[ 2018-01-05T12:08:20+08:00 ] 127.0.0.1 /admin?g=admin&m=index&a=panel
INFO: [ route_check ] --START--
INFO: Run CheckRoute Behavior [ RunTime:0.001000s ]
INFO: [ route_check ] --END-- [ RunTime:0.001000s ]
INFO: [ app_begin ] --START--
INFO: Run ReadHtmlCache Behavior [ RunTime:-0.001000s ]
INFO: Run check_ipban Behavior [ RunTime:-0.001000s ]
INFO: Run load_lang Behavior [ RunTime:-0.003000s ]
INFO: [ app_begin ] --END-- [ RunTime:0.003000s ]
SQL: SHOW COLUMNS FROM `try_menu` [ RunTime:0.006000s ]
INFO: [ view_template ] --START--
INFO: Run basic_template Behavior [ RunTime:-1.074062s ]
INFO: [ view_template ] --END-- [ RunTime:0.001000s ]
INFO: [ view_parse ] --START--
INFO: [ view_template ] --START--
INFO: Run basic_template Behavior [ RunTime:-1.079062s ]
INFO: [ view_template ] --END-- [ RunTime:-0.004000s ]
NOTIC: [8] Undefined variable: sub_menu D:\repo\baicai\data\runtime\Cache\admin\ba3d2a4c7110487814df26e78e828b96.php 第 43 行.
NOTIC: [8] Undefined variable: big_menu D:\repo\baicai\data\runtime\Cache\admin\ba3d2a4c7110487814df26e78e828b96.php 第 43 行.
INFO: Run ParseTemplate Behavior [ RunTime:-1.079062s ]
INFO: [ view_parse ] --END-- [ RunTime:0.015001s ]
INFO: [ view_filter ] --START--
INFO: Run ContentReplace Behavior [ RunTime:-1.090063s ]
INFO: Run TokenBuild Behavior [ RunTime:-1.090063s ]
INFO: Run WriteHtmlCache Behavior [ RunTime:-1.091063s ]
INFO: Run ShowRuntime Behavior [ RunTime:-1.091063s ]
INFO: Run content_replace Behavior [ RunTime:-1.091063s ]
INFO: [ view_filter ] --END-- [ RunTime:0.003000s ]
INFO: [ view_end ] --START--
INFO: Run ShowPageTrace Behavior [ RunTime:-1.093063s ]
INFO: [ view_end ] --END-- [ RunTime:0.001000s ]

[ 2018-01-05T12:08:21+08:00 ] 127.0.0.1 /admin?g=admin&m=index&a=left
INFO: [ route_check ] --START--
INFO: Run CheckRoute Behavior [ RunTime:0.002000s ]
INFO: [ route_check ] --END-- [ RunTime:0.002000s ]
INFO: [ app_begin ] --START--
INFO: Run ReadHtmlCache Behavior [ RunTime:-0.001000s ]
INFO: Run check_ipban Behavior [ RunTime:-0.001000s ]
INFO: Run load_lang Behavior [ RunTime:-0.003000s ]
INFO: [ app_begin ] --END-- [ RunTime:0.004000s ]
SQL: SHOW COLUMNS FROM `try_menu` [ RunTime:0.006000s ]
SQL: SELECT * FROM `try_menu` WHERE ( `often` = 1 )  [ RunTime:0.004001s ]
INFO: [ view_template ] --START--
INFO: Run basic_template Behavior [ RunTime:-2.056118s ]
INFO: [ view_template ] --END-- [ RunTime:0.002000s ]
INFO: [ view_parse ] --START--
NOTIC: [8] Undefined index: data D:\repo\baicai\data\runtime\Cache\admin\8bbf59c365bdf6267b9eb5e67d22693d.php 第 5 行.
INFO: Run ParseTemplate Behavior [ RunTime:-2.058118s ]
INFO: [ view_parse ] --END-- [ RunTime:0.016001s ]
INFO: [ view_filter ] --START--
INFO: Run ContentReplace Behavior [ RunTime:-2.074119s ]
INFO: Run TokenBuild Behavior [ RunTime:-2.074119s ]
INFO: Run WriteHtmlCache Behavior [ RunTime:-2.075119s ]
INFO: Run ShowRuntime Behavior [ RunTime:-2.075119s ]
INFO: Run content_replace Behavior [ RunTime:-2.076119s ]
INFO: [ view_filter ] --END-- [ RunTime:0.002000s ]
INFO: [ view_end ] --START--
INFO: Run ShowPageTrace Behavior [ RunTime:-2.076119s ]
INFO: [ view_end ] --END-- [ RunTime:0.001000s ]

[ 2018-01-05T12:08:22+08:00 ] 127.0.0.1 /admin?g=admin&m=index&a=left
INFO: [ route_check ] --START--
INFO: Run CheckRoute Behavior [ RunTime:0.000000s ]
INFO: [ route_check ] --END-- [ RunTime:0.002000s ]
INFO: [ app_begin ] --START--
INFO: Run ReadHtmlCache Behavior [ RunTime:-0.001000s ]
INFO: Run check_ipban Behavior [ RunTime:-0.002001s ]
INFO: Run load_lang Behavior [ RunTime:-0.003001s ]
INFO: [ app_begin ] --END-- [ RunTime:0.004001s ]
SQL: SHOW COLUMNS FROM `try_menu` [ RunTime:0.006001s ]
SQL: SHOW COLUMNS FROM `try_menu` [ RunTime:0.007000s ]
SQL: SELECT * FROM `try_menu` WHERE (  ( `pid` = 50 ) ) AND ( `display` = 1 ) ORDER BY ordid  [ RunTime:0.005000s ]
SQL: SELECT * FROM `try_menu` WHERE (  ( `pid` = 50 ) ) AND ( `display` = 1 ) ORDER BY ordid  [ RunTime:0.001000s ]
SQL: SELECT * FROM `try_menu` WHERE (  ( `pid` = 51 ) ) AND ( `display` = 1 ) ORDER BY ordid  [ RunTime:0.001000s ]
SQL: SELECT * FROM `try_menu` WHERE (  ( `pid` = 288 ) ) AND ( `display` = 1 ) ORDER BY ordid  [ RunTime:0.001001s ]
SQL: SELECT * FROM `try_menu` WHERE (  ( `pid` = 290 ) ) AND ( `display` = 1 ) ORDER BY ordid  [ RunTime:0.001000s ]
SQL: SELECT * FROM `try_menu` WHERE (  ( `pid` = 293 ) ) AND ( `display` = 1 ) ORDER BY ordid  [ RunTime:0.001000s ]
INFO: [ view_template ] --START--
INFO: Run basic_template Behavior [ RunTime:-1.123065s ]
INFO: [ view_template ] --END-- [ RunTime:0.001000s ]
INFO: [ view_parse ] --START--
INFO: Run ParseTemplate Behavior [ RunTime:-1.124065s ]
INFO: [ view_parse ] --END-- [ RunTime:0.010000s ]
INFO: [ view_filter ] --START--
INFO: Run ContentReplace Behavior [ RunTime:-1.134065s ]
INFO: Run TokenBuild Behavior [ RunTime:-1.135065s ]
INFO: Run WriteHtmlCache Behavior [ RunTime:-1.135065s ]
INFO: Run ShowRuntime Behavior [ RunTime:-1.136065s ]
INFO: Run content_replace Behavior [ RunTime:-1.136065s ]
INFO: [ view_filter ] --END-- [ RunTime:0.002000s ]
INFO: [ view_end ] --START--
INFO: Run ShowPageTrace Behavior [ RunTime:-1.136065s ]
INFO: [ view_end ] --END-- [ RunTime:0.001000s ]

[ 2018-01-05T12:08:26+08:00 ] 127.0.0.1 /admin?g=admin&m=item&a=add&menuid=249
INFO: [ route_check ] --START--
INFO: Run CheckRoute Behavior [ RunTime:0.001000s ]
INFO: [ route_check ] --END-- [ RunTime:0.001000s ]
INFO: [ app_begin ] --START--
INFO: Run ReadHtmlCache Behavior [ RunTime:-0.001001s ]
INFO: Run check_ipban Behavior [ RunTime:-0.001001s ]
INFO: Run load_lang Behavior [ RunTime:-0.002001s ]
INFO: [ app_begin ] --END-- [ RunTime:0.004001s ]
SQL: SHOW COLUMNS FROM `try_menu` [ RunTime:0.007001s ]
SQL: SHOW COLUMNS FROM `try_menu` [ RunTime:0.007000s ]
SQL: SELECT * FROM `try_menu` WHERE (  ( `pid` = 249 ) ) AND ( `display` = 1 ) ORDER BY ordid  [ RunTime:0.002000s ]
NOTIC: [2] Invalid argument supplied for foreach() D:\repo\baicai\app\Lib\Action\backendAction.class.php 第 19 行.
NOTIC: [2] Invalid argument supplied for foreach() D:\repo\baicai\app\Lib\Action\backendAction.class.php 第 26 行.
SQL: SHOW COLUMNS FROM `try_item` [ RunTime:0.007001s ]
SQL: SHOW COLUMNS FROM `try_item_cate` [ RunTime:0.010000s ]
SQL: SHOW COLUMNS FROM `try_item_orig` [ RunTime:0.008001s ]
SQL: SELECT `id`,`name` FROM `try_item_orig` ORDER BY name asc  [ RunTime:0.002000s ]
INFO: [ view_template ] --START--
INFO: Run basic_template Behavior [ RunTime:-2.826162s ]
INFO: [ view_template ] --END-- [ RunTime:0.002000s ]
INFO: [ view_parse ] --START--
INFO: [ view_template ] --START--
INFO: Run basic_template Behavior [ RunTime:-2.831162s ]
INFO: [ view_template ] --END-- [ RunTime:-0.003000s ]
INFO: [ view_template ] --START--
INFO: Run basic_template Behavior [ RunTime:-2.832162s ]
INFO: [ view_template ] --END-- [ RunTime:-0.004000s ]
NOTIC: [8] Undefined variable: big_menu D:\repo\baicai\data\runtime\Cache\admin\40572f8d9c5c79f061d4a3a7dba195bf.php 第 43 行.
NOTIC: [8] Undefined variable: item D:\repo\baicai\data\runtime\Cache\admin\40572f8d9c5c79f061d4a3a7dba195bf.php 第 137 行.
NOTIC: [8] Undefined variable: item D:\repo\baicai\data\runtime\Cache\admin\40572f8d9c5c79f061d4a3a7dba195bf.php 第 145 行.
NOTIC: [8] Undefined variable: info D:\repo\baicai\data\runtime\Cache\admin\40572f8d9c5c79f061d4a3a7dba195bf.php 第 221 行.
NOTIC: [8] Undefined variable: info D:\repo\baicai\data\runtime\Cache\admin\40572f8d9c5c79f061d4a3a7dba195bf.php 第 223 行.
NOTIC: [8] Undefined variable: info D:\repo\baicai\data\runtime\Cache\admin\40572f8d9c5c79f061d4a3a7dba195bf.php 第 225 行.
NOTIC: [8] Undefined variable: info D:\repo\baicai\data\runtime\Cache\admin\40572f8d9c5c79f061d4a3a7dba195bf.php 第 227 行.
NOTIC: [8] Undefined variable: info D:\repo\baicai\data\runtime\Cache\admin\40572f8d9c5c79f061d4a3a7dba195bf.php 第 229 行.
NOTIC: [8] Undefined variable: info D:\repo\baicai\data\runtime\Cache\admin\40572f8d9c5c79f061d4a3a7dba195bf.php 第 231 行.
NOTIC: [8] Undefined variable: article_list D:\repo\baicai\data\runtime\Cache\admin\40572f8d9c5c79f061d4a3a7dba195bf.php 第 365 行.
NOTIC: [8] Undefined variable: visitor D:\repo\baicai\data\runtime\Cache\admin\40572f8d9c5c79f061d4a3a7dba195bf.php 第 925 行.
INFO: Run ParseTemplate Behavior [ RunTime:-2.832162s ]
INFO: [ view_parse ] --END-- [ RunTime:0.026002s ]
INFO: [ view_filter ] --START--
INFO: Run ContentReplace Behavior [ RunTime:-2.854164s ]
INFO: Run TokenBuild Behavior [ RunTime:-2.855164s ]
INFO: Run WriteHtmlCache Behavior [ RunTime:-2.855164s ]
INFO: Run ShowRuntime Behavior [ RunTime:-2.855164s ]
INFO: Run content_replace Behavior [ RunTime:-2.856164s ]
INFO: [ view_filter ] --END-- [ RunTime:0.002000s ]
INFO: [ view_end ] --START--
INFO: Run ShowPageTrace Behavior [ RunTime:-2.856164s ]
INFO: [ view_end ] --END-- [ RunTime:0.001000s ]

[ 2018-01-05T12:08:41+08:00 ] ERR: (ThinkException) 无法加载模块:js/car1.6/lrz.all.bundle.js
