[ 2018-04-12T16:06:54+08:00 ] 127.0.0.1 /admin
INFO: [ route_check ] --START--
INFO: Run CheckRoute Behavior [ RunTime:0.002001s ]
INFO: [ route_check ] --END-- [ RunTime:0.002001s ]
INFO: [ app_begin ] --START--
INFO: Run ReadHtmlCache Behavior [ RunTime:-0.003000s ]
INFO: Run check_ipban Behavior [ RunTime:-0.005000s ]
INFO: Run load_lang Behavior [ RunTime:-0.007000s ]
INFO: [ app_begin ] --END-- [ RunTime:0.008000s ]
SQL: SHOW COLUMNS FROM `try_menu` [ RunTime:0.012000s ]
SQL: SHOW COLUMNS FROM `try_menu` [ RunTime:0.009001s ]
SQL: SELECT * FROM `try_menu` WHERE (  ( `pid` = 0 ) ) AND ( `display` = 1 ) ORDER BY ordid  [ RunTime:0.001000s ]
INFO: [ view_template ] --START--
INFO: Run basic_template Behavior [ RunTime:-1.088062s ]
INFO: [ view_template ] --END-- [ RunTime:0.002000s ]
INFO: [ view_parse ] --START--
INFO: Run ParseTemplate Behavior [ RunTime:-1.090062s ]
INFO: [ view_parse ] --END-- [ RunTime:0.016001s ]
INFO: [ view_filter ] --START--
INFO: Run ContentReplace Behavior [ RunTime:-1.106063s ]
INFO: Run TokenBuild Behavior [ RunTime:-1.107063s ]
INFO: Run WriteHtmlCache Behavior [ RunTime:-1.108063s ]
INFO: Run ShowRuntime Behavior [ RunTime:-1.109063s ]
INFO: Run content_replace Behavior [ RunTime:-1.110063s ]
INFO: [ view_filter ] --END-- [ RunTime:0.005000s ]
INFO: [ view_end ] --START--
INFO: Run ShowPageTrace Behavior [ RunTime:-1.111063s ]
INFO: [ view_end ] --END-- [ RunTime:0.002000s ]

[ 2018-04-12T16:06:55+08:00 ] 127.0.0.1 /?g=admin&m=index&a=panel
INFO: [ app_begin ] --START--
INFO: Run ReadHtmlCache Behavior [ RunTime:0.001000s ]
INFO: Run check_ipban Behavior [ RunTime:0.000000s ]
INFO: Run load_lang Behavior [ RunTime:-0.001000s ]
INFO: [ app_begin ] --END-- [ RunTime:0.004000s ]
SQL: SHOW COLUMNS FROM `try_menu` [ RunTime:0.006000s ]
INFO: [ view_template ] --START--
INFO: Run basic_template Behavior [ RunTime:-1.191068s ]
INFO: [ view_template ] --END-- [ RunTime:0.002001s ]
INFO: [ view_parse ] --START--
INFO: [ view_template ] --START--
INFO: Run basic_template Behavior [ RunTime:-1.197069s ]
INFO: [ view_template ] --END-- [ RunTime:-0.004000s ]
NOTIC: [8] Undefined variable: sub_menu D:\repo\baicai\data\runtime\Cache\admin\ba3d2a4c7110487814df26e78e828b96.php 第 43 行.
NOTIC: [8] Undefined variable: big_menu D:\repo\baicai\data\runtime\Cache\admin\ba3d2a4c7110487814df26e78e828b96.php 第 43 行.
INFO: Run ParseTemplate Behavior [ RunTime:-1.197069s ]
INFO: [ view_parse ] --END-- [ RunTime:0.016000s ]
INFO: [ view_filter ] --START--
INFO: Run ContentReplace Behavior [ RunTime:-1.209069s ]
INFO: Run TokenBuild Behavior [ RunTime:-1.210069s ]
INFO: Run WriteHtmlCache Behavior [ RunTime:-1.210069s ]
INFO: Run ShowRuntime Behavior [ RunTime:-1.211070s ]
INFO: Run content_replace Behavior [ RunTime:-1.211070s ]
INFO: [ view_filter ] --END-- [ RunTime:0.003001s ]
INFO: [ view_end ] --START--
INFO: Run ShowPageTrace Behavior [ RunTime:-1.212070s ]
INFO: [ view_end ] --END-- [ RunTime:0.000000s ]

[ 2018-04-12T16:06:56+08:00 ] 127.0.0.1 /?g=admin&m=index&a=left
INFO: [ app_begin ] --START--
INFO: Run ReadHtmlCache Behavior [ RunTime:0.001001s ]
INFO: Run check_ipban Behavior [ RunTime:0.000000s ]
INFO: Run load_lang Behavior [ RunTime:-0.001000s ]
INFO: [ app_begin ] --END-- [ RunTime:0.004001s ]
SQL: SHOW COLUMNS FROM `try_menu` [ RunTime:0.010001s ]
SQL: SELECT * FROM `try_menu` WHERE ( `often` = 1 )  [ RunTime:0.001000s ]
INFO: [ view_template ] --START--
INFO: Run basic_template Behavior [ RunTime:-1.977113s ]
INFO: [ view_template ] --END-- [ RunTime:0.003000s ]
INFO: [ view_parse ] --START--
NOTIC: [8] Undefined index: data D:\repo\baicai\data\runtime\Cache\admin\8bbf59c365bdf6267b9eb5e67d22693d.php 第 5 行.
INFO: Run ParseTemplate Behavior [ RunTime:-1.980113s ]
INFO: [ view_parse ] --END-- [ RunTime:0.033002s ]
INFO: [ view_filter ] --START--
INFO: Run ContentReplace Behavior [ RunTime:-2.013115s ]
INFO: Run TokenBuild Behavior [ RunTime:-2.014115s ]
INFO: Run WriteHtmlCache Behavior [ RunTime:-2.015115s ]
INFO: Run ShowRuntime Behavior [ RunTime:-2.016115s ]
INFO: Run content_replace Behavior [ RunTime:-2.017115s ]
INFO: [ view_filter ] --END-- [ RunTime:0.005000s ]
INFO: [ view_end ] --START--
INFO: Run ShowPageTrace Behavior [ RunTime:-2.018115s ]
INFO: [ view_end ] --END-- [ RunTime:0.001000s ]

[ 2018-04-12T16:07:01+08:00 ] 127.0.0.1 /?g=admin&m=index&a=left
INFO: [ app_begin ] --START--
INFO: Run ReadHtmlCache Behavior [ RunTime:0.001000s ]
INFO: Run check_ipban Behavior [ RunTime:0.000000s ]
INFO: Run load_lang Behavior [ RunTime:-0.001000s ]
INFO: [ app_begin ] --END-- [ RunTime:0.005000s ]
SQL: SHOW COLUMNS FROM `try_menu` [ RunTime:0.009001s ]
SQL: SHOW COLUMNS FROM `try_menu` [ RunTime:0.011000s ]
SQL: SELECT * FROM `try_menu` WHERE (  ( `pid` = 50 ) ) AND ( `display` = 1 ) ORDER BY ordid  [ RunTime:0.003001s ]
SQL: SELECT * FROM `try_menu` WHERE (  ( `pid` = 50 ) ) AND ( `display` = 1 ) ORDER BY ordid  [ RunTime:0.001000s ]
SQL: SELECT * FROM `try_menu` WHERE (  ( `pid` = 51 ) ) AND ( `display` = 1 ) ORDER BY ordid  [ RunTime:0.001000s ]
SQL: SELECT * FROM `try_menu` WHERE (  ( `pid` = 288 ) ) AND ( `display` = 1 ) ORDER BY ordid  [ RunTime:0.002000s ]
SQL: SELECT * FROM `try_menu` WHERE (  ( `pid` = 290 ) ) AND ( `display` = 1 ) ORDER BY ordid  [ RunTime:0.001000s ]
SQL: SELECT * FROM `try_menu` WHERE (  ( `pid` = 293 ) ) AND ( `display` = 1 ) ORDER BY ordid  [ RunTime:0.001000s ]
INFO: [ view_template ] --START--
INFO: Run basic_template Behavior [ RunTime:-1.066061s ]
INFO: [ view_template ] --END-- [ RunTime:0.001000s ]
INFO: [ view_parse ] --START--
INFO: Run ParseTemplate Behavior [ RunTime:-1.067061s ]
INFO: [ view_parse ] --END-- [ RunTime:0.010001s ]
INFO: [ view_filter ] --START--
INFO: Run ContentReplace Behavior [ RunTime:-1.077062s ]
INFO: Run TokenBuild Behavior [ RunTime:-1.078062s ]
INFO: Run WriteHtmlCache Behavior [ RunTime:-1.078062s ]
INFO: Run ShowRuntime Behavior [ RunTime:-1.079062s ]
INFO: Run content_replace Behavior [ RunTime:-1.079062s ]
INFO: [ view_filter ] --END-- [ RunTime:0.003000s ]
INFO: [ view_end ] --START--
INFO: Run ShowPageTrace Behavior [ RunTime:-1.080062s ]
INFO: [ view_end ] --END-- [ RunTime:0.000000s ]

[ 2018-04-12T16:07:09+08:00 ] 127.0.0.1 /?g=admin&m=activity&a=index&menuid=305
INFO: [ app_begin ] --START--
INFO: Run ReadHtmlCache Behavior [ RunTime:0.001000s ]
INFO: Run check_ipban Behavior [ RunTime:0.000000s ]
INFO: Run load_lang Behavior [ RunTime:-0.001000s ]
INFO: [ app_begin ] --END-- [ RunTime:0.004000s ]
SQL: SHOW COLUMNS FROM `try_menu` [ RunTime:0.011000s ]
SQL: SHOW COLUMNS FROM `try_menu` [ RunTime:0.009001s ]
SQL: SELECT * FROM `try_menu` WHERE (  ( `pid` = 305 ) ) AND ( `display` = 1 ) ORDER BY ordid  [ RunTime:0.001000s ]
NOTIC: [2] Invalid argument supplied for foreach() D:\repo\baicai\app\Lib\Action\backendAction.class.php 第 19 行.
NOTIC: [2] Invalid argument supplied for foreach() D:\repo\baicai\app\Lib\Action\backendAction.class.php 第 26 行.
SQL: SHOW COLUMNS FROM `try_activity` [ RunTime:0.008001s ]
NOTIC: [8] Undefined variable: map D:\repo\baicai\app\Lib\Action\admin\activityAction.class.php 第 47 行.
SQL: SELECT COUNT(id) AS tp_count FROM `try_activity` LIMIT 1   [ RunTime:0.000000s ]
SQL: SELECT * FROM `try_activity` ORDER BY id desc LIMIT 0,20   [ RunTime:0.001000s ]
INFO: [ view_template ] --START--
INFO: Run basic_template Behavior [ RunTime:-1.074062s ]
INFO: [ view_template ] --END-- [ RunTime:0.002000s ]
INFO: [ view_parse ] --START--
INFO: [ view_template ] --START--
INFO: Run basic_template Behavior [ RunTime:-1.079062s ]
INFO: [ view_template ] --END-- [ RunTime:-0.003000s ]
INFO: [ view_template ] --START--
INFO: Run basic_template Behavior [ RunTime:-1.080062s ]
INFO: [ view_template ] --END-- [ RunTime:-0.004000s ]
NOTIC: [8] Undefined index: colors D:\repo\baicai\data\runtime\Cache\admin\4503fe0c3a82c170e05dc986c8ed15aa.php 第 99 行.
SQL: SHOW COLUMNS FROM `try_item_orig` [ RunTime:0.008000s ]
SQL: SELECT `name` FROM `try_item_orig` WHERE id=19 LIMIT 1   [ RunTime:0.001000s ]
INFO: Run ParseTemplate Behavior [ RunTime:-1.080062s ]
INFO: [ view_parse ] --END-- [ RunTime:0.025001s ]
INFO: [ view_filter ] --START--
INFO: Run ContentReplace Behavior [ RunTime:-1.101063s ]
INFO: Run TokenBuild Behavior [ RunTime:-1.102063s ]
INFO: Run WriteHtmlCache Behavior [ RunTime:-1.103063s ]
INFO: Run ShowRuntime Behavior [ RunTime:-1.103063s ]
INFO: Run content_replace Behavior [ RunTime:-1.104063s ]
INFO: [ view_filter ] --END-- [ RunTime:0.003000s ]
INFO: [ view_end ] --START--
INFO: Run ShowPageTrace Behavior [ RunTime:-1.104063s ]
INFO: [ view_end ] --END-- [ RunTime:0.001001s ]

[ 2018-04-12T16:07:10+08:00 ] 127.0.0.1 /?g=admin&m=activity&a=index&menuid=305
INFO: [ app_begin ] --START--
INFO: Run ReadHtmlCache Behavior [ RunTime:0.000000s ]
INFO: Run check_ipban Behavior [ RunTime:0.000000s ]
INFO: Run load_lang Behavior [ RunTime:-0.001000s ]
INFO: [ app_begin ] --END-- [ RunTime:0.004001s ]
SQL: SHOW COLUMNS FROM `try_menu` [ RunTime:0.007000s ]
SQL: SHOW COLUMNS FROM `try_menu` [ RunTime:0.007001s ]
SQL: SELECT * FROM `try_menu` WHERE (  ( `pid` = 305 ) ) AND ( `display` = 1 ) ORDER BY ordid  [ RunTime:0.002000s ]
NOTIC: [2] Invalid argument supplied for foreach() D:\repo\baicai\app\Lib\Action\backendAction.class.php 第 19 行.
NOTIC: [2] Invalid argument supplied for foreach() D:\repo\baicai\app\Lib\Action\backendAction.class.php 第 26 行.
SQL: SHOW COLUMNS FROM `try_activity` [ RunTime:0.007000s ]
NOTIC: [8] Undefined variable: map D:\repo\baicai\app\Lib\Action\admin\activityAction.class.php 第 47 行.
SQL: SELECT COUNT(id) AS tp_count FROM `try_activity` LIMIT 1   [ RunTime:0.001000s ]
SQL: SELECT * FROM `try_activity` ORDER BY id desc LIMIT 0,20   [ RunTime:0.001000s ]
INFO: [ view_template ] --START--
INFO: Run basic_template Behavior [ RunTime:-2.140123s ]
INFO: [ view_template ] --END-- [ RunTime:0.001000s ]
INFO: [ view_parse ] --START--
INFO: [ view_template ] --START--
INFO: Run basic_template Behavior [ RunTime:-2.144123s ]
INFO: [ view_template ] --END-- [ RunTime:-0.003000s ]
INFO: [ view_template ] --START--
INFO: Run basic_template Behavior [ RunTime:-2.145123s ]
INFO: [ view_template ] --END-- [ RunTime:-0.004000s ]
NOTIC: [8] Undefined index: colors D:\repo\baicai\data\runtime\Cache\admin\4503fe0c3a82c170e05dc986c8ed15aa.php 第 99 行.
SQL: SHOW COLUMNS FROM `try_item_orig` [ RunTime:0.008000s ]
SQL: SELECT `name` FROM `try_item_orig` WHERE id=19 LIMIT 1   [ RunTime:0.001000s ]
INFO: Run ParseTemplate Behavior [ RunTime:-2.145123s ]
INFO: [ view_parse ] --END-- [ RunTime:0.024001s ]
INFO: [ view_filter ] --START--
INFO: Run ContentReplace Behavior [ RunTime:-2.165124s ]
INFO: Run TokenBuild Behavior [ RunTime:-2.166124s ]
INFO: Run WriteHtmlCache Behavior [ RunTime:-2.166124s ]
INFO: Run ShowRuntime Behavior [ RunTime:-2.167124s ]
INFO: Run content_replace Behavior [ RunTime:-2.167124s ]
INFO: [ view_filter ] --END-- [ RunTime:0.003000s ]
INFO: [ view_end ] --START--
INFO: Run ShowPageTrace Behavior [ RunTime:-2.168124s ]
INFO: [ view_end ] --END-- [ RunTime:0.001000s ]

[ 2018-04-12T16:08:37+08:00 ] 127.0.0.1 /?g=admin&m=item&a=index&menuid=52
INFO: [ app_begin ] --START--
INFO: Run ReadHtmlCache Behavior [ RunTime:0.000000s ]
INFO: Run check_ipban Behavior [ RunTime:-0.001000s ]
INFO: Run load_lang Behavior [ RunTime:-0.002000s ]
INFO: [ app_begin ] --END-- [ RunTime:0.005000s ]
SQL: SHOW COLUMNS FROM `try_menu` [ RunTime:0.011001s ]
SQL: SHOW COLUMNS FROM `try_menu` [ RunTime:0.010001s ]
SQL: SELECT * FROM `try_menu` WHERE (  ( `pid` = 52 ) ) AND ( `display` = 1 ) ORDER BY ordid  [ RunTime:0.001000s ]
NOTIC: [2] strpos(): Empty needle D:\repo\baicai\app\Lib\Action\backendAction.class.php 第 21 行.
SQL: SHOW COLUMNS FROM `try_item` [ RunTime:0.012000s ]
SQL: SHOW COLUMNS FROM `try_item_cate` [ RunTime:0.007000s ]
SQL: SELECT `id`,`name` FROM `try_item_cate`  [ RunTime:0.003000s ]
NOTIC: [8] Undefined index: status D:\repo\baicai\app\Lib\Action\admin\itemAction.class.php 第 99 行.
NOTIC: [8] Undefined variable: spid D:\repo\baicai\app\Lib\Action\admin\itemAction.class.php 第 129 行.
SQL: SELECT COUNT(id) AS tp_count FROM `try_item` WHERE (  ( (`title` LIKE '%%') ) OR ( (`content` LIKE '%%') ) ) LIMIT 1   [ RunTime:0.275016s ]
SQL: SELECT * FROM `try_item` WHERE (  ( (`title` LIKE '%%') ) OR ( (`content` LIKE '%%') ) ) ORDER BY ordid ASC, add_time DESC LIMIT 0,20   [ RunTime:0.292017s ]
INFO: [ view_template ] --START--
INFO: Run basic_template Behavior [ RunTime:-1.696097s ]
INFO: [ view_template ] --END-- [ RunTime:0.001000s ]
INFO: [ view_parse ] --START--
INFO: [ view_template ] --START--
INFO: Run basic_template Behavior [ RunTime:-1.701097s ]
INFO: [ view_template ] --END-- [ RunTime:-0.004000s ]
INFO: [ view_template ] --START--
INFO: Run basic_template Behavior [ RunTime:-1.702097s ]
INFO: [ view_template ] --END-- [ RunTime:-0.004000s ]
NOTIC: [8] Undefined index: colors D:\repo\baicai\data\runtime\Cache\admin\6090765389774d6a15ddce11022e141b.php 第 303 行.
NOTIC: [8] Undefined index: colors D:\repo\baicai\data\runtime\Cache\admin\6090765389774d6a15ddce11022e141b.php 第 303 行.
NOTIC: [8] Undefined index: colors D:\repo\baicai\data\runtime\Cache\admin\6090765389774d6a15ddce11022e141b.php 第 303 行.
NOTIC: [8] Undefined index: colors D:\repo\baicai\data\runtime\Cache\admin\6090765389774d6a15ddce11022e141b.php 第 303 行.
NOTIC: [8] Undefined index: colors D:\repo\baicai\data\runtime\Cache\admin\6090765389774d6a15ddce11022e141b.php 第 303 行.
NOTIC: [8] Undefined index: colors D:\repo\baicai\data\runtime\Cache\admin\6090765389774d6a15ddce11022e141b.php 第 303 行.
NOTIC: [8] Undefined index: colors D:\repo\baicai\data\runtime\Cache\admin\6090765389774d6a15ddce11022e141b.php 第 303 行.
NOTIC: [8] Undefined index: colors D:\repo\baicai\data\runtime\Cache\admin\6090765389774d6a15ddce11022e141b.php 第 303 行.
NOTIC: [8] Undefined index: colors D:\repo\baicai\data\runtime\Cache\admin\6090765389774d6a15ddce11022e141b.php 第 303 行.
NOTIC: [8] Undefined index: colors D:\repo\baicai\data\runtime\Cache\admin\6090765389774d6a15ddce11022e141b.php 第 303 行.
NOTIC: [8] Undefined index: colors D:\repo\baicai\data\runtime\Cache\admin\6090765389774d6a15ddce11022e141b.php 第 303 行.
NOTIC: [8] Undefined index: colors D:\repo\baicai\data\runtime\Cache\admin\6090765389774d6a15ddce11022e141b.php 第 303 行.
NOTIC: [8] Undefined index: colors D:\repo\baicai\data\runtime\Cache\admin\6090765389774d6a15ddce11022e141b.php 第 303 行.
NOTIC: [8] Undefined index: colors D:\repo\baicai\data\runtime\Cache\admin\6090765389774d6a15ddce11022e141b.php 第 303 行.
NOTIC: [8] Undefined index: colors D:\repo\baicai\data\runtime\Cache\admin\6090765389774d6a15ddce11022e141b.php 第 303 行.
NOTIC: [8] Undefined index: colors D:\repo\baicai\data\runtime\Cache\admin\6090765389774d6a15ddce11022e141b.php 第 303 行.
NOTIC: [8] Undefined index: colors D:\repo\baicai\data\runtime\Cache\admin\6090765389774d6a15ddce11022e141b.php 第 303 行.
NOTIC: [8] Undefined index: colors D:\repo\baicai\data\runtime\Cache\admin\6090765389774d6a15ddce11022e141b.php 第 303 行.
NOTIC: [8] Undefined index: colors D:\repo\baicai\data\runtime\Cache\admin\6090765389774d6a15ddce11022e141b.php 第 303 行.
NOTIC: [8] Undefined index: colors D:\repo\baicai\data\runtime\Cache\admin\6090765389774d6a15ddce11022e141b.php 第 303 行.
INFO: Run ParseTemplate Behavior [ RunTime:-1.702097s ]
INFO: [ view_parse ] --END-- [ RunTime:0.026001s ]
INFO: [ view_filter ] --START--
INFO: Run ContentReplace Behavior [ RunTime:-1.723098s ]
INFO: Run TokenBuild Behavior [ RunTime:-1.723098s ]
INFO: Run WriteHtmlCache Behavior [ RunTime:-1.724098s ]
INFO: Run ShowRuntime Behavior [ RunTime:-1.724098s ]
INFO: Run content_replace Behavior [ RunTime:-1.725099s ]
INFO: [ view_filter ] --END-- [ RunTime:0.002001s ]
INFO: [ view_end ] --START--
INFO: Run ShowPageTrace Behavior [ RunTime:-1.726099s ]
INFO: [ view_end ] --END-- [ RunTime:0.000000s ]

[ 2018-04-12T16:08:39+08:00 ] 127.0.0.1 /?g=admin&m=item&a=index&menuid=52
INFO: [ app_begin ] --START--
INFO: Run ReadHtmlCache Behavior [ RunTime:0.000000s ]
INFO: Run check_ipban Behavior [ RunTime:0.000000s ]
INFO: Run load_lang Behavior [ RunTime:-0.001000s ]
INFO: [ app_begin ] --END-- [ RunTime:0.006000s ]
SQL: SHOW COLUMNS FROM `try_menu` [ RunTime:0.011000s ]
SQL: SHOW COLUMNS FROM `try_menu` [ RunTime:0.009001s ]
SQL: SELECT * FROM `try_menu` WHERE (  ( `pid` = 52 ) ) AND ( `display` = 1 ) ORDER BY ordid  [ RunTime:0.001000s ]
NOTIC: [2] strpos(): Empty needle D:\repo\baicai\app\Lib\Action\backendAction.class.php 第 21 行.
SQL: SHOW COLUMNS FROM `try_item` [ RunTime:0.009001s ]
SQL: SHOW COLUMNS FROM `try_item_cate` [ RunTime:0.008000s ]
SQL: SELECT `id`,`name` FROM `try_item_cate`  [ RunTime:0.002000s ]
NOTIC: [8] Undefined index: status D:\repo\baicai\app\Lib\Action\admin\itemAction.class.php 第 99 行.
NOTIC: [8] Undefined variable: spid D:\repo\baicai\app\Lib\Action\admin\itemAction.class.php 第 129 行.
SQL: SELECT COUNT(id) AS tp_count FROM `try_item` WHERE (  ( (`title` LIKE '%%') ) OR ( (`content` LIKE '%%') ) ) LIMIT 1   [ RunTime:0.457026s ]
SQL: SELECT * FROM `try_item` WHERE (  ( (`title` LIKE '%%') ) OR ( (`content` LIKE '%%') ) ) ORDER BY ordid ASC, add_time DESC LIMIT 0,20   [ RunTime:0.329018s ]
INFO: [ view_template ] --START--
INFO: Run basic_template Behavior [ RunTime:-3.595205s ]
INFO: [ view_template ] --END-- [ RunTime:0.002001s ]
INFO: [ view_parse ] --START--
INFO: [ view_template ] --START--
INFO: Run basic_template Behavior [ RunTime:-3.599206s ]
INFO: [ view_template ] --END-- [ RunTime:-0.003000s ]
INFO: [ view_template ] --START--
INFO: Run basic_template Behavior [ RunTime:-3.600206s ]
INFO: [ view_template ] --END-- [ RunTime:-0.004000s ]
NOTIC: [8] Undefined index: colors D:\repo\baicai\data\runtime\Cache\admin\6090765389774d6a15ddce11022e141b.php 第 303 行.
NOTIC: [8] Undefined index: colors D:\repo\baicai\data\runtime\Cache\admin\6090765389774d6a15ddce11022e141b.php 第 303 行.
NOTIC: [8] Undefined index: colors D:\repo\baicai\data\runtime\Cache\admin\6090765389774d6a15ddce11022e141b.php 第 303 行.
NOTIC: [8] Undefined index: colors D:\repo\baicai\data\runtime\Cache\admin\6090765389774d6a15ddce11022e141b.php 第 303 行.
NOTIC: [8] Undefined index: colors D:\repo\baicai\data\runtime\Cache\admin\6090765389774d6a15ddce11022e141b.php 第 303 行.
NOTIC: [8] Undefined index: colors D:\repo\baicai\data\runtime\Cache\admin\6090765389774d6a15ddce11022e141b.php 第 303 行.
NOTIC: [8] Undefined index: colors D:\repo\baicai\data\runtime\Cache\admin\6090765389774d6a15ddce11022e141b.php 第 303 行.
NOTIC: [8] Undefined index: colors D:\repo\baicai\data\runtime\Cache\admin\6090765389774d6a15ddce11022e141b.php 第 303 行.
NOTIC: [8] Undefined index: colors D:\repo\baicai\data\runtime\Cache\admin\6090765389774d6a15ddce11022e141b.php 第 303 行.
NOTIC: [8] Undefined index: colors D:\repo\baicai\data\runtime\Cache\admin\6090765389774d6a15ddce11022e141b.php 第 303 行.
NOTIC: [8] Undefined index: colors D:\repo\baicai\data\runtime\Cache\admin\6090765389774d6a15ddce11022e141b.php 第 303 行.
NOTIC: [8] Undefined index: colors D:\repo\baicai\data\runtime\Cache\admin\6090765389774d6a15ddce11022e141b.php 第 303 行.
NOTIC: [8] Undefined index: colors D:\repo\baicai\data\runtime\Cache\admin\6090765389774d6a15ddce11022e141b.php 第 303 行.
NOTIC: [8] Undefined index: colors D:\repo\baicai\data\runtime\Cache\admin\6090765389774d6a15ddce11022e141b.php 第 303 行.
NOTIC: [8] Undefined index: colors D:\repo\baicai\data\runtime\Cache\admin\6090765389774d6a15ddce11022e141b.php 第 303 行.
NOTIC: [8] Undefined index: colors D:\repo\baicai\data\runtime\Cache\admin\6090765389774d6a15ddce11022e141b.php 第 303 行.
NOTIC: [8] Undefined index: colors D:\repo\baicai\data\runtime\Cache\admin\6090765389774d6a15ddce11022e141b.php 第 303 行.
NOTIC: [8] Undefined index: colors D:\repo\baicai\data\runtime\Cache\admin\6090765389774d6a15ddce11022e141b.php 第 303 行.
NOTIC: [8] Undefined index: colors D:\repo\baicai\data\runtime\Cache\admin\6090765389774d6a15ddce11022e141b.php 第 303 行.
NOTIC: [8] Undefined index: colors D:\repo\baicai\data\runtime\Cache\admin\6090765389774d6a15ddce11022e141b.php 第 303 行.
INFO: Run ParseTemplate Behavior [ RunTime:-3.600206s ]
INFO: [ view_parse ] --END-- [ RunTime:0.027001s ]
INFO: [ view_filter ] --START--
INFO: Run ContentReplace Behavior [ RunTime:-3.623207s ]
INFO: Run TokenBuild Behavior [ RunTime:-3.624207s ]
INFO: Run WriteHtmlCache Behavior [ RunTime:-3.625207s ]
INFO: Run ShowRuntime Behavior [ RunTime:-3.625207s ]
INFO: Run content_replace Behavior [ RunTime:-3.626207s ]
INFO: [ view_filter ] --END-- [ RunTime:0.004000s ]
INFO: [ view_end ] --START--
INFO: Run ShowPageTrace Behavior [ RunTime:-3.627207s ]
INFO: [ view_end ] --END-- [ RunTime:0.001000s ]

[ 2018-04-12T16:08:41+08:00 ] 127.0.0.1 /?g=admin&m=item&a=add&menuid=249
INFO: [ app_begin ] --START--
INFO: Run ReadHtmlCache Behavior [ RunTime:0.001000s ]
INFO: Run check_ipban Behavior [ RunTime:0.000000s ]
INFO: Run load_lang Behavior [ RunTime:-0.002000s ]
INFO: [ app_begin ] --END-- [ RunTime:0.007001s ]
SQL: SHOW COLUMNS FROM `try_menu` [ RunTime:0.009000s ]
SQL: SHOW COLUMNS FROM `try_menu` [ RunTime:0.009001s ]
SQL: SELECT * FROM `try_menu` WHERE (  ( `pid` = 249 ) ) AND ( `display` = 1 ) ORDER BY ordid  [ RunTime:0.001000s ]
NOTIC: [2] Invalid argument supplied for foreach() D:\repo\baicai\app\Lib\Action\backendAction.class.php 第 19 行.
NOTIC: [2] Invalid argument supplied for foreach() D:\repo\baicai\app\Lib\Action\backendAction.class.php 第 26 行.
SQL: SHOW COLUMNS FROM `try_item` [ RunTime:0.007000s ]
SQL: SHOW COLUMNS FROM `try_item_cate` [ RunTime:0.007001s ]
SQL: SHOW COLUMNS FROM `try_item_orig` [ RunTime:0.006000s ]
SQL: SELECT `id`,`name` FROM `try_item_orig` ORDER BY name asc  [ RunTime:0.001000s ]
INFO: [ view_template ] --START--
INFO: Run basic_template Behavior [ RunTime:-1.489086s ]
INFO: [ view_template ] --END-- [ RunTime:0.002000s ]
INFO: [ view_parse ] --START--
INFO: [ view_template ] --START--
INFO: Run basic_template Behavior [ RunTime:-1.495086s ]
INFO: [ view_template ] --END-- [ RunTime:-0.004000s ]
INFO: [ view_template ] --START--
INFO: Run basic_template Behavior [ RunTime:-1.496086s ]
INFO: [ view_template ] --END-- [ RunTime:-0.005000s ]
NOTIC: [8] Undefined variable: big_menu D:\repo\baicai\data\runtime\Cache\admin\40572f8d9c5c79f061d4a3a7dba195bf.php 第 43 行.
NOTIC: [8] Undefined variable: item D:\repo\baicai\data\runtime\Cache\admin\40572f8d9c5c79f061d4a3a7dba195bf.php 第 139 行.
NOTIC: [8] Undefined variable: item D:\repo\baicai\data\runtime\Cache\admin\40572f8d9c5c79f061d4a3a7dba195bf.php 第 147 行.
NOTIC: [8] Undefined variable: info D:\repo\baicai\data\runtime\Cache\admin\40572f8d9c5c79f061d4a3a7dba195bf.php 第 223 行.
NOTIC: [8] Undefined variable: info D:\repo\baicai\data\runtime\Cache\admin\40572f8d9c5c79f061d4a3a7dba195bf.php 第 225 行.
NOTIC: [8] Undefined variable: info D:\repo\baicai\data\runtime\Cache\admin\40572f8d9c5c79f061d4a3a7dba195bf.php 第 227 行.
NOTIC: [8] Undefined variable: info D:\repo\baicai\data\runtime\Cache\admin\40572f8d9c5c79f061d4a3a7dba195bf.php 第 229 行.
NOTIC: [8] Undefined variable: info D:\repo\baicai\data\runtime\Cache\admin\40572f8d9c5c79f061d4a3a7dba195bf.php 第 231 行.
NOTIC: [8] Undefined variable: info D:\repo\baicai\data\runtime\Cache\admin\40572f8d9c5c79f061d4a3a7dba195bf.php 第 233 行.
NOTIC: [8] Undefined variable: article_list D:\repo\baicai\data\runtime\Cache\admin\40572f8d9c5c79f061d4a3a7dba195bf.php 第 367 行.
NOTIC: [8] Undefined variable: visitor D:\repo\baicai\data\runtime\Cache\admin\40572f8d9c5c79f061d4a3a7dba195bf.php 第 931 行.
INFO: Run ParseTemplate Behavior [ RunTime:-1.496086s ]
INFO: [ view_parse ] --END-- [ RunTime:0.024001s ]
INFO: [ view_filter ] --START--
INFO: Run ContentReplace Behavior [ RunTime:-1.515087s ]
INFO: Run TokenBuild Behavior [ RunTime:-1.517087s ]
INFO: Run WriteHtmlCache Behavior [ RunTime:-1.518087s ]
INFO: Run ShowRuntime Behavior [ RunTime:-1.518087s ]
INFO: Run content_replace Behavior [ RunTime:-1.519087s ]
INFO: [ view_filter ] --END-- [ RunTime:0.005000s ]
INFO: [ view_end ] --START--
INFO: Run ShowPageTrace Behavior [ RunTime:-1.520087s ]
INFO: [ view_end ] --END-- [ RunTime:0.001000s ]

[ 2018-04-12T16:08:47+08:00 ] ERR: (ThinkException) 无法加载模块:js/car1.6/lrz.all.bundle.js
[ 2018-04-12T16:17:37+08:00 ] 127.0.0.1 /?g=admin&m=tick&a=index&menuid=289
INFO: [ app_begin ] --START--
INFO: Run ReadHtmlCache Behavior [ RunTime:0.001000s ]
INFO: Run check_ipban Behavior [ RunTime:0.000000s ]
INFO: Run load_lang Behavior [ RunTime:-0.001001s ]
INFO: [ app_begin ] --END-- [ RunTime:0.005001s ]
SQL: SHOW COLUMNS FROM `try_menu` [ RunTime:0.009001s ]
SQL: SHOW COLUMNS FROM `try_menu` [ RunTime:0.007000s ]
SQL: SELECT * FROM `try_menu` WHERE (  ( `pid` = 289 ) ) AND ( `display` = 1 ) ORDER BY ordid  [ RunTime:0.002000s ]
NOTIC: [2] Invalid argument supplied for foreach() D:\repo\baicai\app\Lib\Action\backendAction.class.php 第 19 行.
NOTIC: [2] Invalid argument supplied for foreach() D:\repo\baicai\app\Lib\Action\backendAction.class.php 第 26 行.
SQL: SHOW COLUMNS FROM `try_tick` [ RunTime:0.010001s ]
NOTIC: [8] Undefined variable: map D:\repo\baicai\app\Lib\Action\admin\tickAction.class.php 第 46 行.
SQL: SELECT COUNT(id) AS tp_count FROM `try_tick` LIMIT 1   [ RunTime:0.001000s ]
SQL: SELECT * FROM `try_tick` ORDER BY id ASC LIMIT 0,20   [ RunTime:0.001000s ]
INFO: [ view_template ] --START--
INFO: Run basic_template Behavior [ RunTime:-1.095063s ]
INFO: [ view_template ] --END-- [ RunTime:0.003000s ]
INFO: [ view_parse ] --START--
INFO: [ view_template ] --START--
INFO: Run basic_template Behavior [ RunTime:-1.101063s ]
INFO: [ view_template ] --END-- [ RunTime:-0.003000s ]
INFO: [ view_template ] --START--
INFO: Run basic_template Behavior [ RunTime:-1.102064s ]
INFO: [ view_template ] --END-- [ RunTime:-0.004001s ]
NOTIC: [8] Undefined index: colors D:\repo\baicai\data\runtime\Cache\admin\95aca9497c184dee64c16d41e6be8d90.php 第 107 行.
NOTIC: [8] Undefined index: colors D:\repo\baicai\data\runtime\Cache\admin\95aca9497c184dee64c16d41e6be8d90.php 第 109 行.
SQL: SHOW COLUMNS FROM `try_item_orig` [ RunTime:0.006001s ]
SQL: SELECT `name` FROM `try_item_orig` WHERE id=2 LIMIT 1   [ RunTime:0.001000s ]
NOTIC: [8] Undefined index: colors D:\repo\baicai\data\runtime\Cache\admin\95aca9497c184dee64c16d41e6be8d90.php 第 113 行.
NOTIC: [8] Undefined index: colors D:\repo\baicai\data\runtime\Cache\admin\95aca9497c184dee64c16d41e6be8d90.php 第 107 行.
NOTIC: [8] Undefined index: colors D:\repo\baicai\data\runtime\Cache\admin\95aca9497c184dee64c16d41e6be8d90.php 第 109 行.
SQL: SELECT `name` FROM `try_item_orig` WHERE id=16 LIMIT 1   [ RunTime:0.001000s ]
NOTIC: [8] Undefined index: colors D:\repo\baicai\data\runtime\Cache\admin\95aca9497c184dee64c16d41e6be8d90.php 第 113 行.
NOTIC: [8] Undefined index: colors D:\repo\baicai\data\runtime\Cache\admin\95aca9497c184dee64c16d41e6be8d90.php 第 107 行.
NOTIC: [8] Undefined index: colors D:\repo\baicai\data\runtime\Cache\admin\95aca9497c184dee64c16d41e6be8d90.php 第 109 行.
SQL: SELECT `name` FROM `try_item_orig` WHERE id=19 LIMIT 1   [ RunTime:0.001000s ]
NOTIC: [8] Undefined index: colors D:\repo\baicai\data\runtime\Cache\admin\95aca9497c184dee64c16d41e6be8d90.php 第 113 行.
NOTIC: [8] Undefined index: colors D:\repo\baicai\data\runtime\Cache\admin\95aca9497c184dee64c16d41e6be8d90.php 第 107 行.
NOTIC: [8] Undefined index: colors D:\repo\baicai\data\runtime\Cache\admin\95aca9497c184dee64c16d41e6be8d90.php 第 109 行.
SQL: SELECT `name` FROM `try_item_orig` WHERE id=122 LIMIT 1   [ RunTime:0.001000s ]
NOTIC: [8] Undefined index: colors D:\repo\baicai\data\runtime\Cache\admin\95aca9497c184dee64c16d41e6be8d90.php 第 113 行.
INFO: Run ParseTemplate Behavior [ RunTime:-1.102064s ]
INFO: [ view_parse ] --END-- [ RunTime:0.028002s ]
INFO: [ view_filter ] --START--
INFO: Run ContentReplace Behavior [ RunTime:-1.126065s ]
INFO: Run TokenBuild Behavior [ RunTime:-1.127065s ]
INFO: Run WriteHtmlCache Behavior [ RunTime:-1.128065s ]
INFO: Run ShowRuntime Behavior [ RunTime:-1.128065s ]
INFO: Run content_replace Behavior [ RunTime:-1.129065s ]
INFO: [ view_filter ] --END-- [ RunTime:0.003000s ]
INFO: [ view_end ] --START--
INFO: Run ShowPageTrace Behavior [ RunTime:-1.129065s ]
INFO: [ view_end ] --END-- [ RunTime:0.001000s ]

[ 2018-04-12T16:17:38+08:00 ] 127.0.0.1 /?g=admin&m=tick&a=index&menuid=289
INFO: [ app_begin ] --START--
INFO: Run ReadHtmlCache Behavior [ RunTime:0.001000s ]
INFO: Run check_ipban Behavior [ RunTime:0.000000s ]
INFO: Run load_lang Behavior [ RunTime:-0.002000s ]
INFO: [ app_begin ] --END-- [ RunTime:0.006000s ]
SQL: SHOW COLUMNS FROM `try_menu` [ RunTime:0.009001s ]
SQL: SHOW COLUMNS FROM `try_menu` [ RunTime:0.010001s ]
SQL: SELECT * FROM `try_menu` WHERE (  ( `pid` = 289 ) ) AND ( `display` = 1 ) ORDER BY ordid  [ RunTime:0.001000s ]
NOTIC: [2] Invalid argument supplied for foreach() D:\repo\baicai\app\Lib\Action\backendAction.class.php 第 19 行.
NOTIC: [2] Invalid argument supplied for foreach() D:\repo\baicai\app\Lib\Action\backendAction.class.php 第 26 行.
SQL: SHOW COLUMNS FROM `try_tick` [ RunTime:0.010000s ]
NOTIC: [8] Undefined variable: map D:\repo\baicai\app\Lib\Action\admin\tickAction.class.php 第 46 行.
SQL: SELECT COUNT(id) AS tp_count FROM `try_tick` LIMIT 1   [ RunTime:0.001000s ]
SQL: SELECT * FROM `try_tick` ORDER BY id ASC LIMIT 0,20   [ RunTime:0.002001s ]
INFO: [ view_template ] --START--
INFO: Run basic_template Behavior [ RunTime:-2.182125s ]
INFO: [ view_template ] --END-- [ RunTime:0.002000s ]
INFO: [ view_parse ] --START--
INFO: [ view_template ] --START--
INFO: Run basic_template Behavior [ RunTime:-2.187125s ]
INFO: [ view_template ] --END-- [ RunTime:-0.003000s ]
INFO: [ view_template ] --START--
INFO: Run basic_template Behavior [ RunTime:-2.188125s ]
INFO: [ view_template ] --END-- [ RunTime:-0.004000s ]
NOTIC: [8] Undefined index: colors D:\repo\baicai\data\runtime\Cache\admin\95aca9497c184dee64c16d41e6be8d90.php 第 107 行.
NOTIC: [8] Undefined index: colors D:\repo\baicai\data\runtime\Cache\admin\95aca9497c184dee64c16d41e6be8d90.php 第 109 行.
SQL: SHOW COLUMNS FROM `try_item_orig` [ RunTime:0.007000s ]
SQL: SELECT `name` FROM `try_item_orig` WHERE id=2 LIMIT 1   [ RunTime:0.001000s ]
NOTIC: [8] Undefined index: colors D:\repo\baicai\data\runtime\Cache\admin\95aca9497c184dee64c16d41e6be8d90.php 第 113 行.
NOTIC: [8] Undefined index: colors D:\repo\baicai\data\runtime\Cache\admin\95aca9497c184dee64c16d41e6be8d90.php 第 107 行.
NOTIC: [8] Undefined index: colors D:\repo\baicai\data\runtime\Cache\admin\95aca9497c184dee64c16d41e6be8d90.php 第 109 行.
SQL: SELECT `name` FROM `try_item_orig` WHERE id=16 LIMIT 1   [ RunTime:0.001000s ]
NOTIC: [8] Undefined index: colors D:\repo\baicai\data\runtime\Cache\admin\95aca9497c184dee64c16d41e6be8d90.php 第 113 行.
NOTIC: [8] Undefined index: colors D:\repo\baicai\data\runtime\Cache\admin\95aca9497c184dee64c16d41e6be8d90.php 第 107 行.
NOTIC: [8] Undefined index: colors D:\repo\baicai\data\runtime\Cache\admin\95aca9497c184dee64c16d41e6be8d90.php 第 109 行.
SQL: SELECT `name` FROM `try_item_orig` WHERE id=19 LIMIT 1   [ RunTime:0.001000s ]
NOTIC: [8] Undefined index: colors D:\repo\baicai\data\runtime\Cache\admin\95aca9497c184dee64c16d41e6be8d90.php 第 113 行.
NOTIC: [8] Undefined index: colors D:\repo\baicai\data\runtime\Cache\admin\95aca9497c184dee64c16d41e6be8d90.php 第 107 行.
NOTIC: [8] Undefined index: colors D:\repo\baicai\data\runtime\Cache\admin\95aca9497c184dee64c16d41e6be8d90.php 第 109 行.
SQL: SELECT `name` FROM `try_item_orig` WHERE id=122 LIMIT 1   [ RunTime:0.001000s ]
NOTIC: [8] Undefined index: colors D:\repo\baicai\data\runtime\Cache\admin\95aca9497c184dee64c16d41e6be8d90.php 第 113 行.
INFO: Run ParseTemplate Behavior [ RunTime:-2.188125s ]
INFO: [ view_parse ] --END-- [ RunTime:0.029001s ]
INFO: [ view_filter ] --START--
INFO: Run ContentReplace Behavior [ RunTime:-2.213126s ]
INFO: Run TokenBuild Behavior [ RunTime:-2.214126s ]
INFO: Run WriteHtmlCache Behavior [ RunTime:-2.214126s ]
INFO: Run ShowRuntime Behavior [ RunTime:-2.215127s ]
INFO: Run content_replace Behavior [ RunTime:-2.215127s ]
INFO: [ view_filter ] --END-- [ RunTime:0.003001s ]
INFO: [ view_end ] --START--
INFO: Run ShowPageTrace Behavior [ RunTime:-2.216127s ]
INFO: [ view_end ] --END-- [ RunTime:0.001000s ]

