[ 2018-05-10T09:37:50+08:00 ] 127.0.0.1 /
INFO: [ app_begin ] --START--
INFO: Run ReadHtmlCache Behavior [ RunTime:0.053003s ]
INFO: Run check_ipban Behavior [ RunTime:0.000000s ]
INFO: Run load_lang Behavior [ RunTime:-0.088006s ]
INFO: [ app_begin ] --END-- [ RunTime:0.145009s ]
SQL: SHOW COLUMNS FROM `try_item` [ RunTime:0.012001s ]
SQL: SELECT * FROM `try_item` WHERE status=1 and add_time<1525916268  and isnice=1  ORDER BY  add_time desc LIMIT 0,18   [ RunTime:0.302018s ]
SQL: SHOW COLUMNS FROM `try_item_orig` [ RunTime:0.012000s ]
SQL: SELECT `name` FROM `try_item_orig` WHERE id=50 LIMIT 1   [ RunTime:0.001000s ]
SQL: SELECT `name` FROM `try_item_orig` WHERE id=393 LIMIT 1   [ RunTime:0.001000s ]
SQL: SELECT `name` FROM `try_item_orig` WHERE id=19 LIMIT 1   [ RunTime:0.000000s ]
SQL: SELECT `name` FROM `try_item_orig` WHERE id=3 LIMIT 1   [ RunTime:0.001000s ]
SQL: SELECT `name` FROM `try_item_orig` WHERE id=19 LIMIT 1   [ RunTime:0.000000s ]
SQL: SELECT `name` FROM `try_item_orig` WHERE id=2 LIMIT 1   [ RunTime:0.001001s ]
SQL: SELECT `name` FROM `try_item_orig` WHERE id=19 LIMIT 1   [ RunTime:0.001000s ]
SQL: SELECT `name` FROM `try_item_orig` WHERE id=19 LIMIT 1   [ RunTime:0.000000s ]
SQL: SELECT `name` FROM `try_item_orig` WHERE id=19 LIMIT 1   [ RunTime:0.001000s ]
SQL: SELECT `name` FROM `try_item_orig` WHERE id=19 LIMIT 1   [ RunTime:0.000000s ]
SQL: SELECT `name` FROM `try_item_orig` WHERE id=19 LIMIT 1   [ RunTime:0.000000s ]
SQL: SELECT `name` FROM `try_item_orig` WHERE id=19 LIMIT 1   [ RunTime:0.001000s ]
SQL: SELECT `name` FROM `try_item_orig` WHERE id=19 LIMIT 1   [ RunTime:0.000000s ]
SQL: SELECT `name` FROM `try_item_orig` WHERE id=19 LIMIT 1   [ RunTime:0.000000s ]
SQL: SELECT `name` FROM `try_item_orig` WHERE id=19 LIMIT 1   [ RunTime:0.001000s ]
SQL: SELECT `name` FROM `try_item_orig` WHERE id=19 LIMIT 1   [ RunTime:0.000000s ]
SQL: SELECT `name` FROM `try_item_orig` WHERE id=19 LIMIT 1   [ RunTime:0.000000s ]
SQL: SELECT `name` FROM `try_item_orig` WHERE id=19 LIMIT 1   [ RunTime:0.001000s ]
SQL: select distinct uid,uname,sum(score) as num from try_score_log where add_time>1525881600 and add_time<1525968000 group by uname order by num desc,uid asc limit 4 [ RunTime:0.001000s ]
SQL: SHOW COLUMNS FROM `try_user` [ RunTime:0.009001s ]
SQL: SELECT * FROM `try_user` ORDER BY score desc,id asc LIMIT 4   [ RunTime:0.023001s ]
NOTIC: [8] Undefined index: dss D:\repo\baicai\app\Lib\Action\wap\indexAction.class.php 第 73 行.
SQL: SHOW COLUMNS FROM `try_hd` [ RunTime:0.007001s ]
SQL: SELECT * FROM `try_hd` ORDER BY order_s asc,id desc LIMIT 8   [ RunTime:0.001000s ]
SQL: SELECT * FROM `try_item` WHERE istop = 1 ORDER BY id desc LIMIT 8   [ RunTime:1.018058s ]
INFO: [ view_template ] --START--
INFO: Run basic_template Behavior [ RunTime:-2.560147s ]
INFO: [ view_template ] --END-- [ RunTime:0.007000s ]
INFO: [ view_parse ] --START--
INFO: [ view_template ] --START--
INFO: Run basic_template Behavior [ RunTime:-2.573148s ]
INFO: [ view_template ] --END-- [ RunTime:-0.006001s ]
INFO: [ view_template ] --START--
INFO: Run basic_template Behavior [ RunTime:-2.574148s ]
INFO: [ view_template ] --END-- [ RunTime:-0.007001s ]
INFO: [ view_template ] --START--
INFO: Run basic_template Behavior [ RunTime:-2.575148s ]
INFO: [ view_template ] --END-- [ RunTime:-0.008001s ]
NOTIC: [8] Undefined variable: item D:\repo\baicai\data\runtime\Cache\wap\0d8d2dd5d63ad2ed82a5bd57db222986.php 第 27 行.
NOTIC: [8] Use of undefined constant isnice - assumed 'isnice' D:\repo\baicai\data\runtime\Cache\wap\0d8d2dd5d63ad2ed82a5bd57db222986.php 第 169 行.
NOTIC: [8] Use of undefined constant isbao - assumed 'isbao' D:\repo\baicai\data\runtime\Cache\wap\0d8d2dd5d63ad2ed82a5bd57db222986.php 第 169 行.
SQL: SHOW COLUMNS FROM `try_adboard` [ RunTime:0.009001s ]
SQL: SELECT * FROM `try_adboard` WHERE ( `id` = 14 ) AND ( `status` = 1 ) LIMIT 1   [ RunTime:0.001000s ]
SQL: SHOW COLUMNS FROM `try_ad` [ RunTime:0.009001s ]
SQL: SELECT `id`,`type`,`name`,`url`,`content`,`desc`,`extimg`,`extval` FROM `try_ad` WHERE ( `board_id` = 14 ) AND ( `start_time` <= 1525916270 ) AND ( `end_time` >= 1525916270 ) AND ( `status` = 1 ) ORDER BY ordid  [ RunTime:0.001000s ]
INFO: [ view_template ] --START--
INFO: Run basic_template Behavior [ RunTime:-2.627151s ]
INFO: [ view_template ] --END-- [ RunTime:-0.060004s ]
INFO: [ view_parse ] --START--
INFO: Run ParseTemplate Behavior [ RunTime:-2.628151s ]
INFO: [ view_parse ] --END-- [ RunTime:0.005000s ]
INFO: [ view_filter ] --START--
INFO: Run ContentReplace Behavior [ RunTime:-2.633151s ]
INFO: Run TokenBuild Behavior [ RunTime:-2.633151s ]
INFO: Run WriteHtmlCache Behavior [ RunTime:-2.634151s ]
INFO: Run ShowRuntime Behavior [ RunTime:-2.635151s ]
INFO: Run content_replace Behavior [ RunTime:-2.635151s ]
INFO: [ view_filter ] --END-- [ RunTime:0.003000s ]
INFO: [ view_end ] --START--
INFO: Run ShowPageTrace Behavior [ RunTime:-2.636151s ]
INFO: [ view_end ] --END-- [ RunTime:0.001000s ]
INFO: Run ParseTemplate Behavior [ RunTime:-2.636151s ]
INFO: [ view_parse ] --END-- [ RunTime:0.005000s ]
INFO: [ view_filter ] --START--
INFO: Run ContentReplace Behavior [ RunTime:-2.666153s ]
INFO: Run TokenBuild Behavior [ RunTime:-2.666153s ]
INFO: Run WriteHtmlCache Behavior [ RunTime:-2.666153s ]
INFO: Run ShowRuntime Behavior [ RunTime:-2.666153s ]
INFO: Run content_replace Behavior [ RunTime:-2.666153s ]
INFO: [ view_filter ] --END-- [ RunTime:-0.030002s ]
INFO: [ view_end ] --START--
INFO: Run ShowPageTrace Behavior [ RunTime:-2.666153s ]
INFO: [ view_end ] --END-- [ RunTime:-0.029002s ]

[ 2018-05-10T09:37:50+08:00 ] ERR: (ThinkException) 无法加载模块:1602/22/56ca719a9a0c4
[ 2018-05-10T09:37:50+08:00 ] ERR: (ThinkException) 无法加载模块:1602/22/56ca719a9a0c4
