[ 2018-01-17T09:55:52+08:00 ] 127.0.0.1 /
INFO: [ app_begin ] --START--
INFO: Run ReadHtmlCache Behavior [ RunTime:0.001000s ]
INFO: Run check_ipban Behavior [ RunTime:0.000000s ]
INFO: Run load_lang Behavior [ RunTime:-0.002000s ]
INFO: [ app_begin ] --END-- [ RunTime:0.005000s ]
SQL: SHOW COLUMNS FROM `try_item` [ RunTime:0.018001s ]
SQL: SELECT * FROM `try_item` WHERE status=1 and add_time<1516154149  and isnice=1  ORDER BY  add_time desc LIMIT 0,18   [ RunTime:1.364078s ]
SQL: SHOW COLUMNS FROM `try_item_orig` [ RunTime:0.017001s ]
SQL: SELECT `name` FROM `try_item_orig` WHERE id=857 LIMIT 1   [ RunTime:0.001000s ]
SQL: SELECT `name` FROM `try_item_orig` WHERE id=857 LIMIT 1   [ RunTime:0.000000s ]
SQL: SELECT `name` FROM `try_item_orig` WHERE id=857 LIMIT 1   [ RunTime:0.001000s ]
SQL: SELECT `name` FROM `try_item_orig` WHERE id=857 LIMIT 1   [ RunTime:0.001000s ]
SQL: SELECT `name` FROM `try_item_orig` WHERE id=19 LIMIT 1   [ RunTime:0.001000s ]
SQL: SELECT `name` FROM `try_item_orig` WHERE id=19 LIMIT 1   [ RunTime:0.000000s ]
SQL: SELECT `name` FROM `try_item_orig` WHERE id=19 LIMIT 1   [ RunTime:0.000000s ]
SQL: SELECT `name` FROM `try_item_orig` WHERE id=19 LIMIT 1   [ RunTime:0.000000s ]
SQL: SELECT `name` FROM `try_item_orig` WHERE id=19 LIMIT 1   [ RunTime:0.000000s ]
SQL: SELECT `name` FROM `try_item_orig` WHERE id=393 LIMIT 1   [ RunTime:0.000000s ]
SQL: SELECT `name` FROM `try_item_orig` WHERE id=50 LIMIT 1   [ RunTime:0.000000s ]
SQL: SELECT `name` FROM `try_item_orig` WHERE id=2 LIMIT 1   [ RunTime:0.000000s ]
SQL: SELECT `name` FROM `try_item_orig` WHERE id=3 LIMIT 1   [ RunTime:0.001001s ]
SQL: SELECT `name` FROM `try_item_orig` WHERE id=19 LIMIT 1   [ RunTime:0.001000s ]
SQL: SELECT `name` FROM `try_item_orig` WHERE id=19 LIMIT 1   [ RunTime:0.000000s ]
SQL: SELECT `name` FROM `try_item_orig` WHERE id=19 LIMIT 1   [ RunTime:0.000000s ]
SQL: SELECT `name` FROM `try_item_orig` WHERE id=19 LIMIT 1   [ RunTime:0.001000s ]
SQL: SELECT `name` FROM `try_item_orig` WHERE id=19 LIMIT 1   [ RunTime:0.000000s ]
SQL: select distinct uid,uname,sum(score) as num from try_score_log where add_time>1516118400 and add_time<1516204800 group by uname order by num desc,uid asc limit 4 [ RunTime:0.005000s ]
SQL: SHOW COLUMNS FROM `try_user` [ RunTime:0.009001s ]
SQL: SELECT * FROM `try_user` ORDER BY score desc,id asc LIMIT 4   [ RunTime:0.027001s ]
NOTIC: [8] Undefined index: dss D:\repo\baicai\app\Lib\Action\wap\indexAction.class.php 第 73 行.
SQL: SHOW COLUMNS FROM `try_hd` [ RunTime:0.009001s ]
SQL: SELECT * FROM `try_hd` ORDER BY order_s asc,id desc LIMIT 8   [ RunTime:0.001000s ]
SQL: SELECT * FROM `try_item` WHERE istop = 1 ORDER BY id desc LIMIT 8   [ RunTime:1.142065s ]
INFO: [ view_template ] --START--
INFO: Run basic_template Behavior [ RunTime:-3.673210s ]
INFO: [ view_template ] --END-- [ RunTime:0.001000s ]
INFO: [ view_parse ] --START--
INFO: [ view_template ] --START--
INFO: Run basic_template Behavior [ RunTime:-3.682211s ]
INFO: [ view_template ] --END-- [ RunTime:-0.008001s ]
INFO: [ view_template ] --START--
INFO: Run basic_template Behavior [ RunTime:-3.682211s ]
INFO: [ view_template ] --END-- [ RunTime:-0.008001s ]
INFO: [ view_template ] --START--
INFO: Run basic_template Behavior [ RunTime:-3.683211s ]
INFO: [ view_template ] --END-- [ RunTime:-0.009001s ]
NOTIC: [8] Use of undefined constant isnice - assumed 'isnice' D:\repo\baicai\data\runtime\Cache\wap\0d8d2dd5d63ad2ed82a5bd57db222986.php 第 150 行.
NOTIC: [8] Use of undefined constant isbao - assumed 'isbao' D:\repo\baicai\data\runtime\Cache\wap\0d8d2dd5d63ad2ed82a5bd57db222986.php 第 150 行.
SQL: SHOW COLUMNS FROM `try_adboard` [ RunTime:0.013001s ]
SQL: SELECT * FROM `try_adboard` WHERE ( `id` = 14 ) AND ( `status` = 1 ) LIMIT 1   [ RunTime:0.001000s ]
SQL: SHOW COLUMNS FROM `try_ad` [ RunTime:0.014001s ]
SQL: SELECT `id`,`type`,`name`,`url`,`content`,`desc`,`extimg`,`extval` FROM `try_ad` WHERE ( `board_id` = 14 ) AND ( `start_time` <= 1516154152 ) AND ( `end_time` >= 1516154152 ) AND ( `status` = 1 ) ORDER BY ordid  [ RunTime:0.002000s ]
INFO: [ view_template ] --START--
INFO: Run basic_template Behavior [ RunTime:-3.755215s ]
INFO: [ view_template ] --END-- [ RunTime:-0.081005s ]
INFO: [ view_parse ] --START--
INFO: Run ParseTemplate Behavior [ RunTime:-3.755215s ]
INFO: [ view_parse ] --END-- [ RunTime:0.011001s ]
INFO: [ view_filter ] --START--
INFO: Run ContentReplace Behavior [ RunTime:-3.766216s ]
INFO: Run TokenBuild Behavior [ RunTime:-3.766216s ]
INFO: Run WriteHtmlCache Behavior [ RunTime:-3.767216s ]
INFO: Run ShowRuntime Behavior [ RunTime:-3.767216s ]
INFO: Run content_replace Behavior [ RunTime:-3.768216s ]
INFO: [ view_filter ] --END-- [ RunTime:0.002000s ]
INFO: [ view_end ] --START--
INFO: Run ShowPageTrace Behavior [ RunTime:-3.769216s ]
INFO: [ view_end ] --END-- [ RunTime:0.001000s ]
INFO: Run ParseTemplate Behavior [ RunTime:-3.769216s ]
INFO: [ view_parse ] --END-- [ RunTime:0.011001s ]
INFO: [ view_filter ] --START--
INFO: Run ContentReplace Behavior [ RunTime:-3.830219s ]
INFO: Run TokenBuild Behavior [ RunTime:-3.831219s ]
INFO: Run WriteHtmlCache Behavior [ RunTime:-3.831219s ]
INFO: Run ShowRuntime Behavior [ RunTime:-3.831219s ]
INFO: Run content_replace Behavior [ RunTime:-3.831219s ]
INFO: [ view_filter ] --END-- [ RunTime:-0.062003s ]
INFO: [ view_end ] --START--
INFO: Run ShowPageTrace Behavior [ RunTime:-3.831219s ]
INFO: [ view_end ] --END-- [ RunTime:-0.061003s ]

[ 2018-01-17T09:55:52+08:00 ] ERR: (ThinkException) 无法加载模块:1602/22/56ca719a9a0c4
[ 2018-01-17T09:56:58+08:00 ] 127.0.0.1 /home
INFO: [ route_check ] --START--
INFO: Run CheckRoute Behavior [ RunTime:0.002000s ]
INFO: [ route_check ] --END-- [ RunTime:0.002000s ]
INFO: [ app_begin ] --START--
INFO: Run ReadHtmlCache Behavior [ RunTime:-0.001001s ]
INFO: Run check_ipban Behavior [ RunTime:-0.002001s ]
INFO: Run load_lang Behavior [ RunTime:-0.003001s ]
INFO: [ app_begin ] --END-- [ RunTime:0.003000s ]
SQL: SHOW COLUMNS FROM `try_item` [ RunTime:0.008000s ]
SQL: SELECT * FROM `try_item` WHERE status=1 and isfront=1 and add_time<1516154214  and isnice=1  ORDER BY  add_time desc LIMIT 0,18   [ RunTime:0.277016s ]
SQL: SELECT * FROM `try_item` WHERE status=1 and add_time<1516154214  and isnice=1  ORDER BY  add_time desc LIMIT 0,18   [ RunTime:0.423024s ]
NOTIC: [2] Invalid argument supplied for foreach() D:\repo\baicai\app\Lib\Action\home\indexAction.class.php 第 77 行.
SQL: SHOW COLUMNS FROM `try_article` [ RunTime:0.026002s ]
SQL: SELECT * FROM `try_article` WHERE add_time > 1492492391 and add_time < 1510415999 and status=4  [ RunTime:0.001000s ]
SQL: select distinct uid as id,uname,sum(score) as num from try_score_log where add_time>1516118400 and add_time<1516204800 group by uname order by num desc,uid asc limit 4 [ RunTime:0.002000s ]
SQL: select distinct uid as id,uname,sum(score) as num from try_score_log where add_time>1514736000 and add_time<1516154215 group by uname order by num desc,uid asc limit 4 [ RunTime:0.002000s ]
SQL: SHOW COLUMNS FROM `try_user` [ RunTime:0.009001s ]
SQL: SELECT `id`,`username`,`score` FROM `try_user` ORDER BY score desc,id asc LIMIT 4   [ RunTime:0.026001s ]
SQL: SHOW COLUMNS FROM `try_hd` [ RunTime:0.006001s ]
SQL: SELECT * FROM `try_hd` ORDER BY order_s asc,id desc LIMIT 8   [ RunTime:0.000000s ]
SQL: SELECT * FROM `try_item` WHERE istop = 1 ORDER BY id desc LIMIT 8   [ RunTime:0.967055s ]
SQL: SELECT id,title,img,price from try_item  WHERE add_time between 1516150616 and 1516154216 ORDER BY hits desc LIMIT 9 [ RunTime:0.246014s ]
SQL: SELECT id,title,img,price from try_item  WHERE add_time between 1516067816 and 1516154216 ORDER BY hits desc LIMIT 9 [ RunTime:0.271016s ]
SQL: SELECT * FROM `try_article` WHERE ( `cate_id` = 16 ) AND ( `status` = 1 ) ORDER BY id desc LIMIT 4   [ RunTime:0.001000s ]
INFO: [ view_template ] --START--
INFO: Run basic_template Behavior [ RunTime:-3.311190s ]
INFO: [ view_template ] --END-- [ RunTime:0.002000s ]
INFO: [ view_parse ] --START--
INFO: [ view_template ] --START--
INFO: Run basic_template Behavior [ RunTime:-3.316190s ]
INFO: [ view_template ] --END-- [ RunTime:-0.003000s ]
INFO: [ view_template ] --START--
INFO: Run basic_template Behavior [ RunTime:-3.317190s ]
INFO: [ view_template ] --END-- [ RunTime:-0.004000s ]
INFO: [ view_template ] --START--
INFO: Run basic_template Behavior [ RunTime:-3.317190s ]
INFO: [ view_template ] --END-- [ RunTime:-0.004000s ]
INFO: [ view_template ] --START--
INFO: Run basic_template Behavior [ RunTime:-3.318190s ]
INFO: [ view_template ] --END-- [ RunTime:-0.005000s ]
INFO: [ view_template ] --START--
INFO: Run basic_template Behavior [ RunTime:-3.319190s ]
INFO: [ view_template ] --END-- [ RunTime:-0.006000s ]
INFO: [ view_template ] --START--
INFO: Run basic_template Behavior [ RunTime:-3.319190s ]
INFO: [ view_template ] --END-- [ RunTime:-0.006000s ]
INFO: [ view_template ] --START--
INFO: Run basic_template Behavior [ RunTime:-3.320190s ]
INFO: [ view_template ] --END-- [ RunTime:-0.007000s ]
INFO: [ view_template ] --START--
INFO: Run basic_template Behavior [ RunTime:-3.320190s ]
INFO: [ view_template ] --END-- [ RunTime:-0.007000s ]
INFO: [ view_template ] --START--
INFO: Run basic_template Behavior [ RunTime:-3.321190s ]
INFO: [ view_template ] --END-- [ RunTime:-0.008000s ]
INFO: [ view_template ] --START--
INFO: Run basic_template Behavior [ RunTime:-3.322190s ]
INFO: [ view_template ] --END-- [ RunTime:-0.008000s ]
INFO: [ view_template ] --START--
INFO: Run basic_template Behavior [ RunTime:-3.322190s ]
INFO: [ view_template ] --END-- [ RunTime:-0.009000s ]
SQL: SHOW COLUMNS FROM `try_item_cate` [ RunTime:0.023001s ]
SQL: SELECT * FROM `try_item_cate` WHERE pid=0 and is_index=1  [ RunTime:0.001000s ]
SQL: SELECT * FROM `try_item_cate` WHERE pid=0 and status=1  [ RunTime:0.001000s ]
NOTIC: [8] Undefined variable: tp D:\repo\baicai\data\runtime\Cache\home\11e2f12d84b746b76491e3160c81a5b0.php 第 176 行.
NOTIC: [8] Undefined variable: tp D:\repo\baicai\data\runtime\Cache\home\11e2f12d84b746b76491e3160c81a5b0.php 第 177 行.
NOTIC: [8] Undefined variable: tp D:\repo\baicai\data\runtime\Cache\home\11e2f12d84b746b76491e3160c81a5b0.php 第 179 行.
NOTIC: [8] Undefined variable: strpos1 D:\repo\baicai\data\runtime\Cache\home\11e2f12d84b746b76491e3160c81a5b0.php 第 199 行.
NOTIC: [8] Undefined index: taobao_hongbao20171212 D:\repo\baicai\data\runtime\Cache\home\11e2f12d84b746b76491e3160c81a5b0.php 第 251 行.
SQL: SHOW COLUMNS FROM `try_item_orig` [ RunTime:0.007000s ]
SQL: SELECT * FROM `try_item_orig` ORDER BY ordid asc LIMIT 12   [ RunTime:0.006001s ]
SQL: SHOW COLUMNS FROM `try_ad` [ RunTime:0.008001s ]
SQL: SELECT * FROM `try_ad` WHERE status=1 AND board_id=1  [ RunTime:0.003000s ]
SQL: SELECT COUNT(*) AS tp_count FROM `try_ad` WHERE status=1 AND board_id=1 LIMIT 1   [ RunTime:0.001000s ]
NOTIC: [8] Undefined variable: html D:\repo\baicai\data\runtime\Cache\home\11e2f12d84b746b76491e3160c81a5b0.php 第 287 行.
NOTIC: [8] Undefined variable: htmlA D:\repo\baicai\data\runtime\Cache\home\11e2f12d84b746b76491e3160c81a5b0.php 第 293 行.
NOTIC: [8] Use of undefined constant url - assumed 'url' D:\repo\baicai\data\runtime\Cache\home\11e2f12d84b746b76491e3160c81a5b0.php 第 293 行.
NOTIC: [8] Use of undefined constant name - assumed 'name' D:\repo\baicai\data\runtime\Cache\home\11e2f12d84b746b76491e3160c81a5b0.php 第 293 行.
NOTIC: [8] Use of undefined constant content - assumed 'content' D:\repo\baicai\data\runtime\Cache\home\11e2f12d84b746b76491e3160c81a5b0.php 第 293 行.
NOTIC: [8] Use of undefined constant url - assumed 'url' D:\repo\baicai\data\runtime\Cache\home\11e2f12d84b746b76491e3160c81a5b0.php 第 293 行.
NOTIC: [8] Undefined offset: 1 D:\repo\baicai\data\runtime\Cache\home\11e2f12d84b746b76491e3160c81a5b0.php 第 293 行.
NOTIC: [8] Use of undefined constant name - assumed 'name' D:\repo\baicai\data\runtime\Cache\home\11e2f12d84b746b76491e3160c81a5b0.php 第 293 行.
NOTIC: [8] Undefined offset: 1 D:\repo\baicai\data\runtime\Cache\home\11e2f12d84b746b76491e3160c81a5b0.php 第 293 行.
NOTIC: [8] Use of undefined constant content - assumed 'content' D:\repo\baicai\data\runtime\Cache\home\11e2f12d84b746b76491e3160c81a5b0.php 第 293 行.
NOTIC: [8] Undefined offset: 1 D:\repo\baicai\data\runtime\Cache\home\11e2f12d84b746b76491e3160c81a5b0.php 第 293 行.
SQL: SHOW COLUMNS FROM `try_adboard` [ RunTime:0.007000s ]
SQL: SELECT * FROM `try_adboard` WHERE ( `id` = 17 ) AND ( `status` = 1 ) LIMIT 1   [ RunTime:0.002000s ]
SQL: SELECT `id`,`type`,`name`,`url`,`content`,`desc`,`extimg`,`extval` FROM `try_ad` WHERE ( `board_id` = 17 ) AND ( `start_time` <= 1516154217 ) AND ( `end_time` >= 1516154217 ) AND ( `status` = 1 ) ORDER BY ordid  [ RunTime:0.001000s ]
NOTIC: [2] Invalid argument supplied for foreach() D:\repo\baicai\app\Lib\Widget\advertWidget.class.php 第 22 行.
INFO: [ view_template ] --START--
INFO: Run basic_template Behavior [ RunTime:-3.567204s ]
INFO: [ view_template ] --END-- [ RunTime:-0.254014s ]
INFO: [ view_parse ] --START--
INFO: Run ParseTemplate Behavior [ RunTime:-3.568205s ]
INFO: [ view_parse ] --END-- [ RunTime:0.004000s ]
INFO: [ view_filter ] --START--
INFO: Run ContentReplace Behavior [ RunTime:-3.572205s ]
INFO: Run TokenBuild Behavior [ RunTime:-3.573205s ]
INFO: Run WriteHtmlCache Behavior [ RunTime:-3.573205s ]
INFO: Run ShowRuntime Behavior [ RunTime:-3.574205s ]
INFO: Run content_replace Behavior [ RunTime:-3.574205s ]
INFO: [ view_filter ] --END-- [ RunTime:0.003000s ]
INFO: [ view_end ] --START--
INFO: Run ShowPageTrace Behavior [ RunTime:-3.575205s ]
INFO: [ view_end ] --END-- [ RunTime:0.001000s ]
SQL: SELECT * FROM `try_ad` WHERE ( `board_id` = 17 ) AND ( `start_time` <= 1516154217 ) AND ( `end_time` >= 1516154217 ) AND ( `status` = 1 )  [ RunTime:0.001000s ]
SQL: SELECT COUNT(*) AS tp_count FROM `try_ad` WHERE ( `board_id` = 17 ) AND ( `start_time` <= 1516154217 ) AND ( `end_time` >= 1516154217 ) AND ( `status` = 1 ) LIMIT 1   [ RunTime:0.001000s ]
NOTIC: [8] Use of undefined constant url - assumed 'url' D:\repo\baicai\data\runtime\Cache\home\11e2f12d84b746b76491e3160c81a5b0.php 第 313 行.
NOTIC: [8] Use of undefined constant name - assumed 'name' D:\repo\baicai\data\runtime\Cache\home\11e2f12d84b746b76491e3160c81a5b0.php 第 313 行.
NOTIC: [8] Use of undefined constant content - assumed 'content' D:\repo\baicai\data\runtime\Cache\home\11e2f12d84b746b76491e3160c81a5b0.php 第 313 行.
NOTIC: [8] Use of undefined constant isnice - assumed 'isnice' D:\repo\baicai\data\runtime\Cache\home\11e2f12d84b746b76491e3160c81a5b0.php 第 482 行.
NOTIC: [8] Use of undefined constant isbao - assumed 'isbao' D:\repo\baicai\data\runtime\Cache\home\11e2f12d84b746b76491e3160c81a5b0.php 第 482 行.
NOTIC: [8] Undefined variable: article_list D:\repo\baicai\data\runtime\Cache\home\11e2f12d84b746b76491e3160c81a5b0.php 第 490 行.
NOTIC: [8] Use of undefined constant lb - assumed 'lb' D:\repo\baicai\data\runtime\Cache\home\11e2f12d84b746b76491e3160c81a5b0.php 第 750 行.
NOTIC: [8] Undefined index: sc D:\repo\baicai\data\runtime\Cache\home\11e2f12d84b746b76491e3160c81a5b0.php 第 754 行.
NOTIC: [8] Undefined index: sc D:\repo\baicai\data\runtime\Cache\home\11e2f12d84b746b76491e3160c81a5b0.php 第 755 行.
NOTIC: [8] Undefined index: sc D:\repo\baicai\data\runtime\Cache\home\11e2f12d84b746b76491e3160c81a5b0.php 第 759 行.
NOTIC: [8] Undefined index: sc D:\repo\baicai\data\runtime\Cache\home\11e2f12d84b746b76491e3160c81a5b0.php 第 764 行.
SQL: SELECT `name` FROM `try_item_orig` WHERE id=857 LIMIT 1   [ RunTime:0.001000s ]
NOTIC: [8] Undefined index: sc D:\repo\baicai\data\runtime\Cache\home\11e2f12d84b746b76491e3160c81a5b0.php 第 770 行.
NOTIC: [8] Undefined index: sc D:\repo\baicai\data\runtime\Cache\home\11e2f12d84b746b76491e3160c81a5b0.php 第 770 行.
NOTIC: [8] Undefined index: sc D:\repo\baicai\data\runtime\Cache\home\11e2f12d84b746b76491e3160c81a5b0.php 第 770 行.
NOTIC: [8] Undefined index: sc D:\repo\baicai\data\runtime\Cache\home\11e2f12d84b746b76491e3160c81a5b0.php 第 754 行.
NOTIC: [8] Undefined index: sc D:\repo\baicai\data\runtime\Cache\home\11e2f12d84b746b76491e3160c81a5b0.php 第 755 行.
NOTIC: [8] Undefined index: sc D:\repo\baicai\data\runtime\Cache\home\11e2f12d84b746b76491e3160c81a5b0.php 第 759 行.
NOTIC: [8] Undefined index: sc D:\repo\baicai\data\runtime\Cache\home\11e2f12d84b746b76491e3160c81a5b0.php 第 764 行.
SQL: SELECT `name` FROM `try_item_orig` WHERE id=857 LIMIT 1   [ RunTime:0.001000s ]
NOTIC: [8] Undefined index: sc D:\repo\baicai\data\runtime\Cache\home\11e2f12d84b746b76491e3160c81a5b0.php 第 770 行.
NOTIC: [8] Undefined index: sc D:\repo\baicai\data\runtime\Cache\home\11e2f12d84b746b76491e3160c81a5b0.php 第 770 行.
NOTIC: [8] Undefined index: sc D:\repo\baicai\data\runtime\Cache\home\11e2f12d84b746b76491e3160c81a5b0.php 第 770 行.
NOTIC: [8] Undefined index: sc D:\repo\baicai\data\runtime\Cache\home\11e2f12d84b746b76491e3160c81a5b0.php 第 754 行.
NOTIC: [8] Undefined index: sc D:\repo\baicai\data\runtime\Cache\home\11e2f12d84b746b76491e3160c81a5b0.php 第 755 行.
NOTIC: [8] Undefined index: sc D:\repo\baicai\data\runtime\Cache\home\11e2f12d84b746b76491e3160c81a5b0.php 第 759 行.
NOTIC: [8] Undefined index: sc D:\repo\baicai\data\runtime\Cache\home\11e2f12d84b746b76491e3160c81a5b0.php 第 764 行.
SQL: SELECT `name` FROM `try_item_orig` WHERE id=857 LIMIT 1   [ RunTime:0.000000s ]
NOTIC: [8] Undefined index: sc D:\repo\baicai\data\runtime\Cache\home\11e2f12d84b746b76491e3160c81a5b0.php 第 770 行.
NOTIC: [8] Undefined index: sc D:\repo\baicai\data\runtime\Cache\home\11e2f12d84b746b76491e3160c81a5b0.php 第 770 行.
NOTIC: [8] Undefined index: sc D:\repo\baicai\data\runtime\Cache\home\11e2f12d84b746b76491e3160c81a5b0.php 第 770 行.
NOTIC: [8] Undefined index: sc D:\repo\baicai\data\runtime\Cache\home\11e2f12d84b746b76491e3160c81a5b0.php 第 754 行.
NOTIC: [8] Undefined index: sc D:\repo\baicai\data\runtime\Cache\home\11e2f12d84b746b76491e3160c81a5b0.php 第 755 行.
NOTIC: [8] Undefined index: sc D:\repo\baicai\data\runtime\Cache\home\11e2f12d84b746b76491e3160c81a5b0.php 第 759 行.
NOTIC: [8] Undefined index: sc D:\repo\baicai\data\runtime\Cache\home\11e2f12d84b746b76491e3160c81a5b0.php 第 764 行.
SQL: SELECT `name` FROM `try_item_orig` WHERE id=857 LIMIT 1   [ RunTime:0.001000s ]
NOTIC: [8] Undefined index: sc D:\repo\baicai\data\runtime\Cache\home\11e2f12d84b746b76491e3160c81a5b0.php 第 770 行.
NOTIC: [8] Undefined index: sc D:\repo\baicai\data\runtime\Cache\home\11e2f12d84b746b76491e3160c81a5b0.php 第 770 行.
NOTIC: [8] Undefined index: sc D:\repo\baicai\data\runtime\Cache\home\11e2f12d84b746b76491e3160c81a5b0.php 第 770 行.
NOTIC: [8] Undefined index: sc D:\repo\baicai\data\runtime\Cache\home\11e2f12d84b746b76491e3160c81a5b0.php 第 754 行.
NOTIC: [8] Undefined index: sc D:\repo\baicai\data\runtime\Cache\home\11e2f12d84b746b76491e3160c81a5b0.php 第 755 行.
NOTIC: [8] Undefined index: sc D:\repo\baicai\data\runtime\Cache\home\11e2f12d84b746b76491e3160c81a5b0.php 第 759 行.
NOTIC: [8] Undefined index: sc D:\repo\baicai\data\runtime\Cache\home\11e2f12d84b746b76491e3160c81a5b0.php 第 764 行.
SQL: SELECT `name` FROM `try_item_orig` WHERE id=19 LIMIT 1   [ RunTime:0.001000s ]
NOTIC: [8] Undefined index: sc D:\repo\baicai\data\runtime\Cache\home\11e2f12d84b746b76491e3160c81a5b0.php 第 770 行.
NOTIC: [8] Undefined index: sc D:\repo\baicai\data\runtime\Cache\home\11e2f12d84b746b76491e3160c81a5b0.php 第 770 行.
NOTIC: [8] Undefined index: sc D:\repo\baicai\data\runtime\Cache\home\11e2f12d84b746b76491e3160c81a5b0.php 第 770 行.
NOTIC: [8] Undefined index: sc D:\repo\baicai\data\runtime\Cache\home\11e2f12d84b746b76491e3160c81a5b0.php 第 754 行.
NOTIC: [8] Undefined index: sc D:\repo\baicai\data\runtime\Cache\home\11e2f12d84b746b76491e3160c81a5b0.php 第 755 行.
NOTIC: [8] Undefined index: sc D:\repo\baicai\data\runtime\Cache\home\11e2f12d84b746b76491e3160c81a5b0.php 第 759 行.
NOTIC: [8] Undefined index: sc D:\repo\baicai\data\runtime\Cache\home\11e2f12d84b746b76491e3160c81a5b0.php 第 764 行.
SQL: SELECT `name` FROM `try_item_orig` WHERE id=19 LIMIT 1   [ RunTime:0.001001s ]
NOTIC: [8] Undefined index: sc D:\repo\baicai\data\runtime\Cache\home\11e2f12d84b746b76491e3160c81a5b0.php 第 770 行.
NOTIC: [8] Undefined index: sc D:\repo\baicai\data\runtime\Cache\home\11e2f12d84b746b76491e3160c81a5b0.php 第 770 行.
NOTIC: [8] Undefined index: sc D:\repo\baicai\data\runtime\Cache\home\11e2f12d84b746b76491e3160c81a5b0.php 第 770 行.
NOTIC: [8] Undefined index: sc D:\repo\baicai\data\runtime\Cache\home\11e2f12d84b746b76491e3160c81a5b0.php 第 754 行.
NOTIC: [8] Undefined index: sc D:\repo\baicai\data\runtime\Cache\home\11e2f12d84b746b76491e3160c81a5b0.php 第 755 行.
NOTIC: [8] Undefined index: sc D:\repo\baicai\data\runtime\Cache\home\11e2f12d84b746b76491e3160c81a5b0.php 第 759 行.
NOTIC: [8] Undefined index: sc D:\repo\baicai\data\runtime\Cache\home\11e2f12d84b746b76491e3160c81a5b0.php 第 764 行.
SQL: SELECT `name` FROM `try_item_orig` WHERE id=19 LIMIT 1   [ RunTime:0.001000s ]
NOTIC: [8] Undefined index: sc D:\repo\baicai\data\runtime\Cache\home\11e2f12d84b746b76491e3160c81a5b0.php 第 770 行.
NOTIC: [8] Undefined index: sc D:\repo\baicai\data\runtime\Cache\home\11e2f12d84b746b76491e3160c81a5b0.php 第 770 行.
NOTIC: [8] Undefined index: sc D:\repo\baicai\data\runtime\Cache\home\11e2f12d84b746b76491e3160c81a5b0.php 第 770 行.
NOTIC: [8] Undefined index: sc D:\repo\baicai\data\runtime\Cache\home\11e2f12d84b746b76491e3160c81a5b0.php 第 754 行.
NOTIC: [8] Undefined index: sc D:\repo\baicai\data\runtime\Cache\home\11e2f12d84b746b76491e3160c81a5b0.php 第 755 行.
NOTIC: [8] Undefined index: sc D:\repo\baicai\data\runtime\Cache\home\11e2f12d84b746b76491e3160c81a5b0.php 第 759 行.
NOTIC: [8] Undefined index: sc D:\repo\baicai\data\runtime\Cache\home\11e2f12d84b746b76491e3160c81a5b0.php 第 764 行.
SQL: SELECT `name` FROM `try_item_orig` WHERE id=19 LIMIT 1   [ RunTime:0.001001s ]
NOTIC: [8] Undefined index: sc D:\repo\baicai\data\runtime\Cache\home\11e2f12d84b746b76491e3160c81a5b0.php 第 770 行.
NOTIC: [8] Undefined index: sc D:\repo\baicai\data\runtime\Cache\home\11e2f12d84b746b76491e3160c81a5b0.php 第 770 行.
NOTIC: [8] Undefined index: sc D:\repo\baicai\data\runtime\Cache\home\11e2f12d84b746b76491e3160c81a5b0.php 第 770 行.
SQL: SHOW COLUMNS FROM `try_go` [ RunTime:0.009000s ]
SQL: SELECT * FROM `try_go` WHERE ( `show` = '50jmlm_1mhxpm_nzbd4n_tv0q4d' ) LIMIT 1   [ RunTime:0.017001s ]
NOTIC: [8] Undefined index: title D:\repo\baicai\data\runtime\Cache\home\11e2f12d84b746b76491e3160c81a5b0.php 第 776 行.
NOTIC: [8] Undefined index: sc D:\repo\baicai\data\runtime\Cache\home\11e2f12d84b746b76491e3160c81a5b0.php 第 754 行.
NOTIC: [8] Undefined index: sc D:\repo\baicai\data\runtime\Cache\home\11e2f12d84b746b76491e3160c81a5b0.php 第 755 行.
NOTIC: [8] Undefined index: sc D:\repo\baicai\data\runtime\Cache\home\11e2f12d84b746b76491e3160c81a5b0.php 第 759 行.
NOTIC: [8] Undefined index: sc D:\repo\baicai\data\runtime\Cache\home\11e2f12d84b746b76491e3160c81a5b0.php 第 764 行.
SQL: SELECT `name` FROM `try_item_orig` WHERE id=19 LIMIT 1   [ RunTime:0.001001s ]
NOTIC: [8] Undefined index: sc D:\repo\baicai\data\runtime\Cache\home\11e2f12d84b746b76491e3160c81a5b0.php 第 770 行.
NOTIC: [8] Undefined index: sc D:\repo\baicai\data\runtime\Cache\home\11e2f12d84b746b76491e3160c81a5b0.php 第 770 行.
NOTIC: [8] Undefined index: sc D:\repo\baicai\data\runtime\Cache\home\11e2f12d84b746b76491e3160c81a5b0.php 第 770 行.
SQL: SELECT * FROM `try_go` WHERE ( `show` = 'ileyz2_ivbotu_iobbap_5zdmnb' ) LIMIT 1   [ RunTime:0.008000s ]
NOTIC: [8] Undefined index: title D:\repo\baicai\data\runtime\Cache\home\11e2f12d84b746b76491e3160c81a5b0.php 第 776 行.
NOTIC: [8] Undefined index: sc D:\repo\baicai\data\runtime\Cache\home\11e2f12d84b746b76491e3160c81a5b0.php 第 754 行.
NOTIC: [8] Undefined index: sc D:\repo\baicai\data\runtime\Cache\home\11e2f12d84b746b76491e3160c81a5b0.php 第 755 行.
NOTIC: [8] Undefined index: sc D:\repo\baicai\data\runtime\Cache\home\11e2f12d84b746b76491e3160c81a5b0.php 第 759 行.
NOTIC: [8] Undefined index: sc D:\repo\baicai\data\runtime\Cache\home\11e2f12d84b746b76491e3160c81a5b0.php 第 764 行.
SQL: SELECT `name` FROM `try_item_orig` WHERE id=393 LIMIT 1   [ RunTime:0.001000s ]
NOTIC: [8] Undefined index: sc D:\repo\baicai\data\runtime\Cache\home\11e2f12d84b746b76491e3160c81a5b0.php 第 770 行.
NOTIC: [8] Undefined index: sc D:\repo\baicai\data\runtime\Cache\home\11e2f12d84b746b76491e3160c81a5b0.php 第 770 行.
NOTIC: [8] Undefined index: sc D:\repo\baicai\data\runtime\Cache\home\11e2f12d84b746b76491e3160c81a5b0.php 第 770 行.
SQL: SELECT * FROM `try_go` WHERE ( `show` = 'xev24k_2p0244_szofks_cayxyn' ) LIMIT 1   [ RunTime:0.002000s ]
NOTIC: [8] Undefined index: title D:\repo\baicai\data\runtime\Cache\home\11e2f12d84b746b76491e3160c81a5b0.php 第 776 行.
NOTIC: [8] Undefined index: sc D:\repo\baicai\data\runtime\Cache\home\11e2f12d84b746b76491e3160c81a5b0.php 第 754 行.
NOTIC: [8] Undefined index: sc D:\repo\baicai\data\runtime\Cache\home\11e2f12d84b746b76491e3160c81a5b0.php 第 755 行.
NOTIC: [8] Undefined index: sc D:\repo\baicai\data\runtime\Cache\home\11e2f12d84b746b76491e3160c81a5b0.php 第 759 行.
NOTIC: [8] Undefined index: sc D:\repo\baicai\data\runtime\Cache\home\11e2f12d84b746b76491e3160c81a5b0.php 第 764 行.
SQL: SELECT `name` FROM `try_item_orig` WHERE id=50 LIMIT 1   [ RunTime:0.000000s ]
NOTIC: [8] Undefined index: sc D:\repo\baicai\data\runtime\Cache\home\11e2f12d84b746b76491e3160c81a5b0.php 第 770 行.
NOTIC: [8] Undefined index: sc D:\repo\baicai\data\runtime\Cache\home\11e2f12d84b746b76491e3160c81a5b0.php 第 770 行.
NOTIC: [8] Undefined index: sc D:\repo\baicai\data\runtime\Cache\home\11e2f12d84b746b76491e3160c81a5b0.php 第 770 行.
SQL: SELECT * FROM `try_go` WHERE ( `show` = 'zuramp_3h4jc3_yj04xk_052wvx' ) LIMIT 1   [ RunTime:0.008001s ]
NOTIC: [8] Undefined index: title D:\repo\baicai\data\runtime\Cache\home\11e2f12d84b746b76491e3160c81a5b0.php 第 776 行.
NOTIC: [8] Undefined index: sc D:\repo\baicai\data\runtime\Cache\home\11e2f12d84b746b76491e3160c81a5b0.php 第 754 行.
NOTIC: [8] Undefined index: sc D:\repo\baicai\data\runtime\Cache\home\11e2f12d84b746b76491e3160c81a5b0.php 第 755 行.
NOTIC: [8] Undefined index: sc D:\repo\baicai\data\runtime\Cache\home\11e2f12d84b746b76491e3160c81a5b0.php 第 759 行.
NOTIC: [8] Undefined index: sc D:\repo\baicai\data\runtime\Cache\home\11e2f12d84b746b76491e3160c81a5b0.php 第 764 行.
SQL: SELECT `name` FROM `try_item_orig` WHERE id=2 LIMIT 1   [ RunTime:0.000000s ]
NOTIC: [8] Undefined index: sc D:\repo\baicai\data\runtime\Cache\home\11e2f12d84b746b76491e3160c81a5b0.php 第 770 行.
NOTIC: [8] Undefined index: sc D:\repo\baicai\data\runtime\Cache\home\11e2f12d84b746b76491e3160c81a5b0.php 第 770 行.
NOTIC: [8] Undefined index: sc D:\repo\baicai\data\runtime\Cache\home\11e2f12d84b746b76491e3160c81a5b0.php 第 770 行.
SQL: SELECT * FROM `try_go` WHERE ( `show` = '14vylw_ggk4wo_21dc51_b4p5xi' ) LIMIT 1   [ RunTime:0.008001s ]
NOTIC: [8] Undefined index: title D:\repo\baicai\data\runtime\Cache\home\11e2f12d84b746b76491e3160c81a5b0.php 第 776 行.
NOTIC: [8] Undefined index: sc D:\repo\baicai\data\runtime\Cache\home\11e2f12d84b746b76491e3160c81a5b0.php 第 754 行.
NOTIC: [8] Undefined index: sc D:\repo\baicai\data\runtime\Cache\home\11e2f12d84b746b76491e3160c81a5b0.php 第 755 行.
NOTIC: [8] Undefined index: sc D:\repo\baicai\data\runtime\Cache\home\11e2f12d84b746b76491e3160c81a5b0.php 第 759 行.
NOTIC: [8] Undefined index: sc D:\repo\baicai\data\runtime\Cache\home\11e2f12d84b746b76491e3160c81a5b0.php 第 764 行.
SQL: SELECT `name` FROM `try_item_orig` WHERE id=3 LIMIT 1   [ RunTime:0.000000s ]
NOTIC: [8] Undefined index: sc D:\repo\baicai\data\runtime\Cache\home\11e2f12d84b746b76491e3160c81a5b0.php 第 770 行.
NOTIC: [8] Undefined index: sc D:\repo\baicai\data\runtime\Cache\home\11e2f12d84b746b76491e3160c81a5b0.php 第 770 行.
NOTIC: [8] Undefined index: sc D:\repo\baicai\data\runtime\Cache\home\11e2f12d84b746b76491e3160c81a5b0.php 第 770 行.
SQL: SELECT * FROM `try_go` WHERE ( `show` = 'xfp13w_ymigzu_0nmrwk_fum3or' ) LIMIT 1   [ RunTime:0.002000s ]
NOTIC: [8] Undefined index: title D:\repo\baicai\data\runtime\Cache\home\11e2f12d84b746b76491e3160c81a5b0.php 第 776 行.
NOTIC: [8] Undefined index: sc D:\repo\baicai\data\runtime\Cache\home\11e2f12d84b746b76491e3160c81a5b0.php 第 754 行.
NOTIC: [8] Undefined index: sc D:\repo\baicai\data\runtime\Cache\home\11e2f12d84b746b76491e3160c81a5b0.php 第 755 行.
NOTIC: [8] Undefined index: sc D:\repo\baicai\data\runtime\Cache\home\11e2f12d84b746b76491e3160c81a5b0.php 第 759 行.
NOTIC: [8] Undefined index: sc D:\repo\baicai\data\runtime\Cache\home\11e2f12d84b746b76491e3160c81a5b0.php 第 764 行.
SQL: SELECT `name` FROM `try_item_orig` WHERE id=19 LIMIT 1   [ RunTime:0.001001s ]
NOTIC: [8] Undefined index: sc D:\repo\baicai\data\runtime\Cache\home\11e2f12d84b746b76491e3160c81a5b0.php 第 770 行.
NOTIC: [8] Undefined index: sc D:\repo\baicai\data\runtime\Cache\home\11e2f12d84b746b76491e3160c81a5b0.php 第 770 行.
NOTIC: [8] Undefined index: sc D:\repo\baicai\data\runtime\Cache\home\11e2f12d84b746b76491e3160c81a5b0.php 第 770 行.
NOTIC: [8] Undefined index: sc D:\repo\baicai\data\runtime\Cache\home\11e2f12d84b746b76491e3160c81a5b0.php 第 754 行.
NOTIC: [8] Undefined index: sc D:\repo\baicai\data\runtime\Cache\home\11e2f12d84b746b76491e3160c81a5b0.php 第 755 行.
NOTIC: [8] Undefined index: sc D:\repo\baicai\data\runtime\Cache\home\11e2f12d84b746b76491e3160c81a5b0.php 第 759 行.
NOTIC: [8] Undefined index: sc D:\repo\baicai\data\runtime\Cache\home\11e2f12d84b746b76491e3160c81a5b0.php 第 764 行.
SQL: SELECT `name` FROM `try_item_orig` WHERE id=19 LIMIT 1   [ RunTime:0.001000s ]
NOTIC: [8] Undefined index: sc D:\repo\baicai\data\runtime\Cache\home\11e2f12d84b746b76491e3160c81a5b0.php 第 770 行.
NOTIC: [8] Undefined index: sc D:\repo\baicai\data\runtime\Cache\home\11e2f12d84b746b76491e3160c81a5b0.php 第 770 行.
NOTIC: [8] Undefined index: sc D:\repo\baicai\data\runtime\Cache\home\11e2f12d84b746b76491e3160c81a5b0.php 第 770 行.
NOTIC: [8] Undefined index: sc D:\repo\baicai\data\runtime\Cache\home\11e2f12d84b746b76491e3160c81a5b0.php 第 754 行.
NOTIC: [8] Undefined index: sc D:\repo\baicai\data\runtime\Cache\home\11e2f12d84b746b76491e3160c81a5b0.php 第 755 行.
NOTIC: [8] Undefined index: sc D:\repo\baicai\data\runtime\Cache\home\11e2f12d84b746b76491e3160c81a5b0.php 第 759 行.
NOTIC: [8] Undefined index: sc D:\repo\baicai\data\runtime\Cache\home\11e2f12d84b746b76491e3160c81a5b0.php 第 764 行.
SQL: SELECT `name` FROM `try_item_orig` WHERE id=19 LIMIT 1   [ RunTime:0.001000s ]
NOTIC: [8] Undefined index: sc D:\repo\baicai\data\runtime\Cache\home\11e2f12d84b746b76491e3160c81a5b0.php 第 770 行.
NOTIC: [8] Undefined index: sc D:\repo\baicai\data\runtime\Cache\home\11e2f12d84b746b76491e3160c81a5b0.php 第 770 行.
NOTIC: [8] Undefined index: sc D:\repo\baicai\data\runtime\Cache\home\11e2f12d84b746b76491e3160c81a5b0.php 第 770 行.
NOTIC: [8] Undefined index: sc D:\repo\baicai\data\runtime\Cache\home\11e2f12d84b746b76491e3160c81a5b0.php 第 754 行.
NOTIC: [8] Undefined index: sc D:\repo\baicai\data\runtime\Cache\home\11e2f12d84b746b76491e3160c81a5b0.php 第 755 行.
NOTIC: [8] Undefined index: sc D:\repo\baicai\data\runtime\Cache\home\11e2f12d84b746b76491e3160c81a5b0.php 第 759 行.
NOTIC: [8] Undefined index: sc D:\repo\baicai\data\runtime\Cache\home\11e2f12d84b746b76491e3160c81a5b0.php 第 764 行.
SQL: SELECT `name` FROM `try_item_orig` WHERE id=19 LIMIT 1   [ RunTime:0.001000s ]
NOTIC: [8] Undefined index: sc D:\repo\baicai\data\runtime\Cache\home\11e2f12d84b746b76491e3160c81a5b0.php 第 770 行.
NOTIC: [8] Undefined index: sc D:\repo\baicai\data\runtime\Cache\home\11e2f12d84b746b76491e3160c81a5b0.php 第 770 行.
NOTIC: [8] Undefined index: sc D:\repo\baicai\data\runtime\Cache\home\11e2f12d84b746b76491e3160c81a5b0.php 第 770 行.
NOTIC: [8] Undefined index: sc D:\repo\baicai\data\runtime\Cache\home\11e2f12d84b746b76491e3160c81a5b0.php 第 754 行.
NOTIC: [8] Undefined index: sc D:\repo\baicai\data\runtime\Cache\home\11e2f12d84b746b76491e3160c81a5b0.php 第 755 行.
NOTIC: [8] Undefined index: sc D:\repo\baicai\data\runtime\Cache\home\11e2f12d84b746b76491e3160c81a5b0.php 第 759 行.
NOTIC: [8] Undefined index: sc D:\repo\baicai\data\runtime\Cache\home\11e2f12d84b746b76491e3160c81a5b0.php 第 764 行.
SQL: SELECT `name` FROM `try_item_orig` WHERE id=19 LIMIT 1   [ RunTime:0.001000s ]
NOTIC: [8] Undefined index: sc D:\repo\baicai\data\runtime\Cache\home\11e2f12d84b746b76491e3160c81a5b0.php 第 770 行.
NOTIC: [8] Undefined index: sc D:\repo\baicai\data\runtime\Cache\home\11e2f12d84b746b76491e3160c81a5b0.php 第 770 行.
NOTIC: [8] Undefined index: sc D:\repo\baicai\data\runtime\Cache\home\11e2f12d84b746b76491e3160c81a5b0.php 第 770 行.
NOTIC: [2] fopen(http://img.baicaio.com/data/upload/avatar/000/19/27/a5c1ecaadd6ace0e9222a1b20cf6f0b2.jpg): failed to open stream: HTTP request failed! HTTP/1.1 404 Not Found
 D:\repo\baicai\app\Common\common.php 第 247 行.
NOTIC: [8] Undefined index: follow D:\repo\baicai\data\runtime\Cache\home\11e2f12d84b746b76491e3160c81a5b0.php 第 1016 行.
NOTIC: [8] Undefined index: follow D:\repo\baicai\data\runtime\Cache\home\11e2f12d84b746b76491e3160c81a5b0.php 第 1016 行.
NOTIC: [2] fopen(http://img.baicaio.com/data/upload/avatar/000/19/27/35f94626a3c8956ff4b1e837f3a8aff0.jpg): failed to open stream: HTTP request failed! HTTP/1.1 404 Not Found
 D:\repo\baicai\app\Common\common.php 第 247 行.
NOTIC: [8] Undefined index: follow D:\repo\baicai\data\runtime\Cache\home\11e2f12d84b746b76491e3160c81a5b0.php 第 1016 行.
NOTIC: [8] Undefined index: follow D:\repo\baicai\data\runtime\Cache\home\11e2f12d84b746b76491e3160c81a5b0.php 第 1016 行.
SQL: SELECT * FROM `try_adboard` WHERE ( `id` = 2 ) AND ( `status` = 1 ) LIMIT 1   [ RunTime:0.001000s ]
SQL: SELECT `id`,`type`,`name`,`url`,`content`,`desc`,`extimg`,`extval` FROM `try_ad` WHERE ( `board_id` = 2 ) AND ( `start_time` <= 1516154218 ) AND ( `end_time` >= 1516154218 ) AND ( `status` = 1 ) ORDER BY ordid  [ RunTime:0.002000s ]
NOTIC: [2] Invalid argument supplied for foreach() D:\repo\baicai\app\Lib\Widget\advertWidget.class.php 第 22 行.
INFO: [ view_template ] --START--
INFO: Run basic_template Behavior [ RunTime:-4.907281s ]
INFO: [ view_template ] --END-- [ RunTime:-1.594091s ]
INFO: [ view_parse ] --START--
INFO: Run ParseTemplate Behavior [ RunTime:-4.908281s ]
INFO: [ view_parse ] --END-- [ RunTime:-1.336076s ]
INFO: [ view_filter ] --START--
INFO: Run ContentReplace Behavior [ RunTime:-4.911281s ]
INFO: Run TokenBuild Behavior [ RunTime:-4.911281s ]
INFO: Run WriteHtmlCache Behavior [ RunTime:-4.912281s ]
INFO: Run ShowRuntime Behavior [ RunTime:-4.912281s ]
INFO: Run content_replace Behavior [ RunTime:-4.912281s ]
INFO: [ view_filter ] --END-- [ RunTime:-1.336076s ]
INFO: [ view_end ] --START--
INFO: Run ShowPageTrace Behavior [ RunTime:-4.912281s ]
INFO: [ view_end ] --END-- [ RunTime:-1.336076s ]
SQL: SHOW COLUMNS FROM `try_tick` [ RunTime:0.011001s ]
SQL: SELECT * FROM `try_tick` WHERE start_time < NOW() and end_time > NOW() and sy != 0 ORDER BY yl desc,id desc LIMIT 3   [ RunTime:0.001000s ]
SQL: SELECT `img_url` FROM `try_item_orig` WHERE id=16 LIMIT 1   [ RunTime:0.001000s ]
SQL: SELECT `img_url` FROM `try_item_orig` WHERE id=2 LIMIT 1   [ RunTime:0.001000s ]
SQL: SELECT * FROM `try_adboard` WHERE ( `id` = 10 ) AND ( `status` = 1 ) LIMIT 1   [ RunTime:0.003000s ]
SQL: SELECT `id`,`type`,`name`,`url`,`content`,`desc`,`extimg`,`extval` FROM `try_ad` WHERE ( `board_id` = 10 ) AND ( `start_time` <= 1516154218 ) AND ( `end_time` >= 1516154218 ) AND ( `status` = 1 ) ORDER BY ordid  [ RunTime:0.001000s ]
NOTIC: [2] Invalid argument supplied for foreach() D:\repo\baicai\app\Lib\Widget\advertWidget.class.php 第 22 行.
INFO: [ view_template ] --START--
INFO: Run basic_template Behavior [ RunTime:-4.944283s ]
INFO: [ view_template ] --END-- [ RunTime:-1.631093s ]
INFO: [ view_parse ] --START--
INFO: Run ParseTemplate Behavior [ RunTime:-4.945283s ]
INFO: [ view_parse ] --END-- [ RunTime:-1.373078s ]
INFO: [ view_filter ] --START--
INFO: Run ContentReplace Behavior [ RunTime:-4.948283s ]
INFO: Run TokenBuild Behavior [ RunTime:-4.948283s ]
INFO: Run WriteHtmlCache Behavior [ RunTime:-4.948283s ]
INFO: Run ShowRuntime Behavior [ RunTime:-4.948283s ]
INFO: Run content_replace Behavior [ RunTime:-4.948283s ]
INFO: [ view_filter ] --END-- [ RunTime:-1.373078s ]
INFO: [ view_end ] --START--
INFO: Run ShowPageTrace Behavior [ RunTime:-4.948283s ]
INFO: [ view_end ] --END-- [ RunTime:-1.372078s ]
SQL: SELECT * FROM `try_adboard` WHERE ( `id` = 15 ) AND ( `status` = 1 ) LIMIT 1   [ RunTime:0.002001s ]
SQL: SELECT `id`,`type`,`name`,`url`,`content`,`desc`,`extimg`,`extval` FROM `try_ad` WHERE ( `board_id` = 15 ) AND ( `start_time` <= 1516154218 ) AND ( `end_time` >= 1516154218 ) AND ( `status` = 1 ) ORDER BY ordid  [ RunTime:0.001000s ]
INFO: [ view_template ] --START--
INFO: Run basic_template Behavior [ RunTime:-4.953284s ]
INFO: [ view_template ] --END-- [ RunTime:-1.640094s ]
INFO: [ view_parse ] --START--
INFO: Run ParseTemplate Behavior [ RunTime:-4.954284s ]
INFO: [ view_parse ] --END-- [ RunTime:-1.382079s ]
INFO: [ view_filter ] --START--
INFO: Run ContentReplace Behavior [ RunTime:-4.957284s ]
INFO: Run TokenBuild Behavior [ RunTime:-4.957284s ]
INFO: Run WriteHtmlCache Behavior [ RunTime:-4.957284s ]
INFO: Run ShowRuntime Behavior [ RunTime:-4.957284s ]
INFO: Run content_replace Behavior [ RunTime:-4.957284s ]
INFO: [ view_filter ] --END-- [ RunTime:-1.382079s ]
INFO: [ view_end ] --START--
INFO: Run ShowPageTrace Behavior [ RunTime:-4.958284s ]
INFO: [ view_end ] --END-- [ RunTime:-1.381079s ]
SQL: SHOW COLUMNS FROM `try_flink` [ RunTime:0.009001s ]
SQL: SELECT * FROM `try_flink` WHERE cate_id=1 and status=1  [ RunTime:0.001000s ]
INFO: Run ParseTemplate Behavior [ RunTime:-4.958284s ]
INFO: [ view_parse ] --END-- [ RunTime:-1.382079s ]
INFO: [ view_filter ] --START--
INFO: Run ContentReplace Behavior [ RunTime:-4.977285s ]
INFO: Run TokenBuild Behavior [ RunTime:-4.977285s ]
INFO: Run WriteHtmlCache Behavior [ RunTime:-4.977285s ]
INFO: Run ShowRuntime Behavior [ RunTime:-4.977285s ]
INFO: Run content_replace Behavior [ RunTime:-4.978285s ]
INFO: [ view_filter ] --END-- [ RunTime:-1.402080s ]
INFO: [ view_end ] --START--
INFO: Run ShowPageTrace Behavior [ RunTime:-4.978285s ]
INFO: [ view_end ] --END-- [ RunTime:-1.402080s ]

