[ 2018-01-24T10:00:32+08:00 ] 127.0.0.1 /home-sitemap-xml
INFO: [ route_check ] --START--
INFO: Run CheckRoute Behavior [ RunTime:0.002000s ]
INFO: [ route_check ] --END-- [ RunTime:0.002000s ]
INFO: [ app_begin ] --START--
INFO: Run ReadHtmlCache Behavior [ RunTime:-0.001000s ]
INFO: Run check_ipban Behavior [ RunTime:-0.002000s ]
INFO: Run load_lang Behavior [ RunTime:-0.004000s ]
INFO: [ app_begin ] --END-- [ RunTime:0.009001s ]
SQL: select i.*,c.name as catname from try_item as i left join try_item_cate as c on i.cate_id=c.id where i.status=1 and i.add_time>1516672830 and i.add_time<1516759230  order by add_time desc limit 50 [ RunTime:1.266072s ]
NOTIC: [2] sprintf(): Too few arguments D:\repo\baicai\app\Lib\Action\home\sitemapAction.class.php 第 146 行.

[ 2018-01-24T10:01:04+08:00 ] 127.0.0.1 /home-sitemap-xml
INFO: [ route_check ] --START--
INFO: Run CheckRoute Behavior [ RunTime:0.000000s ]
INFO: [ route_check ] --END-- [ RunTime:0.001000s ]
INFO: [ app_begin ] --START--
INFO: Run ReadHtmlCache Behavior [ RunTime:-0.001000s ]
INFO: Run check_ipban Behavior [ RunTime:-0.002000s ]
INFO: Run load_lang Behavior [ RunTime:-0.003000s ]
INFO: [ app_begin ] --END-- [ RunTime:0.003001s ]
SQL: select i.*,c.name as catname from try_item as i left join try_item_cate as c on i.cate_id=c.id where i.status=1 and i.add_time>1516672862 and i.add_time<1516759262  order by add_time desc limit 50 [ RunTime:0.343019s ]
NOTIC: [2] sprintf(): Too few arguments D:\repo\baicai\app\Lib\Action\home\sitemapAction.class.php 第 146 行.

[ 2018-01-24T10:01:29+08:00 ] 127.0.0.1 /home-sitemap-xml
INFO: [ route_check ] --START--
INFO: Run CheckRoute Behavior [ RunTime:0.001001s ]
INFO: [ route_check ] --END-- [ RunTime:0.001001s ]
INFO: [ app_begin ] --START--
INFO: Run ReadHtmlCache Behavior [ RunTime:-0.001000s ]
INFO: Run check_ipban Behavior [ RunTime:-0.001000s ]
INFO: Run load_lang Behavior [ RunTime:-0.002000s ]
INFO: [ app_begin ] --END-- [ RunTime:0.002000s ]
SQL: select i.*,c.name as catname from try_item as i left join try_item_cate as c on i.cate_id=c.id where i.status=1 and i.add_time>1516672888 and i.add_time<1516759288  order by add_time desc limit 50 [ RunTime:0.282016s ]
NOTIC: [2] sprintf(): Too few arguments D:\repo\baicai\app\Lib\Action\home\sitemapAction.class.php 第 146 行.

[ 2018-01-24T10:01:32+08:00 ] 127.0.0.1 /home-sitemap-xml
INFO: [ route_check ] --START--
INFO: Run CheckRoute Behavior [ RunTime:0.001000s ]
INFO: [ route_check ] --END-- [ RunTime:0.001000s ]
INFO: [ app_begin ] --START--
INFO: Run ReadHtmlCache Behavior [ RunTime:-0.001000s ]
INFO: Run check_ipban Behavior [ RunTime:-0.002000s ]
INFO: Run load_lang Behavior [ RunTime:-0.003000s ]
INFO: [ app_begin ] --END-- [ RunTime:0.003000s ]
SQL: select i.*,c.name as catname from try_item as i left join try_item_cate as c on i.cate_id=c.id where i.status=1 and i.add_time>1516672891 and i.add_time<1516759291  order by add_time desc limit 50 [ RunTime:0.292017s ]
NOTIC: [2] sprintf(): Too few arguments D:\repo\baicai\app\Lib\Action\home\sitemapAction.class.php 第 146 行.

[ 2018-01-24T10:02:18+08:00 ] 127.0.0.1 /home-sitemap-xml
INFO: [ route_check ] --START--
INFO: Run CheckRoute Behavior [ RunTime:0.001000s ]
INFO: [ route_check ] --END-- [ RunTime:0.001000s ]
INFO: [ app_begin ] --START--
INFO: Run ReadHtmlCache Behavior [ RunTime:-0.001001s ]
INFO: Run check_ipban Behavior [ RunTime:-0.001001s ]
INFO: Run load_lang Behavior [ RunTime:-0.002001s ]
INFO: [ app_begin ] --END-- [ RunTime:0.002000s ]
SQL: select i.*,c.name as catname from try_item as i left join try_item_cate as c on i.cate_id=c.id where i.status=1 and i.add_time>1516672937 and i.add_time<1516759337  order by add_time desc limit 50 [ RunTime:0.302017s ]

[ 2018-01-24T10:03:33+08:00 ] 127.0.0.1 /home-sitemap-xml
INFO: [ route_check ] --START--
INFO: Run CheckRoute Behavior [ RunTime:0.002000s ]
INFO: [ route_check ] --END-- [ RunTime:0.002000s ]
INFO: [ app_begin ] --START--
INFO: Run ReadHtmlCache Behavior [ RunTime:-0.001001s ]
INFO: Run check_ipban Behavior [ RunTime:-0.008001s ]
INFO: Run load_lang Behavior [ RunTime:-0.011001s ]
INFO: [ app_begin ] --END-- [ RunTime:0.015000s ]
SQL: select i.*,c.name as catname from try_item as i left join try_item_cate as c on i.cate_id=c.id where i.status=1 and i.add_time>1516673012 and i.add_time<1516759412  order by add_time desc limit 50 [ RunTime:0.342020s ]

[ 2018-01-24T10:16:24+08:00 ] ERR: (ThinkException) Table 'xl_baicai.try_cate_item' doesn't exist
 [ SQL语句 ] : SHOW COLUMNS FROM `try_cate_item`
[ 2018-01-24T10:16:52+08:00 ] ERR: (ThinkException) Table 'xl_baicai.try_cate_item' doesn't exist
 [ SQL语句 ] : SHOW COLUMNS FROM `try_cate_item`
[ 2018-01-24T10:17:15+08:00 ] ERR: (ThinkException) Table 'xl_baicai.try_cate_item' doesn't exist
 [ SQL语句 ] : SHOW COLUMNS FROM `try_cate_item`
[ 2018-01-24T10:18:16+08:00 ] 127.0.0.1 /home-sitemap-xml
INFO: [ route_check ] --START--
INFO: Run CheckRoute Behavior [ RunTime:0.001000s ]
INFO: [ route_check ] --END-- [ RunTime:0.001000s ]
INFO: [ app_begin ] --START--
INFO: Run ReadHtmlCache Behavior [ RunTime:0.000000s ]
INFO: Run check_ipban Behavior [ RunTime:-0.001000s ]
INFO: Run load_lang Behavior [ RunTime:-0.002000s ]
INFO: [ app_begin ] --END-- [ RunTime:0.003000s ]
SQL: select i.*,c.name as catname from try_item as i left join try_item_cate as c on i.cate_id=c.id where i.status=1 and i.add_time>1516673895 and i.add_time<1516760295  order by add_time desc limit 50 [ RunTime:0.277016s ]
SQL: SHOW COLUMNS FROM `try_item_cate` [ RunTime:0.007000s ]
SQL: SELECT `id`,`pid`,`spid`,`cate_html` FROM `try_item_cate` WHERE pid=0 and spid=0 ORDER BY id asc  [ RunTime:0.002000s ]

[ 2018-01-24T10:19:22+08:00 ] 127.0.0.1 /home-sitemap-xml
INFO: [ route_check ] --START--
INFO: Run CheckRoute Behavior [ RunTime:0.002000s ]
INFO: [ route_check ] --END-- [ RunTime:0.002000s ]
INFO: [ app_begin ] --START--
INFO: Run ReadHtmlCache Behavior [ RunTime:-0.001000s ]
INFO: Run check_ipban Behavior [ RunTime:-0.002000s ]
INFO: Run load_lang Behavior [ RunTime:-0.006000s ]
INFO: [ app_begin ] --END-- [ RunTime:0.008000s ]
SQL: select i.*,c.name as catname from try_item as i left join try_item_cate as c on i.cate_id=c.id where i.status=1 and i.add_time>1516673960 and i.add_time<1516760360  order by add_time desc limit 50 [ RunTime:0.978056s ]
SQL: SHOW COLUMNS FROM `try_item_cate` [ RunTime:0.008000s ]
SQL: SELECT `id`,`pid`,`spid`,`cate_html` FROM `try_item_cate` WHERE pid=0 and spid=0 ORDER BY id asc  [ RunTime:0.001000s ]
SQL: SELECT `id`,`pid`,`spid`,`cate_html` FROM `try_item_cate` WHERE pid=0 and spid=0 ORDER BY id asc  [ RunTime:0.001000s ]

[ 2018-01-24T10:25:32+08:00 ] 127.0.0.1 /home-sitemap-xml
INFO: [ route_check ] --START--
INFO: Run CheckRoute Behavior [ RunTime:0.003000s ]
INFO: [ route_check ] --END-- [ RunTime:0.003000s ]
INFO: [ app_begin ] --START--
INFO: Run ReadHtmlCache Behavior [ RunTime:-0.001000s ]
INFO: Run check_ipban Behavior [ RunTime:-0.002000s ]
INFO: Run load_lang Behavior [ RunTime:-0.005000s ]
INFO: [ app_begin ] --END-- [ RunTime:0.005001s ]
SQL: select i.*,c.name as catname from try_item as i left join try_item_cate as c on i.cate_id=c.id where i.status=1 and i.add_time>1516674329 and i.add_time<1516760729  order by add_time desc limit 50 [ RunTime:1.260072s ]
SQL: SHOW COLUMNS FROM `try_item_cate` [ RunTime:0.007000s ]
SQL: SELECT `id`,`pid`,`spid`,`cate_html` FROM `try_item_cate` WHERE pid=0 and spid=0 ORDER BY id asc  [ RunTime:0.001000s ]
SQL: SELECT `id`,`pid`,`spid`,`cate_html` FROM `try_item_cate` WHERE ( `id` IN ('1','50','102','114','115','116','333','334','335','336','337','338','339','340','341','342','346') ) ORDER BY id asc  [ RunTime:0.003000s ]

[ 2018-01-24T10:26:19+08:00 ] 127.0.0.1 /home-sitemap-xml
INFO: [ route_check ] --START--
INFO: Run CheckRoute Behavior [ RunTime:0.001000s ]
INFO: [ route_check ] --END-- [ RunTime:0.001000s ]
INFO: [ app_begin ] --START--
INFO: Run ReadHtmlCache Behavior [ RunTime:0.000000s ]
INFO: Run check_ipban Behavior [ RunTime:-0.001001s ]
INFO: Run load_lang Behavior [ RunTime:-0.002001s ]
INFO: [ app_begin ] --END-- [ RunTime:0.003001s ]
SQL: select i.*,c.name as catname from try_item as i left join try_item_cate as c on i.cate_id=c.id where i.status=1 and i.add_time>1516674377 and i.add_time<1516760777  order by add_time desc limit 50 [ RunTime:0.319019s ]
SQL: SHOW COLUMNS FROM `try_item_cate` [ RunTime:0.007000s ]
SQL: SELECT `id`,`pid`,`spid`,`cate_html` FROM `try_item_cate` WHERE pid=0 and spid=0 ORDER BY id asc  [ RunTime:0.000000s ]
SQL: SELECT `id`,`pid`,`spid`,`cate_html` FROM `try_item_cate` WHERE ( `id` IN ('1','50','102','114','115','116','333','334','335','336','337','338','339','340','341','342','346') ) ORDER BY id asc  [ RunTime:0.000000s ]

[ 2018-01-24T10:26:50+08:00 ] 127.0.0.1 /home-sitemap-xml
INFO: [ route_check ] --START--
INFO: Run CheckRoute Behavior [ RunTime:0.001000s ]
INFO: [ route_check ] --END-- [ RunTime:0.001000s ]
INFO: [ app_begin ] --START--
INFO: Run ReadHtmlCache Behavior [ RunTime:0.000000s ]
INFO: Run check_ipban Behavior [ RunTime:-0.001000s ]
INFO: Run load_lang Behavior [ RunTime:-0.003000s ]
INFO: [ app_begin ] --END-- [ RunTime:0.004000s ]
SQL: select i.*,c.name as catname from try_item as i left join try_item_cate as c on i.cate_id=c.id where i.status=1 and i.add_time>1516674409 and i.add_time<1516760809  order by add_time desc limit 50 [ RunTime:0.282016s ]
SQL: SHOW COLUMNS FROM `try_item_cate` [ RunTime:0.007000s ]
SQL: SELECT `id`,`pid`,`spid`,`cate_html` FROM `try_item_cate` WHERE pid=0 and spid=0 ORDER BY id asc  [ RunTime:0.001000s ]
SQL: SELECT `id`,`pid`,`spid`,`cate_html` FROM `try_item_cate` WHERE ( `pid` IN ('1','50','102','114','115','116','333','334','335','336','337','338','339','340','341','342','346') ) ORDER BY id asc  [ RunTime:0.001000s ]

[ 2018-01-24T10:27:35+08:00 ] 127.0.0.1 /home-sitemap-xml
INFO: [ route_check ] --START--
INFO: Run CheckRoute Behavior [ RunTime:0.001000s ]
INFO: [ route_check ] --END-- [ RunTime:0.001000s ]
INFO: [ app_begin ] --START--
INFO: Run ReadHtmlCache Behavior [ RunTime:-0.002000s ]
INFO: Run check_ipban Behavior [ RunTime:-0.003001s ]
INFO: Run load_lang Behavior [ RunTime:-0.006001s ]
INFO: [ app_begin ] --END-- [ RunTime:0.006001s ]
SQL: select i.*,c.name as catname from try_item as i left join try_item_cate as c on i.cate_id=c.id where i.status=1 and i.add_time>1516674454 and i.add_time<1516760854  order by add_time desc limit 50 [ RunTime:0.300017s ]
SQL: SHOW COLUMNS FROM `try_item_cate` [ RunTime:0.007000s ]
SQL: SELECT `id`,`pid`,`spid`,`cate_html` FROM `try_item_cate` WHERE pid=0 and spid=0 ORDER BY id asc  [ RunTime:0.001000s ]
SQL: SELECT `id`,`pid`,`spid`,`cate_html` FROM `try_item_cate` WHERE ( `pid` IN ('1','50','102','114','115','116','333','334','335','336','337','338','339','340','341','342','346') ) ORDER BY id asc  [ RunTime:0.002000s ]

[ 2018-01-24T10:27:45+08:00 ] 127.0.0.1 /home-sitemap-xml
INFO: [ route_check ] --START--
INFO: Run CheckRoute Behavior [ RunTime:0.001000s ]
INFO: [ route_check ] --END-- [ RunTime:0.001000s ]
INFO: [ app_begin ] --START--
INFO: Run ReadHtmlCache Behavior [ RunTime:0.000000s ]
INFO: Run check_ipban Behavior [ RunTime:-0.001000s ]
INFO: Run load_lang Behavior [ RunTime:-0.002000s ]
INFO: [ app_begin ] --END-- [ RunTime:0.003001s ]
SQL: select i.*,c.name as catname from try_item as i left join try_item_cate as c on i.cate_id=c.id where i.status=1 and i.add_time>1516674464 and i.add_time<1516760864  order by add_time desc limit 50 [ RunTime:0.287016s ]
SQL: SHOW COLUMNS FROM `try_item_cate` [ RunTime:0.007000s ]
SQL: SELECT `id`,`pid`,`spid`,`cate_html` FROM `try_item_cate` WHERE pid=0 and spid=0 ORDER BY id asc  [ RunTime:0.000000s ]
SQL: SELECT `id`,`pid`,`spid`,`cate_html` FROM `try_item_cate` WHERE ( `pid` IN ('1','50','102','114','115','116','333','334','335','336','337','338','339','340','341','342','346') ) ORDER BY id asc  [ RunTime:0.000000s ]

[ 2018-01-24T10:29:15+08:00 ] 127.0.0.1 /home-sitemap-xml
INFO: [ route_check ] --START--
INFO: Run CheckRoute Behavior [ RunTime:0.002001s ]
INFO: [ route_check ] --END-- [ RunTime:0.002001s ]
INFO: [ app_begin ] --START--
INFO: Run ReadHtmlCache Behavior [ RunTime:-0.001000s ]
INFO: Run check_ipban Behavior [ RunTime:-0.002000s ]
INFO: Run load_lang Behavior [ RunTime:-0.003000s ]
INFO: [ app_begin ] --END-- [ RunTime:0.004000s ]
SQL: select i.*,c.name as catname from try_item as i left join try_item_cate as c on i.cate_id=c.id where i.status=1 and i.add_time>1516674554 and i.add_time<1516760954  order by add_time desc limit 50 [ RunTime:0.290016s ]
SQL: SHOW COLUMNS FROM `try_item_cate` [ RunTime:0.007001s ]
SQL: SELECT `id`,`pid`,`spid`,`cate_html` FROM `try_item_cate` WHERE pid=0 and spid=0 ORDER BY id asc  [ RunTime:0.001000s ]

[ 2018-01-24T10:30:00+08:00 ] 127.0.0.1 /home-sitemap-xml
INFO: [ route_check ] --START--
INFO: Run CheckRoute Behavior [ RunTime:0.001000s ]
INFO: [ route_check ] --END-- [ RunTime:0.001000s ]
INFO: [ app_begin ] --START--
INFO: Run ReadHtmlCache Behavior [ RunTime:-0.001000s ]
INFO: Run check_ipban Behavior [ RunTime:-0.002000s ]
INFO: Run load_lang Behavior [ RunTime:-0.004000s ]
INFO: [ app_begin ] --END-- [ RunTime:0.004000s ]
SQL: select i.*,c.name as catname from try_item as i left join try_item_cate as c on i.cate_id=c.id where i.status=1 and i.add_time>1516674598 and i.add_time<1516760998  order by add_time desc limit 50 [ RunTime:0.400023s ]
SQL: SHOW COLUMNS FROM `try_item_cate` [ RunTime:0.008000s ]
SQL: SELECT `id`,`pid`,`spid`,`cate_html` FROM `try_item_cate` WHERE pid=0 and spid=0 ORDER BY id asc  [ RunTime:0.001000s ]

[ 2018-01-24T10:30:37+08:00 ] 127.0.0.1 /home-sitemap-xml
INFO: [ route_check ] --START--
INFO: Run CheckRoute Behavior [ RunTime:0.001000s ]
INFO: [ route_check ] --END-- [ RunTime:0.001000s ]
INFO: [ app_begin ] --START--
INFO: Run ReadHtmlCache Behavior [ RunTime:-0.001000s ]
INFO: Run check_ipban Behavior [ RunTime:-0.002000s ]
INFO: Run load_lang Behavior [ RunTime:-0.003000s ]
INFO: [ app_begin ] --END-- [ RunTime:0.004000s ]
SQL: select i.*,c.name as catname from try_item as i left join try_item_cate as c on i.cate_id=c.id where i.status=1 and i.add_time>1516674636 and i.add_time<1516761036  order by add_time desc limit 50 [ RunTime:0.290017s ]
SQL: SHOW COLUMNS FROM `try_item_cate` [ RunTime:0.007000s ]
SQL: SELECT `id`,`pid`,`spid`,`cate_html` FROM `try_item_cate` WHERE pid=0 and spid=0 ORDER BY id asc  [ RunTime:0.001000s ]

[ 2018-01-24T10:30:47+08:00 ] 127.0.0.1 /home-sitemap-xml
INFO: [ route_check ] --START--
INFO: Run CheckRoute Behavior [ RunTime:0.002000s ]
INFO: [ route_check ] --END-- [ RunTime:0.002000s ]
INFO: [ app_begin ] --START--
INFO: Run ReadHtmlCache Behavior [ RunTime:-0.001000s ]
INFO: Run check_ipban Behavior [ RunTime:-0.002000s ]
INFO: Run load_lang Behavior [ RunTime:-0.004000s ]
INFO: [ app_begin ] --END-- [ RunTime:0.005001s ]
SQL: select i.*,c.name as catname from try_item as i left join try_item_cate as c on i.cate_id=c.id where i.status=1 and i.add_time>1516674645 and i.add_time<1516761045  order by add_time desc limit 50 [ RunTime:0.456026s ]
SQL: SHOW COLUMNS FROM `try_item_cate` [ RunTime:0.006000s ]
SQL: SELECT `id`,`pid`,`spid`,`cate_html` FROM `try_item_cate` WHERE pid=0 and spid=0 ORDER BY id asc  [ RunTime:0.000000s ]

[ 2018-01-24T10:30:51+08:00 ] 127.0.0.1 /home-sitemap-xml
INFO: [ route_check ] --START--
INFO: Run CheckRoute Behavior [ RunTime:0.001000s ]
INFO: [ route_check ] --END-- [ RunTime:0.001000s ]
INFO: [ app_begin ] --START--
INFO: Run ReadHtmlCache Behavior [ RunTime:-0.001000s ]
INFO: Run check_ipban Behavior [ RunTime:-0.001000s ]
INFO: Run load_lang Behavior [ RunTime:-0.002000s ]
INFO: [ app_begin ] --END-- [ RunTime:0.002000s ]
SQL: select i.*,c.name as catname from try_item as i left join try_item_cate as c on i.cate_id=c.id where i.status=1 and i.add_time>1516674650 and i.add_time<1516761050  order by add_time desc limit 50 [ RunTime:0.278015s ]
SQL: SHOW COLUMNS FROM `try_item_cate` [ RunTime:0.007001s ]
SQL: SELECT `id`,`pid`,`spid`,`cate_html` FROM `try_item_cate` WHERE pid=0 and spid=0 ORDER BY id asc  [ RunTime:0.001000s ]

[ 2018-01-24T10:32:47+08:00 ] 127.0.0.1 /home-rss
INFO: [ route_check ] --START--
INFO: Run CheckRoute Behavior [ RunTime:0.001000s ]
INFO: [ route_check ] --END-- [ RunTime:0.001000s ]
INFO: [ app_begin ] --START--
INFO: Run ReadHtmlCache Behavior [ RunTime:-0.001000s ]
INFO: Run check_ipban Behavior [ RunTime:-0.002000s ]
INFO: Run load_lang Behavior [ RunTime:-0.003000s ]
INFO: [ app_begin ] --END-- [ RunTime:0.004000s ]
SQL: select i.*,c.name as catname from try_item as i left join try_item_cate as c on i.cate_id=c.id where i.status=1 and i.add_time>1516674766 and i.add_time<1516761166  order by add_time desc limit 50 [ RunTime:0.285017s ]

[ 2018-01-24T10:32:54+08:00 ] 127.0.0.1 /home-sitemap-xml
INFO: [ route_check ] --START--
INFO: Run CheckRoute Behavior [ RunTime:0.001001s ]
INFO: [ route_check ] --END-- [ RunTime:0.001001s ]
INFO: [ app_begin ] --START--
INFO: Run ReadHtmlCache Behavior [ RunTime:-0.001000s ]
INFO: Run check_ipban Behavior [ RunTime:-0.001000s ]
INFO: Run load_lang Behavior [ RunTime:-0.003000s ]
INFO: [ app_begin ] --END-- [ RunTime:0.004000s ]
SQL: select i.*,c.name as catname from try_item as i left join try_item_cate as c on i.cate_id=c.id where i.status=1 and i.add_time>1516674773 and i.add_time<1516761173  order by add_time desc limit 50 [ RunTime:0.278016s ]
SQL: SHOW COLUMNS FROM `try_item_cate` [ RunTime:0.007000s ]
SQL: SELECT `id`,`pid`,`spid`,`cate_html` FROM `try_item_cate` WHERE pid=0 and spid=0 ORDER BY id asc  [ RunTime:0.001000s ]

[ 2018-01-24T10:33:29+08:00 ] 127.0.0.1 /home-sitemap-xml
INFO: [ route_check ] --START--
INFO: Run CheckRoute Behavior [ RunTime:0.001001s ]
INFO: [ route_check ] --END-- [ RunTime:0.001001s ]
INFO: [ app_begin ] --START--
INFO: Run ReadHtmlCache Behavior [ RunTime:-0.002000s ]
INFO: Run check_ipban Behavior [ RunTime:-0.002000s ]
INFO: Run load_lang Behavior [ RunTime:-0.004000s ]
INFO: [ app_begin ] --END-- [ RunTime:0.004000s ]
SQL: select i.*,c.name as catname from try_item as i left join try_item_cate as c on i.cate_id=c.id where i.status=1 and i.add_time>1516674808 and i.add_time<1516761208  order by add_time desc limit 50 [ RunTime:0.295017s ]
SQL: SHOW COLUMNS FROM `try_item_cate` [ RunTime:0.008001s ]
SQL: SELECT `id`,`pid`,`spid`,`cate_html` FROM `try_item_cate` WHERE pid=0 and spid=0 ORDER BY id asc  [ RunTime:0.001000s ]

