[ 2018-04-17T16:02:41+08:00 ] 127.0.0.1 /
INFO: [ app_begin ] --START--
INFO: Run ReadHtmlCache Behavior [ RunTime:0.002000s ]
INFO: Run check_ipban Behavior [ RunTime:0.000000s ]
INFO: Run load_lang Behavior [ RunTime:-0.003001s ]
INFO: [ app_begin ] --END-- [ RunTime:0.110007s ]
SQL: SHOW COLUMNS FROM `try_item` [ RunTime:0.009001s ]
SQL: SELECT * FROM `try_item` WHERE status=1 and add_time<1523952159  and isnice=1  ORDER BY  add_time desc LIMIT 0,18   [ RunTime:0.921053s ]
SQL: SHOW COLUMNS FROM `try_item_orig` [ RunTime:0.019001s ]
SQL: SELECT `name` FROM `try_item_orig` WHERE id=-1 LIMIT 1   [ RunTime:0.003000s ]
SQL: SELECT `name` FROM `try_item_orig` WHERE id=596 LIMIT 1   [ RunTime:0.001000s ]
SQL: SELECT `name` FROM `try_item_orig` WHERE id=-1 LIMIT 1   [ RunTime:0.001000s ]
SQL: SELECT `name` FROM `try_item_orig` WHERE id=762 LIMIT 1   [ RunTime:0.004000s ]
SQL: SELECT `name` FROM `try_item_orig` WHERE id=579 LIMIT 1   [ RunTime:0.001000s ]
SQL: SELECT `name` FROM `try_item_orig` WHERE id=688 LIMIT 1   [ RunTime:0.023002s ]
SQL: SELECT `name` FROM `try_item_orig` WHERE id=801 LIMIT 1   [ RunTime:0.001000s ]
SQL: SELECT `name` FROM `try_item_orig` WHERE id=596 LIMIT 1   [ RunTime:0.001000s ]
SQL: SELECT `name` FROM `try_item_orig` WHERE id=-1 LIMIT 1   [ RunTime:0.000000s ]
SQL: SELECT `name` FROM `try_item_orig` WHERE id=49 LIMIT 1   [ RunTime:0.002000s ]
SQL: SELECT `name` FROM `try_item_orig` WHERE id=141 LIMIT 1   [ RunTime:0.006000s ]
SQL: SELECT `name` FROM `try_item_orig` WHERE id=493 LIMIT 1   [ RunTime:0.000000s ]
SQL: SELECT `name` FROM `try_item_orig` WHERE id=493 LIMIT 1   [ RunTime:0.000000s ]
SQL: SELECT `name` FROM `try_item_orig` WHERE id=49 LIMIT 1   [ RunTime:0.001000s ]
SQL: SELECT `name` FROM `try_item_orig` WHERE id=596 LIMIT 1   [ RunTime:0.001001s ]
SQL: SELECT `name` FROM `try_item_orig` WHERE id=674 LIMIT 1   [ RunTime:0.000000s ]
SQL: SELECT `name` FROM `try_item_orig` WHERE id=664 LIMIT 1   [ RunTime:0.001000s ]
SQL: SELECT `name` FROM `try_item_orig` WHERE id=674 LIMIT 1   [ RunTime:0.002000s ]
SQL: select distinct uid,uname,sum(score) as num from try_score_log where add_time>1523894400 and add_time<1523980800 group by uname order by num desc,uid asc limit 4 [ RunTime:0.001000s ]
SQL: SHOW COLUMNS FROM `try_user` [ RunTime:0.009000s ]
SQL: SELECT * FROM `try_user` ORDER BY score desc,id asc LIMIT 4   [ RunTime:0.047003s ]
NOTIC: [8] Undefined index: dss D:\repo\baicai\app\Lib\Action\wap\indexAction.class.php 第 73 行.
SQL: SHOW COLUMNS FROM `try_hd` [ RunTime:0.029002s ]
SQL: SELECT * FROM `try_hd` ORDER BY order_s asc,id desc LIMIT 8   [ RunTime:0.001000s ]
SQL: SELECT * FROM `try_item` WHERE istop = 1 ORDER BY id desc LIMIT 8   [ RunTime:1.340077s ]
INFO: [ view_template ] --START--
INFO: Run basic_template Behavior [ RunTime:-3.588206s ]
INFO: [ view_template ] --END-- [ RunTime:0.004000s ]
INFO: [ view_parse ] --START--
INFO: [ view_template ] --START--
INFO: Run basic_template Behavior [ RunTime:-3.596206s ]
INFO: [ view_template ] --END-- [ RunTime:-0.004000s ]
INFO: [ view_template ] --START--
INFO: Run basic_template Behavior [ RunTime:-3.598206s ]
INFO: [ view_template ] --END-- [ RunTime:-0.006000s ]
INFO: [ view_template ] --START--
INFO: Run basic_template Behavior [ RunTime:-3.600206s ]
INFO: [ view_template ] --END-- [ RunTime:-0.008000s ]
NOTIC: [8] Undefined variable: item D:\repo\baicai\data\runtime\Cache\wap\0d8d2dd5d63ad2ed82a5bd57db222986.php 第 27 行.
NOTIC: [8] Use of undefined constant isnice - assumed 'isnice' D:\repo\baicai\data\runtime\Cache\wap\0d8d2dd5d63ad2ed82a5bd57db222986.php 第 169 行.
NOTIC: [8] Use of undefined constant isbao - assumed 'isbao' D:\repo\baicai\data\runtime\Cache\wap\0d8d2dd5d63ad2ed82a5bd57db222986.php 第 169 行.
SQL: SHOW COLUMNS FROM `try_adboard` [ RunTime:0.010000s ]
SQL: SELECT * FROM `try_adboard` WHERE ( `id` = 14 ) AND ( `status` = 1 ) LIMIT 1   [ RunTime:0.001000s ]
SQL: SHOW COLUMNS FROM `try_ad` [ RunTime:0.010000s ]
SQL: SELECT `id`,`type`,`name`,`url`,`content`,`desc`,`extimg`,`extval` FROM `try_ad` WHERE ( `board_id` = 14 ) AND ( `start_time` <= 1523952161 ) AND ( `end_time` >= 1523952161 ) AND ( `status` = 1 ) ORDER BY ordid  [ RunTime:0.001000s ]
INFO: [ view_template ] --START--
INFO: Run basic_template Behavior [ RunTime:-3.670210s ]
INFO: [ view_template ] --END-- [ RunTime:-0.078004s ]
INFO: [ view_parse ] --START--
INFO: Run ParseTemplate Behavior [ RunTime:-3.671210s ]
INFO: [ view_parse ] --END-- [ RunTime:0.006001s ]
INFO: [ view_filter ] --START--
INFO: Run ContentReplace Behavior [ RunTime:-3.677211s ]
INFO: Run TokenBuild Behavior [ RunTime:-3.678211s ]
INFO: Run WriteHtmlCache Behavior [ RunTime:-3.679211s ]
INFO: Run ShowRuntime Behavior [ RunTime:-3.680211s ]
INFO: Run content_replace Behavior [ RunTime:-3.681211s ]
INFO: [ view_filter ] --END-- [ RunTime:0.005000s ]
INFO: [ view_end ] --START--
INFO: Run ShowPageTrace Behavior [ RunTime:-3.683211s ]
INFO: [ view_end ] --END-- [ RunTime:0.001000s ]
INFO: Run ParseTemplate Behavior [ RunTime:-3.683211s ]
INFO: [ view_parse ] --END-- [ RunTime:0.006001s ]
INFO: [ view_filter ] --START--
INFO: Run ContentReplace Behavior [ RunTime:-3.714213s ]
INFO: Run TokenBuild Behavior [ RunTime:-3.714213s ]
INFO: Run WriteHtmlCache Behavior [ RunTime:-3.715213s ]
INFO: Run ShowRuntime Behavior [ RunTime:-3.715213s ]
INFO: Run content_replace Behavior [ RunTime:-3.715213s ]
INFO: [ view_filter ] --END-- [ RunTime:-0.032002s ]
INFO: [ view_end ] --START--
INFO: Run ShowPageTrace Behavior [ RunTime:-3.715213s ]
INFO: [ view_end ] --END-- [ RunTime:-0.031002s ]

[ 2018-04-17T16:02:49+08:00 ] 127.0.0.1 HTTP://cz.baicaio.com/
INFO: [ app_begin ] --START--
INFO: Run ReadHtmlCache Behavior [ RunTime:0.002000s ]
INFO: Run check_ipban Behavior [ RunTime:0.000000s ]
INFO: Run load_lang Behavior [ RunTime:-0.005000s ]
INFO: [ app_begin ] --END-- [ RunTime:0.011000s ]
SQL: SHOW COLUMNS FROM `try_item` [ RunTime:0.012001s ]
SQL: SELECT * FROM `try_item` WHERE status=1 and add_time<1523952167  and isnice=1  ORDER BY  add_time desc LIMIT 0,18   [ RunTime:1.488085s ]
SQL: SHOW COLUMNS FROM `try_item_orig` [ RunTime:0.008001s ]
SQL: SELECT `name` FROM `try_item_orig` WHERE id=-1 LIMIT 1   [ RunTime:0.001000s ]
SQL: SELECT `name` FROM `try_item_orig` WHERE id=596 LIMIT 1   [ RunTime:0.001000s ]
SQL: SELECT `name` FROM `try_item_orig` WHERE id=-1 LIMIT 1   [ RunTime:0.001000s ]
SQL: SELECT `name` FROM `try_item_orig` WHERE id=762 LIMIT 1   [ RunTime:0.001000s ]
SQL: SELECT `name` FROM `try_item_orig` WHERE id=579 LIMIT 1   [ RunTime:0.001000s ]
SQL: SELECT `name` FROM `try_item_orig` WHERE id=688 LIMIT 1   [ RunTime:0.001000s ]
SQL: SELECT `name` FROM `try_item_orig` WHERE id=801 LIMIT 1   [ RunTime:0.001000s ]
SQL: SELECT `name` FROM `try_item_orig` WHERE id=596 LIMIT 1   [ RunTime:0.001000s ]
SQL: SELECT `name` FROM `try_item_orig` WHERE id=-1 LIMIT 1   [ RunTime:0.000000s ]
SQL: SELECT `name` FROM `try_item_orig` WHERE id=49 LIMIT 1   [ RunTime:0.001000s ]
SQL: SELECT `name` FROM `try_item_orig` WHERE id=141 LIMIT 1   [ RunTime:0.001000s ]
SQL: SELECT `name` FROM `try_item_orig` WHERE id=493 LIMIT 1   [ RunTime:0.000000s ]
SQL: SELECT `name` FROM `try_item_orig` WHERE id=493 LIMIT 1   [ RunTime:0.001000s ]
SQL: SELECT `name` FROM `try_item_orig` WHERE id=49 LIMIT 1   [ RunTime:0.001000s ]
SQL: SELECT `name` FROM `try_item_orig` WHERE id=596 LIMIT 1   [ RunTime:0.001000s ]
SQL: SELECT `name` FROM `try_item_orig` WHERE id=674 LIMIT 1   [ RunTime:0.001000s ]
SQL: SELECT `name` FROM `try_item_orig` WHERE id=664 LIMIT 1   [ RunTime:0.001000s ]
SQL: SELECT `name` FROM `try_item_orig` WHERE id=674 LIMIT 1   [ RunTime:0.000000s ]
SQL: select distinct uid,uname,sum(score) as num from try_score_log where add_time>1523894400 and add_time<1523980800 group by uname order by num desc,uid asc limit 4 [ RunTime:0.002000s ]
SQL: SHOW COLUMNS FROM `try_user` [ RunTime:0.020001s ]
SQL: SELECT * FROM `try_user` ORDER BY score desc,id asc LIMIT 4   [ RunTime:0.026002s ]
NOTIC: [8] Undefined index: dss D:\repo\baicai\app\Lib\Action\wap\indexAction.class.php 第 73 行.
SQL: SHOW COLUMNS FROM `try_hd` [ RunTime:0.007000s ]
SQL: SELECT * FROM `try_hd` ORDER BY order_s asc,id desc LIMIT 8   [ RunTime:0.001000s ]
SQL: SELECT * FROM `try_item` WHERE istop = 1 ORDER BY id desc LIMIT 8   [ RunTime:1.063061s ]
INFO: [ view_template ] --START--
INFO: Run basic_template Behavior [ RunTime:-3.729213s ]
INFO: [ view_template ] --END-- [ RunTime:0.004000s ]
INFO: [ view_parse ] --START--
INFO: [ view_template ] --START--
INFO: Run basic_template Behavior [ RunTime:-3.740214s ]
INFO: [ view_template ] --END-- [ RunTime:-0.007001s ]
INFO: [ view_template ] --START--
INFO: Run basic_template Behavior [ RunTime:-3.743214s ]
INFO: [ view_template ] --END-- [ RunTime:-0.010001s ]
INFO: [ view_template ] --START--
INFO: Run basic_template Behavior [ RunTime:-3.746214s ]
INFO: [ view_template ] --END-- [ RunTime:-0.013001s ]
NOTIC: [8] Undefined variable: item D:\repo\baicai\data\runtime\Cache\wap\0d8d2dd5d63ad2ed82a5bd57db222986.php 第 27 行.
NOTIC: [8] Use of undefined constant isnice - assumed 'isnice' D:\repo\baicai\data\runtime\Cache\wap\0d8d2dd5d63ad2ed82a5bd57db222986.php 第 169 行.
NOTIC: [8] Use of undefined constant isbao - assumed 'isbao' D:\repo\baicai\data\runtime\Cache\wap\0d8d2dd5d63ad2ed82a5bd57db222986.php 第 169 行.
SQL: SHOW COLUMNS FROM `try_adboard` [ RunTime:0.007001s ]
SQL: SELECT * FROM `try_adboard` WHERE ( `id` = 14 ) AND ( `status` = 1 ) LIMIT 1   [ RunTime:0.000000s ]
SQL: SHOW COLUMNS FROM `try_ad` [ RunTime:0.007000s ]
SQL: SELECT `id`,`type`,`name`,`url`,`content`,`desc`,`extimg`,`extval` FROM `try_ad` WHERE ( `board_id` = 14 ) AND ( `start_time` <= 1523952169 ) AND ( `end_time` >= 1523952169 ) AND ( `status` = 1 ) ORDER BY ordid  [ RunTime:0.001000s ]
INFO: [ view_template ] --START--
INFO: Run basic_template Behavior [ RunTime:-3.803217s ]
INFO: [ view_template ] --END-- [ RunTime:-0.070004s ]
INFO: [ view_parse ] --START--
INFO: Run ParseTemplate Behavior [ RunTime:-3.804217s ]
INFO: [ view_parse ] --END-- [ RunTime:0.005001s ]
INFO: [ view_filter ] --START--
INFO: Run ContentReplace Behavior [ RunTime:-3.809218s ]
INFO: Run TokenBuild Behavior [ RunTime:-3.810218s ]
INFO: Run WriteHtmlCache Behavior [ RunTime:-3.811218s ]
INFO: Run ShowRuntime Behavior [ RunTime:-3.812218s ]
INFO: Run content_replace Behavior [ RunTime:-3.813218s ]
INFO: [ view_filter ] --END-- [ RunTime:0.005000s ]
INFO: [ view_end ] --START--
INFO: Run ShowPageTrace Behavior [ RunTime:-3.814218s ]
INFO: [ view_end ] --END-- [ RunTime:0.002000s ]
INFO: Run ParseTemplate Behavior [ RunTime:-3.814218s ]
INFO: [ view_parse ] --END-- [ RunTime:0.005001s ]
INFO: [ view_filter ] --START--
INFO: Run ContentReplace Behavior [ RunTime:-3.843220s ]
INFO: Run TokenBuild Behavior [ RunTime:-3.843220s ]
INFO: Run WriteHtmlCache Behavior [ RunTime:-3.844220s ]
INFO: Run ShowRuntime Behavior [ RunTime:-3.844220s ]
INFO: Run content_replace Behavior [ RunTime:-3.844220s ]
INFO: [ view_filter ] --END-- [ RunTime:-0.029002s ]
INFO: [ view_end ] --START--
INFO: Run ShowPageTrace Behavior [ RunTime:-3.844220s ]
INFO: [ view_end ] --END-- [ RunTime:-0.028002s ]

