[ 2018-05-09T10:16:47+08:00 ] 127.0.0.1 /?g=admin&m=index&a=left
INFO: [ app_begin ] --START--
INFO: Run ReadHtmlCache Behavior [ RunTime:0.001000s ]
INFO: Run check_ipban Behavior [ RunTime:0.000000s ]
INFO: Run load_lang Behavior [ RunTime:-0.002001s ]
INFO: [ app_begin ] --END-- [ RunTime:0.006001s ]
SQL: SHOW COLUMNS FROM `try_menu` [ RunTime:0.013001s ]
SQL: SHOW COLUMNS FROM `try_menu` [ RunTime:0.011001s ]
SQL: SELECT * FROM `try_menu` WHERE (  ( `pid` = 70 ) ) AND ( `display` = 1 ) ORDER BY ordid  [ RunTime:0.001000s ]
SQL: SELECT * FROM `try_menu` WHERE (  ( `pid` = 70 ) ) AND ( `display` = 1 ) ORDER BY ordid  [ RunTime:0.001000s ]
SQL: SELECT * FROM `try_menu` WHERE (  ( `pid` = 117 ) ) AND ( `display` = 1 ) ORDER BY ordid  [ RunTime:0.001000s ]
SQL: SELECT * FROM `try_menu` WHERE (  ( `pid` = 232 ) ) AND ( `display` = 1 ) ORDER BY ordid  [ RunTime:0.001000s ]
SQL: SELECT * FROM `try_menu` WHERE (  ( `pid` = 256 ) ) AND ( `display` = 1 ) ORDER BY ordid  [ RunTime:0.000000s ]
INFO: [ view_template ] --START--
INFO: Run basic_template Behavior [ RunTime:-1.081062s ]
INFO: [ view_template ] --END-- [ RunTime:0.001000s ]
INFO: [ view_parse ] --START--
INFO: Run ParseTemplate Behavior [ RunTime:-1.082062s ]
INFO: [ view_parse ] --END-- [ RunTime:0.016001s ]
INFO: [ view_filter ] --START--
INFO: Run ContentReplace Behavior [ RunTime:-1.098063s ]
INFO: Run TokenBuild Behavior [ RunTime:-1.099063s ]
INFO: Run WriteHtmlCache Behavior [ RunTime:-1.100063s ]
INFO: Run ShowRuntime Behavior [ RunTime:-1.100063s ]
INFO: Run content_replace Behavior [ RunTime:-1.101063s ]
INFO: [ view_filter ] --END-- [ RunTime:0.004000s ]
INFO: [ view_end ] --START--
INFO: Run ShowPageTrace Behavior [ RunTime:-1.102063s ]
INFO: [ view_end ] --END-- [ RunTime:0.001001s ]

[ 2018-05-09T10:16:48+08:00 ] 127.0.0.1 /?g=admin&m=index&a=left
INFO: [ app_begin ] --START--
INFO: Run ReadHtmlCache Behavior [ RunTime:0.001000s ]
INFO: Run check_ipban Behavior [ RunTime:0.000000s ]
INFO: Run load_lang Behavior [ RunTime:-0.003000s ]
INFO: [ app_begin ] --END-- [ RunTime:0.007000s ]
SQL: SHOW COLUMNS FROM `try_menu` [ RunTime:0.008001s ]
SQL: SHOW COLUMNS FROM `try_menu` [ RunTime:0.008000s ]
SQL: SELECT * FROM `try_menu` WHERE (  ( `pid` = 10 ) ) AND ( `display` = 1 ) ORDER BY ordid  [ RunTime:0.001000s ]
SQL: SELECT * FROM `try_menu` WHERE (  ( `pid` = 10 ) ) AND ( `display` = 1 ) ORDER BY ordid  [ RunTime:0.001000s ]
SQL: SELECT * FROM `try_menu` WHERE (  ( `pid` = 154 ) ) AND ( `display` = 1 ) ORDER BY ordid  [ RunTime:0.002000s ]
SQL: SELECT * FROM `try_menu` WHERE (  ( `pid` = 11 ) ) AND ( `display` = 1 ) ORDER BY ordid  [ RunTime:0.001000s ]
SQL: SELECT * FROM `try_menu` WHERE (  ( `pid` = 14 ) ) AND ( `display` = 1 ) ORDER BY ordid  [ RunTime:0.001000s ]
SQL: SELECT * FROM `try_menu` WHERE (  ( `pid` = 295 ) ) AND ( `display` = 1 ) ORDER BY ordid  [ RunTime:0.001000s ]
INFO: [ view_template ] --START--
INFO: Run basic_template Behavior [ RunTime:-1.163067s ]
INFO: [ view_template ] --END-- [ RunTime:0.001000s ]
INFO: [ view_parse ] --START--
INFO: Run ParseTemplate Behavior [ RunTime:-1.165067s ]
INFO: [ view_parse ] --END-- [ RunTime:0.014000s ]
INFO: [ view_filter ] --START--
INFO: Run ContentReplace Behavior [ RunTime:-1.178067s ]
INFO: Run TokenBuild Behavior [ RunTime:-1.178067s ]
INFO: Run WriteHtmlCache Behavior [ RunTime:-1.179068s ]
INFO: Run ShowRuntime Behavior [ RunTime:-1.180068s ]
INFO: Run content_replace Behavior [ RunTime:-1.180068s ]
INFO: [ view_filter ] --END-- [ RunTime:0.003001s ]
INFO: [ view_end ] --START--
INFO: Run ShowPageTrace Behavior [ RunTime:-1.181068s ]
INFO: [ view_end ] --END-- [ RunTime:0.001000s ]

[ 2018-05-09T10:16:50+08:00 ] 127.0.0.1 /?g=admin&m=index&a=left
INFO: [ app_begin ] --START--
INFO: Run ReadHtmlCache Behavior [ RunTime:0.001000s ]
INFO: Run check_ipban Behavior [ RunTime:0.000000s ]
INFO: Run load_lang Behavior [ RunTime:-0.002000s ]
INFO: [ app_begin ] --END-- [ RunTime:0.006001s ]
SQL: SHOW COLUMNS FROM `try_menu` [ RunTime:0.010000s ]
SQL: SHOW COLUMNS FROM `try_menu` [ RunTime:0.009001s ]
SQL: SELECT * FROM `try_menu` WHERE (  ( `pid` = 50 ) ) AND ( `display` = 1 ) ORDER BY ordid  [ RunTime:0.001000s ]
SQL: SELECT * FROM `try_menu` WHERE (  ( `pid` = 50 ) ) AND ( `display` = 1 ) ORDER BY ordid  [ RunTime:0.001000s ]
SQL: SELECT * FROM `try_menu` WHERE (  ( `pid` = 51 ) ) AND ( `display` = 1 ) ORDER BY ordid  [ RunTime:0.002000s ]
SQL: SELECT * FROM `try_menu` WHERE (  ( `pid` = 288 ) ) AND ( `display` = 1 ) ORDER BY ordid  [ RunTime:0.001000s ]
SQL: SELECT * FROM `try_menu` WHERE (  ( `pid` = 290 ) ) AND ( `display` = 1 ) ORDER BY ordid  [ RunTime:0.001000s ]
SQL: SELECT * FROM `try_menu` WHERE (  ( `pid` = 293 ) ) AND ( `display` = 1 ) ORDER BY ordid  [ RunTime:0.001000s ]
INFO: [ view_template ] --START--
INFO: Run basic_template Behavior [ RunTime:-1.066061s ]
INFO: [ view_template ] --END-- [ RunTime:0.000000s ]
INFO: [ view_parse ] --START--
INFO: Run ParseTemplate Behavior [ RunTime:-1.067061s ]
INFO: [ view_parse ] --END-- [ RunTime:0.011001s ]
INFO: [ view_filter ] --START--
INFO: Run ContentReplace Behavior [ RunTime:-1.077062s ]
INFO: Run TokenBuild Behavior [ RunTime:-1.077062s ]
INFO: Run WriteHtmlCache Behavior [ RunTime:-1.078062s ]
INFO: Run ShowRuntime Behavior [ RunTime:-1.078062s ]
INFO: Run content_replace Behavior [ RunTime:-1.079062s ]
INFO: [ view_filter ] --END-- [ RunTime:0.002000s ]
INFO: [ view_end ] --START--
INFO: Run ShowPageTrace Behavior [ RunTime:-1.079062s ]
INFO: [ view_end ] --END-- [ RunTime:0.001000s ]

[ 2018-05-09T10:17:32+08:00 ] 127.0.0.1 /?g=admin&m=index&a=left
INFO: [ app_begin ] --START--
INFO: Run ReadHtmlCache Behavior [ RunTime:0.001001s ]
INFO: Run check_ipban Behavior [ RunTime:0.000000s ]
INFO: Run load_lang Behavior [ RunTime:-0.001000s ]
INFO: [ app_begin ] --END-- [ RunTime:0.006001s ]
SQL: SHOW COLUMNS FROM `try_menu` [ RunTime:0.009000s ]
SQL: SHOW COLUMNS FROM `try_menu` [ RunTime:0.010001s ]
SQL: SELECT * FROM `try_menu` WHERE (  ( `pid` = 70 ) ) AND ( `display` = 1 ) ORDER BY ordid  [ RunTime:0.001000s ]
SQL: SELECT * FROM `try_menu` WHERE (  ( `pid` = 70 ) ) AND ( `display` = 1 ) ORDER BY ordid  [ RunTime:0.001000s ]
SQL: SELECT * FROM `try_menu` WHERE (  ( `pid` = 117 ) ) AND ( `display` = 1 ) ORDER BY ordid  [ RunTime:0.001000s ]
SQL: SELECT * FROM `try_menu` WHERE (  ( `pid` = 232 ) ) AND ( `display` = 1 ) ORDER BY ordid  [ RunTime:0.001000s ]
SQL: SELECT * FROM `try_menu` WHERE (  ( `pid` = 256 ) ) AND ( `display` = 1 ) ORDER BY ordid  [ RunTime:0.000000s ]
INFO: [ view_template ] --START--
INFO: Run basic_template Behavior [ RunTime:-1.065060s ]
INFO: [ view_template ] --END-- [ RunTime:0.000000s ]
INFO: [ view_parse ] --START--
INFO: Run ParseTemplate Behavior [ RunTime:-1.065060s ]
INFO: [ view_parse ] --END-- [ RunTime:0.010001s ]
INFO: [ view_filter ] --START--
INFO: Run ContentReplace Behavior [ RunTime:-1.075061s ]
INFO: Run TokenBuild Behavior [ RunTime:-1.075061s ]
INFO: Run WriteHtmlCache Behavior [ RunTime:-1.076061s ]
INFO: Run ShowRuntime Behavior [ RunTime:-1.076061s ]
INFO: Run content_replace Behavior [ RunTime:-1.076061s ]
INFO: [ view_filter ] --END-- [ RunTime:0.002000s ]
INFO: [ view_end ] --START--
INFO: Run ShowPageTrace Behavior [ RunTime:-1.077061s ]
INFO: [ view_end ] --END-- [ RunTime:0.000000s ]

[ 2018-05-09T10:17:39+08:00 ] 127.0.0.1 /?g=admin&m=index&a=left
INFO: [ app_begin ] --START--
INFO: Run ReadHtmlCache Behavior [ RunTime:0.001000s ]
INFO: Run check_ipban Behavior [ RunTime:0.000000s ]
INFO: Run load_lang Behavior [ RunTime:-0.001000s ]
INFO: [ app_begin ] --END-- [ RunTime:0.004001s ]
SQL: SHOW COLUMNS FROM `try_menu` [ RunTime:0.010001s ]
SQL: SHOW COLUMNS FROM `try_menu` [ RunTime:0.009001s ]
SQL: SELECT * FROM `try_menu` WHERE (  ( `pid` = 10 ) ) AND ( `display` = 1 ) ORDER BY ordid  [ RunTime:0.001000s ]
SQL: SELECT * FROM `try_menu` WHERE (  ( `pid` = 10 ) ) AND ( `display` = 1 ) ORDER BY ordid  [ RunTime:0.001000s ]
SQL: SELECT * FROM `try_menu` WHERE (  ( `pid` = 154 ) ) AND ( `display` = 1 ) ORDER BY ordid  [ RunTime:0.001000s ]
SQL: SELECT * FROM `try_menu` WHERE (  ( `pid` = 11 ) ) AND ( `display` = 1 ) ORDER BY ordid  [ RunTime:0.001000s ]
SQL: SELECT * FROM `try_menu` WHERE (  ( `pid` = 14 ) ) AND ( `display` = 1 ) ORDER BY ordid  [ RunTime:0.001000s ]
SQL: SELECT * FROM `try_menu` WHERE (  ( `pid` = 295 ) ) AND ( `display` = 1 ) ORDER BY ordid  [ RunTime:0.001000s ]
INFO: [ view_template ] --START--
INFO: Run basic_template Behavior [ RunTime:-1.060061s ]
INFO: [ view_template ] --END-- [ RunTime:0.002000s ]
INFO: [ view_parse ] --START--
INFO: Run ParseTemplate Behavior [ RunTime:-1.062061s ]
INFO: [ view_parse ] --END-- [ RunTime:0.016001s ]
INFO: [ view_filter ] --START--
INFO: Run ContentReplace Behavior [ RunTime:-1.078062s ]
INFO: Run TokenBuild Behavior [ RunTime:-1.078062s ]
INFO: Run WriteHtmlCache Behavior [ RunTime:-1.079062s ]
INFO: Run ShowRuntime Behavior [ RunTime:-1.079062s ]
INFO: Run content_replace Behavior [ RunTime:-1.080062s ]
INFO: [ view_filter ] --END-- [ RunTime:0.002000s ]
INFO: [ view_end ] --START--
INFO: Run ShowPageTrace Behavior [ RunTime:-1.080062s ]
INFO: [ view_end ] --END-- [ RunTime:0.001000s ]

[ 2018-05-09T10:17:41+08:00 ] 127.0.0.1 /?g=admin&m=ad&a=index&menuid=12
INFO: [ app_begin ] --START--
INFO: Run ReadHtmlCache Behavior [ RunTime:0.001000s ]
INFO: Run check_ipban Behavior [ RunTime:0.000000s ]
INFO: Run load_lang Behavior [ RunTime:-0.001000s ]
INFO: [ app_begin ] --END-- [ RunTime:0.004000s ]
SQL: SHOW COLUMNS FROM `try_menu` [ RunTime:0.010001s ]
SQL: SHOW COLUMNS FROM `try_menu` [ RunTime:0.010000s ]
SQL: SELECT * FROM `try_menu` WHERE (  ( `pid` = 12 ) ) AND ( `display` = 1 ) ORDER BY ordid  [ RunTime:0.001000s ]
NOTIC: [2] Invalid argument supplied for foreach() D:\repo\baicai\app\Lib\Action\backendAction.class.php 第 19 行.
NOTIC: [2] Invalid argument supplied for foreach() D:\repo\baicai\app\Lib\Action\backendAction.class.php 第 26 行.
SQL: SHOW COLUMNS FROM `try_ad` [ RunTime:0.012000s ]
SQL: SHOW COLUMNS FROM `try_adboard` [ RunTime:0.008001s ]
SQL: SELECT `id`,`name` FROM `try_adboard`  [ RunTime:0.001000s ]
SQL: SELECT COUNT(id) AS tp_count FROM `try_ad` LIMIT 1   [ RunTime:0.000000s ]
SQL: SELECT * FROM `try_ad` ORDER BY id DESC LIMIT 0,20   [ RunTime:0.002000s ]
SQL: SELECT * FROM `try_adboard` WHERE 1=1 AND id='17' LIMIT 1   [ RunTime:0.002000s ]
SQL: SELECT * FROM `try_adboard` WHERE 1=1 AND id='17' LIMIT 1   [ RunTime:0.001000s ]
SQL: SELECT * FROM `try_adboard` WHERE 1=1 AND id='15' LIMIT 1   [ RunTime:0.000000s ]
SQL: SELECT * FROM `try_adboard` WHERE 1=1 AND id='1' LIMIT 1   [ RunTime:0.001000s ]
SQL: SELECT * FROM `try_adboard` WHERE 1=1 AND id='11' LIMIT 1   [ RunTime:0.001001s ]
SQL: SELECT * FROM `try_adboard` WHERE 1=1 AND id='10' LIMIT 1   [ RunTime:0.000000s ]
SQL: SELECT * FROM `try_adboard` WHERE 1=1 AND id='7' LIMIT 1   [ RunTime:0.001000s ]
SQL: SELECT * FROM `try_adboard` WHERE 1=1 AND id='6' LIMIT 1   [ RunTime:0.000000s ]
SQL: SELECT * FROM `try_adboard` WHERE 1=1 AND id='6' LIMIT 1   [ RunTime:0.001000s ]
SQL: SELECT * FROM `try_adboard` WHERE 1=1 AND id='13' LIMIT 1   [ RunTime:0.001000s ]
SQL: SELECT * FROM `try_adboard` WHERE 1=1 AND id='8' LIMIT 1   [ RunTime:0.000000s ]
SQL: SELECT * FROM `try_adboard` WHERE 1=1 AND id='9' LIMIT 1   [ RunTime:0.001000s ]
SQL: SELECT * FROM `try_adboard` WHERE 1=1 AND id='14' LIMIT 1   [ RunTime:0.000000s ]
SQL: SELECT * FROM `try_adboard` WHERE 1=1 AND id='7' LIMIT 1   [ RunTime:0.001000s ]
SQL: SELECT * FROM `try_adboard` WHERE 1=1 AND id='6' LIMIT 1   [ RunTime:0.000000s ]
SQL: SELECT * FROM `try_adboard` WHERE 1=1 AND id='3' LIMIT 1   [ RunTime:0.000000s ]
SQL: SELECT * FROM `try_adboard` WHERE 1=1 AND id='3' LIMIT 1   [ RunTime:0.001000s ]
SQL: SELECT * FROM `try_adboard` WHERE 1=1 AND id='1' LIMIT 1   [ RunTime:0.000000s ]
SQL: SELECT * FROM `try_adboard` WHERE 1=1 AND id='3' LIMIT 1   [ RunTime:0.001000s ]
SQL: SELECT * FROM `try_adboard` WHERE 1=1 AND id='2' LIMIT 1   [ RunTime:0.000000s ]
INFO: [ view_template ] --START--
INFO: Run basic_template Behavior [ RunTime:-1.134065s ]
INFO: [ view_template ] --END-- [ RunTime:0.002000s ]
INFO: [ view_parse ] --START--
INFO: [ view_template ] --START--
INFO: Run basic_template Behavior [ RunTime:-1.138065s ]
INFO: [ view_template ] --END-- [ RunTime:-0.003000s ]
INFO: [ view_template ] --START--
INFO: Run basic_template Behavior [ RunTime:-1.139065s ]
INFO: [ view_template ] --END-- [ RunTime:-0.004000s ]
NOTIC: [8] Undefined variable: img_dir D:\repo\baicai\data\runtime\Cache\admin\1b9e3e42dd555b7f8e3c2741ca2193f9.php 第 183 行.
NOTIC: [8] Undefined variable: img_dir D:\repo\baicai\data\runtime\Cache\admin\1b9e3e42dd555b7f8e3c2741ca2193f9.php 第 183 行.
NOTIC: [8] Undefined variable: img_dir D:\repo\baicai\data\runtime\Cache\admin\1b9e3e42dd555b7f8e3c2741ca2193f9.php 第 183 行.
NOTIC: [8] Undefined variable: img_dir D:\repo\baicai\data\runtime\Cache\admin\1b9e3e42dd555b7f8e3c2741ca2193f9.php 第 183 行.
NOTIC: [8] Undefined variable: img_dir D:\repo\baicai\data\runtime\Cache\admin\1b9e3e42dd555b7f8e3c2741ca2193f9.php 第 183 行.
NOTIC: [8] Undefined variable: img_dir D:\repo\baicai\data\runtime\Cache\admin\1b9e3e42dd555b7f8e3c2741ca2193f9.php 第 183 行.
NOTIC: [8] Undefined variable: img_dir D:\repo\baicai\data\runtime\Cache\admin\1b9e3e42dd555b7f8e3c2741ca2193f9.php 第 183 行.
NOTIC: [8] Undefined variable: img_dir D:\repo\baicai\data\runtime\Cache\admin\1b9e3e42dd555b7f8e3c2741ca2193f9.php 第 183 行.
NOTIC: [8] Undefined variable: img_dir D:\repo\baicai\data\runtime\Cache\admin\1b9e3e42dd555b7f8e3c2741ca2193f9.php 第 183 行.
NOTIC: [8] Undefined variable: img_dir D:\repo\baicai\data\runtime\Cache\admin\1b9e3e42dd555b7f8e3c2741ca2193f9.php 第 183 行.
NOTIC: [8] Undefined variable: img_dir D:\repo\baicai\data\runtime\Cache\admin\1b9e3e42dd555b7f8e3c2741ca2193f9.php 第 183 行.
NOTIC: [8] Undefined variable: img_dir D:\repo\baicai\data\runtime\Cache\admin\1b9e3e42dd555b7f8e3c2741ca2193f9.php 第 183 行.
NOTIC: [8] Undefined variable: img_dir D:\repo\baicai\data\runtime\Cache\admin\1b9e3e42dd555b7f8e3c2741ca2193f9.php 第 183 行.
NOTIC: [8] Undefined variable: img_dir D:\repo\baicai\data\runtime\Cache\admin\1b9e3e42dd555b7f8e3c2741ca2193f9.php 第 183 行.
NOTIC: [8] Undefined variable: img_dir D:\repo\baicai\data\runtime\Cache\admin\1b9e3e42dd555b7f8e3c2741ca2193f9.php 第 183 行.
NOTIC: [8] Undefined variable: img_dir D:\repo\baicai\data\runtime\Cache\admin\1b9e3e42dd555b7f8e3c2741ca2193f9.php 第 183 行.
NOTIC: [8] Undefined variable: img_dir D:\repo\baicai\data\runtime\Cache\admin\1b9e3e42dd555b7f8e3c2741ca2193f9.php 第 183 行.
NOTIC: [8] Undefined variable: img_dir D:\repo\baicai\data\runtime\Cache\admin\1b9e3e42dd555b7f8e3c2741ca2193f9.php 第 183 行.
NOTIC: [8] Undefined variable: img_dir D:\repo\baicai\data\runtime\Cache\admin\1b9e3e42dd555b7f8e3c2741ca2193f9.php 第 183 行.
NOTIC: [8] Undefined variable: img_dir D:\repo\baicai\data\runtime\Cache\admin\1b9e3e42dd555b7f8e3c2741ca2193f9.php 第 183 行.
INFO: Run ParseTemplate Behavior [ RunTime:-1.139065s ]
INFO: [ view_parse ] --END-- [ RunTime:0.023001s ]
INFO: [ view_filter ] --START--
INFO: Run ContentReplace Behavior [ RunTime:-1.158066s ]
INFO: Run TokenBuild Behavior [ RunTime:-1.159066s ]
INFO: Run WriteHtmlCache Behavior [ RunTime:-1.159066s ]
INFO: Run ShowRuntime Behavior [ RunTime:-1.159066s ]
INFO: Run content_replace Behavior [ RunTime:-1.160067s ]
INFO: [ view_filter ] --END-- [ RunTime:0.002001s ]
INFO: [ view_end ] --START--
INFO: Run ShowPageTrace Behavior [ RunTime:-1.160067s ]
INFO: [ view_end ] --END-- [ RunTime:0.001000s ]

[ 2018-05-09T10:17:42+08:00 ] 127.0.0.1 /?g=admin&m=ad&a=index&menuid=12
INFO: [ app_begin ] --START--
INFO: Run ReadHtmlCache Behavior [ RunTime:0.001001s ]
INFO: Run check_ipban Behavior [ RunTime:0.000000s ]
INFO: Run load_lang Behavior [ RunTime:-0.002000s ]
INFO: [ app_begin ] --END-- [ RunTime:0.005001s ]
SQL: SHOW COLUMNS FROM `try_menu` [ RunTime:0.010001s ]
SQL: SHOW COLUMNS FROM `try_menu` [ RunTime:0.010001s ]
SQL: SELECT * FROM `try_menu` WHERE (  ( `pid` = 12 ) ) AND ( `display` = 1 ) ORDER BY ordid  [ RunTime:0.001000s ]
NOTIC: [2] Invalid argument supplied for foreach() D:\repo\baicai\app\Lib\Action\backendAction.class.php 第 19 行.
NOTIC: [2] Invalid argument supplied for foreach() D:\repo\baicai\app\Lib\Action\backendAction.class.php 第 26 行.
SQL: SHOW COLUMNS FROM `try_ad` [ RunTime:0.006000s ]
SQL: SHOW COLUMNS FROM `try_adboard` [ RunTime:0.007001s ]
SQL: SELECT `id`,`name` FROM `try_adboard`  [ RunTime:0.001000s ]
SQL: SELECT COUNT(id) AS tp_count FROM `try_ad` LIMIT 1   [ RunTime:0.001000s ]
SQL: SELECT * FROM `try_ad` ORDER BY id DESC LIMIT 0,20   [ RunTime:0.001000s ]
SQL: SELECT * FROM `try_adboard` WHERE 1=1 AND id='17' LIMIT 1   [ RunTime:0.001000s ]
SQL: SELECT * FROM `try_adboard` WHERE 1=1 AND id='17' LIMIT 1   [ RunTime:0.001000s ]
SQL: SELECT * FROM `try_adboard` WHERE 1=1 AND id='15' LIMIT 1   [ RunTime:0.000000s ]
SQL: SELECT * FROM `try_adboard` WHERE 1=1 AND id='1' LIMIT 1   [ RunTime:0.001000s ]
SQL: SELECT * FROM `try_adboard` WHERE 1=1 AND id='11' LIMIT 1   [ RunTime:0.001000s ]
SQL: SELECT * FROM `try_adboard` WHERE 1=1 AND id='10' LIMIT 1   [ RunTime:0.000000s ]
SQL: SELECT * FROM `try_adboard` WHERE 1=1 AND id='7' LIMIT 1   [ RunTime:0.001000s ]
SQL: SELECT * FROM `try_adboard` WHERE 1=1 AND id='6' LIMIT 1   [ RunTime:0.000000s ]
SQL: SELECT * FROM `try_adboard` WHERE 1=1 AND id='6' LIMIT 1   [ RunTime:0.000000s ]
SQL: SELECT * FROM `try_adboard` WHERE 1=1 AND id='13' LIMIT 1   [ RunTime:0.001000s ]
SQL: SELECT * FROM `try_adboard` WHERE 1=1 AND id='8' LIMIT 1   [ RunTime:0.000000s ]
SQL: SELECT * FROM `try_adboard` WHERE 1=1 AND id='9' LIMIT 1   [ RunTime:0.001000s ]
SQL: SELECT * FROM `try_adboard` WHERE 1=1 AND id='14' LIMIT 1   [ RunTime:0.000000s ]
SQL: SELECT * FROM `try_adboard` WHERE 1=1 AND id='7' LIMIT 1   [ RunTime:0.000000s ]
SQL: SELECT * FROM `try_adboard` WHERE 1=1 AND id='6' LIMIT 1   [ RunTime:0.001000s ]
SQL: SELECT * FROM `try_adboard` WHERE 1=1 AND id='3' LIMIT 1   [ RunTime:0.000000s ]
SQL: SELECT * FROM `try_adboard` WHERE 1=1 AND id='3' LIMIT 1   [ RunTime:0.001001s ]
SQL: SELECT * FROM `try_adboard` WHERE 1=1 AND id='1' LIMIT 1   [ RunTime:0.001000s ]
SQL: SELECT * FROM `try_adboard` WHERE 1=1 AND id='3' LIMIT 1   [ RunTime:0.000000s ]
SQL: SELECT * FROM `try_adboard` WHERE 1=1 AND id='2' LIMIT 1   [ RunTime:0.000000s ]
INFO: [ view_template ] --START--
INFO: Run basic_template Behavior [ RunTime:-2.205126s ]
INFO: [ view_template ] --END-- [ RunTime:0.001000s ]
INFO: [ view_parse ] --START--
INFO: [ view_template ] --START--
INFO: Run basic_template Behavior [ RunTime:-2.209126s ]
INFO: [ view_template ] --END-- [ RunTime:-0.003000s ]
INFO: [ view_template ] --START--
INFO: Run basic_template Behavior [ RunTime:-2.210126s ]
INFO: [ view_template ] --END-- [ RunTime:-0.004000s ]
NOTIC: [8] Undefined variable: img_dir D:\repo\baicai\data\runtime\Cache\admin\1b9e3e42dd555b7f8e3c2741ca2193f9.php 第 183 行.
NOTIC: [8] Undefined variable: img_dir D:\repo\baicai\data\runtime\Cache\admin\1b9e3e42dd555b7f8e3c2741ca2193f9.php 第 183 行.
NOTIC: [8] Undefined variable: img_dir D:\repo\baicai\data\runtime\Cache\admin\1b9e3e42dd555b7f8e3c2741ca2193f9.php 第 183 行.
NOTIC: [8] Undefined variable: img_dir D:\repo\baicai\data\runtime\Cache\admin\1b9e3e42dd555b7f8e3c2741ca2193f9.php 第 183 行.
NOTIC: [8] Undefined variable: img_dir D:\repo\baicai\data\runtime\Cache\admin\1b9e3e42dd555b7f8e3c2741ca2193f9.php 第 183 行.
NOTIC: [8] Undefined variable: img_dir D:\repo\baicai\data\runtime\Cache\admin\1b9e3e42dd555b7f8e3c2741ca2193f9.php 第 183 行.
NOTIC: [8] Undefined variable: img_dir D:\repo\baicai\data\runtime\Cache\admin\1b9e3e42dd555b7f8e3c2741ca2193f9.php 第 183 行.
NOTIC: [8] Undefined variable: img_dir D:\repo\baicai\data\runtime\Cache\admin\1b9e3e42dd555b7f8e3c2741ca2193f9.php 第 183 行.
NOTIC: [8] Undefined variable: img_dir D:\repo\baicai\data\runtime\Cache\admin\1b9e3e42dd555b7f8e3c2741ca2193f9.php 第 183 行.
NOTIC: [8] Undefined variable: img_dir D:\repo\baicai\data\runtime\Cache\admin\1b9e3e42dd555b7f8e3c2741ca2193f9.php 第 183 行.
NOTIC: [8] Undefined variable: img_dir D:\repo\baicai\data\runtime\Cache\admin\1b9e3e42dd555b7f8e3c2741ca2193f9.php 第 183 行.
NOTIC: [8] Undefined variable: img_dir D:\repo\baicai\data\runtime\Cache\admin\1b9e3e42dd555b7f8e3c2741ca2193f9.php 第 183 行.
NOTIC: [8] Undefined variable: img_dir D:\repo\baicai\data\runtime\Cache\admin\1b9e3e42dd555b7f8e3c2741ca2193f9.php 第 183 行.
NOTIC: [8] Undefined variable: img_dir D:\repo\baicai\data\runtime\Cache\admin\1b9e3e42dd555b7f8e3c2741ca2193f9.php 第 183 行.
NOTIC: [8] Undefined variable: img_dir D:\repo\baicai\data\runtime\Cache\admin\1b9e3e42dd555b7f8e3c2741ca2193f9.php 第 183 行.
NOTIC: [8] Undefined variable: img_dir D:\repo\baicai\data\runtime\Cache\admin\1b9e3e42dd555b7f8e3c2741ca2193f9.php 第 183 行.
NOTIC: [8] Undefined variable: img_dir D:\repo\baicai\data\runtime\Cache\admin\1b9e3e42dd555b7f8e3c2741ca2193f9.php 第 183 行.
NOTIC: [8] Undefined variable: img_dir D:\repo\baicai\data\runtime\Cache\admin\1b9e3e42dd555b7f8e3c2741ca2193f9.php 第 183 行.
NOTIC: [8] Undefined variable: img_dir D:\repo\baicai\data\runtime\Cache\admin\1b9e3e42dd555b7f8e3c2741ca2193f9.php 第 183 行.
NOTIC: [8] Undefined variable: img_dir D:\repo\baicai\data\runtime\Cache\admin\1b9e3e42dd555b7f8e3c2741ca2193f9.php 第 183 行.
INFO: Run ParseTemplate Behavior [ RunTime:-2.210126s ]
INFO: [ view_parse ] --END-- [ RunTime:0.021001s ]
INFO: [ view_filter ] --START--
INFO: Run ContentReplace Behavior [ RunTime:-2.227127s ]
INFO: Run TokenBuild Behavior [ RunTime:-2.227127s ]
INFO: Run WriteHtmlCache Behavior [ RunTime:-2.228127s ]
INFO: Run ShowRuntime Behavior [ RunTime:-2.228127s ]
INFO: Run content_replace Behavior [ RunTime:-2.229127s ]
INFO: [ view_filter ] --END-- [ RunTime:0.002000s ]
INFO: [ view_end ] --START--
INFO: Run ShowPageTrace Behavior [ RunTime:-2.229127s ]
INFO: [ view_end ] --END-- [ RunTime:0.001000s ]

[ 2018-05-09T10:17:45+08:00 ] 127.0.0.1 /?g=admin&m=index&a=left
INFO: [ app_begin ] --START--
INFO: Run ReadHtmlCache Behavior [ RunTime:0.001000s ]
INFO: Run check_ipban Behavior [ RunTime:0.000000s ]
INFO: Run load_lang Behavior [ RunTime:-0.001000s ]
INFO: [ app_begin ] --END-- [ RunTime:0.004000s ]
SQL: SHOW COLUMNS FROM `try_menu` [ RunTime:0.009001s ]
SQL: SHOW COLUMNS FROM `try_menu` [ RunTime:0.009000s ]
SQL: SELECT * FROM `try_menu` WHERE (  ( `pid` = 50 ) ) AND ( `display` = 1 ) ORDER BY ordid  [ RunTime:0.001001s ]
SQL: SELECT * FROM `try_menu` WHERE (  ( `pid` = 50 ) ) AND ( `display` = 1 ) ORDER BY ordid  [ RunTime:0.002000s ]
SQL: SELECT * FROM `try_menu` WHERE (  ( `pid` = 51 ) ) AND ( `display` = 1 ) ORDER BY ordid  [ RunTime:0.001000s ]
SQL: SELECT * FROM `try_menu` WHERE (  ( `pid` = 288 ) ) AND ( `display` = 1 ) ORDER BY ordid  [ RunTime:0.002000s ]
SQL: SELECT * FROM `try_menu` WHERE (  ( `pid` = 290 ) ) AND ( `display` = 1 ) ORDER BY ordid  [ RunTime:0.002000s ]
SQL: SELECT * FROM `try_menu` WHERE (  ( `pid` = 293 ) ) AND ( `display` = 1 ) ORDER BY ordid  [ RunTime:0.001000s ]
INFO: [ view_template ] --START--
INFO: Run basic_template Behavior [ RunTime:-1.056060s ]
INFO: [ view_template ] --END-- [ RunTime:0.001000s ]
INFO: [ view_parse ] --START--
INFO: Run ParseTemplate Behavior [ RunTime:-1.057060s ]
INFO: [ view_parse ] --END-- [ RunTime:0.015001s ]
INFO: [ view_filter ] --START--
INFO: Run ContentReplace Behavior [ RunTime:-1.073061s ]
INFO: Run TokenBuild Behavior [ RunTime:-1.073061s ]
INFO: Run WriteHtmlCache Behavior [ RunTime:-1.073061s ]
INFO: Run ShowRuntime Behavior [ RunTime:-1.074061s ]
INFO: Run content_replace Behavior [ RunTime:-1.074061s ]
INFO: [ view_filter ] --END-- [ RunTime:0.001000s ]
INFO: [ view_end ] --START--
INFO: Run ShowPageTrace Behavior [ RunTime:-1.075061s ]
INFO: [ view_end ] --END-- [ RunTime:0.001000s ]

[ 2018-05-09T10:17:49+08:00 ] 127.0.0.1 /?g=admin&m=item_orig&a=index&menuid=199
INFO: [ app_begin ] --START--
INFO: Run ReadHtmlCache Behavior [ RunTime:0.001000s ]
INFO: Run check_ipban Behavior [ RunTime:0.000000s ]
INFO: Run load_lang Behavior [ RunTime:-0.002000s ]
INFO: [ app_begin ] --END-- [ RunTime:0.005000s ]
SQL: SHOW COLUMNS FROM `try_menu` [ RunTime:0.009001s ]
SQL: SHOW COLUMNS FROM `try_menu` [ RunTime:0.009000s ]
SQL: SELECT * FROM `try_menu` WHERE (  ( `pid` = 199 ) ) AND ( `display` = 1 ) ORDER BY ordid  [ RunTime:0.000000s ]
NOTIC: [2] Invalid argument supplied for foreach() D:\repo\baicai\app\Lib\Action\backendAction.class.php 第 19 行.
NOTIC: [2] Invalid argument supplied for foreach() D:\repo\baicai\app\Lib\Action\backendAction.class.php 第 26 行.
SQL: SHOW COLUMNS FROM `try_item_orig` [ RunTime:0.014001s ]
SQL: SELECT COUNT(id) AS tp_count FROM `try_item_orig` LIMIT 1   [ RunTime:0.001000s ]
SQL: SELECT * FROM `try_item_orig` ORDER BY name ASC LIMIT 0,20   [ RunTime:0.004000s ]
INFO: [ view_template ] --START--
INFO: Run basic_template Behavior [ RunTime:-2.336133s ]
INFO: [ view_template ] --END-- [ RunTime:0.001000s ]
INFO: [ view_parse ] --START--
INFO: [ view_template ] --START--
INFO: Run basic_template Behavior [ RunTime:-2.340134s ]
INFO: [ view_template ] --END-- [ RunTime:-0.003001s ]
INFO: [ view_template ] --START--
INFO: Run basic_template Behavior [ RunTime:-2.341134s ]
INFO: [ view_template ] --END-- [ RunTime:-0.004001s ]
NOTIC: [8] Undefined index: colors D:\repo\baicai\data\runtime\Cache\admin\696da9332a3b772fac3e1760829669f5.php 第 140 行.
NOTIC: [8] Undefined index: colors D:\repo\baicai\data\runtime\Cache\admin\696da9332a3b772fac3e1760829669f5.php 第 142 行.
NOTIC: [8] Undefined index: colors D:\repo\baicai\data\runtime\Cache\admin\696da9332a3b772fac3e1760829669f5.php 第 146 行.
NOTIC: [8] Undefined index: colors D:\repo\baicai\data\runtime\Cache\admin\696da9332a3b772fac3e1760829669f5.php 第 140 行.
NOTIC: [8] Undefined index: colors D:\repo\baicai\data\runtime\Cache\admin\696da9332a3b772fac3e1760829669f5.php 第 142 行.
NOTIC: [8] Undefined index: colors D:\repo\baicai\data\runtime\Cache\admin\696da9332a3b772fac3e1760829669f5.php 第 146 行.
NOTIC: [8] Undefined index: colors D:\repo\baicai\data\runtime\Cache\admin\696da9332a3b772fac3e1760829669f5.php 第 140 行.
NOTIC: [8] Undefined index: colors D:\repo\baicai\data\runtime\Cache\admin\696da9332a3b772fac3e1760829669f5.php 第 142 行.
NOTIC: [8] Undefined index: colors D:\repo\baicai\data\runtime\Cache\admin\696da9332a3b772fac3e1760829669f5.php 第 146 行.
NOTIC: [8] Undefined index: colors D:\repo\baicai\data\runtime\Cache\admin\696da9332a3b772fac3e1760829669f5.php 第 140 行.
NOTIC: [8] Undefined index: colors D:\repo\baicai\data\runtime\Cache\admin\696da9332a3b772fac3e1760829669f5.php 第 142 行.
NOTIC: [8] Undefined index: colors D:\repo\baicai\data\runtime\Cache\admin\696da9332a3b772fac3e1760829669f5.php 第 146 行.
NOTIC: [8] Undefined index: colors D:\repo\baicai\data\runtime\Cache\admin\696da9332a3b772fac3e1760829669f5.php 第 140 行.
NOTIC: [8] Undefined index: colors D:\repo\baicai\data\runtime\Cache\admin\696da9332a3b772fac3e1760829669f5.php 第 142 行.
NOTIC: [8] Undefined index: colors D:\repo\baicai\data\runtime\Cache\admin\696da9332a3b772fac3e1760829669f5.php 第 146 行.
NOTIC: [8] Undefined index: colors D:\repo\baicai\data\runtime\Cache\admin\696da9332a3b772fac3e1760829669f5.php 第 140 行.
NOTIC: [8] Undefined index: colors D:\repo\baicai\data\runtime\Cache\admin\696da9332a3b772fac3e1760829669f5.php 第 142 行.
NOTIC: [8] Undefined index: colors D:\repo\baicai\data\runtime\Cache\admin\696da9332a3b772fac3e1760829669f5.php 第 146 行.
NOTIC: [8] Undefined index: colors D:\repo\baicai\data\runtime\Cache\admin\696da9332a3b772fac3e1760829669f5.php 第 140 行.
NOTIC: [8] Undefined index: colors D:\repo\baicai\data\runtime\Cache\admin\696da9332a3b772fac3e1760829669f5.php 第 142 行.
NOTIC: [8] Undefined index: colors D:\repo\baicai\data\runtime\Cache\admin\696da9332a3b772fac3e1760829669f5.php 第 146 行.
NOTIC: [8] Undefined index: colors D:\repo\baicai\data\runtime\Cache\admin\696da9332a3b772fac3e1760829669f5.php 第 140 行.
NOTIC: [8] Undefined index: colors D:\repo\baicai\data\runtime\Cache\admin\696da9332a3b772fac3e1760829669f5.php 第 142 行.
NOTIC: [8] Undefined index: colors D:\repo\baicai\data\runtime\Cache\admin\696da9332a3b772fac3e1760829669f5.php 第 146 行.
NOTIC: [8] Undefined index: colors D:\repo\baicai\data\runtime\Cache\admin\696da9332a3b772fac3e1760829669f5.php 第 140 行.
NOTIC: [8] Undefined index: colors D:\repo\baicai\data\runtime\Cache\admin\696da9332a3b772fac3e1760829669f5.php 第 142 行.
NOTIC: [8] Undefined index: colors D:\repo\baicai\data\runtime\Cache\admin\696da9332a3b772fac3e1760829669f5.php 第 146 行.
NOTIC: [8] Undefined index: colors D:\repo\baicai\data\runtime\Cache\admin\696da9332a3b772fac3e1760829669f5.php 第 140 行.
NOTIC: [8] Undefined index: colors D:\repo\baicai\data\runtime\Cache\admin\696da9332a3b772fac3e1760829669f5.php 第 142 行.
NOTIC: [8] Undefined index: colors D:\repo\baicai\data\runtime\Cache\admin\696da9332a3b772fac3e1760829669f5.php 第 146 行.
NOTIC: [8] Undefined index: colors D:\repo\baicai\data\runtime\Cache\admin\696da9332a3b772fac3e1760829669f5.php 第 140 行.
NOTIC: [8] Undefined index: colors D:\repo\baicai\data\runtime\Cache\admin\696da9332a3b772fac3e1760829669f5.php 第 142 行.
NOTIC: [8] Undefined index: colors D:\repo\baicai\data\runtime\Cache\admin\696da9332a3b772fac3e1760829669f5.php 第 146 行.
NOTIC: [8] Undefined index: colors D:\repo\baicai\data\runtime\Cache\admin\696da9332a3b772fac3e1760829669f5.php 第 140 行.
NOTIC: [8] Undefined index: colors D:\repo\baicai\data\runtime\Cache\admin\696da9332a3b772fac3e1760829669f5.php 第 142 行.
NOTIC: [8] Undefined index: colors D:\repo\baicai\data\runtime\Cache\admin\696da9332a3b772fac3e1760829669f5.php 第 146 行.
NOTIC: [8] Undefined index: colors D:\repo\baicai\data\runtime\Cache\admin\696da9332a3b772fac3e1760829669f5.php 第 140 行.
NOTIC: [8] Undefined index: colors D:\repo\baicai\data\runtime\Cache\admin\696da9332a3b772fac3e1760829669f5.php 第 142 行.
NOTIC: [8] Undefined index: colors D:\repo\baicai\data\runtime\Cache\admin\696da9332a3b772fac3e1760829669f5.php 第 146 行.
NOTIC: [8] Undefined index: colors D:\repo\baicai\data\runtime\Cache\admin\696da9332a3b772fac3e1760829669f5.php 第 140 行.
NOTIC: [8] Undefined index: colors D:\repo\baicai\data\runtime\Cache\admin\696da9332a3b772fac3e1760829669f5.php 第 142 行.
NOTIC: [8] Undefined index: colors D:\repo\baicai\data\runtime\Cache\admin\696da9332a3b772fac3e1760829669f5.php 第 146 行.
NOTIC: [8] Undefined index: colors D:\repo\baicai\data\runtime\Cache\admin\696da9332a3b772fac3e1760829669f5.php 第 140 行.
NOTIC: [8] Undefined index: colors D:\repo\baicai\data\runtime\Cache\admin\696da9332a3b772fac3e1760829669f5.php 第 142 行.
NOTIC: [8] Undefined index: colors D:\repo\baicai\data\runtime\Cache\admin\696da9332a3b772fac3e1760829669f5.php 第 146 行.
NOTIC: [8] Undefined index: colors D:\repo\baicai\data\runtime\Cache\admin\696da9332a3b772fac3e1760829669f5.php 第 140 行.
NOTIC: [8] Undefined index: colors D:\repo\baicai\data\runtime\Cache\admin\696da9332a3b772fac3e1760829669f5.php 第 142 行.
NOTIC: [8] Undefined index: colors D:\repo\baicai\data\runtime\Cache\admin\696da9332a3b772fac3e1760829669f5.php 第 146 行.
NOTIC: [8] Undefined index: colors D:\repo\baicai\data\runtime\Cache\admin\696da9332a3b772fac3e1760829669f5.php 第 140 行.
NOTIC: [8] Undefined index: colors D:\repo\baicai\data\runtime\Cache\admin\696da9332a3b772fac3e1760829669f5.php 第 142 行.
NOTIC: [8] Undefined index: colors D:\repo\baicai\data\runtime\Cache\admin\696da9332a3b772fac3e1760829669f5.php 第 146 行.
NOTIC: [8] Undefined index: colors D:\repo\baicai\data\runtime\Cache\admin\696da9332a3b772fac3e1760829669f5.php 第 140 行.
NOTIC: [8] Undefined index: colors D:\repo\baicai\data\runtime\Cache\admin\696da9332a3b772fac3e1760829669f5.php 第 142 行.
NOTIC: [8] Undefined index: colors D:\repo\baicai\data\runtime\Cache\admin\696da9332a3b772fac3e1760829669f5.php 第 146 行.
NOTIC: [8] Undefined index: colors D:\repo\baicai\data\runtime\Cache\admin\696da9332a3b772fac3e1760829669f5.php 第 140 行.
NOTIC: [8] Undefined index: colors D:\repo\baicai\data\runtime\Cache\admin\696da9332a3b772fac3e1760829669f5.php 第 142 行.
NOTIC: [8] Undefined index: colors D:\repo\baicai\data\runtime\Cache\admin\696da9332a3b772fac3e1760829669f5.php 第 146 行.
NOTIC: [8] Undefined index: colors D:\repo\baicai\data\runtime\Cache\admin\696da9332a3b772fac3e1760829669f5.php 第 140 行.
NOTIC: [8] Undefined index: colors D:\repo\baicai\data\runtime\Cache\admin\696da9332a3b772fac3e1760829669f5.php 第 142 行.
NOTIC: [8] Undefined index: colors D:\repo\baicai\data\runtime\Cache\admin\696da9332a3b772fac3e1760829669f5.php 第 146 行.
INFO: Run ParseTemplate Behavior [ RunTime:-2.341134s ]
INFO: [ view_parse ] --END-- [ RunTime:0.019001s ]
INFO: [ view_filter ] --START--
INFO: Run ContentReplace Behavior [ RunTime:-2.356134s ]
INFO: Run TokenBuild Behavior [ RunTime:-2.357135s ]
INFO: Run WriteHtmlCache Behavior [ RunTime:-2.358135s ]
INFO: Run ShowRuntime Behavior [ RunTime:-2.358135s ]
INFO: Run content_replace Behavior [ RunTime:-2.359135s ]
INFO: [ view_filter ] --END-- [ RunTime:0.003001s ]
INFO: [ view_end ] --START--
INFO: Run ShowPageTrace Behavior [ RunTime:-2.359135s ]
INFO: [ view_end ] --END-- [ RunTime:0.001000s ]

[ 2018-05-09T10:19:43+08:00 ] 127.0.0.1 /?g=admin&m=item_orig&a=index&menuid=199
INFO: [ app_begin ] --START--
INFO: Run ReadHtmlCache Behavior [ RunTime:0.003001s ]
INFO: Run check_ipban Behavior [ RunTime:-0.001000s ]
INFO: Run load_lang Behavior [ RunTime:-0.003000s ]
INFO: [ app_begin ] --END-- [ RunTime:0.008001s ]
SQL: SHOW COLUMNS FROM `try_menu` [ RunTime:0.012000s ]
SQL: SHOW COLUMNS FROM `try_menu` [ RunTime:0.009001s ]
SQL: SELECT * FROM `try_menu` WHERE (  ( `pid` = 199 ) ) AND ( `display` = 1 ) ORDER BY ordid  [ RunTime:0.002000s ]
NOTIC: [2] Invalid argument supplied for foreach() D:\repo\baicai\app\Lib\Action\backendAction.class.php 第 19 行.
NOTIC: [2] Invalid argument supplied for foreach() D:\repo\baicai\app\Lib\Action\backendAction.class.php 第 26 行.
SQL: SHOW COLUMNS FROM `try_item_orig` [ RunTime:0.012001s ]
SQL: SELECT COUNT(id) AS tp_count FROM `try_item_orig` LIMIT 1   [ RunTime:0.002000s ]
SQL: SELECT * FROM `try_item_orig` ORDER BY name ASC LIMIT 0,20   [ RunTime:0.002000s ]
INFO: [ view_template ] --START--
INFO: Run basic_template Behavior [ RunTime:-1.186067s ]
INFO: [ view_template ] --END-- [ RunTime:0.004001s ]
INFO: [ view_parse ] --START--
INFO: [ view_template ] --START--
INFO: Run basic_template Behavior [ RunTime:-1.194068s ]
INFO: [ view_template ] --END-- [ RunTime:-0.004000s ]
INFO: [ view_template ] --START--
INFO: Run basic_template Behavior [ RunTime:-1.196068s ]
INFO: [ view_template ] --END-- [ RunTime:-0.006000s ]
NOTIC: [8] Undefined index: colors D:\repo\baicai\data\runtime\Cache\admin\696da9332a3b772fac3e1760829669f5.php 第 140 行.
NOTIC: [8] Undefined index: colors D:\repo\baicai\data\runtime\Cache\admin\696da9332a3b772fac3e1760829669f5.php 第 142 行.
NOTIC: [8] Undefined index: colors D:\repo\baicai\data\runtime\Cache\admin\696da9332a3b772fac3e1760829669f5.php 第 146 行.
NOTIC: [8] Undefined index: colors D:\repo\baicai\data\runtime\Cache\admin\696da9332a3b772fac3e1760829669f5.php 第 140 行.
NOTIC: [8] Undefined index: colors D:\repo\baicai\data\runtime\Cache\admin\696da9332a3b772fac3e1760829669f5.php 第 142 行.
NOTIC: [8] Undefined index: colors D:\repo\baicai\data\runtime\Cache\admin\696da9332a3b772fac3e1760829669f5.php 第 146 行.
NOTIC: [8] Undefined index: colors D:\repo\baicai\data\runtime\Cache\admin\696da9332a3b772fac3e1760829669f5.php 第 140 行.
NOTIC: [8] Undefined index: colors D:\repo\baicai\data\runtime\Cache\admin\696da9332a3b772fac3e1760829669f5.php 第 142 行.
NOTIC: [8] Undefined index: colors D:\repo\baicai\data\runtime\Cache\admin\696da9332a3b772fac3e1760829669f5.php 第 146 行.
NOTIC: [8] Undefined index: colors D:\repo\baicai\data\runtime\Cache\admin\696da9332a3b772fac3e1760829669f5.php 第 140 行.
NOTIC: [8] Undefined index: colors D:\repo\baicai\data\runtime\Cache\admin\696da9332a3b772fac3e1760829669f5.php 第 142 行.
NOTIC: [8] Undefined index: colors D:\repo\baicai\data\runtime\Cache\admin\696da9332a3b772fac3e1760829669f5.php 第 146 行.
NOTIC: [8] Undefined index: colors D:\repo\baicai\data\runtime\Cache\admin\696da9332a3b772fac3e1760829669f5.php 第 140 行.
NOTIC: [8] Undefined index: colors D:\repo\baicai\data\runtime\Cache\admin\696da9332a3b772fac3e1760829669f5.php 第 142 行.
NOTIC: [8] Undefined index: colors D:\repo\baicai\data\runtime\Cache\admin\696da9332a3b772fac3e1760829669f5.php 第 146 行.
NOTIC: [8] Undefined index: colors D:\repo\baicai\data\runtime\Cache\admin\696da9332a3b772fac3e1760829669f5.php 第 140 行.
NOTIC: [8] Undefined index: colors D:\repo\baicai\data\runtime\Cache\admin\696da9332a3b772fac3e1760829669f5.php 第 142 行.
NOTIC: [8] Undefined index: colors D:\repo\baicai\data\runtime\Cache\admin\696da9332a3b772fac3e1760829669f5.php 第 146 行.
NOTIC: [8] Undefined index: colors D:\repo\baicai\data\runtime\Cache\admin\696da9332a3b772fac3e1760829669f5.php 第 140 行.
NOTIC: [8] Undefined index: colors D:\repo\baicai\data\runtime\Cache\admin\696da9332a3b772fac3e1760829669f5.php 第 142 行.
NOTIC: [8] Undefined index: colors D:\repo\baicai\data\runtime\Cache\admin\696da9332a3b772fac3e1760829669f5.php 第 146 行.
NOTIC: [8] Undefined index: colors D:\repo\baicai\data\runtime\Cache\admin\696da9332a3b772fac3e1760829669f5.php 第 140 行.
NOTIC: [8] Undefined index: colors D:\repo\baicai\data\runtime\Cache\admin\696da9332a3b772fac3e1760829669f5.php 第 142 行.
NOTIC: [8] Undefined index: colors D:\repo\baicai\data\runtime\Cache\admin\696da9332a3b772fac3e1760829669f5.php 第 146 行.
NOTIC: [8] Undefined index: colors D:\repo\baicai\data\runtime\Cache\admin\696da9332a3b772fac3e1760829669f5.php 第 140 行.
NOTIC: [8] Undefined index: colors D:\repo\baicai\data\runtime\Cache\admin\696da9332a3b772fac3e1760829669f5.php 第 142 行.
NOTIC: [8] Undefined index: colors D:\repo\baicai\data\runtime\Cache\admin\696da9332a3b772fac3e1760829669f5.php 第 146 行.
NOTIC: [8] Undefined index: colors D:\repo\baicai\data\runtime\Cache\admin\696da9332a3b772fac3e1760829669f5.php 第 140 行.
NOTIC: [8] Undefined index: colors D:\repo\baicai\data\runtime\Cache\admin\696da9332a3b772fac3e1760829669f5.php 第 142 行.
NOTIC: [8] Undefined index: colors D:\repo\baicai\data\runtime\Cache\admin\696da9332a3b772fac3e1760829669f5.php 第 146 行.
NOTIC: [8] Undefined index: colors D:\repo\baicai\data\runtime\Cache\admin\696da9332a3b772fac3e1760829669f5.php 第 140 行.
NOTIC: [8] Undefined index: colors D:\repo\baicai\data\runtime\Cache\admin\696da9332a3b772fac3e1760829669f5.php 第 142 行.
NOTIC: [8] Undefined index: colors D:\repo\baicai\data\runtime\Cache\admin\696da9332a3b772fac3e1760829669f5.php 第 146 行.
NOTIC: [8] Undefined index: colors D:\repo\baicai\data\runtime\Cache\admin\696da9332a3b772fac3e1760829669f5.php 第 140 行.
NOTIC: [8] Undefined index: colors D:\repo\baicai\data\runtime\Cache\admin\696da9332a3b772fac3e1760829669f5.php 第 142 行.
NOTIC: [8] Undefined index: colors D:\repo\baicai\data\runtime\Cache\admin\696da9332a3b772fac3e1760829669f5.php 第 146 行.
NOTIC: [8] Undefined index: colors D:\repo\baicai\data\runtime\Cache\admin\696da9332a3b772fac3e1760829669f5.php 第 140 行.
NOTIC: [8] Undefined index: colors D:\repo\baicai\data\runtime\Cache\admin\696da9332a3b772fac3e1760829669f5.php 第 142 行.
NOTIC: [8] Undefined index: colors D:\repo\baicai\data\runtime\Cache\admin\696da9332a3b772fac3e1760829669f5.php 第 146 行.
NOTIC: [8] Undefined index: colors D:\repo\baicai\data\runtime\Cache\admin\696da9332a3b772fac3e1760829669f5.php 第 140 行.
NOTIC: [8] Undefined index: colors D:\repo\baicai\data\runtime\Cache\admin\696da9332a3b772fac3e1760829669f5.php 第 142 行.
NOTIC: [8] Undefined index: colors D:\repo\baicai\data\runtime\Cache\admin\696da9332a3b772fac3e1760829669f5.php 第 146 行.
NOTIC: [8] Undefined index: colors D:\repo\baicai\data\runtime\Cache\admin\696da9332a3b772fac3e1760829669f5.php 第 140 行.
NOTIC: [8] Undefined index: colors D:\repo\baicai\data\runtime\Cache\admin\696da9332a3b772fac3e1760829669f5.php 第 142 行.
NOTIC: [8] Undefined index: colors D:\repo\baicai\data\runtime\Cache\admin\696da9332a3b772fac3e1760829669f5.php 第 146 行.
NOTIC: [8] Undefined index: colors D:\repo\baicai\data\runtime\Cache\admin\696da9332a3b772fac3e1760829669f5.php 第 140 行.
NOTIC: [8] Undefined index: colors D:\repo\baicai\data\runtime\Cache\admin\696da9332a3b772fac3e1760829669f5.php 第 142 行.
NOTIC: [8] Undefined index: colors D:\repo\baicai\data\runtime\Cache\admin\696da9332a3b772fac3e1760829669f5.php 第 146 行.
NOTIC: [8] Undefined index: colors D:\repo\baicai\data\runtime\Cache\admin\696da9332a3b772fac3e1760829669f5.php 第 140 行.
NOTIC: [8] Undefined index: colors D:\repo\baicai\data\runtime\Cache\admin\696da9332a3b772fac3e1760829669f5.php 第 142 行.
NOTIC: [8] Undefined index: colors D:\repo\baicai\data\runtime\Cache\admin\696da9332a3b772fac3e1760829669f5.php 第 146 行.
NOTIC: [8] Undefined index: colors D:\repo\baicai\data\runtime\Cache\admin\696da9332a3b772fac3e1760829669f5.php 第 140 行.
NOTIC: [8] Undefined index: colors D:\repo\baicai\data\runtime\Cache\admin\696da9332a3b772fac3e1760829669f5.php 第 142 行.
NOTIC: [8] Undefined index: colors D:\repo\baicai\data\runtime\Cache\admin\696da9332a3b772fac3e1760829669f5.php 第 146 行.
NOTIC: [8] Undefined index: colors D:\repo\baicai\data\runtime\Cache\admin\696da9332a3b772fac3e1760829669f5.php 第 140 行.
NOTIC: [8] Undefined index: colors D:\repo\baicai\data\runtime\Cache\admin\696da9332a3b772fac3e1760829669f5.php 第 142 行.
NOTIC: [8] Undefined index: colors D:\repo\baicai\data\runtime\Cache\admin\696da9332a3b772fac3e1760829669f5.php 第 146 行.
NOTIC: [8] Undefined index: colors D:\repo\baicai\data\runtime\Cache\admin\696da9332a3b772fac3e1760829669f5.php 第 140 行.
NOTIC: [8] Undefined index: colors D:\repo\baicai\data\runtime\Cache\admin\696da9332a3b772fac3e1760829669f5.php 第 142 行.
NOTIC: [8] Undefined index: colors D:\repo\baicai\data\runtime\Cache\admin\696da9332a3b772fac3e1760829669f5.php 第 146 行.
INFO: Run ParseTemplate Behavior [ RunTime:-1.196068s ]
INFO: [ view_parse ] --END-- [ RunTime:0.030001s ]
INFO: [ view_filter ] --START--
INFO: Run ContentReplace Behavior [ RunTime:-1.220069s ]
INFO: Run TokenBuild Behavior [ RunTime:-1.222069s ]
INFO: Run WriteHtmlCache Behavior [ RunTime:-1.223069s ]
INFO: Run ShowRuntime Behavior [ RunTime:-1.223069s ]
INFO: Run content_replace Behavior [ RunTime:-1.225070s ]
INFO: [ view_filter ] --END-- [ RunTime:0.006001s ]
INFO: [ view_end ] --START--
INFO: Run ShowPageTrace Behavior [ RunTime:-1.226070s ]
INFO: [ view_end ] --END-- [ RunTime:0.001000s ]

[ 2018-05-09T10:19:57+08:00 ] 127.0.0.1 /?g=admin&m=item&a=add&menuid=249
INFO: [ app_begin ] --START--
INFO: Run ReadHtmlCache Behavior [ RunTime:0.001000s ]
INFO: Run check_ipban Behavior [ RunTime:0.000000s ]
INFO: Run load_lang Behavior [ RunTime:-0.003000s ]
INFO: [ app_begin ] --END-- [ RunTime:0.034002s ]
SQL: SHOW COLUMNS FROM `try_menu` [ RunTime:0.009000s ]
SQL: SHOW COLUMNS FROM `try_menu` [ RunTime:0.010001s ]
SQL: SELECT * FROM `try_menu` WHERE (  ( `pid` = 249 ) ) AND ( `display` = 1 ) ORDER BY ordid  [ RunTime:0.001000s ]
NOTIC: [2] Invalid argument supplied for foreach() D:\repo\baicai\app\Lib\Action\backendAction.class.php 第 19 行.
NOTIC: [2] Invalid argument supplied for foreach() D:\repo\baicai\app\Lib\Action\backendAction.class.php 第 26 行.
SQL: SHOW COLUMNS FROM `try_item` [ RunTime:0.014001s ]
SQL: SHOW COLUMNS FROM `try_item_cate` [ RunTime:0.009001s ]
SQL: SHOW COLUMNS FROM `try_item_orig` [ RunTime:0.008000s ]
SQL: SELECT `id`,`name` FROM `try_item_orig` ORDER BY name asc  [ RunTime:0.001000s ]
INFO: [ view_template ] --START--
INFO: Run basic_template Behavior [ RunTime:-1.162066s ]
INFO: [ view_template ] --END-- [ RunTime:0.003000s ]
INFO: [ view_parse ] --START--
INFO: [ view_template ] --START--
INFO: Run basic_template Behavior [ RunTime:-1.169067s ]
INFO: [ view_template ] --END-- [ RunTime:-0.004001s ]
INFO: [ view_template ] --START--
INFO: Run basic_template Behavior [ RunTime:-1.171067s ]
INFO: [ view_template ] --END-- [ RunTime:-0.006001s ]
NOTIC: [8] Undefined variable: big_menu D:\repo\baicai\data\runtime\Cache\admin\40572f8d9c5c79f061d4a3a7dba195bf.php 第 43 行.
NOTIC: [8] Undefined variable: item D:\repo\baicai\data\runtime\Cache\admin\40572f8d9c5c79f061d4a3a7dba195bf.php 第 139 行.
NOTIC: [8] Undefined variable: item D:\repo\baicai\data\runtime\Cache\admin\40572f8d9c5c79f061d4a3a7dba195bf.php 第 147 行.
NOTIC: [8] Undefined variable: info D:\repo\baicai\data\runtime\Cache\admin\40572f8d9c5c79f061d4a3a7dba195bf.php 第 223 行.
NOTIC: [8] Undefined variable: info D:\repo\baicai\data\runtime\Cache\admin\40572f8d9c5c79f061d4a3a7dba195bf.php 第 225 行.
NOTIC: [8] Undefined variable: info D:\repo\baicai\data\runtime\Cache\admin\40572f8d9c5c79f061d4a3a7dba195bf.php 第 227 行.
NOTIC: [8] Undefined variable: info D:\repo\baicai\data\runtime\Cache\admin\40572f8d9c5c79f061d4a3a7dba195bf.php 第 229 行.
NOTIC: [8] Undefined variable: info D:\repo\baicai\data\runtime\Cache\admin\40572f8d9c5c79f061d4a3a7dba195bf.php 第 231 行.
NOTIC: [8] Undefined variable: info D:\repo\baicai\data\runtime\Cache\admin\40572f8d9c5c79f061d4a3a7dba195bf.php 第 233 行.
NOTIC: [8] Undefined variable: article_list D:\repo\baicai\data\runtime\Cache\admin\40572f8d9c5c79f061d4a3a7dba195bf.php 第 367 行.
NOTIC: [8] Undefined variable: visitor D:\repo\baicai\data\runtime\Cache\admin\40572f8d9c5c79f061d4a3a7dba195bf.php 第 931 行.
INFO: Run ParseTemplate Behavior [ RunTime:-1.171067s ]
INFO: [ view_parse ] --END-- [ RunTime:0.027002s ]
INFO: [ view_filter ] --START--
INFO: Run ContentReplace Behavior [ RunTime:-1.192068s ]
INFO: Run TokenBuild Behavior [ RunTime:-1.193068s ]
INFO: Run WriteHtmlCache Behavior [ RunTime:-1.194068s ]
INFO: Run ShowRuntime Behavior [ RunTime:-1.195068s ]
INFO: Run content_replace Behavior [ RunTime:-1.196068s ]
INFO: [ view_filter ] --END-- [ RunTime:0.005000s ]
INFO: [ view_end ] --START--
INFO: Run ShowPageTrace Behavior [ RunTime:-1.197068s ]
INFO: [ view_end ] --END-- [ RunTime:0.001000s ]

[ 2018-05-09T10:21:57+08:00 ] ERR: (ThinkException) 无法加载模块:js/car1.6/lrz.all.bundle.js
[ 2018-05-09T10:23:03+08:00 ] 127.0.0.1 /?g=admin&m=item_orig&a=index&menuid=199&keyword=huijiang&search=%E6%90%9C%E7%B4%A2
INFO: [ app_begin ] --START--
INFO: Run ReadHtmlCache Behavior [ RunTime:0.000000s ]
INFO: Run check_ipban Behavior [ RunTime:0.000000s ]
INFO: Run load_lang Behavior [ RunTime:-0.003001s ]
INFO: [ app_begin ] --END-- [ RunTime:0.012001s ]
SQL: SHOW COLUMNS FROM `try_menu` [ RunTime:0.010000s ]
SQL: SHOW COLUMNS FROM `try_menu` [ RunTime:0.007001s ]
SQL: SELECT * FROM `try_menu` WHERE (  ( `pid` = 199 ) ) AND ( `display` = 1 ) ORDER BY ordid  [ RunTime:0.001000s ]
NOTIC: [2] Invalid argument supplied for foreach() D:\repo\baicai\app\Lib\Action\backendAction.class.php 第 19 行.
NOTIC: [2] Invalid argument supplied for foreach() D:\repo\baicai\app\Lib\Action\backendAction.class.php 第 26 行.
SQL: SHOW COLUMNS FROM `try_item_orig` [ RunTime:0.006000s ]
SQL: SELECT COUNT(id) AS tp_count FROM `try_item_orig` WHERE ( name like '%huijiang%' OR url like '%huijiang%' ) LIMIT 1   [ RunTime:0.001000s ]
SQL: SELECT * FROM `try_item_orig` WHERE ( name like '%huijiang%' OR url like '%huijiang%' ) ORDER BY name ASC LIMIT 0,20   [ RunTime:0.002001s ]
INFO: [ view_template ] --START--
INFO: Run basic_template Behavior [ RunTime:-1.088063s ]
INFO: [ view_template ] --END-- [ RunTime:0.001000s ]
INFO: [ view_parse ] --START--
INFO: [ view_template ] --START--
INFO: Run basic_template Behavior [ RunTime:-1.092063s ]
INFO: [ view_template ] --END-- [ RunTime:-0.003000s ]
INFO: [ view_template ] --START--
INFO: Run basic_template Behavior [ RunTime:-1.093063s ]
INFO: [ view_template ] --END-- [ RunTime:-0.004000s ]
INFO: Run ParseTemplate Behavior [ RunTime:-1.093063s ]
INFO: [ view_parse ] --END-- [ RunTime:0.017001s ]
INFO: [ view_filter ] --START--
INFO: Run ContentReplace Behavior [ RunTime:-1.106064s ]
INFO: Run TokenBuild Behavior [ RunTime:-1.107064s ]
INFO: Run WriteHtmlCache Behavior [ RunTime:-1.107064s ]
INFO: Run ShowRuntime Behavior [ RunTime:-1.108064s ]
INFO: Run content_replace Behavior [ RunTime:-1.108064s ]
INFO: [ view_filter ] --END-- [ RunTime:0.003000s ]
INFO: [ view_end ] --START--
INFO: Run ShowPageTrace Behavior [ RunTime:-1.109064s ]
INFO: [ view_end ] --END-- [ RunTime:0.001000s ]

[ 2018-05-09T10:23:08+08:00 ] 127.0.0.1 /?g=admin&m=item_orig&a=index&menuid=199&keyword=hujiang&search=%E6%90%9C%E7%B4%A2
INFO: [ app_begin ] --START--
INFO: Run ReadHtmlCache Behavior [ RunTime:0.001000s ]
INFO: Run check_ipban Behavior [ RunTime:0.000000s ]
INFO: Run load_lang Behavior [ RunTime:-0.002000s ]
INFO: [ app_begin ] --END-- [ RunTime:0.007000s ]
SQL: SHOW COLUMNS FROM `try_menu` [ RunTime:0.010001s ]
SQL: SHOW COLUMNS FROM `try_menu` [ RunTime:0.009000s ]
SQL: SELECT * FROM `try_menu` WHERE (  ( `pid` = 199 ) ) AND ( `display` = 1 ) ORDER BY ordid  [ RunTime:0.001000s ]
NOTIC: [2] Invalid argument supplied for foreach() D:\repo\baicai\app\Lib\Action\backendAction.class.php 第 19 行.
NOTIC: [2] Invalid argument supplied for foreach() D:\repo\baicai\app\Lib\Action\backendAction.class.php 第 26 行.
SQL: SHOW COLUMNS FROM `try_item_orig` [ RunTime:0.007001s ]
SQL: SELECT COUNT(id) AS tp_count FROM `try_item_orig` WHERE ( name like '%hujiang%' OR url like '%hujiang%' ) LIMIT 1   [ RunTime:0.001000s ]
SQL: SELECT * FROM `try_item_orig` WHERE ( name like '%hujiang%' OR url like '%hujiang%' ) ORDER BY name ASC LIMIT 0,20   [ RunTime:0.002000s ]
INFO: [ view_template ] --START--
INFO: Run basic_template Behavior [ RunTime:-1.081062s ]
INFO: [ view_template ] --END-- [ RunTime:0.001000s ]
INFO: [ view_parse ] --START--
INFO: [ view_template ] --START--
INFO: Run basic_template Behavior [ RunTime:-1.085062s ]
INFO: [ view_template ] --END-- [ RunTime:-0.003000s ]
INFO: [ view_template ] --START--
INFO: Run basic_template Behavior [ RunTime:-1.086062s ]
INFO: [ view_template ] --END-- [ RunTime:-0.004000s ]
NOTIC: [8] Undefined index: colors D:\repo\baicai\data\runtime\Cache\admin\696da9332a3b772fac3e1760829669f5.php 第 140 行.
NOTIC: [8] Undefined index: colors D:\repo\baicai\data\runtime\Cache\admin\696da9332a3b772fac3e1760829669f5.php 第 142 行.
NOTIC: [8] Undefined index: colors D:\repo\baicai\data\runtime\Cache\admin\696da9332a3b772fac3e1760829669f5.php 第 146 行.
INFO: Run ParseTemplate Behavior [ RunTime:-1.086062s ]
INFO: [ view_parse ] --END-- [ RunTime:0.016001s ]
INFO: [ view_filter ] --START--
INFO: Run ContentReplace Behavior [ RunTime:-1.098063s ]
INFO: Run TokenBuild Behavior [ RunTime:-1.099063s ]
INFO: Run WriteHtmlCache Behavior [ RunTime:-1.100063s ]
INFO: Run ShowRuntime Behavior [ RunTime:-1.100063s ]
INFO: Run content_replace Behavior [ RunTime:-1.101063s ]
INFO: [ view_filter ] --END-- [ RunTime:0.003000s ]
INFO: [ view_end ] --START--
INFO: Run ShowPageTrace Behavior [ RunTime:-1.101063s ]
INFO: [ view_end ] --END-- [ RunTime:0.001000s ]

[ 2018-05-09T10:23:29+08:00 ] 127.0.0.1 /?g=admin&m=item_orig&a=index&menuid=199&keyword=duomai&search=%E6%90%9C%E7%B4%A2
INFO: [ app_begin ] --START--
INFO: Run ReadHtmlCache Behavior [ RunTime:0.000000s ]
INFO: Run check_ipban Behavior [ RunTime:0.000000s ]
INFO: Run load_lang Behavior [ RunTime:-0.001001s ]
INFO: [ app_begin ] --END-- [ RunTime:0.003001s ]
SQL: SHOW COLUMNS FROM `try_menu` [ RunTime:0.007000s ]
SQL: SHOW COLUMNS FROM `try_menu` [ RunTime:0.007001s ]
SQL: SELECT * FROM `try_menu` WHERE (  ( `pid` = 199 ) ) AND ( `display` = 1 ) ORDER BY ordid  [ RunTime:0.001000s ]
NOTIC: [2] Invalid argument supplied for foreach() D:\repo\baicai\app\Lib\Action\backendAction.class.php 第 19 行.
NOTIC: [2] Invalid argument supplied for foreach() D:\repo\baicai\app\Lib\Action\backendAction.class.php 第 26 行.
SQL: SHOW COLUMNS FROM `try_item_orig` [ RunTime:0.007000s ]
SQL: SELECT COUNT(id) AS tp_count FROM `try_item_orig` WHERE ( name like '%duomai%' OR url like '%duomai%' ) LIMIT 1   [ RunTime:0.001000s ]
SQL: SELECT * FROM `try_item_orig` WHERE ( name like '%duomai%' OR url like '%duomai%' ) ORDER BY name ASC LIMIT 0,20   [ RunTime:0.003000s ]
INFO: [ view_template ] --START--
INFO: Run basic_template Behavior [ RunTime:-1.083062s ]
INFO: [ view_template ] --END-- [ RunTime:0.001000s ]
INFO: [ view_parse ] --START--
INFO: [ view_template ] --START--
INFO: Run basic_template Behavior [ RunTime:-1.087063s ]
INFO: [ view_template ] --END-- [ RunTime:-0.003001s ]
INFO: [ view_template ] --START--
INFO: Run basic_template Behavior [ RunTime:-1.088063s ]
INFO: [ view_template ] --END-- [ RunTime:-0.004001s ]
NOTIC: [8] Undefined index: colors D:\repo\baicai\data\runtime\Cache\admin\696da9332a3b772fac3e1760829669f5.php 第 140 行.
NOTIC: [8] Undefined index: colors D:\repo\baicai\data\runtime\Cache\admin\696da9332a3b772fac3e1760829669f5.php 第 142 行.
NOTIC: [8] Undefined index: colors D:\repo\baicai\data\runtime\Cache\admin\696da9332a3b772fac3e1760829669f5.php 第 146 行.
NOTIC: [8] Undefined index: colors D:\repo\baicai\data\runtime\Cache\admin\696da9332a3b772fac3e1760829669f5.php 第 140 行.
NOTIC: [8] Undefined index: colors D:\repo\baicai\data\runtime\Cache\admin\696da9332a3b772fac3e1760829669f5.php 第 142 行.
NOTIC: [8] Undefined index: colors D:\repo\baicai\data\runtime\Cache\admin\696da9332a3b772fac3e1760829669f5.php 第 146 行.
NOTIC: [8] Undefined index: colors D:\repo\baicai\data\runtime\Cache\admin\696da9332a3b772fac3e1760829669f5.php 第 140 行.
NOTIC: [8] Undefined index: colors D:\repo\baicai\data\runtime\Cache\admin\696da9332a3b772fac3e1760829669f5.php 第 142 行.
NOTIC: [8] Undefined index: colors D:\repo\baicai\data\runtime\Cache\admin\696da9332a3b772fac3e1760829669f5.php 第 146 行.
NOTIC: [8] Undefined index: colors D:\repo\baicai\data\runtime\Cache\admin\696da9332a3b772fac3e1760829669f5.php 第 140 行.
NOTIC: [8] Undefined index: colors D:\repo\baicai\data\runtime\Cache\admin\696da9332a3b772fac3e1760829669f5.php 第 142 行.
NOTIC: [8] Undefined index: colors D:\repo\baicai\data\runtime\Cache\admin\696da9332a3b772fac3e1760829669f5.php 第 146 行.
NOTIC: [8] Undefined index: colors D:\repo\baicai\data\runtime\Cache\admin\696da9332a3b772fac3e1760829669f5.php 第 140 行.
NOTIC: [8] Undefined index: colors D:\repo\baicai\data\runtime\Cache\admin\696da9332a3b772fac3e1760829669f5.php 第 142 行.
NOTIC: [8] Undefined index: colors D:\repo\baicai\data\runtime\Cache\admin\696da9332a3b772fac3e1760829669f5.php 第 146 行.
NOTIC: [8] Undefined index: colors D:\repo\baicai\data\runtime\Cache\admin\696da9332a3b772fac3e1760829669f5.php 第 140 行.
NOTIC: [8] Undefined index: colors D:\repo\baicai\data\runtime\Cache\admin\696da9332a3b772fac3e1760829669f5.php 第 142 行.
NOTIC: [8] Undefined index: colors D:\repo\baicai\data\runtime\Cache\admin\696da9332a3b772fac3e1760829669f5.php 第 146 行.
NOTIC: [8] Undefined index: colors D:\repo\baicai\data\runtime\Cache\admin\696da9332a3b772fac3e1760829669f5.php 第 140 行.
NOTIC: [8] Undefined index: colors D:\repo\baicai\data\runtime\Cache\admin\696da9332a3b772fac3e1760829669f5.php 第 142 行.
NOTIC: [8] Undefined index: colors D:\repo\baicai\data\runtime\Cache\admin\696da9332a3b772fac3e1760829669f5.php 第 146 行.
NOTIC: [8] Undefined index: colors D:\repo\baicai\data\runtime\Cache\admin\696da9332a3b772fac3e1760829669f5.php 第 140 行.
NOTIC: [8] Undefined index: colors D:\repo\baicai\data\runtime\Cache\admin\696da9332a3b772fac3e1760829669f5.php 第 142 行.
NOTIC: [8] Undefined index: colors D:\repo\baicai\data\runtime\Cache\admin\696da9332a3b772fac3e1760829669f5.php 第 146 行.
NOTIC: [8] Undefined index: colors D:\repo\baicai\data\runtime\Cache\admin\696da9332a3b772fac3e1760829669f5.php 第 140 行.
NOTIC: [8] Undefined index: colors D:\repo\baicai\data\runtime\Cache\admin\696da9332a3b772fac3e1760829669f5.php 第 142 行.
NOTIC: [8] Undefined index: colors D:\repo\baicai\data\runtime\Cache\admin\696da9332a3b772fac3e1760829669f5.php 第 146 行.
NOTIC: [8] Undefined index: colors D:\repo\baicai\data\runtime\Cache\admin\696da9332a3b772fac3e1760829669f5.php 第 140 行.
NOTIC: [8] Undefined index: colors D:\repo\baicai\data\runtime\Cache\admin\696da9332a3b772fac3e1760829669f5.php 第 142 行.
NOTIC: [8] Undefined index: colors D:\repo\baicai\data\runtime\Cache\admin\696da9332a3b772fac3e1760829669f5.php 第 146 行.
NOTIC: [8] Undefined index: colors D:\repo\baicai\data\runtime\Cache\admin\696da9332a3b772fac3e1760829669f5.php 第 140 行.
NOTIC: [8] Undefined index: colors D:\repo\baicai\data\runtime\Cache\admin\696da9332a3b772fac3e1760829669f5.php 第 142 行.
NOTIC: [8] Undefined index: colors D:\repo\baicai\data\runtime\Cache\admin\696da9332a3b772fac3e1760829669f5.php 第 146 行.
NOTIC: [8] Undefined index: colors D:\repo\baicai\data\runtime\Cache\admin\696da9332a3b772fac3e1760829669f5.php 第 140 行.
NOTIC: [8] Undefined index: colors D:\repo\baicai\data\runtime\Cache\admin\696da9332a3b772fac3e1760829669f5.php 第 142 行.
NOTIC: [8] Undefined index: colors D:\repo\baicai\data\runtime\Cache\admin\696da9332a3b772fac3e1760829669f5.php 第 146 行.
NOTIC: [8] Undefined index: colors D:\repo\baicai\data\runtime\Cache\admin\696da9332a3b772fac3e1760829669f5.php 第 140 行.
NOTIC: [8] Undefined index: colors D:\repo\baicai\data\runtime\Cache\admin\696da9332a3b772fac3e1760829669f5.php 第 142 行.
NOTIC: [8] Undefined index: colors D:\repo\baicai\data\runtime\Cache\admin\696da9332a3b772fac3e1760829669f5.php 第 146 行.
NOTIC: [8] Undefined index: colors D:\repo\baicai\data\runtime\Cache\admin\696da9332a3b772fac3e1760829669f5.php 第 140 行.
NOTIC: [8] Undefined index: colors D:\repo\baicai\data\runtime\Cache\admin\696da9332a3b772fac3e1760829669f5.php 第 142 行.
NOTIC: [8] Undefined index: colors D:\repo\baicai\data\runtime\Cache\admin\696da9332a3b772fac3e1760829669f5.php 第 146 行.
NOTIC: [8] Undefined index: colors D:\repo\baicai\data\runtime\Cache\admin\696da9332a3b772fac3e1760829669f5.php 第 140 行.
NOTIC: [8] Undefined index: colors D:\repo\baicai\data\runtime\Cache\admin\696da9332a3b772fac3e1760829669f5.php 第 142 行.
NOTIC: [8] Undefined index: colors D:\repo\baicai\data\runtime\Cache\admin\696da9332a3b772fac3e1760829669f5.php 第 146 行.
NOTIC: [8] Undefined index: colors D:\repo\baicai\data\runtime\Cache\admin\696da9332a3b772fac3e1760829669f5.php 第 140 行.
NOTIC: [8] Undefined index: colors D:\repo\baicai\data\runtime\Cache\admin\696da9332a3b772fac3e1760829669f5.php 第 142 行.
NOTIC: [8] Undefined index: colors D:\repo\baicai\data\runtime\Cache\admin\696da9332a3b772fac3e1760829669f5.php 第 146 行.
NOTIC: [8] Undefined index: colors D:\repo\baicai\data\runtime\Cache\admin\696da9332a3b772fac3e1760829669f5.php 第 140 行.
NOTIC: [8] Undefined index: colors D:\repo\baicai\data\runtime\Cache\admin\696da9332a3b772fac3e1760829669f5.php 第 142 行.
NOTIC: [8] Undefined index: colors D:\repo\baicai\data\runtime\Cache\admin\696da9332a3b772fac3e1760829669f5.php 第 146 行.
NOTIC: [8] Undefined index: colors D:\repo\baicai\data\runtime\Cache\admin\696da9332a3b772fac3e1760829669f5.php 第 140 行.
NOTIC: [8] Undefined index: colors D:\repo\baicai\data\runtime\Cache\admin\696da9332a3b772fac3e1760829669f5.php 第 142 行.
NOTIC: [8] Undefined index: colors D:\repo\baicai\data\runtime\Cache\admin\696da9332a3b772fac3e1760829669f5.php 第 146 行.
NOTIC: [8] Undefined index: colors D:\repo\baicai\data\runtime\Cache\admin\696da9332a3b772fac3e1760829669f5.php 第 140 行.
NOTIC: [8] Undefined index: colors D:\repo\baicai\data\runtime\Cache\admin\696da9332a3b772fac3e1760829669f5.php 第 142 行.
NOTIC: [8] Undefined index: colors D:\repo\baicai\data\runtime\Cache\admin\696da9332a3b772fac3e1760829669f5.php 第 146 行.
NOTIC: [8] Undefined index: colors D:\repo\baicai\data\runtime\Cache\admin\696da9332a3b772fac3e1760829669f5.php 第 140 行.
NOTIC: [8] Undefined index: colors D:\repo\baicai\data\runtime\Cache\admin\696da9332a3b772fac3e1760829669f5.php 第 142 行.
NOTIC: [8] Undefined index: colors D:\repo\baicai\data\runtime\Cache\admin\696da9332a3b772fac3e1760829669f5.php 第 146 行.
INFO: Run ParseTemplate Behavior [ RunTime:-1.088063s ]
INFO: [ view_parse ] --END-- [ RunTime:0.019002s ]
INFO: [ view_filter ] --START--
INFO: Run ContentReplace Behavior [ RunTime:-1.103064s ]
INFO: Run TokenBuild Behavior [ RunTime:-1.104064s ]
INFO: Run WriteHtmlCache Behavior [ RunTime:-1.104064s ]
INFO: Run ShowRuntime Behavior [ RunTime:-1.105064s ]
INFO: Run content_replace Behavior [ RunTime:-1.106064s ]
INFO: [ view_filter ] --END-- [ RunTime:0.004000s ]
INFO: [ view_end ] --START--
INFO: Run ShowPageTrace Behavior [ RunTime:-1.107064s ]
INFO: [ view_end ] --END-- [ RunTime:0.001000s ]

[ 2018-05-09T10:24:07+08:00 ] 127.0.0.1 /?g=admin&m=item_orig&a=index&menuid=199&keyword=hujiang&search=%E6%90%9C%E7%B4%A2
INFO: [ app_begin ] --START--
INFO: Run ReadHtmlCache Behavior [ RunTime:0.001000s ]
INFO: Run check_ipban Behavior [ RunTime:0.000000s ]
INFO: Run load_lang Behavior [ RunTime:-0.001000s ]
INFO: [ app_begin ] --END-- [ RunTime:0.004000s ]
SQL: SHOW COLUMNS FROM `try_menu` [ RunTime:0.019001s ]
SQL: SHOW COLUMNS FROM `try_menu` [ RunTime:0.011001s ]
SQL: SELECT * FROM `try_menu` WHERE (  ( `pid` = 199 ) ) AND ( `display` = 1 ) ORDER BY ordid  [ RunTime:0.001000s ]
NOTIC: [2] Invalid argument supplied for foreach() D:\repo\baicai\app\Lib\Action\backendAction.class.php 第 19 行.
NOTIC: [2] Invalid argument supplied for foreach() D:\repo\baicai\app\Lib\Action\backendAction.class.php 第 26 行.
SQL: SHOW COLUMNS FROM `try_item_orig` [ RunTime:0.010001s ]
SQL: SELECT COUNT(id) AS tp_count FROM `try_item_orig` WHERE ( name like '%hujiang%' OR url like '%hujiang%' ) LIMIT 1   [ RunTime:0.002000s ]
SQL: SELECT * FROM `try_item_orig` WHERE ( name like '%hujiang%' OR url like '%hujiang%' ) ORDER BY name ASC LIMIT 0,20   [ RunTime:0.002000s ]
INFO: [ view_template ] --START--
INFO: Run basic_template Behavior [ RunTime:-1.085062s ]
INFO: [ view_template ] --END-- [ RunTime:0.001000s ]
INFO: [ view_parse ] --START--
INFO: [ view_template ] --START--
INFO: Run basic_template Behavior [ RunTime:-1.089062s ]
INFO: [ view_template ] --END-- [ RunTime:-0.003000s ]
INFO: [ view_template ] --START--
INFO: Run basic_template Behavior [ RunTime:-1.090062s ]
INFO: [ view_template ] --END-- [ RunTime:-0.004000s ]
NOTIC: [8] Undefined index: colors D:\repo\baicai\data\runtime\Cache\admin\696da9332a3b772fac3e1760829669f5.php 第 140 行.
NOTIC: [8] Undefined index: colors D:\repo\baicai\data\runtime\Cache\admin\696da9332a3b772fac3e1760829669f5.php 第 142 行.
NOTIC: [8] Undefined index: colors D:\repo\baicai\data\runtime\Cache\admin\696da9332a3b772fac3e1760829669f5.php 第 146 行.
INFO: Run ParseTemplate Behavior [ RunTime:-1.090062s ]
INFO: [ view_parse ] --END-- [ RunTime:0.018001s ]
INFO: [ view_filter ] --START--
INFO: Run ContentReplace Behavior [ RunTime:-1.104063s ]
INFO: Run TokenBuild Behavior [ RunTime:-1.104063s ]
INFO: Run WriteHtmlCache Behavior [ RunTime:-1.105063s ]
INFO: Run ShowRuntime Behavior [ RunTime:-1.105063s ]
INFO: Run content_replace Behavior [ RunTime:-1.106063s ]
INFO: [ view_filter ] --END-- [ RunTime:0.002000s ]
INFO: [ view_end ] --START--
INFO: Run ShowPageTrace Behavior [ RunTime:-1.106063s ]
INFO: [ view_end ] --END-- [ RunTime:0.002000s ]

[ 2018-05-09T10:24:22+08:00 ] 127.0.0.1 /?g=admin&m=item_orig&a=index&menuid=199&keyword=hujiang&search=%E6%90%9C%E7%B4%A2
INFO: [ app_begin ] --START--
INFO: Run ReadHtmlCache Behavior [ RunTime:0.001000s ]
INFO: Run check_ipban Behavior [ RunTime:0.000000s ]
INFO: Run load_lang Behavior [ RunTime:-0.001000s ]
INFO: [ app_begin ] --END-- [ RunTime:0.004000s ]
SQL: SHOW COLUMNS FROM `try_menu` [ RunTime:0.011000s ]
SQL: SHOW COLUMNS FROM `try_menu` [ RunTime:0.008001s ]
SQL: SELECT * FROM `try_menu` WHERE (  ( `pid` = 199 ) ) AND ( `display` = 1 ) ORDER BY ordid  [ RunTime:0.001000s ]
NOTIC: [2] Invalid argument supplied for foreach() D:\repo\baicai\app\Lib\Action\backendAction.class.php 第 19 行.
NOTIC: [2] Invalid argument supplied for foreach() D:\repo\baicai\app\Lib\Action\backendAction.class.php 第 26 行.
SQL: SHOW COLUMNS FROM `try_item_orig` [ RunTime:0.011000s ]
SQL: SELECT COUNT(id) AS tp_count FROM `try_item_orig` WHERE ( name like '%hujiang%' OR url like '%hujiang%' ) LIMIT 1   [ RunTime:0.002001s ]
SQL: SELECT * FROM `try_item_orig` WHERE ( name like '%hujiang%' OR url like '%hujiang%' ) ORDER BY name ASC LIMIT 0,20   [ RunTime:0.003000s ]
INFO: [ view_template ] --START--
INFO: Run basic_template Behavior [ RunTime:-1.069061s ]
INFO: [ view_template ] --END-- [ RunTime:0.002000s ]
INFO: [ view_parse ] --START--
INFO: [ view_template ] --START--
INFO: Run basic_template Behavior [ RunTime:-1.077061s ]
INFO: [ view_template ] --END-- [ RunTime:-0.006000s ]
INFO: [ view_template ] --START--
INFO: Run basic_template Behavior [ RunTime:-1.078061s ]
INFO: [ view_template ] --END-- [ RunTime:-0.007000s ]
NOTIC: [8] Undefined index: colors D:\repo\baicai\data\runtime\Cache\admin\696da9332a3b772fac3e1760829669f5.php 第 140 行.
NOTIC: [8] Undefined index: colors D:\repo\baicai\data\runtime\Cache\admin\696da9332a3b772fac3e1760829669f5.php 第 142 行.
NOTIC: [8] Undefined index: colors D:\repo\baicai\data\runtime\Cache\admin\696da9332a3b772fac3e1760829669f5.php 第 146 行.
INFO: Run ParseTemplate Behavior [ RunTime:-1.078061s ]
INFO: [ view_parse ] --END-- [ RunTime:0.024001s ]
INFO: [ view_filter ] --START--
INFO: Run ContentReplace Behavior [ RunTime:-1.095062s ]
INFO: Run TokenBuild Behavior [ RunTime:-1.096062s ]
INFO: Run WriteHtmlCache Behavior [ RunTime:-1.097062s ]
INFO: Run ShowRuntime Behavior [ RunTime:-1.097062s ]
INFO: Run content_replace Behavior [ RunTime:-1.098062s ]
INFO: [ view_filter ] --END-- [ RunTime:0.004001s ]
INFO: [ view_end ] --START--
INFO: Run ShowPageTrace Behavior [ RunTime:-1.099063s ]
INFO: [ view_end ] --END-- [ RunTime:0.001000s ]

[ 2018-05-09T10:25:13+08:00 ] 127.0.0.1 /?g=admin&m=item_orig&a=index&menuid=199&keyword=kaola&search=%E6%90%9C%E7%B4%A2
INFO: [ app_begin ] --START--
INFO: Run ReadHtmlCache Behavior [ RunTime:0.001000s ]
INFO: Run check_ipban Behavior [ RunTime:0.000000s ]
INFO: Run load_lang Behavior [ RunTime:-0.001000s ]
INFO: [ app_begin ] --END-- [ RunTime:0.004000s ]
SQL: SHOW COLUMNS FROM `try_menu` [ RunTime:0.007000s ]
SQL: SHOW COLUMNS FROM `try_menu` [ RunTime:0.016001s ]
SQL: SELECT * FROM `try_menu` WHERE (  ( `pid` = 199 ) ) AND ( `display` = 1 ) ORDER BY ordid  [ RunTime:0.001000s ]
NOTIC: [2] Invalid argument supplied for foreach() D:\repo\baicai\app\Lib\Action\backendAction.class.php 第 19 行.
NOTIC: [2] Invalid argument supplied for foreach() D:\repo\baicai\app\Lib\Action\backendAction.class.php 第 26 行.
SQL: SHOW COLUMNS FROM `try_item_orig` [ RunTime:0.008000s ]
SQL: SELECT COUNT(id) AS tp_count FROM `try_item_orig` WHERE ( name like '%kaola%' OR url like '%kaola%' ) LIMIT 1   [ RunTime:0.001001s ]
SQL: SELECT * FROM `try_item_orig` WHERE ( name like '%kaola%' OR url like '%kaola%' ) ORDER BY name ASC LIMIT 0,20   [ RunTime:0.002000s ]
INFO: [ view_template ] --START--
INFO: Run basic_template Behavior [ RunTime:-1.093063s ]
INFO: [ view_template ] --END-- [ RunTime:0.003000s ]
INFO: [ view_parse ] --START--
INFO: [ view_template ] --START--
INFO: Run basic_template Behavior [ RunTime:-1.103063s ]
INFO: [ view_template ] --END-- [ RunTime:-0.007000s ]
INFO: [ view_template ] --START--
INFO: Run basic_template Behavior [ RunTime:-1.105064s ]
INFO: [ view_template ] --END-- [ RunTime:-0.009001s ]
NOTIC: [8] Undefined index: colors D:\repo\baicai\data\runtime\Cache\admin\696da9332a3b772fac3e1760829669f5.php 第 140 行.
NOTIC: [8] Undefined index: colors D:\repo\baicai\data\runtime\Cache\admin\696da9332a3b772fac3e1760829669f5.php 第 142 行.
NOTIC: [8] Undefined index: colors D:\repo\baicai\data\runtime\Cache\admin\696da9332a3b772fac3e1760829669f5.php 第 146 行.
NOTIC: [8] Undefined index: colors D:\repo\baicai\data\runtime\Cache\admin\696da9332a3b772fac3e1760829669f5.php 第 140 行.
NOTIC: [8] Undefined index: colors D:\repo\baicai\data\runtime\Cache\admin\696da9332a3b772fac3e1760829669f5.php 第 142 行.
NOTIC: [8] Undefined index: colors D:\repo\baicai\data\runtime\Cache\admin\696da9332a3b772fac3e1760829669f5.php 第 146 行.
INFO: Run ParseTemplate Behavior [ RunTime:-1.105064s ]
INFO: [ view_parse ] --END-- [ RunTime:0.026001s ]
INFO: [ view_filter ] --START--
INFO: Run ContentReplace Behavior [ RunTime:-1.122064s ]
INFO: Run TokenBuild Behavior [ RunTime:-1.124065s ]
INFO: Run WriteHtmlCache Behavior [ RunTime:-1.124065s ]
INFO: Run ShowRuntime Behavior [ RunTime:-1.125065s ]
INFO: Run content_replace Behavior [ RunTime:-1.127065s ]
INFO: [ view_filter ] --END-- [ RunTime:0.005001s ]
INFO: [ view_end ] --START--
INFO: Run ShowPageTrace Behavior [ RunTime:-1.127065s ]
INFO: [ view_end ] --END-- [ RunTime:0.001000s ]

[ 2018-05-09T10:25:14+08:00 ] 127.0.0.1 /?g=admin&m=item_orig&a=index&menuid=199&keyword=kaola&search=%E6%90%9C%E7%B4%A2
INFO: [ app_begin ] --START--
INFO: Run ReadHtmlCache Behavior [ RunTime:0.001000s ]
INFO: Run check_ipban Behavior [ RunTime:0.000000s ]
INFO: Run load_lang Behavior [ RunTime:-0.004001s ]
INFO: [ app_begin ] --END-- [ RunTime:0.008001s ]
SQL: SHOW COLUMNS FROM `try_menu` [ RunTime:0.011001s ]
SQL: SHOW COLUMNS FROM `try_menu` [ RunTime:0.008000s ]
SQL: SELECT * FROM `try_menu` WHERE (  ( `pid` = 199 ) ) AND ( `display` = 1 ) ORDER BY ordid  [ RunTime:0.001000s ]
NOTIC: [2] Invalid argument supplied for foreach() D:\repo\baicai\app\Lib\Action\backendAction.class.php 第 19 行.
NOTIC: [2] Invalid argument supplied for foreach() D:\repo\baicai\app\Lib\Action\backendAction.class.php 第 26 行.
SQL: SHOW COLUMNS FROM `try_item_orig` [ RunTime:0.008001s ]
SQL: SELECT COUNT(id) AS tp_count FROM `try_item_orig` WHERE ( name like '%kaola%' OR url like '%kaola%' ) LIMIT 1   [ RunTime:0.003000s ]
SQL: SELECT * FROM `try_item_orig` WHERE ( name like '%kaola%' OR url like '%kaola%' ) ORDER BY name ASC LIMIT 0,20   [ RunTime:0.002000s ]
INFO: [ view_template ] --START--
INFO: Run basic_template Behavior [ RunTime:-1.096063s ]
INFO: [ view_template ] --END-- [ RunTime:0.001000s ]
INFO: [ view_parse ] --START--
INFO: [ view_template ] --START--
INFO: Run basic_template Behavior [ RunTime:-1.100063s ]
INFO: [ view_template ] --END-- [ RunTime:-0.003000s ]
INFO: [ view_template ] --START--
INFO: Run basic_template Behavior [ RunTime:-1.101063s ]
INFO: [ view_template ] --END-- [ RunTime:-0.004000s ]
NOTIC: [8] Undefined index: colors D:\repo\baicai\data\runtime\Cache\admin\696da9332a3b772fac3e1760829669f5.php 第 140 行.
NOTIC: [8] Undefined index: colors D:\repo\baicai\data\runtime\Cache\admin\696da9332a3b772fac3e1760829669f5.php 第 142 行.
NOTIC: [8] Undefined index: colors D:\repo\baicai\data\runtime\Cache\admin\696da9332a3b772fac3e1760829669f5.php 第 146 行.
NOTIC: [8] Undefined index: colors D:\repo\baicai\data\runtime\Cache\admin\696da9332a3b772fac3e1760829669f5.php 第 140 行.
NOTIC: [8] Undefined index: colors D:\repo\baicai\data\runtime\Cache\admin\696da9332a3b772fac3e1760829669f5.php 第 142 行.
NOTIC: [8] Undefined index: colors D:\repo\baicai\data\runtime\Cache\admin\696da9332a3b772fac3e1760829669f5.php 第 146 行.
INFO: Run ParseTemplate Behavior [ RunTime:-1.101063s ]
INFO: [ view_parse ] --END-- [ RunTime:0.019001s ]
INFO: [ view_filter ] --START--
INFO: Run ContentReplace Behavior [ RunTime:-1.117064s ]
INFO: Run TokenBuild Behavior [ RunTime:-1.118064s ]
INFO: Run WriteHtmlCache Behavior [ RunTime:-1.118064s ]
INFO: Run ShowRuntime Behavior [ RunTime:-1.119064s ]
INFO: Run content_replace Behavior [ RunTime:-1.119064s ]
INFO: [ view_filter ] --END-- [ RunTime:0.002000s ]
INFO: [ view_end ] --START--
INFO: Run ShowPageTrace Behavior [ RunTime:-1.120064s ]
INFO: [ view_end ] --END-- [ RunTime:0.001001s ]

[ 2018-05-09T10:25:25+08:00 ] 127.0.0.1 /?g=admin&m=item_orig&a=index&menuid=199&keyword=kaola&search=%E6%90%9C%E7%B4%A2
INFO: [ app_begin ] --START--
INFO: Run ReadHtmlCache Behavior [ RunTime:0.000000s ]
INFO: Run check_ipban Behavior [ RunTime:-0.001001s ]
INFO: Run load_lang Behavior [ RunTime:-0.002001s ]
INFO: [ app_begin ] --END-- [ RunTime:0.004001s ]
SQL: SHOW COLUMNS FROM `try_menu` [ RunTime:0.017001s ]
SQL: SHOW COLUMNS FROM `try_menu` [ RunTime:0.010001s ]
SQL: SELECT * FROM `try_menu` WHERE (  ( `pid` = 199 ) ) AND ( `display` = 1 ) ORDER BY ordid  [ RunTime:0.002000s ]
NOTIC: [2] Invalid argument supplied for foreach() D:\repo\baicai\app\Lib\Action\backendAction.class.php 第 19 行.
NOTIC: [2] Invalid argument supplied for foreach() D:\repo\baicai\app\Lib\Action\backendAction.class.php 第 26 行.
SQL: SHOW COLUMNS FROM `try_item_orig` [ RunTime:0.013001s ]
SQL: SELECT COUNT(id) AS tp_count FROM `try_item_orig` WHERE ( name like '%kaola%' OR url like '%kaola%' ) LIMIT 1   [ RunTime:0.014001s ]
SQL: SELECT * FROM `try_item_orig` WHERE ( name like '%kaola%' OR url like '%kaola%' ) ORDER BY name ASC LIMIT 0,20   [ RunTime:0.002000s ]
INFO: [ view_template ] --START--
INFO: Run basic_template Behavior [ RunTime:-1.125065s ]
INFO: [ view_template ] --END-- [ RunTime:0.002000s ]
INFO: [ view_parse ] --START--
INFO: [ view_template ] --START--
INFO: Run basic_template Behavior [ RunTime:-1.131065s ]
INFO: [ view_template ] --END-- [ RunTime:-0.004000s ]
INFO: [ view_template ] --START--
INFO: Run basic_template Behavior [ RunTime:-1.132065s ]
INFO: [ view_template ] --END-- [ RunTime:-0.005000s ]
NOTIC: [8] Undefined index: colors D:\repo\baicai\data\runtime\Cache\admin\696da9332a3b772fac3e1760829669f5.php 第 140 行.
NOTIC: [8] Undefined index: colors D:\repo\baicai\data\runtime\Cache\admin\696da9332a3b772fac3e1760829669f5.php 第 142 行.
NOTIC: [8] Undefined index: colors D:\repo\baicai\data\runtime\Cache\admin\696da9332a3b772fac3e1760829669f5.php 第 146 行.
NOTIC: [8] Undefined index: colors D:\repo\baicai\data\runtime\Cache\admin\696da9332a3b772fac3e1760829669f5.php 第 140 行.
NOTIC: [8] Undefined index: colors D:\repo\baicai\data\runtime\Cache\admin\696da9332a3b772fac3e1760829669f5.php 第 142 行.
NOTIC: [8] Undefined index: colors D:\repo\baicai\data\runtime\Cache\admin\696da9332a3b772fac3e1760829669f5.php 第 146 行.
INFO: Run ParseTemplate Behavior [ RunTime:-1.132065s ]
INFO: [ view_parse ] --END-- [ RunTime:0.028002s ]
INFO: [ view_filter ] --START--
INFO: Run ContentReplace Behavior [ RunTime:-1.155067s ]
INFO: Run TokenBuild Behavior [ RunTime:-1.156067s ]
INFO: Run WriteHtmlCache Behavior [ RunTime:-1.156067s ]
INFO: Run ShowRuntime Behavior [ RunTime:-1.157067s ]
INFO: Run content_replace Behavior [ RunTime:-1.157067s ]
INFO: [ view_filter ] --END-- [ RunTime:0.003000s ]
INFO: [ view_end ] --START--
INFO: Run ShowPageTrace Behavior [ RunTime:-1.158067s ]
INFO: [ view_end ] --END-- [ RunTime:0.001000s ]

